
━━━━━━━━━━━━━━━━━━━━━━━━━━━━━━━━━━━━━━━━━━━━━━━━
  🤖 JARVIS AUTOMATE v3 — 2026-05-21 14:00
━━━━━━━━━━━━━━━━━━━━━━━━━━━━━━━━━━━━━━━━━━━━━━━━

━━━━━━━━━━━━━━━━━━━━━━━━━━━━━━━━━━━━━━━━━━━━━━━━
  📬 STEP 0/5: Checking for replies
━━━━━━━━━━━━━━━━━━━━━━━━━━━━━━━━━━━━━━━━━━━━━━━━
Traceback (most recent call last):
  File "/root/.openclaw/workspace/scripts/viora-outreach/reply-checker.py", line 234, in <module>
    main()
  File "/root/.openclaw/workspace/scripts/viora-outreach/reply-checker.py", line 126, in main
    service = get_gmail_service()
              ^^^^^^^^^^^^^^^^^^^
  File "/root/.openclaw/workspace/scripts/viora-outreach/reply-checker.py", line 63, in get_gmail_service
    creds.refresh(Request())
  File "/usr/local/lib/python3.12/dist-packages/google/oauth2/credentials.py", line 412, in refresh
    ) = reauth.refresh_grant(
        ^^^^^^^^^^^^^^^^^^^^^
  File "/usr/local/lib/python3.12/dist-packages/google/oauth2/reauth.py", line 370, in refresh_grant
    _client._handle_error_response(response_data, retryable_error)
  File "/usr/local/lib/python3.12/dist-packages/google/oauth2/_client.py", line 69, in _handle_error_response
    raise exceptions.RefreshError(
google.auth.exceptions.RefreshError: ('invalid_grant: Bad Request', {'error': 'invalid_grant', 'error_description': 'Bad Request'})

━━━━━━━━━━━━━━━━━━━━━━━━━━━━━━━━━━━━━━━━━━━━━━━━
  📍 STEP 1/5: Scraping fresh leads (auto-rotate)
━━━━━━━━━━━━━━━━━━━━━━━━━━━━━━━━━━━━━━━━━━━━━━━━
2026-05-21 14:00:05,280 🔄 Auto-rotation day 141: medical spa in Philadelphia, PA
2026-05-21 14:00:05,286 
🔍 Searching: medical spa in Philadelphia, PA
2026-05-21 14:00:05,523 API error: REQUEST_DENIED — You must enable Billing on the Google Cloud Project at https://console.cloud.google.com/project/_/billing/enable Learn more at https://developers.google.com/maps/gmp-get-started
2026-05-21 14:00:06,527 
==================================================
2026-05-21 14:00:06,530 ✅ Scraping complete
2026-05-21 14:00:06,531    Total found:  0
2026-05-21 14:00:06,531    New leads:    0
2026-05-21 14:00:06,531    Duplicates:   0
2026-05-21 14:00:06,541    DB total:     1521 leads (1105 with emails)
2026-05-21 14:00:06,541 ==================================================


━━━━━━━━━━━━━━━━━━━━━━━━━━━━━━━━━━━━━━━━━━━━━━━━
  🔍 STEP 2/5: Finding emails
━━━━━━━━━━━━━━━━━━━━━━━━━━━━━━━━━━━━━━━━━━━━━━━━
2026-05-21 14:00:06,943 🔍 Finding emails for 50 leads...
2026-05-21 14:00:07,970 Hunter.io rate limited — pausing 60s
2026-05-21 14:01:08,343 🔮 Guessed: info@steelrodtattoo.com — Steel Rod Tattoo
2026-05-21 14:01:09,211 Hunter.io rate limited — pausing 60s
2026-05-21 14:02:10,374 🔮 Guessed: info@aastudioindy.com — Animation Art Studio
2026-05-21 14:02:11,402 Hunter.io rate limited — pausing 60s
2026-05-21 14:03:11,772 🔮 Guessed: info@dreamlikeink.wixsite.com — Dreamlike Ink Tattoo Studio
2026-05-21 14:03:12,670 Hunter.io rate limited — pausing 60s
2026-05-21 14:04:13,048 🔮 Guessed: info@vagaro.com — 77 Art Collective
2026-05-21 14:04:13,788 Hunter.io rate limited — pausing 60s
2026-05-21 14:05:14,171 🔮 Guessed: info@hctattoo.com — High Caliber Tattoo and Piercing Studio
2026-05-21 14:05:14,926 Hunter.io rate limited — pausing 60s
2026-05-21 14:06:15,614 🔮 Guessed: info@leviathanink.biz — Leviathan Ink Tattoo & Piercing
2026-05-21 14:06:16,303 Hunter.io rate limited — pausing 60s
2026-05-21 14:07:16,640 🔮 Guessed: info@linktr.ee — Ink & Ivy Studio
2026-05-21 14:07:17,368 Hunter.io rate limited — pausing 60s
2026-05-21 14:08:17,885 🔮 Guessed: info@metamorphosis.ink — Metamorphosis
2026-05-21 14:08:18,588 Hunter.io rate limited — pausing 60s
2026-05-21 14:09:18,941 🔮 Guessed: info@booking.cojilio.com — Big Lew’s Tattoos
2026-05-21 14:09:19,793 Hunter.io rate limited — pausing 60s
2026-05-21 14:10:20,293 🔮 Guessed: info@heyrowan.com — Rowan The Fashion Mall at Keystone
2026-05-21 14:10:21,156 Hunter.io rate limited — pausing 60s
2026-05-21 14:11:21,540 🔮 Guessed: info@zzmaps.xyz — Solace Art Collective
2026-05-21 14:11:22,272 Hunter.io rate limited — pausing 60s
2026-05-21 14:12:22,681 🔮 Guessed: info@a1arttattoosllc.square.site — A-1 Art Tattoos LLC
2026-05-21 14:12:23,532 Hunter.io rate limited — pausing 60s
2026-05-21 14:13:23,988 🔮 Guessed: info@goldengooseindy.com — Golden Goose Tattoo Company
2026-05-21 14:13:26,838 Hunter.io rate limited — pausing 60s
2026-05-21 14:14:27,202 🔮 Guessed: info@wingandwheeltattoo.com — Wing & Wheel Tattoo
2026-05-21 14:14:27,956 Hunter.io rate limited — pausing 60s
2026-05-21 14:15:28,928 🔮 Guessed: info@speakeasystudiosindy.com — Speakeasy Tattoo Studio
2026-05-21 14:15:29,816 Hunter.io rate limited — pausing 60s
2026-05-21 14:16:30,275 🔮 Guessed: info@4evergallery.com — Forever Gallery Tattoo
2026-05-21 14:16:31,258 Hunter.io rate limited — pausing 60s
2026-05-21 14:17:31,586 🔮 Guessed: info@artisticskins.com — Artistic Skin Design and Body Piercing
2026-05-21 14:17:32,353 Hunter.io rate limited — pausing 60s
2026-05-21 14:18:33,173 🔮 Guessed: info@artisticskindesigns.com — Artistic Skin Designs Inc
2026-05-21 14:18:34,152 Hunter.io rate limited — pausing 60s
2026-05-21 14:19:34,526 🔮 Guessed: info@revveduptattoos.com — Revved Up Tattoos
2026-05-21 14:19:35,474 Hunter.io rate limited — pausing 60s
2026-05-21 14:20:35,929 🔮 Guessed: info@indianatattooco.com — Indiana Tattoo Company
2026-05-21 14:20:36,678 Hunter.io rate limited — pausing 60s
2026-05-21 14:21:37,088 🔮 Guessed: info@mythicalwizardtattoo.com — Mythical Wizard Tattoo
2026-05-21 14:21:37,998 Hunter.io rate limited — pausing 60s
2026-05-21 14:22:38,459 🔮 Guessed: info@saltysirentattoo.com — Salty Siren Tattoo Lounge
2026-05-21 14:22:39,417 Hunter.io rate limited — pausing 60s
2026-05-21 14:23:39,852 🔮 Guessed: info@pushininkinc.com — Pushininkinc
2026-05-21 14:23:40,768 Hunter.io rate limited — pausing 60s
2026-05-21 14:24:41,178 🔮 Guessed: info@midwesttattoocompany.com — Midwest Tattoo Company
2026-05-21 14:24:41,883 Hunter.io rate limited — pausing 60s
2026-05-21 14:25:42,240 🔮 Guessed: info@inktherapytattoo.com — Ink Therapy Tattoo
2026-05-21 14:25:43,013 Hunter.io rate limited — pausing 60s
2026-05-21 14:26:43,376 🔮 Guessed: info@indytattooworks.com — Indy Tattoo Works
2026-05-21 14:26:44,154 Hunter.io rate limited — pausing 60s
2026-05-21 14:27:44,515 🔮 Guessed: info@artisticskindesigns.com — Artistic Skin Designs Inc
2026-05-21 14:27:45,498 Hunter.io rate limited — pausing 60s
2026-05-21 14:28:45,930 🔮 Guessed: info@artisticskins.com — Artistic Skin Design and Body Piercing
2026-05-21 14:28:46,435 
==================================================
2026-05-21 14:28:46,436 ✅ Email finder complete
2026-05-21 14:28:46,436    API found:  0
2026-05-21 14:28:46,436    Guessed:    28
2026-05-21 14:28:46,436    Total:      28
2026-05-21 14:28:46,436 ==================================================


━━━━━━━━━━━━━━━━━━━━━━━━━━━━━━━━━━━━━━━━━━━━━━━━
  📧 STEP 3/5: Sending cold emails
━━━━━━━━━━━━━━━━━━━━━━━━━━━━━━━━━━━━━━━━━━━━━━━━

━━━━━━━━━━━━━━━━━━━━━━━━━━━━━━━━━━━━━━━━━━━━━━━━
  💼 STEP 4/5: Generating LinkedIn DM queue
━━━━━━━━━━━━━━━━━━━━━━━━━━━━━━━━━━━━━━━━━━━━━━━━

✅ LinkedIn queue: 20 messages
📄 Backup: /root/.openclaw/workspace/scripts/viora-outreach/output/linkedin_queue_2026-05-21.txt
⚠️  No DISCORD_WEBHOOK set — skipping Discord post

━━━━━━━━━━━━━━━━━━━━━━━━━━━━━━━━━━━━━━━━━━━━━━━━
  📊 STEP 5/5: Daily report
━━━━━━━━━━━━━━━━━━━━━━━━━━━━━━━━━━━━━━━━━━━━━━━━
**📊 VIORA REPORT — Thu May 21** (Day 0)

**📋 YOUR TODO:**
1️⃣ Check calendar for demo calls

**📧 Today:** 0 emails sent · 0 LinkedIn DMs
**📊 Funnel:** 1521 leads → 55 contacted → 0 replied (0.0%) → 0 demos → 0 closed

**💰 MRR:** $0/mo [░░░░░░░░░░] 0% of $20k
Need **58** more clients @ $350/mo

⚠️  Set DISCORD_WEBHOOK in .env for Discord reports

━━━━━━━━━━━━━━━━━━━━━━━━━━━━━━━━━━━━━━━━━━━━━━━━
  ✅ JARVIS AUTOMATE v3 COMPLETE — Thu May 21 14:28:46 UTC 2026
━━━━━━━━━━━━━━━━━━━━━━━━━━━━━━━━━━━━━━━━━━━━━━━━

Your only jobs today:
  1. Check email for replies (especially positive ones!)
  2. Send LinkedIn DMs from: /root/.openclaw/workspace/scripts/viora-outreach/output/
  3. Show up to demo calls and close

📄 Full log: /root/.openclaw/workspace/scripts/viora-outreach/logs/automate_2026-05-21.log
