
━━━━━━━━━━━━━━━━━━━━━━━━━━━━━━━━━━━━━━━━━━━━━━━━
  🤖 JARVIS AUTOMATE v3 — 2026-04-09 14:00
━━━━━━━━━━━━━━━━━━━━━━━━━━━━━━━━━━━━━━━━━━━━━━━━

━━━━━━━━━━━━━━━━━━━━━━━━━━━━━━━━━━━━━━━━━━━━━━━━
  📬 STEP 0/5: Checking for replies
━━━━━━━━━━━━━━━━━━━━━━━━━━━━━━━━━━━━━━━━━━━━━━━━
2026-04-09 14:00:04,637 file_cache is only supported with oauth2client<4.0.0
2026-04-09 14:00:04,646 🔍 Checking for replies...
2026-04-09 14:00:05,654 📬 Found 11 inbox messages to check
2026-04-09 14:00:07,967 
==================================================
2026-04-09 14:00:07,967 ✅ Reply check complete
2026-04-09 14:00:07,967    New replies:    0
2026-04-09 14:00:07,967    Positive:       0 ← RESPOND TO THESE!
2026-04-09 14:00:07,967    Unsubscribes:   0
2026-04-09 14:00:07,967    Bounces:        0
2026-04-09 14:00:07,967 ==================================================


━━━━━━━━━━━━━━━━━━━━━━━━━━━━━━━━━━━━━━━━━━━━━━━━
  📍 STEP 1/5: Scraping fresh leads (auto-rotate)
━━━━━━━━━━━━━━━━━━━━━━━━━━━━━━━━━━━━━━━━━━━━━━━━
2026-04-09 14:00:08,272 🔄 Auto-rotation day 99: cleaning service in Jacksonville, FL
2026-04-09 14:00:08,272 
🔍 Searching: cleaning service in Jacksonville, FL
2026-04-09 14:00:09,000   ✅ Wonderfully Maid Cleaning, LLC — (904) 235-6554 — http://maidwonderfully.com/
2026-04-09 14:00:09,263   ✅ Fresh Look Home Cleaning — (904) 705-3806 — http://www.freshlookhomecleaning.com/
2026-04-09 14:00:09,498   ✅ Evolution DR Cleaning Services — (904) 258-8621 — https://evolutiondrcleaning.com/?utm_source=gmb&utm_medium=website+button&utm_campaign=clicks
2026-04-09 14:00:09,761   ✅ The Cleaning Authority - Jacksonville — (904) 572-1640 — https://www.thecleaningauthority.com/jacksonville
2026-04-09 14:00:09,991   ✅ Lili Cleaning Services — (904) 395-1919 — https://www.lilicleaningservices.com/
2026-04-09 14:00:10,229   ✅ First Coast Home Pros — (904) 383-7721 — https://www.firstcoasthomepros.com/?utm_source=google&utm_medium=organic&utm_campaign=gmb-listing-jacksonville
2026-04-09 14:00:10,413   ✅ Cleanservices Jacksonville — (904) 447-5668 — https://cleanservicesjax.com/
2026-04-09 14:00:10,673   ✅ Merry Maids of Jacksonville — (904) 842-4671 — https://merrymaids.com/home-cleaners-jacksonville-fl?utm_source=google&utm_medium=organic&utm_campaign=gmb
2026-04-09 14:00:10,867   ✅ Star Jax Cleaning Services — (904) 506-8802 — https://starjaxcleaning.com/
2026-04-09 14:00:11,051   ✅ Two Maids — (904) 739-9476 — http://www.twomaidsjacksonville.com/
2026-04-09 14:00:11,211   ✅ Fabby Cleaning Services — (904) 720-2202 — https://fabbycleaningserv.com/?utm_source=google_meu_negocio&utm_medium=organic&utm_campaign=google_meu_negocio
2026-04-09 14:00:11,451   ✅ Enviro-Master of Jacksonville — (904) 944-5155 — https://enviro-master.com/commercial-cleaning-locations/jacksonville-florida/?utm_source=gbp&utm_medium=organic
2026-04-09 14:00:11,651   ✅ Maidpro Jacksonville — (904) 494-6070 — http://www.maidpro.com/
2026-04-09 14:00:11,853   ✅ Maid Brigade of Jacksonville — (904) 886-7415 — https://www.maidbrigade.com/fl/jacksonville/
2026-04-09 14:00:12,084   ✅ Bela Maids Housecleaning Services — (904) 380-1702 — https://belamaids.com/
2026-04-09 14:00:12,293   ✅ All That Cleaning Jacksonville — (904) 561-1400 — http://atcjax.com/
2026-04-09 14:00:12,509   ✅ Molly Maid of Greater Jacksonville and Clay County — (904) 337-6947 — https://www.mollymaid.com/locations/florida/orange-park/?cid=LSTL_MLY000192&utm_source=gmb&utm_campaign=local&utm_medium=organic
2026-04-09 14:00:15,164   ✅ Jani-King of Jacksonville — (904) 346-3000 — https://www.janiking.com/commercial-cleaning/jacksonville/
2026-04-09 14:00:15,389   ✅ JAN-PRO Cleaning & Disinfecting in Jacksonville — (904) 746-9730 — https://jan-pro.com/jacksonville/?utm_source=gmb&utm_medium=organic_traffic&utm_campaign=google_my_business
2026-04-09 14:00:15,564   ✅ Clean It All Jax — (786) 301-4872 — https://www.cleanitalljax.com/
2026-04-09 14:00:15,714   ✅ Maya Cleaning Services — (904) 366-9990 — https://www.mayacleaningservicesjax.com/
2026-04-09 14:00:15,895   ✅ Patriot Maids Cleaning Services — (904) 807-2910 — https://patriotmaids.com/location/fl/jacksonville/
2026-04-09 14:00:16,111   ✅ Maidpro of St Johns , Clay County & Jacksonville — (904) 494-6070 — https://www.maidpro.com/
2026-04-09 14:00:16,284   ✅ Tina Maids — (904) 442-3948 — https://tinamaidspro.com/
2026-04-09 14:00:16,437   ✅ Sparkle and Shine Cleaning and Handyman Services LLC — (904) 480-7037 — https://www.facebook.com/SparkleandShineofJax?mibextid=ZbWKwL
2026-04-09 14:00:16,585   ✅ CCS Maid Service — (910) 459-1408 — http://ccsmaidservice.com/
2026-04-09 14:00:16,709   ✅ Annie's Cleaners LLC Florida — (904) 428-3950 — https://www.anniescleaningfl.com/
2026-04-09 14:00:16,856   ✅ Lisas's Cleaning Services — (904) 554-9010 — no website
2026-04-09 14:00:19,545   ✅ The Maids in Jacksonville — (904) 928-0559 — https://www.maids.com/137/?utm_source=GMB_listing&utm_medium=organic
2026-04-09 14:00:19,711   ✅ As You Like It Housekeeping Referral Agency — (904) 242-9394 — https://www.asyoulikeitjax.com/
2026-04-09 14:00:19,895   ✅ Expert Cleaner's LLC — (904) 414-2300 — https://expert-cleaners.com/
2026-04-09 14:00:19,923   📊 Found 31, 31 new (rest were duplicates)
2026-04-09 14:00:20,924 
==================================================
2026-04-09 14:00:20,924 ✅ Scraping complete
2026-04-09 14:00:20,924    Total found:  31
2026-04-09 14:00:20,924    New leads:    31
2026-04-09 14:00:20,924    Duplicates:   0
2026-04-09 14:00:20,926    DB total:     480 leads (387 with emails)
2026-04-09 14:00:20,927 ==================================================


━━━━━━━━━━━━━━━━━━━━━━━━━━━━━━━━━━━━━━━━━━━━━━━━
  🔍 STEP 2/5: Finding emails
━━━━━━━━━━━━━━━━━━━━━━━━━━━━━━━━━━━━━━━━━━━━━━━━
2026-04-09 14:00:21,098 🔍 Finding emails for 50 leads...
2026-04-09 14:00:21,550 Hunter.io rate limited — pausing 60s
2026-04-09 14:01:21,987 🔮 Guessed: info@stateofgracetattoo.com — State of Grace
2026-04-09 14:01:22,759 Hunter.io rate limited — pausing 60s
2026-04-09 14:02:23,295 🔮 Guessed: info@current-sj.com — Current Tattooing
2026-04-09 14:02:24,230 Hunter.io rate limited — pausing 60s
2026-04-09 14:03:24,701 🔮 Guessed: info@honepiercing.com — Hone Piercing
2026-04-09 14:03:25,613 Hunter.io rate limited — pausing 60s
2026-04-09 14:04:25,997 🔮 Guessed: info@vampirebattlemansion.com — Vampire Battle Mansion Tattoo and Piercing
2026-04-09 14:04:26,760 Hunter.io rate limited — pausing 60s
2026-04-09 14:05:27,196 🔮 Guessed: info@soulimagez.com — Soul Imagez Tattoo
2026-04-09 14:05:28,031 Hunter.io rate limited — pausing 60s
2026-04-09 14:06:28,434 🔮 Guessed: info@theholyscythetattoo.com — The Holy Scythe Tattoo
2026-04-09 14:06:29,326 Hunter.io rate limited — pausing 60s
2026-04-09 14:07:29,757 🔮 Guessed: info@sacredoathtattoos.com — Sacred Oath Tattoos
2026-04-09 14:07:30,684 Hunter.io rate limited — pausing 60s
2026-04-09 14:08:31,065 🔮 Guessed: info@ktdragon.com — KT Dragon Tattoo Studio
2026-04-09 14:08:31,940 Hunter.io rate limited — pausing 60s
2026-04-09 14:09:32,305 🔮 Guessed: info@homeroomtattoo.com — Homeroom Tattoo
2026-04-09 14:09:33,179 Hunter.io rate limited — pausing 60s
2026-04-09 14:10:33,580 🔮 Guessed: info@voodoovon.myonlineappointment.com — Asylum Ink
2026-04-09 14:10:34,508 Hunter.io rate limited — pausing 60s
2026-04-09 14:11:34,914 🔮 Guessed: info@flourishtattoo.com — Flourish Tattoo & Foliage
2026-04-09 14:11:35,806 Hunter.io rate limited — pausing 60s
2026-04-09 14:12:36,195 🔮 Guessed: info@makemeholeybodypiercing.com — Make Me Holey Body Piercing
2026-04-09 14:12:37,064 Hunter.io rate limited — pausing 60s
2026-04-09 14:13:37,451 🔮 Guessed: info@inkesomnia.com — INKESOMNIA
2026-04-09 14:13:38,351 Hunter.io rate limited — pausing 60s
2026-04-09 14:14:38,773 🔮 Guessed: info@bodyexotic.com — Body Exotic
2026-04-09 14:14:39,528 Hunter.io rate limited — pausing 60s
2026-04-09 14:15:39,920 🔮 Guessed: info@convictiontattoo.com — Conviction Tattoo Studio
2026-04-09 14:15:40,918 Hunter.io rate limited — pausing 60s
2026-04-09 14:16:41,582 🔮 Guessed: info@inkdicatattoo.com — Inkdica tattoo
2026-04-09 14:16:42,499 Hunter.io rate limited — pausing 60s
2026-04-09 14:17:42,883 🔮 Guessed: info@lunatattoostudio.com — Luna Tattoo Studio
2026-04-09 14:17:43,647 Hunter.io rate limited — pausing 60s
2026-04-09 14:18:44,022 🔮 Guessed: info@artizenink.com — Artizen Ink
2026-04-09 14:18:44,782 Hunter.io rate limited — pausing 60s
2026-04-09 14:19:45,259 🔮 Guessed: info@tattoonerdssj.com — Tattoo Nerds
2026-04-09 14:19:46,210 Hunter.io rate limited — pausing 60s
2026-04-09 14:20:46,681 🔮 Guessed: info@moncriefair.com — Moncrief Heating & Air Conditioning
2026-04-09 14:20:47,447 Hunter.io rate limited — pausing 60s
2026-04-09 14:21:47,986 🔮 Guessed: info@estesair.com — Estes Services
2026-04-09 14:21:48,722 Hunter.io rate limited — pausing 60s
2026-04-09 14:22:49,089 🔮 Guessed: info@pvhvac.com — PV Heating, Cooling & Plumbing
2026-04-09 14:22:49,993 Hunter.io rate limited — pausing 60s
2026-04-09 14:23:50,428 🔮 Guessed: info@rsandrews.com — RS Andrews
2026-04-09 14:23:51,197 Hunter.io rate limited — pausing 60s
2026-04-09 14:24:51,582 🔮 Guessed: info@theaircompanyga.com — The Air Company
2026-04-09 14:24:52,594 Hunter.io rate limited — pausing 60s
2026-04-09 14:25:52,987 🔮 Guessed: info@hopehvac.com — Hope Heating & AC Repair
2026-04-09 14:25:53,756 Hunter.io rate limited — pausing 60s
2026-04-09 14:26:54,161 🔮 Guessed: info@cunninghamhvac.com — Cunningham Associates
2026-04-09 14:26:55,060 Hunter.io rate limited — pausing 60s
2026-04-09 14:27:55,470 🔮 Guessed: info@empirehvac.com — Empire Heating & Air Conditioning Inc
2026-04-09 14:27:56,354 Hunter.io rate limited — pausing 60s
2026-04-09 14:28:57,260 🔮 Guessed: info@coolray.com — Coolray Heating & Air Conditioning
2026-04-09 14:28:58,160 Hunter.io rate limited — pausing 60s
2026-04-09 14:29:58,546 🔮 Guessed: info@770coolair.com — Cool Air Mechanical
2026-04-09 14:29:59,441 Hunter.io rate limited — pausing 60s
2026-04-09 14:30:59,961 🔮 Guessed: info@reliableair.com — Reliable Heating & Air, Plumbing and Electrical - Kennesaw
2026-04-09 14:31:00,895 Hunter.io rate limited — pausing 60s
2026-04-09 14:32:01,297 🔮 Guessed: info@maintenanceunlimitedheatingcooling.com — Maintenance Unlimited Heating & Cooling
2026-04-09 14:32:02,267 Hunter.io rate limited — pausing 60s
2026-04-09 14:33:02,695 🔮 Guessed: info@ragsdaleair.com — Ragsdale Heating, Air, Plumbing & Electrical
2026-04-09 14:33:03,603 Hunter.io rate limited — pausing 60s
2026-04-09 14:34:04,077 🔮 Guessed: info@peppersheatingandair.com — Peppers Heating & Air Conditioning Service Inc.
2026-04-09 14:34:04,821 Hunter.io rate limited — pausing 60s
2026-04-09 14:35:05,238 🔮 Guessed: info@indoorexperts.com — INDOOR EXPERTS HEATING & AIR CONDITIONING
2026-04-09 14:35:05,983 Hunter.io rate limited — pausing 60s
2026-04-09 14:36:06,455 🔮 Guessed: info@gaci.biz — Georgia Air Contractors
2026-04-09 14:36:07,356 Hunter.io rate limited — pausing 60s
2026-04-09 14:37:08,230 🔮 Guessed: info@centralheat.com — Central Heating & Air Conditioning
2026-04-09 14:37:09,110 Hunter.io rate limited — pausing 60s
2026-04-09 14:38:09,571 🔮 Guessed: info@galgonhvac.com — Galgon HVAC & Mechanical Service, Inc.
2026-04-09 14:38:10,452 Hunter.io rate limited — pausing 60s
2026-04-09 14:39:10,872 🔮 Guessed: info@esquirehvac.com — Esquire Heating And Air
2026-04-09 14:39:11,816 Hunter.io rate limited — pausing 60s
2026-04-09 14:40:12,428 🔮 Guessed: info@tecertifiedelectricians.com — TE Certified, Electrical, Plumbing, Heating & Cooling
2026-04-09 14:40:13,317 Hunter.io rate limited — pausing 60s
2026-04-09 14:41:13,697 🔮 Guessed: info@adcampbellhvac.com — A.D. Campbell HVAC Services
2026-04-09 14:41:14,600 Hunter.io rate limited — pausing 60s
2026-04-09 14:42:14,984 🔮 Guessed: info@spencerair.com — Spencer Heating and Air Conditioning
2026-04-09 14:42:15,866 Hunter.io rate limited — pausing 60s
2026-04-09 14:43:16,266 🔮 Guessed: info@gbshvac.com — GB Services HVAC
2026-04-09 14:43:17,025 Hunter.io rate limited — pausing 60s
2026-04-09 14:44:17,457 🔮 Guessed: info@newlevelmechanical.com — New Level Mechanical
2026-04-09 14:44:18,338 Hunter.io rate limited — pausing 60s
2026-04-09 14:45:18,578 🔮 Guessed: info@dynastyheatingandair.com — Dynasty Heating and Air
2026-04-09 14:45:19,082 
==================================================
2026-04-09 14:45:19,082 ✅ Email finder complete
2026-04-09 14:45:19,082    API found:  0
2026-04-09 14:45:19,082    Guessed:    44
2026-04-09 14:45:19,082    Total:      44
2026-04-09 14:45:19,083 ==================================================


━━━━━━━━━━━━━━━━━━━━━━━━━━━━━━━━━━━━━━━━━━━━━━━━
  📧 STEP 3/5: Sending cold emails
━━━━━━━━━━━━━━━━━━━━━━━━━━━━━━━━━━━━━━━━━━━━━━━━
2026-04-09 14:45:19,248 INFO 📧 Email sender starting — daily limit: 40 (bounce rate: 0.0%)
2026-04-09 14:45:19,249 INFO    Already sent today: 0, remaining: 40
2026-04-09 14:45:19,433 INFO file_cache is only supported with oauth2client<4.0.0
2026-04-09 14:45:19,874 INFO ✅ Email 1 → info@losfelizmedspa.com (Los Feliz Med Spa)
2026-04-09 14:45:35,841 INFO ✅ Email 1 → info@rjmedspa.com (R&J Medspa)
2026-04-09 14:45:53,710 INFO ✅ Email 1 → calvin@sculptdtla.com (Sculpt Med Spa Downtown Los Angeles)
2026-04-09 14:45:59,474 INFO ✅ Email 1 → info@ivemedicalspa.com (IVE MEDICAL SPA)
2026-04-09 14:46:14,285 INFO ✅ Email 1 → info@blisspointmedspa.com (Bliss Point Medical Spa)
2026-04-09 14:46:24,121 INFO ✅ Email 1 → info@renewmespa.com (RenewMe IV Therapy + Medspa)
2026-04-09 14:46:37,068 INFO ✅ Email 1 → info@skinstorymedspa.com (Skin Story Med Spa)
2026-04-09 14:46:45,183 INFO ✅ Email 1 → info@deluxecosmeticcenter.com (Deluxe Cosmetic Center)
2026-04-09 14:46:53,657 INFO ✅ Email 1 → info@vermontmedspa.com (Vermont Med spa)
2026-04-09 14:47:03,296 INFO ✅ Email 1 → info@smoothskinlounge.com (SMOOTH SKIN LOUNGE)
2026-04-09 14:47:09,501 INFO ✅ Email 1 → info@flawlessskincenter.com (Flawless Skin Center - West Hollywood: Med Spa)
2026-04-09 14:47:19,412 INFO ✅ Email 1 → me@melosangeles.com (me.losangeles aesthetics)
2026-04-09 14:47:27,050 INFO ✅ Email 1 → info@simplyrenewla.com (Re:Lune - Medical Aesthetics and Wellness)
2026-04-09 14:47:39,685 INFO ✅ Email 1 → alissa.bayer@milkandhoneyspa.com (milk + honey | Brentwood)
2026-04-09 14:47:51,491 INFO ✅ Email 1 → info@skincarewellnesspa.com (Skincare Wellness Spa)
2026-04-09 14:48:00,734 INFO ✅ Email 1 → info@shapedsecretz.com (Shaped Secretz Body Sculpting)
2026-04-09 14:48:13,431 INFO ✅ Email 1 → elsegundo@skinworksmed.com (Skin Works Medical Spa | Torrance)
2026-04-09 14:48:24,530 INFO ✅ Email 1 → info@spadelapeau.com (Spa De La Peau)
2026-04-09 14:48:36,786 INFO ✅ Email 1 → info@shinylaserclinic.com (Shiny Laser Skin Clinic – Koreatown Med Spa & Laser Skin Experts)
2026-04-09 14:48:53,686 INFO ✅ Email 1 → info@polarisaesthetics.com (Polaris Medical Aesthetics)
2026-04-09 14:49:02,081 INFO ✅ Email 1 → info@vipaestheticsla.com (VIP AESTHETICS AND MEN'S HEALTH BY VIP MEDICAL)
2026-04-09 14:49:16,943 INFO ✅ Email 1 → shelby.mack@southcoastmedspa.com (South Coast MedSpa)
2026-04-09 14:49:28,068 INFO ✅ Email 1 → alyssa@springsrejuvenation.com (Springs Rejuvenation)
2026-04-09 14:49:35,872 INFO ✅ Email 1 → info@thesunsetaesthetics.com (The Sunset Aesthetics)
2026-04-09 14:49:43,005 INFO ✅ Email 1 → info@skinsationla.com (Skinsation LA)
2026-04-09 14:49:57,787 INFO ✅ Email 1 → info@siennamedspa.com (Sienna Med)
2026-04-09 14:50:15,686 INFO ✅ Email 1 → info@healthmedspa.com (Health Med Spa IV Therapy – Los Angeles)
2026-04-09 14:50:28,315 INFO ✅ Email 1 → sunny.gao@waveplasticsurgery.com (Wave Plastic Surgery)
2026-04-09 14:50:41,486 INFO ✅ Email 1 → lilly@thethingswedo.co (The Things We Do)
2026-04-09 14:50:56,281 INFO ✅ Email 1 → info@re-nuaesthetics.com (Re-Nu Aesthetics)
2026-04-09 14:51:13,000 INFO ✅ Email 1 → info@latinamedicalcenter.com (Latina Medical Center)
2026-04-09 14:51:24,091 INFO ✅ Email 1 → info@beverlyhillsmedspa.com (Beverly Hills Med Spa)
2026-04-09 14:51:31,855 INFO ✅ Email 1 → info@facialspa.net (Facial spa LA)
2026-04-09 14:51:39,133 INFO ✅ Email 1 → romina@theskinagency.com (The Skin Agency)
2026-04-09 14:51:54,636 INFO ✅ Email 1 → info@arcbeautylab.com (Arc Beauty Lab)
2026-04-09 14:52:10,088 INFO ✅ Email 1 → info@rejuvayou.com (Rejuvayou Medical)
2026-04-09 14:52:26,466 INFO ✅ Email 1 → info@elmdspa.com (EL Med Spa)
2026-04-09 14:52:42,308 INFO ✅ Email 1 → skramer@oubeauty.com (OU Beauty)
2026-04-09 14:52:56,928 INFO ✅ Email 1 → info@medworksaesthetics.com (Medworks Aesthetics)
2026-04-09 14:53:04,772 INFO ✅ Email 1 → info@dermasterusa.com (Dermaster Medical Aesthetic Clinic)
2026-04-09 14:53:18,576 INFO 
==================================================
2026-04-09 14:53:18,577 INFO ✅ Email sender complete [SENT]
2026-04-09 14:53:18,577 INFO    Emails sent:     40
2026-04-09 14:53:18,577 INFO    Daily limit:     40
2026-04-09 14:53:18,577 INFO    Already today:   0
2026-04-09 14:53:18,577 INFO    Log: /root/.openclaw/workspace/scripts/viora-outreach/logs/sent_2026-04-09.log
2026-04-09 14:53:18,577 INFO ==================================================


━━━━━━━━━━━━━━━━━━━━━━━━━━━━━━━━━━━━━━━━━━━━━━━━
  💼 STEP 4/5: Generating LinkedIn DM queue
━━━━━━━━━━━━━━━━━━━━━━━━━━━━━━━━━━━━━━━━━━━━━━━━

✅ LinkedIn queue: 20 messages
📄 Backup: /root/.openclaw/workspace/scripts/viora-outreach/output/linkedin_queue_2026-04-09.txt
✅ LinkedIn DMs posted to Discord

━━━━━━━━━━━━━━━━━━━━━━━━━━━━━━━━━━━━━━━━━━━━━━━━
  📊 STEP 5/5: Daily report
━━━━━━━━━━━━━━━━━━━━━━━━━━━━━━━━━━━━━━━━━━━━━━━━
**📊 VIORA REPORT — Thu Apr 09** (Day 2)

**📋 YOUR TODO:**
1️⃣ Send 20 LinkedIn DMs (posted above or in output/)
3️⃣ Check calendar for demo calls

**📧 Today:** 40 emails sent · 20 LinkedIn DMs
**📊 Funnel:** 480 leads → 54 contacted → 0 replied (0.0%) → 0 demos → 0 closed

**💰 MRR:** $0/mo [░░░░░░░░░░] 0% of $20k
Need **58** more clients @ $350/mo

**💼 20 LinkedIn DMs** queued — check Discord or output/ folder

✅ Report sent to Discord

━━━━━━━━━━━━━━━━━━━━━━━━━━━━━━━━━━━━━━━━━━━━━━━━
  ✅ JARVIS AUTOMATE v3 COMPLETE — Thu Apr  9 14:53:20 UTC 2026
━━━━━━━━━━━━━━━━━━━━━━━━━━━━━━━━━━━━━━━━━━━━━━━━

Your only jobs today:
  1. Check email for replies (especially positive ones!)
  2. Send LinkedIn DMs from: /root/.openclaw/workspace/scripts/viora-outreach/output/
  3. Show up to demo calls and close

📄 Full log: /root/.openclaw/workspace/scripts/viora-outreach/logs/automate_2026-04-09.log
