
━━━━━━━━━━━━━━━━━━━━━━━━━━━━━━━━━━━━━━━━━━━━━━━━
  🤖 JARVIS AUTOMATE v3 — 2026-05-18 14:00
━━━━━━━━━━━━━━━━━━━━━━━━━━━━━━━━━━━━━━━━━━━━━━━━

━━━━━━━━━━━━━━━━━━━━━━━━━━━━━━━━━━━━━━━━━━━━━━━━
  📬 STEP 0/5: Checking for replies
━━━━━━━━━━━━━━━━━━━━━━━━━━━━━━━━━━━━━━━━━━━━━━━━
Traceback (most recent call last):
  File "/root/.openclaw/workspace/scripts/viora-outreach/reply-checker.py", line 234, in <module>
    main()
  File "/root/.openclaw/workspace/scripts/viora-outreach/reply-checker.py", line 126, in main
    service = get_gmail_service()
              ^^^^^^^^^^^^^^^^^^^
  File "/root/.openclaw/workspace/scripts/viora-outreach/reply-checker.py", line 63, in get_gmail_service
    creds.refresh(Request())
  File "/usr/local/lib/python3.12/dist-packages/google/oauth2/credentials.py", line 412, in refresh
    ) = reauth.refresh_grant(
        ^^^^^^^^^^^^^^^^^^^^^
  File "/usr/local/lib/python3.12/dist-packages/google/oauth2/reauth.py", line 370, in refresh_grant
    _client._handle_error_response(response_data, retryable_error)
  File "/usr/local/lib/python3.12/dist-packages/google/oauth2/_client.py", line 69, in _handle_error_response
    raise exceptions.RefreshError(
google.auth.exceptions.RefreshError: ('invalid_grant: Bad Request', {'error': 'invalid_grant', 'error_description': 'Bad Request'})

━━━━━━━━━━━━━━━━━━━━━━━━━━━━━━━━━━━━━━━━━━━━━━━━
  📍 STEP 1/5: Scraping fresh leads (auto-rotate)
━━━━━━━━━━━━━━━━━━━━━━━━━━━━━━━━━━━━━━━━━━━━━━━━
2026-05-18 14:00:03,759 🔄 Auto-rotation day 138: nail salon in Miami, FL
2026-05-18 14:00:03,761 
🔍 Searching: nail salon in Miami, FL
2026-05-18 14:00:04,698   ✅ Neo Nails — (305) 306-8888 — http://www.neo-nails.com/
2026-05-18 14:00:04,965   ✅ Inail Spa — (305) 695-9388 — https://inailspamiamibeach.com/
2026-05-18 14:00:05,261   ✅ Sobe Nails & Spa — (305) 534-2998 — https://sobenailspamiamibeach.com/
2026-05-18 14:00:05,499   ✅ Aurora Nails Bar — (786) 822-4844 — http://www.auroranailsbar.com/
2026-05-18 14:00:05,784   ✅ Nez Nail Miami — (786) 966-1111 — https://www.neznailmiami.com/
2026-05-18 14:00:06,091   ✅ Amalfi Nail Salón — (786) 209-1875 — http://www.myagnesapp.com/
2026-05-18 14:00:06,322   ✅ Cult Nail studio — (786) 328-9950 — https://cultnailstudio.miami/
2026-05-18 14:00:06,575   ✅ Miami Nails Atelier — (786) 547-9133 — https://miami-nails-atelier.square.site/
2026-05-18 14:00:06,798   ✅ Venetian Nail Spa — (786) 485-9999 — https://venetiansalon.com/
2026-05-18 14:00:07,111   ✅ Omni Nails and Lash Lounge — (786) 345-8098 — http://www.omninailsmiami.com/
2026-05-18 14:00:07,354   ✅ NailBox Miami — (305) 613-4497 — http://nailboxmiami.com/
2026-05-18 14:00:07,517   ✅ Biscayne Nail and Beauty Bar — (786) 486-9232 — http://biscaynenailandbeautybar.com/
2026-05-18 14:00:07,767   ✅ DA Beauty Bar — (786) 930-5334 — https://dabeautybars.com/
2026-05-18 14:00:07,919   ✅ TINA BEAUTY MIAMI LLC — (754) 295-7177 — https://mysite.vagaro.com/tinabeautyrussianukrainianmani
2026-05-18 14:00:08,179   ✅ Ostenta Beauty Concept Edgewater - Nails, Lashes & Facials — (786) 856-6342 — https://www.ostentabeautyconcept.com/
2026-05-18 14:00:08,497   ✅ LUV BEAUTY CLUB — (786) 254-7876 — https://n1220447.alteg.io/company/1166465/personal/menu
2026-05-18 14:00:08,794   ✅ Sky Nails & Spa of South Beach — (786) 275-6666 — https://www.skynailsofsouthbeach.com/
2026-05-18 14:00:09,082   ✅ Mira Nail Bar — (786) 655-0126 — http://miranailbarsalon.com/
2026-05-18 14:00:09,239   ✅ Nika NAILS Miami &RUSSIAN Manicure — (786) 580-2685 — https://instagram.com/nika.nails_miami?igshid=MjEwN2IyYWYwYw==
2026-05-18 14:00:09,382   ✅ Joka Studio — (786) 984-0438 — https://beacons.ai/jokanailstudio
2026-05-18 14:00:11,987   ✅ The Glow Gloss — (786) 988-9777 — http://www.theglowgloss.com/
2026-05-18 14:00:12,131   ✅ NailSpa Miami Wellness Center (All Nails, Lashes, Facials, HeadSpa, Body Waxing, Hair, Stem Cell & More.) — (786) 274-7646 — https://nailspamiamiwellnesscenter.zoca.com/?utm_source=googlemaps&utm_medium=googlemaps&utm_campaign=googlemaps
2026-05-18 14:00:12,399   ✅ TINA NAILS — (954) 955-7597 — https://tinanailsmiami.net/
2026-05-18 14:00:12,532   ✅ G-Nail Bar — (305) 775-9294 — https://gnailbarmiami.com/
2026-05-18 14:00:12,668   ✅ Billion Nails Miami — (781) 732-4456 — no website
2026-05-18 14:00:12,893   ✅ Trini Salon & Spa — (786) 220-7796 — http://www.trinisalons.com/
2026-05-18 14:00:13,014   ✅ MQM Nails — (786) 448-8696 — no website
2026-05-18 14:00:13,157   ✅ Sin nails no hay paraíso — (786) 593-8617 — https://book.heygoldie.com/Sin-Nails-No-Hay-Para%C3%ADso
2026-05-18 14:00:13,426   ✅ Salon Nails & Co. Miami Midtown — (786) 889-2828 — https://nailsandcobeauty.com/
2026-05-18 14:00:13,663   ✅ NEW YORK NAILS GLAM II — (786) 788-7856 — https://www.nynailsglam.com/
2026-05-18 14:00:13,849   ✅ Ceci Spa Hair Nails River Landing — (786) 884-5899 — https://cecispahairandnails.com/
2026-05-18 14:00:13,999   ✅ Nail Culture Wynwood — (305) 456-6974 — https://nailculturewynwood.com/
2026-05-18 14:00:14,143   ✅ J C Nails (J C Spa Nails) — (305) 265-0204 — http://jcspanailsmiami.com/
2026-05-18 14:00:14,280   ✅ BRAND NAILS — (786) 899-8085 — no website
2026-05-18 14:00:14,414   ✅ Sury Nail Art — (786) 254-7363 — https://surynailart.com/
2026-05-18 14:00:14,547   ✅ Miami Nail Artist — (312) 774-3159 — https://www.fresha.com/book-now/miami-nail-artist-rmb6bak7/all-offer?pId=1131989
2026-05-18 14:00:14,680   ✅ Top Nails — (305) 857-2205 — no website
2026-05-18 14:00:14,822   ✅ Amandis Nail Spa — (786) 353-2664 — https://www.amandisnailspa.com/
2026-05-18 14:00:14,991   ✅ Nails & Co. — (786) 909-4499 — https://nailsco.salonist.io/booking-online
2026-05-18 14:00:15,150   ✅ The Powder Room Beauty Salon — (305) 979-6742 — https://powderroombeauty.square.site/
2026-05-18 14:00:17,687   ✅ IRISSTHETICS — (786) 263-8307 — http://irissthetics.square.site/
2026-05-18 14:00:17,842   ✅ Fancy Nail Boutique and Spa — (305) 967-8714 — https://westmiaminailsalon.com/
2026-05-18 14:00:17,979   ✅ Midas Nails — (786) 281-9883 — https://midasnailz.square.site/
2026-05-18 14:00:18,117   ✅ One L Professional — (917) 515-6868 — https://onelnyc.com/
2026-05-18 14:00:18,251   ✅ The Pink Room Beauty Spa — (305) 409-0701 — https://www.thepinkroombeauty.com/
2026-05-18 14:00:18,392   ✅ Glammed By Chazzy | Nails Miami — (347) 922-4446 — http://glammedbychazzy.com/
2026-05-18 14:00:18,531   ✅ Ru.Nails — (305) 873-0550 — https://www.instagram.com/ru.nail_s?igsh=NDZidWN2dDVobnU1
2026-05-18 14:00:18,670   ✅ Mani Studio — (786) 631-6950 — https://www.manistudiomiami.com/
2026-05-18 14:00:18,818   ✅ Rosé Nail Lounge — (786) 209-4467 — https://www.rosenailloungemiami.com/
2026-05-18 14:00:18,977   ✅ Studio-D Brickell — (305) 349-4969 — https://studio-dbrickell.com/
2026-05-18 14:00:19,000   📊 Found 50, 48 new (rest were duplicates)
2026-05-18 14:00:20,000 
==================================================
2026-05-18 14:00:20,001 ✅ Scraping complete
2026-05-18 14:00:20,001    Total found:  50
2026-05-18 14:00:20,001    New leads:    48
2026-05-18 14:00:20,001    Duplicates:   2
2026-05-18 14:00:20,004    DB total:     1423 leads (998 with emails)
2026-05-18 14:00:20,004 ==================================================


━━━━━━━━━━━━━━━━━━━━━━━━━━━━━━━━━━━━━━━━━━━━━━━━
  🔍 STEP 2/5: Finding emails
━━━━━━━━━━━━━━━━━━━━━━━━━━━━━━━━━━━━━━━━━━━━━━━━
2026-05-18 14:00:20,236 🔍 Finding emails for 50 leads...
2026-05-18 14:00:20,711 Hunter.io rate limited — pausing 60s
2026-05-18 14:01:21,069 🔮 Guessed: info@thecamptc.com — The Camp Transformation Center
2026-05-18 14:01:21,840 Hunter.io rate limited — pausing 60s
2026-05-18 14:02:22,222 🔮 Guessed: info@citysportsfitness.com — City Sports Club
2026-05-18 14:02:22,931 Hunter.io rate limited — pausing 60s
2026-05-18 14:03:23,434 🔮 Guessed: info@brickhousesj.com — Brick House Fitness
2026-05-18 14:03:24,202 Hunter.io rate limited — pausing 60s
2026-05-18 14:04:24,551 🔮 Guessed: info@linktr.ee — WarFitness Bay Area
2026-05-18 14:04:25,295 Hunter.io rate limited — pausing 60s
2026-05-18 14:05:25,547 🔮 Guessed: info@gymcheckpro.com — Gym Strength Pro
2026-05-18 14:05:26,402 Hunter.io rate limited — pausing 60s
2026-05-18 14:06:26,950 🔮 Guessed: info@planetfitness.com — Planet Fitness
2026-05-18 14:06:27,649 Hunter.io rate limited — pausing 60s
2026-05-18 14:07:28,028 🔮 Guessed: info@unboundfitlife.com — Unbound Fitness & Wellness
2026-05-18 14:07:28,953 Hunter.io rate limited — pausing 60s
2026-05-18 14:08:29,290 🔮 Guessed: info@reddotfitness.net — Red Dot Fitness
2026-05-18 14:08:29,989 Hunter.io rate limited — pausing 60s
2026-05-18 14:09:30,342 🔮 Guessed: info@planetfitness.com — Planet Fitness
2026-05-18 14:09:31,021 Hunter.io rate limited — pausing 60s
2026-05-18 14:10:31,401 🔮 Guessed: info@24hourfitness.com — 24 Hour Fitness
2026-05-18 14:10:32,297 Hunter.io rate limited — pausing 60s
2026-05-18 14:11:32,681 🔮 Guessed: info@barrys.com — Barry's Santana Row
2026-05-18 14:11:33,541 Hunter.io rate limited — pausing 60s
2026-05-18 14:12:33,866 🔮 Guessed: info@liftprofitness.com — Lift Pro Fitness
2026-05-18 14:12:34,697 Hunter.io rate limited — pausing 60s
2026-05-18 14:13:35,073 🔮 Guessed: info@americanbarbellclubs.com — American Barbell Clubs
2026-05-18 14:13:35,955 Hunter.io rate limited — pausing 60s
2026-05-18 14:14:36,420 🔮 Guessed: info@planetfitness.com — Planet Fitness
2026-05-18 14:14:37,275 Hunter.io rate limited — pausing 60s
2026-05-18 14:15:37,651 🔮 Guessed: info@maddoxmethod.com — X-treme Athletics
2026-05-18 14:15:38,395 Hunter.io rate limited — pausing 60s
2026-05-18 14:16:38,835 🔮 Guessed: info@thunderfitnesssanjose.com — Thunder Fitness San Jose
2026-05-18 14:16:39,732 Hunter.io rate limited — pausing 60s
2026-05-18 14:17:40,179 🔮 Guessed: info@barbellathletic.com — BARBELL ATHLETIC
2026-05-18 14:17:40,922 Hunter.io rate limited — pausing 60s
2026-05-18 14:18:41,296 🔮 Guessed: info@sjsu.edu — Timpany Center
2026-05-18 14:18:42,209 Hunter.io rate limited — pausing 60s
2026-05-18 14:19:42,673 🔮 Guessed: info@planetfitness.com — Planet Fitness
2026-05-18 14:19:43,604 Hunter.io rate limited — pausing 60s
2026-05-18 14:20:44,018 🔮 Guessed: info@crogafitness.com — Croga Fitness - Gym
2026-05-18 14:20:44,716 Hunter.io rate limited — pausing 60s
2026-05-18 14:21:45,241 🔮 Guessed: info@orangetheory.com — Orangetheory Fitness
2026-05-18 14:21:46,120 Hunter.io rate limited — pausing 60s
2026-05-18 14:22:46,467 🔮 Guessed: info@sanjoseca.gov — Bascom Community Center
2026-05-18 14:22:47,422 Hunter.io rate limited — pausing 60s
2026-05-18 14:23:47,816 🔮 Guessed: info@hella-strength.com — Hella Strength
2026-05-18 14:23:48,566 Hunter.io rate limited — pausing 60s
2026-05-18 14:24:48,917 🔮 Guessed: info@hotworx.net — HOTWORX - San Jose, CA - Downtown
2026-05-18 14:24:49,755 Hunter.io rate limited — pausing 60s
2026-05-18 14:25:50,148 🔮 Guessed: info@sanjoseca.gov — Roosevelt Community Center
2026-05-18 14:25:51,013 Hunter.io rate limited — pausing 60s
2026-05-18 14:26:51,378 🔮 Guessed: info@novacare.com — NovaCare Rehabilitation in partnership with OhioHealth - Columbus - Downtown
2026-05-18 14:26:52,107 Hunter.io rate limited — pausing 60s
2026-05-18 14:27:52,588 🔮 Guessed: info@athletespotential.com — Athletes' Potential Columbus
2026-05-18 14:27:53,473 Hunter.io rate limited — pausing 60s
2026-05-18 14:28:53,851 🔮 Guessed: info@wexnermedical.osu.edu — Ohio State Physical Therapy Outpatient Care East
2026-05-18 14:28:54,545 Hunter.io rate limited — pausing 60s
2026-05-18 14:29:55,074 🔮 Guessed: info@novacare.com — NovaCare Rehabilitation in partnership with OhioHealth - Metro
2026-05-18 14:29:56,030 Hunter.io rate limited — pausing 60s
2026-05-18 14:30:56,431 🔮 Guessed: info@copcp.com — Central Ohio Primary Care Physical Therapy - Northwest
2026-05-18 14:30:57,412 Hunter.io rate limited — pausing 60s
2026-05-18 14:31:57,807 🔮 Guessed: info@physicaltherapycolumbusoh.com — Fyzical Therapy & Balance Centers Upper Arlington
2026-05-18 14:31:58,746 Hunter.io rate limited — pausing 60s
2026-05-18 14:32:59,129 🔮 Guessed: info@columbuspainandperformance.com — Columbus Pain & Performance
2026-05-18 14:32:59,840 Hunter.io rate limited — pausing 60s
2026-05-18 14:34:00,219 🔮 Guessed: info@wexnermedical.osu.edu — Ohio State Outpatient Rehabilitation Martha Morehouse Outpatient Care
2026-05-18 14:34:00,956 Hunter.io rate limited — pausing 60s
2026-05-18 14:35:01,417 🔮 Guessed: info@orthoalliance.com — OrthoAlliance Physical Therapy
2026-05-18 14:35:02,165 Hunter.io rate limited — pausing 60s
2026-05-18 14:36:02,534 🔮 Guessed: info@fitforlifephysicaltherapy.com — Fit For Life Physical Therapy - Lane Avenue
2026-05-18 14:36:03,247 Hunter.io rate limited — pausing 60s
2026-05-18 14:37:03,602 🔮 Guessed: info@resolve-physio.com — Resolve Physio
2026-05-18 14:37:04,109 
==================================================
2026-05-18 14:37:04,109 ✅ Email finder complete
2026-05-18 14:37:04,109    API found:  0
2026-05-18 14:37:04,109    Guessed:    36
2026-05-18 14:37:04,109    Total:      36
2026-05-18 14:37:04,109 ==================================================


━━━━━━━━━━━━━━━━━━━━━━━━━━━━━━━━━━━━━━━━━━━━━━━━
  📧 STEP 3/5: Sending cold emails
━━━━━━━━━━━━━━━━━━━━━━━━━━━━━━━━━━━━━━━━━━━━━━━━

━━━━━━━━━━━━━━━━━━━━━━━━━━━━━━━━━━━━━━━━━━━━━━━━
  💼 STEP 4/5: Generating LinkedIn DM queue
━━━━━━━━━━━━━━━━━━━━━━━━━━━━━━━━━━━━━━━━━━━━━━━━

✅ LinkedIn queue: 20 messages
📄 Backup: /root/.openclaw/workspace/scripts/viora-outreach/output/linkedin_queue_2026-05-18.txt
⚠️  No DISCORD_WEBHOOK set — skipping Discord post

━━━━━━━━━━━━━━━━━━━━━━━━━━━━━━━━━━━━━━━━━━━━━━━━
  📊 STEP 5/5: Daily report
━━━━━━━━━━━━━━━━━━━━━━━━━━━━━━━━━━━━━━━━━━━━━━━━
**📊 VIORA REPORT — Mon May 18** (Day 0)

**📋 YOUR TODO:**
1️⃣ Check calendar for demo calls

**📧 Today:** 0 emails sent · 0 LinkedIn DMs
**📊 Funnel:** 1423 leads → 55 contacted → 0 replied (0.0%) → 0 demos → 0 closed

**💰 MRR:** $0/mo [░░░░░░░░░░] 0% of $20k
Need **58** more clients @ $350/mo

⚠️  Set DISCORD_WEBHOOK in .env for Discord reports

━━━━━━━━━━━━━━━━━━━━━━━━━━━━━━━━━━━━━━━━━━━━━━━━
  ✅ JARVIS AUTOMATE v3 COMPLETE — Mon May 18 14:37:04 UTC 2026
━━━━━━━━━━━━━━━━━━━━━━━━━━━━━━━━━━━━━━━━━━━━━━━━

Your only jobs today:
  1. Check email for replies (especially positive ones!)
  2. Send LinkedIn DMs from: /root/.openclaw/workspace/scripts/viora-outreach/output/
  3. Show up to demo calls and close

📄 Full log: /root/.openclaw/workspace/scripts/viora-outreach/logs/automate_2026-05-18.log
