
━━━━━━━━━━━━━━━━━━━━━━━━━━━━━━━━━━━━━━━━━━━━━━━━
  🤖 JARVIS AUTOMATE v3 — 2026-05-05 14:00
━━━━━━━━━━━━━━━━━━━━━━━━━━━━━━━━━━━━━━━━━━━━━━━━

━━━━━━━━━━━━━━━━━━━━━━━━━━━━━━━━━━━━━━━━━━━━━━━━
  📬 STEP 0/5: Checking for replies
━━━━━━━━━━━━━━━━━━━━━━━━━━━━━━━━━━━━━━━━━━━━━━━━
Traceback (most recent call last):
  File "/root/.openclaw/workspace/scripts/viora-outreach/reply-checker.py", line 234, in <module>
    main()
  File "/root/.openclaw/workspace/scripts/viora-outreach/reply-checker.py", line 126, in main
    service = get_gmail_service()
              ^^^^^^^^^^^^^^^^^^^
  File "/root/.openclaw/workspace/scripts/viora-outreach/reply-checker.py", line 63, in get_gmail_service
    creds.refresh(Request())
  File "/usr/local/lib/python3.12/dist-packages/google/oauth2/credentials.py", line 412, in refresh
    ) = reauth.refresh_grant(
        ^^^^^^^^^^^^^^^^^^^^^
  File "/usr/local/lib/python3.12/dist-packages/google/oauth2/reauth.py", line 370, in refresh_grant
    _client._handle_error_response(response_data, retryable_error)
  File "/usr/local/lib/python3.12/dist-packages/google/oauth2/_client.py", line 69, in _handle_error_response
    raise exceptions.RefreshError(
google.auth.exceptions.RefreshError: ('invalid_grant: Bad Request', {'error': 'invalid_grant', 'error_description': 'Bad Request'})

━━━━━━━━━━━━━━━━━━━━━━━━━━━━━━━━━━━━━━━━━━━━━━━━
  📍 STEP 1/5: Scraping fresh leads (auto-rotate)
━━━━━━━━━━━━━━━━━━━━━━━━━━━━━━━━━━━━━━━━━━━━━━━━
2026-05-05 14:00:03,650 🔄 Auto-rotation day 125: auto repair shop in San Antonio, TX
2026-05-05 14:00:03,651 
🔍 Searching: auto repair shop in San Antonio, TX
2026-05-05 14:00:04,587   ✅ AT Automotive — (210) 734-2050 — https://www.atautosa.com/
2026-05-05 14:00:04,921   ✅ Texas Auto Repairs — (210) 464-2406 — http://texasautorepairs.com/
2026-05-05 14:00:08,804   ✅ Jackie's Auto Clinic — (210) 737-1277 — https://jackies-auto-clinic.blogspot.com/
2026-05-05 14:00:09,047   ✅ Premier1 Auto Care — (210) 202-1902 — https://premier1auto.com/
2026-05-05 14:00:09,280   ✅ MD Automotive — (210) 688-2366 — https://www.mdautomotiveonline.com/
2026-05-05 14:00:09,530   ✅ Sam's Hybrid Auto Repair — (210) 400-1000 — no website
2026-05-05 14:00:09,735   ✅ C D Auto Service Inc — (210) 224-0507 — https://www.facebook.com/cdautoserviceinc/
2026-05-05 14:00:09,971   ✅ Martin's Auto Clinic — (210) 523-1191 — http://www.martinsautoclinic.net/
2026-05-05 14:00:10,213   ✅ Auto Service Experts — (210) 495-6688 — https://www.autorepairsanantonio.com/
2026-05-05 14:00:10,464   ✅ Mr. Mechanic & Tire Muffler Shop — (210) 922-3333 — https://tireandmechanicshopinsanantoniotexas.com/
2026-05-05 14:00:10,670   ✅ Chad Miller Auto Care — (210) 934-1582 — https://cmautocare.com/
2026-05-05 14:00:10,892   ✅ Sanford Auto Service — (210) 416-3900 — https://sanfordautoservice.com/?utm_source=google&utm_medium=organic&utm_campaign=gbp
2026-05-05 14:00:11,102   ✅ Precision Auto Masters — (210) 992-6202 — https://www.precisionautomasterstx.com/
2026-05-05 14:00:11,231   ✅ Your Mechanic — (210) 494-2502 — no website
2026-05-05 14:00:11,457   ✅ USA Auto Repair — (210) 862-2823 — https://sausaautorepair.wixsite.com/my-site
2026-05-05 14:00:11,733   ✅ Mike's Downtown Garage — (210) 223-6500 — http://www.mikesdowntowngarage.com/
2026-05-05 14:00:11,891   ✅ JP Automotive Repair LLC — (210) 373-3890 — no website
2026-05-05 14:00:12,069   ✅ Victor's Service Center Inc — (210) 737-1778 — https://victorsservicecenter.com/?utm_source=GBP&utm_medium=Google&utm_campaign=GBP
2026-05-05 14:00:13,504   ✅ Eurasian Auto Repair — (210) 640-1908 — https://eurasianautorepair.com/san-pedro-ave-san-antonio/?utm_source=gbp-san-pedro&utm_medium=organic&utm_campaign=localsearch
2026-05-05 14:00:13,775   ✅ AutoWorks — (210) 680-4328 — https://autoworksatx.com/
2026-05-05 14:00:16,376   ✅ Bear Auto Repair — (210) 531-9668 — no website
2026-05-05 14:00:16,612   ✅ Kingdom Auto Repair Service — (210) 960-9482 — https://kingdomautorepairtx.com/
2026-05-05 14:00:16,786   ✅ Trevino Auto Repair — (210) 548-2662 — no website
2026-05-05 14:00:17,077   ✅ Gonzalez Auto Repair & Auto Sales Inc. — (210) 433-0989 — no website
2026-05-05 14:00:17,393   ✅ Auto Tech Repair Inc. — (210) 723-2207 — no website
2026-05-05 14:00:17,661   ✅ Al's Auto Repair — (210) 927-5812 — no website
2026-05-05 14:00:17,792   ✅ V & M AUTOMOTIVE — (210) 475-3866 — http://www.vandmautomotivesa.com/
2026-05-05 14:00:17,999   ✅ Erik's Automotive — (210) 681-8891 — http://www.eriksautomotive.com/
2026-05-05 14:00:18,234   ✅ Broadway Tire & Automotive — (210) 824-0642 — http://broadwaytireautoservice.com/
2026-05-05 14:00:18,383   ✅ Goose Euro - Downtown — (210) 520-0608 — https://gooseautomotive.com/colorado-street/
2026-05-05 14:00:18,557   ✅ San Antonio Auto Center — (210) 732-9222 — no website
2026-05-05 14:00:18,692   ✅ Luis Auto Service — (210) 532-1539 — no website
2026-05-05 14:00:18,842   ✅ West Car Complete Auto Repair — (210) 455-3172 — https://www.google.com/search?q=West+Car+Complete+Auto+Repair&rlz=1C1CHBF_enUS866US866&oq=WEST+CAR&gs_lcrp=EgZjaHJvbWUqBggAEEUYOzIGCAAQRRg7MgYIARBFGDkyBggCEEUYPTIGCAMQRRg90gEIMzk4M2owajeoAgCwAgA&sourceid=chrome&ie=UTF-8&sei=i-j0aeeUBKy5qtsP89SL4AE
2026-05-05 14:00:18,973   ✅ Leonards Auto Repair — (210) 279-2094 — no website
2026-05-05 14:00:19,141   ✅ Paleo Car Care — (210) 940-1181 — http://www.paleocarcare.com/
2026-05-05 14:00:19,326   ✅ Bexar County Automotive — (210) 314-7656 — https://juanolvera92.wixsite.com/website
2026-05-05 14:00:19,529   ✅ BEXAR AUTOMOTIVE REPAIR — (210) 733-0491 — no website
2026-05-05 14:00:19,666   ✅ DasAutoShopTX — (210) 524-8109 — http://www.dasautoshoptx.com/
2026-05-05 14:00:19,865   ✅ Lalo's Auto Mechanic — (210) 838-2757 — no website
2026-05-05 14:00:20,006   ✅ Braun Road Automotive — (210) 688-9998 — no website
2026-05-05 14:00:22,580   ✅ High Speed Auto Service Llc — (210) 577-4526 — no website
2026-05-05 14:00:22,699   ✅ Goodyear Auto Service — (210) 222-1373 — https://www.goodyear.com/en-us/goodyearautoservice
2026-05-05 14:00:22,825   ✅ Eliseo's Garage — (210) 433-9811 — https://www.eliseosgarage.net/
2026-05-05 14:00:22,976   ✅ Marks Automotive — (210) 226-2838 — http://vicsautotech.com/
2026-05-05 14:00:23,096   ✅ Flores Garage & Machine Shop — (210) 432-3884 — no website
2026-05-05 14:00:23,221   ✅ SNR Mechanic Shop — (210) 712-3765 — no website
2026-05-05 14:00:23,370   ✅ Vollmer Service Center — (210) 732-2201 — no website
2026-05-05 14:00:23,763   ✅ Rodriguez Tire & Auto Center — (210) 534-4440 — no website
2026-05-05 14:00:23,915   ✅ Pepe's Auto Repair — (210) 279-3580 — no website
2026-05-05 14:00:24,054   ✅ Robles Auto Repair & Transmission — (210) 365-0763 — no website
2026-05-05 14:00:24,074   📊 Found 50, 50 new (rest were duplicates)
2026-05-05 14:00:25,075 
==================================================
2026-05-05 14:00:25,075 ✅ Scraping complete
2026-05-05 14:00:25,075    Total found:  50
2026-05-05 14:00:25,075    New leads:    50
2026-05-05 14:00:25,075    Duplicates:   0
2026-05-05 14:00:25,078    DB total:     1037 leads (649 with emails)
2026-05-05 14:00:25,079 ==================================================


━━━━━━━━━━━━━━━━━━━━━━━━━━━━━━━━━━━━━━━━━━━━━━━━
  🔍 STEP 2/5: Finding emails
━━━━━━━━━━━━━━━━━━━━━━━━━━━━━━━━━━━━━━━━━━━━━━━━
2026-05-05 14:00:25,283 🔍 Finding emails for 50 leads...
2026-05-05 14:00:25,761 Hunter.io rate limited — pausing 60s
2026-05-05 14:01:26,141 🔮 Guessed: info@mackmd.com — Dr. William P. Mack, MD
2026-05-05 14:01:26,883 Hunter.io rate limited — pausing 60s
2026-05-05 14:02:27,291 🔮 Guessed: info@boseplasticsurgery.com — Lohith Bose, MD, FACS
2026-05-05 14:02:28,442 Hunter.io rate limited — pausing 60s
2026-05-05 14:03:28,782 🔮 Guessed: info@formationmed.com — Formation by Dr. Gopal Grandhige - Tampa Plastic Surgery Clinic
2026-05-05 14:03:29,632 Hunter.io rate limited — pausing 60s
2026-05-05 14:04:30,654 🔮 Guessed: info@politisplasticsurgery.com — Politis Plastic Surgery
2026-05-05 14:04:31,607 Hunter.io rate limited — pausing 60s
2026-05-05 14:05:31,949 🔮 Guessed: info@imagelift.com — ImageLift: Facial Plastic Surgery
2026-05-05 14:05:32,829 Hunter.io rate limited — pausing 60s
2026-05-05 14:06:33,239 🔮 Guessed: info@drmeegangruber.com — Gruber Plastic Surgery
2026-05-05 14:06:34,082 Hunter.io rate limited — pausing 60s
2026-05-05 14:07:34,457 🔮 Guessed: info@drcoberly.com — Dana Coberly
2026-05-05 14:07:35,456 Hunter.io rate limited — pausing 60s
2026-05-05 14:08:36,167 🔮 Guessed: info@castellanocosmeticsurgery.com — Dr. Joseph Castellano
2026-05-05 14:08:37,021 Hunter.io rate limited — pausing 60s
2026-05-05 14:09:37,382 🔮 Guessed: info@rejuveaesthetic.com — Rejuve Aesthetic Surgery
2026-05-05 14:09:38,281 Hunter.io rate limited — pausing 60s
2026-05-05 14:10:38,635 🔮 Guessed: info@kassmd.com — Tampa Bay Cosmetic Surgery Center
2026-05-05 14:10:39,376 Hunter.io rate limited — pausing 60s
2026-05-05 14:11:39,727 🔮 Guessed: info@drfarrior.com — Farrior Facial Plastic Surgery
2026-05-05 14:11:40,849 Hunter.io rate limited — pausing 60s
2026-05-05 14:12:41,218 🔮 Guessed: info@embodimentmedspa.com — Tampa Plastic Surgeon - Dr Mendoza
2026-05-05 14:12:42,089 Hunter.io rate limited — pausing 60s
2026-05-05 14:13:42,517 🔮 Guessed: info@hkplasticsurgery.com — Holcomb Kreithen Plastic Surgery and MedSpa - Tampa
2026-05-05 14:13:44,415 Hunter.io rate limited — pausing 60s
2026-05-05 14:14:44,803 🔮 Guessed: info@synergymd.com — SynergyMD
2026-05-05 14:14:45,680 Hunter.io rate limited — pausing 60s
2026-05-05 14:15:46,040 🔮 Guessed: info@adamscheinermd.com — Adam Scheiner MD
2026-05-05 14:15:46,932 Hunter.io rate limited — pausing 60s
2026-05-05 14:16:47,408 🔮 Guessed: info@vgsignatureart.com — VG Signature | Vipul Gargya, MD
2026-05-05 14:16:48,323 Hunter.io rate limited — pausing 60s
2026-05-05 14:17:48,682 🔮 Guessed: info@wattplasticsurgery.com — Meghan Murphy, PA-C
2026-05-05 14:17:49,585 Hunter.io rate limited — pausing 60s
2026-05-05 14:18:49,931 🔮 Guessed: info@doctorrosh.com — Oculofacial Surgery and Cosmetic Laser Institute Tampa
2026-05-05 14:18:50,659 Hunter.io rate limited — pausing 60s
2026-05-05 14:19:51,461 🔮 Guessed: info@fineryou.com — Finer You PA - Dr. Anahita Azharian, DO, MPH
2026-05-05 14:19:52,298 Hunter.io rate limited — pausing 60s
2026-05-05 14:20:52,682 🔮 Guessed: info@sonobello.com — Sono Bello Tampa
2026-05-05 14:20:53,591 Hunter.io rate limited — pausing 60s
2026-05-05 14:21:53,946 🔮 Guessed: info@foreveryoungtampa.com — Forever Young Aesthetics - Tampa
2026-05-05 14:21:54,813 Hunter.io rate limited — pausing 60s
2026-05-05 14:22:55,225 🔮 Guessed: info@vivifyps.com — VIVIFY Med Spa
2026-05-05 14:22:56,168 Hunter.io rate limited — pausing 60s
2026-05-05 14:23:56,544 🔮 Guessed: info@lecadatampa.com — Lecada Medical Artistry
2026-05-05 14:23:57,415 Hunter.io rate limited — pausing 60s
2026-05-05 14:24:57,759 🔮 Guessed: info@drmoffitt.com — Dr. Moriah R. Moffitt, MD
2026-05-05 14:24:58,614 Hunter.io rate limited — pausing 60s
2026-05-05 14:25:59,030 🔮 Guessed: info@drkarenwells.com — Karen E. Wells M.D., F.A.C.S
2026-05-05 14:25:59,779 Hunter.io rate limited — pausing 60s
2026-05-05 14:27:00,148 🔮 Guessed: info@drhalpern.com — Joshua A. Halpern, M.D. P.A.
2026-05-05 14:27:00,868 Hunter.io rate limited — pausing 60s
2026-05-05 14:28:01,283 🔮 Guessed: info@julianplasticsurgery.com — The Julian Institute of Plastic Surgery
2026-05-05 14:28:02,240 Hunter.io rate limited — pausing 60s
2026-05-05 14:29:02,677 🔮 Guessed: info@drruas.com — Ernesto J Ruas MD
2026-05-05 14:29:03,377 Hunter.io rate limited — pausing 60s
2026-05-05 14:30:03,777 🔮 Guessed: info@tampapalmsplasticsurgery.com — Gerard C. Mosiello MD
2026-05-05 14:30:04,646 Hunter.io rate limited — pausing 60s
2026-05-05 14:31:05,040 🔮 Guessed: info@thesmilesalon.net — The Smile Salon & Day Spa
2026-05-05 14:31:05,926 Hunter.io rate limited — pausing 60s
2026-05-05 14:32:06,296 🔮 Guessed: info@kansascitysmiles.com — Kansas City Smiles & Co
2026-05-05 14:32:07,152 Hunter.io rate limited — pausing 60s
2026-05-05 14:33:07,543 🔮 Guessed: info@johngoodmandds.net — John P. Goodman DDS
2026-05-05 14:33:08,276 Hunter.io rate limited — pausing 60s
2026-05-05 14:34:08,611 🔮 Guessed: info@amazingsmileskc.com — Amazing Smiles Of Kansas City
2026-05-05 14:34:09,350 Hunter.io rate limited — pausing 60s
2026-05-05 14:35:09,748 🔮 Guessed: info@kansascitysmiles.com — Kansas City Smiles & Co, Blue Springs, MO
2026-05-05 14:35:10,609 Hunter.io rate limited — pausing 60s
2026-05-05 14:36:11,050 🔮 Guessed: info@kcsmile.com — KC Smile
2026-05-05 14:36:11,752 Hunter.io rate limited — pausing 60s
2026-05-05 14:37:12,625 🔮 Guessed: info@drmingos.com — Dr. Steven C. Mingos & Associates
2026-05-05 14:37:13,528 Hunter.io rate limited — pausing 60s
2026-05-05 14:38:13,967 🔮 Guessed: info@kcsmiledoc.com — J Richard Burch DDS LLC
2026-05-05 14:38:14,954 Hunter.io rate limited — pausing 60s
2026-05-05 14:39:15,512 🔮 Guessed: info@kansascitydi.com — Kansas City Dentures and Implants
2026-05-05 14:39:16,388 Hunter.io rate limited — pausing 60s
2026-05-05 14:40:16,743 🔮 Guessed: info@drbruso.com — Kristopher J. Bruso, DDS
2026-05-05 14:40:17,506 Hunter.io rate limited — pausing 60s
2026-05-05 14:41:18,528 🔮 Guessed: info@kansascitydental.net — Guerschon de Laurent DDS PC
2026-05-05 14:41:19,251 Hunter.io rate limited — pausing 60s
2026-05-05 14:42:19,672 🔮 Guessed: info@joymillerdds.com — Miller Joy M DDS
2026-05-05 14:42:20,179 
==================================================
2026-05-05 14:42:20,180 ✅ Email finder complete
2026-05-05 14:42:20,180    API found:  0
2026-05-05 14:42:20,180    Guessed:    41
2026-05-05 14:42:20,180    Total:      41
2026-05-05 14:42:20,180 ==================================================


━━━━━━━━━━━━━━━━━━━━━━━━━━━━━━━━━━━━━━━━━━━━━━━━
  📧 STEP 3/5: Sending cold emails
━━━━━━━━━━━━━━━━━━━━━━━━━━━━━━━━━━━━━━━━━━━━━━━━

━━━━━━━━━━━━━━━━━━━━━━━━━━━━━━━━━━━━━━━━━━━━━━━━
  💼 STEP 4/5: Generating LinkedIn DM queue
━━━━━━━━━━━━━━━━━━━━━━━━━━━━━━━━━━━━━━━━━━━━━━━━

✅ LinkedIn queue: 20 messages
📄 Backup: /root/.openclaw/workspace/scripts/viora-outreach/output/linkedin_queue_2026-05-05.txt
⚠️  No DISCORD_WEBHOOK set — skipping Discord post

━━━━━━━━━━━━━━━━━━━━━━━━━━━━━━━━━━━━━━━━━━━━━━━━
  📊 STEP 5/5: Daily report
━━━━━━━━━━━━━━━━━━━━━━━━━━━━━━━━━━━━━━━━━━━━━━━━
**📊 VIORA REPORT — Tue May 05** (Day 0)

**📋 YOUR TODO:**
1️⃣ Check calendar for demo calls

**📧 Today:** 0 emails sent · 0 LinkedIn DMs
**📊 Funnel:** 1037 leads → 55 contacted → 0 replied (0.0%) → 0 demos → 0 closed

**💰 MRR:** $0/mo [░░░░░░░░░░] 0% of $20k
Need **58** more clients @ $350/mo

⚠️  Set DISCORD_WEBHOOK in .env for Discord reports

━━━━━━━━━━━━━━━━━━━━━━━━━━━━━━━━━━━━━━━━━━━━━━━━
  ✅ JARVIS AUTOMATE v3 COMPLETE — Tue May  5 14:42:20 UTC 2026
━━━━━━━━━━━━━━━━━━━━━━━━━━━━━━━━━━━━━━━━━━━━━━━━

Your only jobs today:
  1. Check email for replies (especially positive ones!)
  2. Send LinkedIn DMs from: /root/.openclaw/workspace/scripts/viora-outreach/output/
  3. Show up to demo calls and close

📄 Full log: /root/.openclaw/workspace/scripts/viora-outreach/logs/automate_2026-05-05.log
