
━━━━━━━━━━━━━━━━━━━━━━━━━━━━━━━━━━━━━━━━━━━━━━━━
  🤖 JARVIS AUTOMATE v3 — 2026-04-27 14:00
━━━━━━━━━━━━━━━━━━━━━━━━━━━━━━━━━━━━━━━━━━━━━━━━

━━━━━━━━━━━━━━━━━━━━━━━━━━━━━━━━━━━━━━━━━━━━━━━━
  📬 STEP 0/5: Checking for replies
━━━━━━━━━━━━━━━━━━━━━━━━━━━━━━━━━━━━━━━━━━━━━━━━
Traceback (most recent call last):
  File "/root/.openclaw/workspace/scripts/viora-outreach/reply-checker.py", line 234, in <module>
    main()
  File "/root/.openclaw/workspace/scripts/viora-outreach/reply-checker.py", line 126, in main
    service = get_gmail_service()
              ^^^^^^^^^^^^^^^^^^^
  File "/root/.openclaw/workspace/scripts/viora-outreach/reply-checker.py", line 63, in get_gmail_service
    creds.refresh(Request())
  File "/usr/local/lib/python3.12/dist-packages/google/oauth2/credentials.py", line 412, in refresh
    ) = reauth.refresh_grant(
        ^^^^^^^^^^^^^^^^^^^^^
  File "/usr/local/lib/python3.12/dist-packages/google/oauth2/reauth.py", line 370, in refresh_grant
    _client._handle_error_response(response_data, retryable_error)
  File "/usr/local/lib/python3.12/dist-packages/google/oauth2/_client.py", line 69, in _handle_error_response
    raise exceptions.RefreshError(
google.auth.exceptions.RefreshError: ('invalid_grant: Token has been expired or revoked.', {'error': 'invalid_grant', 'error_description': 'Token has been expired or revoked.'})

━━━━━━━━━━━━━━━━━━━━━━━━━━━━━━━━━━━━━━━━━━━━━━━━
  📍 STEP 1/5: Scraping fresh leads (auto-rotate)
━━━━━━━━━━━━━━━━━━━━━━━━━━━━━━━━━━━━━━━━━━━━━━━━
2026-04-27 14:00:03,893 🔄 Auto-rotation day 117: cosmetic dentistry in Kansas City, MO
2026-04-27 14:00:03,894 
🔍 Searching: cosmetic dentistry in Kansas City, MO
2026-04-27 14:00:04,745   ✅ The Smile Salon & Day Spa — (816) 931-2191 — http://www.thesmilesalon.net/
2026-04-27 14:00:04,973   ✅ Kansas City Smiles & Co — (816) 373-7374 — https://www.kansascitysmiles.com/?utm_source=google&utm_medium=gbp&utm_campaign=google_business
2026-04-27 14:00:05,248   ✅ John P. Goodman DDS — (816) 290-7260 — https://www.johngoodmandds.net/
2026-04-27 14:00:05,536   ✅ Amazing Smiles Of Kansas City — (913) 788-7600 — http://www.amazingsmileskc.com/
2026-04-27 14:00:05,729   ✅ Kansas City Smiles & Co, Blue Springs, MO — (816) 229-4010 — https://www.kansascitysmiles.com/?utm_source=google&utm_medium=gbp&utm_campaign=google_business
2026-04-27 14:00:08,773   ✅ KC Smile — (913) 491-6874 — https://kcsmile.com/
2026-04-27 14:00:09,013   ✅ Dr. Steven C. Mingos & Associates — (816) 531-8740 — http://www.drmingos.com/
2026-04-27 14:00:09,232   ✅ J Richard Burch DDS LLC — (816) 822-0990 — http://www.kcsmiledoc.com/
2026-04-27 14:00:09,402   ✅ Kansas City Dentures and Implants — (816) 652-9830 — https://kansascitydi.com/
2026-04-27 14:00:12,056   ✅ Kristopher J. Bruso, DDS — (816) 221-8686 — http://drbruso.com/
2026-04-27 14:00:12,275   ✅ Guerschon de Laurent DDS PC — (816) 472-5660 — https://www.kansascitydental.net/
2026-04-27 14:00:12,540   ✅ Miller Joy M DDS — (816) 452-5800 — http://www.joymillerdds.com/
2026-04-27 14:00:12,808   ✅ Kansas City Oral Surgery & Implant Center — (816) 281-7173 — https://www.kcoralsurgeryandimplants.com/
2026-04-27 14:00:12,959   ✅ Andrew S. Beyer, DMD — (816) 753-1788 — http://www.drbeyer.org/
2026-04-27 14:00:12,984   📊 Found 14, 14 new (rest were duplicates)
2026-04-27 14:00:13,984 
==================================================
2026-04-27 14:00:13,984 ✅ Scraping complete
2026-04-27 14:00:13,984    Total found:  14
2026-04-27 14:00:13,984    New leads:    14
2026-04-27 14:00:13,984    Duplicates:   0
2026-04-27 14:00:13,986    DB total:     798 leads (403 with emails)
2026-04-27 14:00:13,986 ==================================================


━━━━━━━━━━━━━━━━━━━━━━━━━━━━━━━━━━━━━━━━━━━━━━━━
  🔍 STEP 2/5: Finding emails
━━━━━━━━━━━━━━━━━━━━━━━━━━━━━━━━━━━━━━━━━━━━━━━━
2026-04-27 14:00:14,204 🔍 Finding emails for 50 leads...
2026-04-27 14:00:14,819 🔮 Guessed: info@jeffsauto.com — Jeff's Auto Repair
2026-04-27 14:00:15,810 🔮 Guessed: info@edwardsauto.com — Edwards Automotive Service
2026-04-27 14:00:16,602 🔮 Guessed: info@foreigncarworkshop.com — Foreign Car Workshop of West Seattle
2026-04-27 14:00:17,625 🔮 Guessed: info@marqueengarage.com — Marqueen Garage
2026-04-27 14:00:19,356 ✅ Hunter found: clarissa.austin@meineke.com (score: 94) — Meineke Car Care Center
2026-04-27 14:00:20,224 🔮 Guessed: info@cartechseattle.com — Car Tech Seattle Auto Repair
2026-04-27 14:00:21,037 🔮 Guessed: info@fitnessfactorycharlotte.com — The Fitness Factory of Charlotte
2026-04-27 14:00:22,218 ✅ Hunter found: al.billiteri@crunch.com (score: 99) — Crunch Fitness - Charlotte University
2026-04-27 14:00:23,246 🔮 Guessed: info@core24clt.com — CORE24 GYM
2026-04-27 14:00:24,327 🔮 Guessed: info@qcpumphouse.com — QC Pump House
2026-04-27 14:00:25,397 ✅ Hunter found: morgan.mcsweeney@planetfitness.com (score: 94) — Planet Fitness
2026-04-27 14:00:26,329 ✅ Hunter found: bholt@fitnessconnection.com (score: 89) — Fitness Connection
2026-04-27 14:00:27,241 ✅ Hunter found: dthompson@charlotteathleticclub.com (score: 99) — Charlotte Athletic Club
2026-04-27 14:00:28,126 🔮 Guessed: info@oroathletic.com — Oro Athletic
2026-04-27 14:00:29,114 🔮 Guessed: info@buckedupfitness.patriotgyms.com — Bucked Up Fitness Queen City
2026-04-27 14:00:30,304 ✅ Hunter found: mike.hamilton@anytimefitness.com (score: 99) — AF4913-Charlotte,NC
2026-04-27 14:00:31,055 ✅ Hunter found: mike.hamilton@anytimefitness.com (score: 99) — Anytime Fitness
2026-04-27 14:00:32,277 ✅ Hunter found: don@lifetime.life (score: 99) — Life Time
2026-04-27 14:00:33,191 🔮 Guessed: info@strengthandwellnesscollective.com — Strength and Wellness Collective of Charlotte
2026-04-27 14:00:34,116 ✅ Hunter found: bholt@fitnessconnection.com (score: 89) — Fitness Connection
2026-04-27 14:00:34,954 🔮 Guessed: info@charlottestrength.com — Charlotte Strength
2026-04-27 14:00:35,681 🔮 Guessed: info@themotionfitness.com — MOTION Fitness
2026-04-27 14:00:36,657 🔮 Guessed: info@themotionfitness.com — MOTION Fitness
2026-04-27 14:00:37,433 ✅ Hunter found: bholt@fitnessconnection.com (score: 89) — Fitness Connection
2026-04-27 14:00:38,200 🔮 Guessed: info@mgbodyspace.com — MG Body Space
2026-04-27 14:00:39,124 ✅ Hunter found: ebersole@snapfitness.com (score: 92) — Snap Fitness Charlotte
2026-04-27 14:00:40,076 ✅ Hunter found: morgan.mcsweeney@planetfitness.com (score: 94) — Planet Fitness
2026-04-27 14:00:40,902 ✅ Hunter found: rose.k@barrys.com (score: 99) — Barry's Charlotte
2026-04-27 14:00:41,914 ✅ Hunter found: sarah@irontribefitness.com (score: 94) — Iron Tribe Fitness Cotswold
2026-04-27 14:00:42,722 🔮 Guessed: info@bbtfitness.com — BBT Fitness
2026-04-27 14:00:43,758 ✅ Hunter found: levi.baer@ymcacharlotte.org (score: 99) — Dowd YMCA
2026-04-27 14:00:44,699 ✅ Hunter found: mike.hamilton@anytimefitness.com (score: 99) — Anytime Fitness
2026-04-27 14:00:45,544 ✅ Hunter found: doug@prideconditioning.com (score: 99) — PRIDE Conditioning - Gym
2026-04-27 14:00:46,524 ✅ Hunter found: morgan.mcsweeney@planetfitness.com (score: 94) — Planet Fitness
2026-04-27 14:00:47,546 ✅ Hunter found: mike.hamilton@anytimefitness.com (score: 99) — Anytime Fitness
2026-04-27 14:00:48,620 ✅ Hunter found: morgan.mcsweeney@planetfitness.com (score: 94) — Planet Fitness
2026-04-27 14:00:49,390 🔮 Guessed: info@thegrithaus.com — The Grit Haus - Gym in Charlotte, NC
2026-04-27 14:00:50,284 ✅ Hunter found: destiny@hustlehousefitness.com (score: 66) — Hustle House Fitness - Uptown
2026-04-27 14:00:51,156 ✅ Hunter found: lfunsten@madabolic.com (score: 94) — MADabolic Southend
2026-04-27 14:00:52,018 🔮 Guessed: info@flex5clt.com — Flex5 By PetroFitness
2026-04-27 14:00:52,801 ✅ Hunter found: mara@marasmedspa.com (score: 99) — Mara's Med Spa
2026-04-27 14:00:53,307 
==================================================
2026-04-27 14:00:53,307 ✅ Email finder complete
2026-04-27 14:00:53,307    API found:  23
2026-04-27 14:00:53,307    Guessed:    18
2026-04-27 14:00:53,307    Total:      41
2026-04-27 14:00:53,307 ==================================================


━━━━━━━━━━━━━━━━━━━━━━━━━━━━━━━━━━━━━━━━━━━━━━━━
  📧 STEP 3/5: Sending cold emails
━━━━━━━━━━━━━━━━━━━━━━━━━━━━━━━━━━━━━━━━━━━━━━━━

━━━━━━━━━━━━━━━━━━━━━━━━━━━━━━━━━━━━━━━━━━━━━━━━
  💼 STEP 4/5: Generating LinkedIn DM queue
━━━━━━━━━━━━━━━━━━━━━━━━━━━━━━━━━━━━━━━━━━━━━━━━

✅ LinkedIn queue: 20 messages
📄 Backup: /root/.openclaw/workspace/scripts/viora-outreach/output/linkedin_queue_2026-04-27.txt
⚠️  No DISCORD_WEBHOOK set — skipping Discord post

━━━━━━━━━━━━━━━━━━━━━━━━━━━━━━━━━━━━━━━━━━━━━━━━
  📊 STEP 5/5: Daily report
━━━━━━━━━━━━━━━━━━━━━━━━━━━━━━━━━━━━━━━━━━━━━━━━
**📊 VIORA REPORT — Mon Apr 27** (Day 0)

**📋 YOUR TODO:**
1️⃣ Check calendar for demo calls

**📧 Today:** 0 emails sent · 0 LinkedIn DMs
**📊 Funnel:** 798 leads → 55 contacted → 0 replied (0.0%) → 0 demos → 0 closed

**💰 MRR:** $0/mo [░░░░░░░░░░] 0% of $20k
Need **58** more clients @ $350/mo

⚠️  Set DISCORD_WEBHOOK in .env for Discord reports

━━━━━━━━━━━━━━━━━━━━━━━━━━━━━━━━━━━━━━━━━━━━━━━━
  ✅ JARVIS AUTOMATE v3 COMPLETE — Mon Apr 27 14:00:53 UTC 2026
━━━━━━━━━━━━━━━━━━━━━━━━━━━━━━━━━━━━━━━━━━━━━━━━

Your only jobs today:
  1. Check email for replies (especially positive ones!)
  2. Send LinkedIn DMs from: /root/.openclaw/workspace/scripts/viora-outreach/output/
  3. Show up to demo calls and close

📄 Full log: /root/.openclaw/workspace/scripts/viora-outreach/logs/automate_2026-04-27.log
