
━━━━━━━━━━━━━━━━━━━━━━━━━━━━━━━━━━━━━━━━━━━━━━━━
  🤖 JARVIS AUTOMATE v3 — 2026-04-23 14:00
━━━━━━━━━━━━━━━━━━━━━━━━━━━━━━━━━━━━━━━━━━━━━━━━

━━━━━━━━━━━━━━━━━━━━━━━━━━━━━━━━━━━━━━━━━━━━━━━━
  📬 STEP 0/5: Checking for replies
━━━━━━━━━━━━━━━━━━━━━━━━━━━━━━━━━━━━━━━━━━━━━━━━
Traceback (most recent call last):
  File "/root/.openclaw/workspace/scripts/viora-outreach/reply-checker.py", line 234, in <module>
    main()
  File "/root/.openclaw/workspace/scripts/viora-outreach/reply-checker.py", line 126, in main
    service = get_gmail_service()
              ^^^^^^^^^^^^^^^^^^^
  File "/root/.openclaw/workspace/scripts/viora-outreach/reply-checker.py", line 63, in get_gmail_service
    creds.refresh(Request())
  File "/usr/local/lib/python3.12/dist-packages/google/oauth2/credentials.py", line 412, in refresh
    ) = reauth.refresh_grant(
        ^^^^^^^^^^^^^^^^^^^^^
  File "/usr/local/lib/python3.12/dist-packages/google/oauth2/reauth.py", line 370, in refresh_grant
    _client._handle_error_response(response_data, retryable_error)
  File "/usr/local/lib/python3.12/dist-packages/google/oauth2/_client.py", line 69, in _handle_error_response
    raise exceptions.RefreshError(
google.auth.exceptions.RefreshError: ('invalid_grant: Token has been expired or revoked.', {'error': 'invalid_grant', 'error_description': 'Token has been expired or revoked.'})

━━━━━━━━━━━━━━━━━━━━━━━━━━━━━━━━━━━━━━━━━━━━━━━━
  📍 STEP 1/5: Scraping fresh leads (auto-rotate)
━━━━━━━━━━━━━━━━━━━━━━━━━━━━━━━━━━━━━━━━━━━━━━━━
2026-04-23 14:00:04,433 🔄 Auto-rotation day 113: HVAC contractor in Portland, OR
2026-04-23 14:00:04,434 
🔍 Searching: HVAC contractor in Portland, OR
2026-04-23 14:00:05,379   ✅ Sky Heating, AC, Plumbing & Electrical — (971) 299-7441 — https://skyheating.com/
2026-04-23 14:00:05,680   ✅ AAA Heating & Cooling — (503) 284-2173 — https://aaaheatingandcoolinginc.com/
2026-04-23 14:00:05,935   ✅ Sunset Heating & Cooling — (503) 500-5855 — https://www.sunsethc.com/?utm_source=google-gbp&utm_medium=organic&utm_campaign=*197*sunset-heating-portland
2026-04-23 14:00:06,117   ✅ Efficiency Heating & Cooling — (503) 908-6066 — https://www.eheatcool.com/?utm_source=gbp&utm_medium=organic&utm_campaign=portland
2026-04-23 14:00:06,401   ✅ Sun Glow Inc. — (503) 610-3033 — https://sunglowinc.com/?utm_source=organic&utm_medium=gbp
2026-04-23 14:00:06,647   ✅ Pyramid Heating & Cooling — (503) 783-8488 — https://www.pyramidheating.com/
2026-04-23 14:00:06,820   ✅ Integrity Air LLC — (503) 558-6945 — https://integrityairllc.com/
2026-04-23 14:00:07,097   ✅ Efficiency Heating & Cooling — (503) 447-6462 — https://www.eheatcool.com/?utm_source=gbp&utm_medium=organic&utm_campaign=milwaukie
2026-04-23 14:00:07,329   ✅ Central Air Heating, Cooling & Plumbing — (971) 435-7303 — https://www.centralairpdx.com/?utm_source=google&utm_medium=organic&utm_campaign=gbp
2026-04-23 14:00:07,498   ✅ Jacobs Heating & Air Conditioning, Inc. — (503) 234-7331 — https://jacobsheating.com/?utm_source=GoogleMyBusiness&utm_medium=organic
2026-04-23 14:00:07,762   ✅ Rose City Heating & Air — (503) 636-5371 — http://www.rosecityheating.com/
2026-04-23 14:00:08,040   ✅ Central Air Heating, Cooling & Plumbing — (503) 656-1908 — https://www.centralairpdx.com/?utm_source=google&utm_medium=organic&utm_campaign=gbp
2026-04-23 14:00:08,255   ✅ Heating & Air Conditioning of Portland — (503) 483-2705 — no website
2026-04-23 14:00:08,421   ✅ Able Heating & Cooling LLC — (503) 579-2250 — http://www.ableheatingandcooling.com/
2026-04-23 14:00:08,584   ✅ Comfort Solutions Heating & Cooling — (503) 262-9276 — https://comfortsolutionspdx.com/
2026-04-23 14:00:08,810   ✅ Oregon Heating & Air Conditioning, LLC — (971) 444-6310 — https://www.oregonheating.com/
2026-04-23 14:00:08,976   ✅ Cornel's Plumbing, Heating & Air Conditioning — (503) 523-4854 — https://cornelsplumbing.com/?utm_source=gbp&utm_medium=organic
2026-04-23 14:00:09,184   ✅ Heat Relief Heating & Cooling — (503) 261-9915 — https://www.heatrelieftoday.com/?utm_campaign=Google+My+Business&utm_source=GMB&utm_medium=organic&utm_content=Website
2026-04-23 14:00:09,339   ✅ Specialty Heating & Cooling — (503) 433-3323 — https://www.specialtyheating.com/
2026-04-23 14:00:09,476   ✅ Air Stars Heating, AC, Plumbing & Electrical — (503) 304-1320 — https://callairstars.com/
2026-04-23 14:00:12,157   ✅ Cornel's Plumbing, Heating & Air Conditioning — (503) 658-9346 — https://cornelsplumbing.com/east-portland-plumbers/?utm_source=gbp&utm_medium=organic&utm_campaign=east
2026-04-23 14:00:12,309   ✅ Watts Heating & Cooling — (503) 647-4801 — https://wattsheating.com/?utm_campaign=gmb&utm_id=watts_gmb_website&utm_medium=organic&utm_source=google
2026-04-23 14:00:12,469   ✅ Wolfer’s Home Services — (503) 433-3775 — https://wolfersheating.com/?utm_source=google&utm_medium=gbp&se_campaign=Google%20Business%20Profile
2026-04-23 14:00:12,675   ✅ Climate Control — (503) 374-9449 — https://www.climatecontrolinc.com/
2026-04-23 14:00:12,888   ✅ Advanced Heating & Air Conditioning, Inc — (503) 774-0161 — https://advancedheatinginc.com/
2026-04-23 14:00:13,018   ✅ Anctil Heating & Cooling — (503) 832-4038 — https://anctilheating-cooling.com/?utm_campaign=gmb
2026-04-23 14:00:13,154   ✅ Precision Heating & Cooling — (503) 784-1270 — http://www.precisionheatingco.com/
2026-04-23 14:00:13,374   ✅ Sunnyside Heating & Cooling — (503) 777-1696 — http://www.sunnyside-hvac.com/
2026-04-23 14:00:13,603   ✅ Max Air Heating, Cooling & Refrigeration — (503) 716-1812 — http://www.maxmechservice.com/
2026-04-23 14:00:13,781   ✅ First Call Heating & Cooling — (503) 433-3499 — https://www.firstcallheat.com/
2026-04-23 14:00:13,919   ✅ Cost Plus Heating & Air — (503) 286-2009 — https://costplusheating.com/
2026-04-23 14:00:14,059   ✅ Evergreen Gas Heating & Cooling — (503) 433-3122 — http://www.evergreengas.net/
2026-04-23 14:00:14,198   ✅ Rapid Portland OR AC Repair — (503) 278-7668 — https://rapidportlandoracrepair.com/
2026-04-23 14:00:14,365   ✅ EcoTemp Portland HVAC Repair — (503) 961-8417 — https://portlandecotempclimatesolutions.com/
2026-04-23 14:00:14,522   ✅ Pro Heating and Cooling, INC. — (971) 397-7349 — http://www.proheatingandcoolinginc.com/?utm_source=google&utm_medium=organic&utm_campaign=GMBListing-Hillsboro-OR
2026-04-23 14:00:14,676   ✅ Three Rivers Heating and Cooling — (503) 739-5400 — https://www.threeriversheating.com/
2026-04-23 14:00:14,818   ✅ Columbia Heating & Cooling — (503) 624-2704 — https://www.columbiahvac.net/
2026-04-23 14:00:14,972   ✅ Tru Air Heating and Cooling LLC — (503) 396-6852 — http://truairpdx.com/
2026-04-23 14:00:15,117   ✅ MP Heating & Air Conditioning — (503) 419-7948 — https://mpcomfort.com/
2026-04-23 14:00:15,244   ✅ Allen Brothers — (971) 290-5510 — https://allenbrothersplumbers.com/
2026-04-23 14:00:17,993   ✅ Portland Air Conditioning & Heating — (971) 484-4490 — no website
2026-04-23 14:00:18,201   ✅ Portland Heating & Air Conditioning — (503) 436-3027 — https://www.portlandheatandac.com/
2026-04-23 14:00:18,361   ✅ Northwest Heating & Cooling — (503) 593-6434 — https://www.nwheatingandcooling.com/
2026-04-23 14:00:18,508   ✅ Noble Heating & Air — (503) 875-8351 — http://www.nobleheating.com/
2026-04-23 14:00:18,731   ✅ D&F Plumbing, Heating and Cooling — (503) 664-0938 — https://dandfplumbing.com/
2026-04-23 14:00:18,886   ✅ Arctic Heating & Refrigeration, Inc. — (503) 735-2808 — https://arcticpdx.com/
2026-04-23 14:00:19,024   ✅ Aviator Heating & Cooling — (360) 677-4822 — https://callaviator.com/service-area/hvac/portland-or/
2026-04-23 14:00:19,159   ✅ HVAC & Appliance Repair Guys — (971) 626-4191 — https://hvacandapplianceguys.com/
2026-04-23 14:00:19,307   ✅ Orbit Heating and Cooling — (503) 239-6904 — https://orbitheatingandcooling.com/
2026-04-23 14:00:19,449   ✅ Innova Heating and Cooling — (503) 495-3355 — http://innovabuilder.com/
2026-04-23 14:00:19,480   📊 Found 50, 50 new (rest were duplicates)
2026-04-23 14:00:20,480 
==================================================
2026-04-23 14:00:20,480 ✅ Scraping complete
2026-04-23 14:00:20,480    Total found:  50
2026-04-23 14:00:20,480    New leads:    50
2026-04-23 14:00:20,480    Duplicates:   0
2026-04-23 14:00:20,482    DB total:     734 leads (319 with emails)
2026-04-23 14:00:20,482 ==================================================


━━━━━━━━━━━━━━━━━━━━━━━━━━━━━━━━━━━━━━━━━━━━━━━━
  🔍 STEP 2/5: Finding emails
━━━━━━━━━━━━━━━━━━━━━━━━━━━━━━━━━━━━━━━━━━━━━━━━
2026-04-23 14:00:20,670 🔍 Finding emails for 50 leads...
2026-04-23 14:00:21,074 Hunter.io rate limited — pausing 60s
2026-04-23 14:01:21,476 🔮 Guessed: info@improveitatl.com — ImproveIT! of Atlanta
2026-04-23 14:01:22,207 Hunter.io rate limited — pausing 60s
2026-04-23 14:02:22,554 🔮 Guessed: info@fraserroofingllc.com — Fraser Roofing, LLC
2026-04-23 14:02:23,436 Hunter.io rate limited — pausing 60s
2026-04-23 14:03:23,806 🔮 Guessed: info@stormroofsystems.com — StormROOF Systems
2026-04-23 14:03:24,547 Hunter.io rate limited — pausing 60s
2026-04-23 14:04:24,915 🔮 Guessed: info@georgiaroofadvisors.com — Georgia Roof Advisors
2026-04-23 14:04:25,638 Hunter.io rate limited — pausing 60s
2026-04-23 14:05:26,038 🔮 Guessed: info@absoluteroofingservices.com — Absolute Commercial Roofing
2026-04-23 14:05:27,211 Hunter.io rate limited — pausing 60s
2026-04-23 14:06:27,791 🔮 Guessed: info@atlantaersroofing.co — Atlanta Expert Roofing Solutions
2026-04-23 14:06:28,665 Hunter.io rate limited — pausing 60s
2026-04-23 14:07:29,077 🔮 Guessed: info@mpcroofing.com — MPC Construction
2026-04-23 14:07:29,814 Hunter.io rate limited — pausing 60s
2026-04-23 14:08:30,169 🔮 Guessed: info@rosiesroofing.com — Rosie's Roofing and Restoration
2026-04-23 14:08:31,050 Hunter.io rate limited — pausing 60s
2026-04-23 14:09:31,460 🔮 Guessed: info@lbroof.com — LB Roofing & Construction
2026-04-23 14:09:32,336 Hunter.io rate limited — pausing 60s
2026-04-23 14:10:32,921 🔮 Guessed: info@garciaroofrepair.site — Garcia & Sons Roof Repair
2026-04-23 14:10:33,795 Hunter.io rate limited — pausing 60s
2026-04-23 14:11:34,234 🔮 Guessed: info@rnrroofing.us — Remove & Replace, LLC
2026-04-23 14:11:35,084 Hunter.io rate limited — pausing 60s
2026-04-23 14:12:35,428 🔮 Guessed: info@atlantametroroofing.com — Atlanta Metro Roofing
2026-04-23 14:12:36,290 Hunter.io rate limited — pausing 60s
2026-04-23 14:13:36,660 🔮 Guessed: info@thenewroof.com — The New Roof
2026-04-23 14:13:37,571 Hunter.io rate limited — pausing 60s
2026-04-23 14:14:37,980 🔮 Guessed: info@navarroroofers.com — Navarro Brothers LLC
2026-04-23 14:14:38,866 Hunter.io rate limited — pausing 60s
2026-04-23 14:15:39,243 🔮 Guessed: info@regrs.com — Regal Roofing
2026-04-23 14:15:40,093 Hunter.io rate limited — pausing 60s
2026-04-23 14:16:40,488 🔮 Guessed: info@garoofingandrepair.com — Georgia Roofing & Repair, Inc.
2026-04-23 14:16:41,178 Hunter.io rate limited — pausing 60s
2026-04-23 14:17:41,525 🔮 Guessed: info@williamsroofingllc.site — Williams Brothers LLC
2026-04-23 14:17:42,231 Hunter.io rate limited — pausing 60s
2026-04-23 14:18:42,608 🔮 Guessed: info@atlantaroofing.com — Atlanta Roofing and Remodeling Inc.
2026-04-23 14:18:43,511 Hunter.io rate limited — pausing 60s
2026-04-23 14:19:43,893 🔮 Guessed: info@clarkroofers.best — Clark & Sons LLC
2026-04-23 14:19:44,762 Hunter.io rate limited — pausing 60s
2026-04-23 14:20:45,143 🔮 Guessed: info@simmonsroofing.best — Simmons & Sons Roofing LLC
2026-04-23 14:20:45,875 Hunter.io rate limited — pausing 60s
2026-04-23 14:21:46,238 🔮 Guessed: info@whitcoroofing.com — Whitco Roofing, Inc.
2026-04-23 14:21:47,087 Hunter.io rate limited — pausing 60s
2026-04-23 14:22:47,438 🔮 Guessed: info@adamsonroofingcompany.com — Adamson Roofing Company
2026-04-23 14:22:48,194 Hunter.io rate limited — pausing 60s
2026-04-23 14:23:48,581 🔮 Guessed: info@ethosmiami.com — Salon Ethos
2026-04-23 14:23:49,500 Hunter.io rate limited — pausing 60s
2026-04-23 14:24:49,873 🔮 Guessed: info@studio-dbrickell.com — Studio-D Brickell
2026-04-23 14:24:50,598 Hunter.io rate limited — pausing 60s
2026-04-23 14:25:51,005 🔮 Guessed: info@avantgardesalonandspa.com — Avant-Garde Salon & Spa
2026-04-23 14:25:51,868 Hunter.io rate limited — pausing 60s
2026-04-23 14:26:52,223 🔮 Guessed: info@stubbornhair.com — Stubborn Hair
2026-04-23 14:26:53,112 Hunter.io rate limited — pausing 60s
2026-04-23 14:27:53,515 🔮 Guessed: info@europahairstudio.com — Europa Hair Studio Miami
2026-04-23 14:27:54,264 Hunter.io rate limited — pausing 60s
2026-04-23 14:28:54,680 🔮 Guessed: info@truehairmiami.zoca.com — True Hair Miami Salon
2026-04-23 14:28:55,565 Hunter.io rate limited — pausing 60s
2026-04-23 14:29:55,925 🔮 Guessed: info@igkhair.com — IGK SALON
2026-04-23 14:29:56,667 Hunter.io rate limited — pausing 60s
2026-04-23 14:30:57,091 🔮 Guessed: info@peteralexandersalon.com — Peter Alexander Salon
2026-04-23 14:30:57,807 Hunter.io rate limited — pausing 60s
2026-04-23 14:31:58,178 🔮 Guessed: info@labsalon.miami — LAB Salon Miami
2026-04-23 14:31:59,024 Hunter.io rate limited — pausing 60s
2026-04-23 14:32:59,393 🔮 Guessed: info@booking.mangomint.com — STATUS Hair Studio - Brickell
2026-04-23 14:33:00,262 Hunter.io rate limited — pausing 60s
2026-04-23 14:34:00,650 🔮 Guessed: info@hairportsmiami.com — Hairports_Miami
2026-04-23 14:34:01,369 Hunter.io rate limited — pausing 60s
2026-04-23 14:35:01,783 🔮 Guessed: info@elitestyles.com — Elite Styles
2026-04-23 14:35:02,886 Hunter.io rate limited — pausing 60s
2026-04-23 14:36:03,257 🔮 Guessed: info@hellobeautyconcept.com — Hello Beauty Concept
2026-04-23 14:36:04,348 Hunter.io rate limited — pausing 60s
2026-04-23 14:37:04,695 🔮 Guessed: info@houseofmane.com — House of Mane
2026-04-23 14:37:05,565 Hunter.io rate limited — pausing 60s
2026-04-23 14:38:05,956 🔮 Guessed: info@ninettestudio.com — Ninette Hair Studio
2026-04-23 14:38:06,811 Hunter.io rate limited — pausing 60s
2026-04-23 14:39:07,168 🔮 Guessed: info@ysvhairsalon.com — YSV Hair Salon & Spa
2026-04-23 14:39:08,036 Hunter.io rate limited — pausing 60s
2026-04-23 14:40:08,410 🔮 Guessed: info@hk-salon.com — HK SALON INC
2026-04-23 14:40:09,366 Hunter.io rate limited — pausing 60s
2026-04-23 14:41:09,720 🔮 Guessed: info@seandonaldsonhair.com — Sean Donaldson Salon - Brickell
2026-04-23 14:41:10,581 Hunter.io rate limited — pausing 60s
2026-04-23 14:42:10,924 🔮 Guessed: info@dannyjelaca.com — Danny Jelaca Salon
2026-04-23 14:42:11,670 Hunter.io rate limited — pausing 60s
2026-04-23 14:43:12,019 🔮 Guessed: info@orensalon.com — Oren Salon
2026-04-23 14:43:12,524 
==================================================
2026-04-23 14:43:12,524 ✅ Email finder complete
2026-04-23 14:43:12,524    API found:  0
2026-04-23 14:43:12,524    Guessed:    42
2026-04-23 14:43:12,524    Total:      42
2026-04-23 14:43:12,525 ==================================================


━━━━━━━━━━━━━━━━━━━━━━━━━━━━━━━━━━━━━━━━━━━━━━━━
  📧 STEP 3/5: Sending cold emails
━━━━━━━━━━━━━━━━━━━━━━━━━━━━━━━━━━━━━━━━━━━━━━━━

━━━━━━━━━━━━━━━━━━━━━━━━━━━━━━━━━━━━━━━━━━━━━━━━
  💼 STEP 4/5: Generating LinkedIn DM queue
━━━━━━━━━━━━━━━━━━━━━━━━━━━━━━━━━━━━━━━━━━━━━━━━

✅ LinkedIn queue: 20 messages
📄 Backup: /root/.openclaw/workspace/scripts/viora-outreach/output/linkedin_queue_2026-04-23.txt
⚠️  No DISCORD_WEBHOOK set — skipping Discord post

━━━━━━━━━━━━━━━━━━━━━━━━━━━━━━━━━━━━━━━━━━━━━━━━
  📊 STEP 5/5: Daily report
━━━━━━━━━━━━━━━━━━━━━━━━━━━━━━━━━━━━━━━━━━━━━━━━
**📊 VIORA REPORT — Thu Apr 23** (Day 0)

**📋 YOUR TODO:**
1️⃣ Check calendar for demo calls

**📧 Today:** 0 emails sent · 0 LinkedIn DMs
**📊 Funnel:** 734 leads → 55 contacted → 0 replied (0.0%) → 0 demos → 0 closed

**💰 MRR:** $0/mo [░░░░░░░░░░] 0% of $20k
Need **58** more clients @ $350/mo

⚠️  Set DISCORD_WEBHOOK in .env for Discord reports

━━━━━━━━━━━━━━━━━━━━━━━━━━━━━━━━━━━━━━━━━━━━━━━━
  ✅ JARVIS AUTOMATE v3 COMPLETE — Thu Apr 23 14:43:12 UTC 2026
━━━━━━━━━━━━━━━━━━━━━━━━━━━━━━━━━━━━━━━━━━━━━━━━

Your only jobs today:
  1. Check email for replies (especially positive ones!)
  2. Send LinkedIn DMs from: /root/.openclaw/workspace/scripts/viora-outreach/output/
  3. Show up to demo calls and close

📄 Full log: /root/.openclaw/workspace/scripts/viora-outreach/logs/automate_2026-04-23.log
