
━━━━━━━━━━━━━━━━━━━━━━━━━━━━━━━━━━━━━━━━━━━━━━━━
  🤖 JARVIS AUTOMATE v3 — 2026-05-15 14:00
━━━━━━━━━━━━━━━━━━━━━━━━━━━━━━━━━━━━━━━━━━━━━━━━

━━━━━━━━━━━━━━━━━━━━━━━━━━━━━━━━━━━━━━━━━━━━━━━━
  📬 STEP 0/5: Checking for replies
━━━━━━━━━━━━━━━━━━━━━━━━━━━━━━━━━━━━━━━━━━━━━━━━
Traceback (most recent call last):
  File "/root/.openclaw/workspace/scripts/viora-outreach/reply-checker.py", line 234, in <module>
    main()
  File "/root/.openclaw/workspace/scripts/viora-outreach/reply-checker.py", line 126, in main
    service = get_gmail_service()
              ^^^^^^^^^^^^^^^^^^^
  File "/root/.openclaw/workspace/scripts/viora-outreach/reply-checker.py", line 63, in get_gmail_service
    creds.refresh(Request())
  File "/usr/local/lib/python3.12/dist-packages/google/oauth2/credentials.py", line 412, in refresh
    ) = reauth.refresh_grant(
        ^^^^^^^^^^^^^^^^^^^^^
  File "/usr/local/lib/python3.12/dist-packages/google/oauth2/reauth.py", line 370, in refresh_grant
    _client._handle_error_response(response_data, retryable_error)
  File "/usr/local/lib/python3.12/dist-packages/google/oauth2/_client.py", line 69, in _handle_error_response
    raise exceptions.RefreshError(
google.auth.exceptions.RefreshError: ('invalid_grant: Bad Request', {'error': 'invalid_grant', 'error_description': 'Bad Request'})

━━━━━━━━━━━━━━━━━━━━━━━━━━━━━━━━━━━━━━━━━━━━━━━━
  📍 STEP 1/5: Scraping fresh leads (auto-rotate)
━━━━━━━━━━━━━━━━━━━━━━━━━━━━━━━━━━━━━━━━━━━━━━━━
2026-05-15 14:00:05,151 🔄 Auto-rotation day 135: insurance agency in Nashville, TN
2026-05-15 14:00:05,152 
🔍 Searching: insurance agency in Nashville, TN
2026-05-15 14:00:06,107   ✅ Acceptance Insurance — (615) 434-7144 — https://locations.acceptance.com/nashville-insurance-tennessee-37203/?utm_medium=directory&utm_source=google&utm_campaign=ATNNA2_Nashville_TN
2026-05-15 14:00:06,470   ✅ Robins Insurance Agency, Inc. — (615) 665-9200 — http://www.robinsins.com/
2026-05-15 14:00:06,786   ✅ Valencia Insurance — (615) 540-1177 — https://www.valenciainsurance.net/
2026-05-15 14:00:06,980   ✅ First Acceptance Insurance — (800) 321-0899 — https://www.firstacceptance.com/
2026-05-15 14:00:07,274   ✅ Acceptance Insurance — (615) 434-7137 — https://locations.acceptance.com/nashville-insurance-tennessee-37211/?utm_medium=directory&utm_source=google&utm_campaign=ATNNA1_Nashville_TN
2026-05-15 14:00:07,581   ✅ Acceptance Insurance — (629) 236-0111 — https://locations.acceptance.com/nashville-insurance-tennessee-37217/?utm_medium=directory&utm_source=google&utm_campaign=ATNNA3_Nashville_TN
2026-05-15 14:00:07,794   ✅ Southwestern Insurance Group — (615) 316-7015 — https://www.swinsurancegroup.com/
2026-05-15 14:00:07,955   ✅ Tennessee Auto Insurance Agency — (615) 893-6177 — http://www.insuringyouforless.com/
2026-05-15 14:00:08,128   ✅ Nashville Insurance Group, Inc.: Allstate Insurance — (615) 370-5600 — https://agents.allstate.com/nashville-insurance-group-inc-nashville-tn.html?utm_source=GMB&utm_medium=Website
2026-05-15 14:00:08,319   ✅ BTJ Insurance Inc — (615) 333-0519 — https://www.btjinsurance.com/
2026-05-15 14:00:08,568   ✅ Fiesta Auto Insurance & Tax Service — (615) 622-2300 — https://fiestainsurance.com/stores/fiesta-insurance-and-tax-nashville-tennessee-tn004/
2026-05-15 14:00:08,830   ✅ Choice Insurance Agency LLC — (615) 928-1190 — http://www.choicetn.com/
2026-05-15 14:00:09,137   ✅ Tennessee Auto Insurance Agency — (615) 915-3308 — http://www.insuringyouforless.com/
2026-05-15 14:00:09,456   ✅ Tucker Agency, LLC — (615) 590-4330 — https://www.tuckertn.com/
2026-05-15 14:00:09,695   ✅ HQ Insurance — (615) 884-3535 — https://www.hqinsurance.com/?utm_source=G&utm_medium=local&utm_campaign=google-local
2026-05-15 14:00:09,997   ✅ Zander Insurance — (800) 356-4282 — https://www.zanderins.com/
2026-05-15 14:00:10,318   ✅ Nashville Insurance Services — (615) 953-7763 — http://www.nashvilleinsuranceservices.com/
2026-05-15 14:00:10,634   ✅ Acceptance Insurance — (615) 434-7099 — https://locations.acceptance.com/madison-insurance-tennessee-37115/?utm_medium=directory&utm_source=google&utm_campaign=ATNMAD_Madison_TN
2026-05-15 14:00:10,758   ✅ Tennessee Auto Insurance Agency — (615) 624-8007 — http://insuringyouforless.com/
2026-05-15 14:00:10,952   ✅ Lockeland Insurance Advisors — (615) 266-0246 — http://www.heylockeland.com/
2026-05-15 14:00:13,605   ✅ Proseguros Insurance & Ayuda Latina - Nashville — (615) 750-3108 — https://myproseguros.com/
2026-05-15 14:00:13,807   ✅ Mills Insurance Agency — (615) 620-4452 — https://www.millsinsuranceagency.com/
2026-05-15 14:00:13,966   ✅ S&S Insurance Agency — (615) 943-4962 — https://www.ssins.net/
2026-05-15 14:00:14,230   ✅ Hale Insurance — (615) 321-4150 — https://www.haleinsurance.com/
2026-05-15 14:00:14,368   ✅ Greater Nashville Insurance — (615) 885-5882 — http://greaternashvilleinsurance.com/
2026-05-15 14:00:14,549   ✅ Holly Geronzin - GEICO Insurance Agent — (629) 208-0333 — https://www.geico.com/insurance-agents/tennessee/nashville/holly-geronzin/?y_source=1_MTQ5NTQ4MzYtNzE1LWxvY2F0aW9uLndlYnNpdGU%3D
2026-05-15 14:00:14,756   ✅ Tucker Insurance — (615) 490-8598 — http://tuckerinsurance.com/
2026-05-15 14:00:14,932   ✅ Jeff Summers - State Farm Insurance Agent — (615) 320-3016 — http://www.jeffsummersinsurance.com/?cmpid=he5g_blm_0001&y_source=1_NzIxOTEyNDgtNzE1LWxvY2F0aW9uLndlYnNpdGU%3D
2026-05-15 14:00:15,102   ✅ East Insurance LLC — (615) 622-4545 — http://www.eastinsurance.net/
2026-05-15 14:00:15,297   ✅ The Manning Agency, LLC — (615) 383-6700 — http://www.themanningagency.com/
2026-05-15 14:00:15,503   ✅ Nationwide Insurance: Gaffney Insurance Agency & Financial Services LLC — (615) 733-3133 — https://agency.nationwide.com/stephan-gaffney-in-nashville-tn-10727839
2026-05-15 14:00:15,756   ✅ Eric Jans Insurance Agency — (615) 478-7146 — http://www.ericjansinsurance.com/
2026-05-15 14:00:15,953   ✅ Martin & Zerfoss, Inc. — (615) 297-8500 — http://www.mzinsurance.com/
2026-05-15 14:00:16,126   ✅ Direct Auto Insurance — (615) 340-6291 — https://local.directauto.com/tennessee/nashville/2614-gallatin-pike?y_source=1_MTU0NDk1MzktNzE1LWxvY2F0aW9uLndlYnNpdGU%3D
2026-05-15 14:00:16,323   ✅ Craig Hildreth Insurance Agency — (781) 738-3732 — http://www.hildrethinsurance.com/
2026-05-15 14:00:16,484   ✅ Nashville Premier Health Insurance — (615) 852-8464 — https://www.nashvillehealthinsuranceagent.com/
2026-05-15 14:00:16,617   ✅ Trondson Agency Inc. — (615) 560-1212 — http://insurancenash.net/
2026-05-15 14:00:16,937   ✅ Progressive Insurance - Claims Office — (800) 776-4737 — https://www.progressive.com/claims/?utm_source=G&utm_medium=local&utm_campaign=progressivedirectclaimcenters
2026-05-15 14:00:17,131   ✅ 2nd Chance Insurance — (800) 222-1899 — no website
2026-05-15 14:00:17,437   ✅ Third Door Insurance LLC — (865) 851-4678 — https://www.thirddoorinsurance.com/?utm_source=G&utm_medium=local&utm_campaign=google-local
2026-05-15 14:00:20,111   ✅ Direct Auto Insurance — (615) 831-2600 — https://local.directauto.com/tennessee/nashville/3981-nolensville-rd?y_source=1_MTU0NDkzNjgtNzE1LWxvY2F0aW9uLndlYnNpdGU%3D
2026-05-15 14:00:20,259   ✅ Direct Auto Insurance — (615) 356-0202 — https://local.directauto.com/tennessee/nashville/103-white-bridge-pike?y_source=1_MTU0NDk1NTQtNzE1LWxvY2F0aW9uLndlYnNpdGU%3D
2026-05-15 14:00:20,441   ✅ Langer Insurance Agency — (615) 351-1298 — https://www.langerinsurance.com/
2026-05-15 14:00:20,611   ✅ Direct Auto Insurance — (615) 361-4507 — https://local.directauto.com/tennessee/nashville/1128-murfreesboro-rd.?y_source=1_MTU0NDk0NDMtNzE1LWxvY2F0aW9uLndlYnNpdGU%3D
2026-05-15 14:00:20,743   ✅ Alliance Insurance Agency — (615) 333-7800 — https://allianceinsuranceagencytn.com/contact-us/nolensville-pike/
2026-05-15 14:00:20,947   ✅ Wilshire Insurance Group — (615) 249-0855 — https://www.wilshireinsure.com/
2026-05-15 14:00:21,146   ✅ Terry W Jones - State Farm Insurance — (615) 256-6066 — http://www.terrywjones.net/
2026-05-15 14:00:21,305   ✅ Insurance Professionals of TN, LLC — (615) 412-1616 — https://www.insuranceprofessionalstn.com/
2026-05-15 14:00:21,509   ✅ Americas Insurance — (615) 844-3737 — http://getamericasinsurance.com/
2026-05-15 14:00:21,701   ✅ Stephon Fleming: Allstate Insurance — (615) 463-7373 — https://agents.allstate.com/stephon-fleming-nashville-tn.html?utm_source=GMB&utm_medium=Website
2026-05-15 14:00:21,728   📊 Found 50, 50 new (rest were duplicates)
2026-05-15 14:00:22,728 
==================================================
2026-05-15 14:00:22,728 ✅ Scraping complete
2026-05-15 14:00:22,728    Total found:  50
2026-05-15 14:00:22,728    New leads:    50
2026-05-15 14:00:22,728    Duplicates:   0
2026-05-15 14:00:22,732    DB total:     1375 leads (961 with emails)
2026-05-15 14:00:22,732 ==================================================


━━━━━━━━━━━━━━━━━━━━━━━━━━━━━━━━━━━━━━━━━━━━━━━━
  🔍 STEP 2/5: Finding emails
━━━━━━━━━━━━━━━━━━━━━━━━━━━━━━━━━━━━━━━━━━━━━━━━
2026-05-15 14:00:22,972 🔍 Finding emails for 50 leads...
2026-05-15 14:00:23,635 Hunter.io rate limited — pausing 60s
2026-05-15 14:01:24,263 🔮 Guessed: info@crunch.com — Crunch Fitness - University Square
2026-05-15 14:01:25,400 Hunter.io rate limited — pausing 60s
2026-05-15 14:02:25,787 🔮 Guessed: info@landformfitness.com — Landform Fitness
2026-05-15 14:02:26,692 Hunter.io rate limited — pausing 60s
2026-05-15 14:03:27,244 🔮 Guessed: info@elevatetraining.com — Elevate Training
2026-05-15 14:03:28,464 Hunter.io rate limited — pausing 60s
2026-05-15 14:04:29,035 🔮 Guessed: info@thegymelcajon.com — The Gym El Cajon
2026-05-15 14:04:30,100 Hunter.io rate limited — pausing 60s
2026-05-15 14:05:31,053 🔮 Guessed: info@24hourfitness.com — 24 Hour Fitness
2026-05-15 14:05:31,900 Hunter.io rate limited — pausing 60s
2026-05-15 14:06:32,561 🔮 Guessed: info@kettleflex.com — KettleFlex Fitness
2026-05-15 14:06:33,447 Hunter.io rate limited — pausing 60s
2026-05-15 14:07:33,859 🔮 Guessed: info@balancedfitnesshealth.com — Balanced Fitness & Health
2026-05-15 14:07:34,569 Hunter.io rate limited — pausing 60s
2026-05-15 14:08:34,918 🔮 Guessed: info@sandiego.navylifesw.com — NMCSD - Balboa Fitness Center
2026-05-15 14:08:35,768 Hunter.io rate limited — pausing 60s
2026-05-15 14:09:36,067 🔮 Guessed: info@planetfitness.com — Planet Fitness
2026-05-15 14:09:36,933 Hunter.io rate limited — pausing 60s
2026-05-15 14:10:37,318 🔮 Guessed: info@orangetheory.com — Orangetheory Fitness
2026-05-15 14:10:39,699 Hunter.io rate limited — pausing 60s
2026-05-15 14:11:39,914 🔮 Guessed: info@cityboxing.com — City Boxing
2026-05-15 14:11:40,796 Hunter.io rate limited — pausing 60s
2026-05-15 14:12:41,164 🔮 Guessed: info@crossfithumanity.com — Race Series San Diego
2026-05-15 14:12:41,900 Hunter.io rate limited — pausing 60s
2026-05-15 14:13:42,391 🔮 Guessed: info@catalystperformancesd.com — Catalyst Performance Center
2026-05-15 14:13:43,137 Hunter.io rate limited — pausing 60s
2026-05-15 14:14:43,488 🔮 Guessed: info@vnvfit.com — Vim + Vigor Fitness
2026-05-15 14:14:44,363 Hunter.io rate limited — pausing 60s
2026-05-15 14:15:44,717 🔮 Guessed: info@24hourfitness.com — 24 Hour Fitness
2026-05-15 14:15:45,416 Hunter.io rate limited — pausing 60s
2026-05-15 14:16:45,780 🔮 Guessed: info@theplexathleticclub.com — The Plex Athletic Club
2026-05-15 14:16:46,651 Hunter.io rate limited — pausing 60s
2026-05-15 14:17:47,121 🔮 Guessed: info@anytimefitness.com — Anytime Fitness
2026-05-15 14:17:47,994 Hunter.io rate limited — pausing 60s
2026-05-15 14:18:48,350 🔮 Guessed: info@ybxfitness.com — YBX Fitness
2026-05-15 14:18:49,204 Hunter.io rate limited — pausing 60s
2026-05-15 14:19:49,624 🔮 Guessed: info@villasport.com — Villa Sport Athletic Club
2026-05-15 14:19:50,694 Hunter.io rate limited — pausing 60s
2026-05-15 14:20:51,103 🔮 Guessed: info@formagym.com — Forma Gym San Jose - Personal Training & Fitness Classes
2026-05-15 14:20:51,966 Hunter.io rate limited — pausing 60s
2026-05-15 14:21:52,407 🔮 Guessed: info@24hourfitness.com — 24 Hour Fitness
2026-05-15 14:21:53,259 Hunter.io rate limited — pausing 60s
2026-05-15 14:22:53,804 🔮 Guessed: info@crunch.com — Crunch Fitness - San Jose
2026-05-15 14:22:54,673 Hunter.io rate limited — pausing 60s
2026-05-15 14:23:55,049 🔮 Guessed: info@anytimefitness.com — Anytime Fitness
2026-05-15 14:23:55,902 Hunter.io rate limited — pausing 60s
2026-05-15 14:24:56,263 🔮 Guessed: info@24hourfitness.com — 24 Hour Fitness
2026-05-15 14:24:57,123 Hunter.io rate limited — pausing 60s
2026-05-15 14:25:57,493 🔮 Guessed: info@focusfitnessclub.com — Focus Fitness Club
2026-05-15 14:25:58,456 Hunter.io rate limited — pausing 60s
2026-05-15 14:26:58,888 🔮 Guessed: info@westcasj.com — WESTCA
2026-05-15 14:26:59,788 Hunter.io rate limited — pausing 60s
2026-05-15 14:28:00,274 🔮 Guessed: info@elitespartans.com — Elite Spartans Gym
2026-05-15 14:28:01,298 Hunter.io rate limited — pausing 60s
2026-05-15 14:29:01,814 🔮 Guessed: info@eliteprofitca.com — Elite Pro Fitness
2026-05-15 14:29:02,691 Hunter.io rate limited — pausing 60s
2026-05-15 14:30:03,163 🔮 Guessed: info@citysportsfitness.com — City Sports Club
2026-05-15 14:30:04,038 Hunter.io rate limited — pausing 60s
2026-05-15 14:31:04,831 🔮 Guessed: info@24hourfitness.com — 24 Hour Fitness
2026-05-15 14:31:05,731 Hunter.io rate limited — pausing 60s
2026-05-15 14:32:06,095 🔮 Guessed: info@hscgym.com — Hyper Strength and Conditioning
2026-05-15 14:32:06,959 Hunter.io rate limited — pausing 60s
2026-05-15 14:33:07,391 🔮 Guessed: info@24hourfitness.com — 24 Hour Fitness
2026-05-15 14:33:08,330 Hunter.io rate limited — pausing 60s
2026-05-15 14:34:08,795 🔮 Guessed: info@24hourfitness.com — 24 Hour Fitness
2026-05-15 14:34:09,526 Hunter.io rate limited — pausing 60s
2026-05-15 14:35:09,969 🔮 Guessed: info@gotoplex.com — The Plex
2026-05-15 14:35:11,414 Hunter.io rate limited — pausing 60s
2026-05-15 14:36:11,922 🔮 Guessed: info@spartanrecreation.com — Student Union, Inc. Spartan Recreation and Aquatic Center
2026-05-15 14:36:12,947 Hunter.io rate limited — pausing 60s
2026-05-15 14:37:13,407 🔮 Guessed: info@spinstrength.com — Pacific Spin & Strength
2026-05-15 14:37:14,112 Hunter.io rate limited — pausing 60s
2026-05-15 14:38:14,476 🔮 Guessed: info@crunch.com — Crunch Fitness - Winchester
2026-05-15 14:38:14,982 
==================================================
2026-05-15 14:38:14,982 ✅ Email finder complete
2026-05-15 14:38:14,982    API found:  0
2026-05-15 14:38:14,982    Guessed:    37
2026-05-15 14:38:14,982    Total:      37
2026-05-15 14:38:14,982 ==================================================


━━━━━━━━━━━━━━━━━━━━━━━━━━━━━━━━━━━━━━━━━━━━━━━━
  📧 STEP 3/5: Sending cold emails
━━━━━━━━━━━━━━━━━━━━━━━━━━━━━━━━━━━━━━━━━━━━━━━━

━━━━━━━━━━━━━━━━━━━━━━━━━━━━━━━━━━━━━━━━━━━━━━━━
  💼 STEP 4/5: Generating LinkedIn DM queue
━━━━━━━━━━━━━━━━━━━━━━━━━━━━━━━━━━━━━━━━━━━━━━━━

✅ LinkedIn queue: 20 messages
📄 Backup: /root/.openclaw/workspace/scripts/viora-outreach/output/linkedin_queue_2026-05-15.txt
⚠️  No DISCORD_WEBHOOK set — skipping Discord post

━━━━━━━━━━━━━━━━━━━━━━━━━━━━━━━━━━━━━━━━━━━━━━━━
  📊 STEP 5/5: Daily report
━━━━━━━━━━━━━━━━━━━━━━━━━━━━━━━━━━━━━━━━━━━━━━━━
**📊 VIORA REPORT — Fri May 15** (Day 0)

**📋 YOUR TODO:**
1️⃣ Check calendar for demo calls

**📧 Today:** 0 emails sent · 0 LinkedIn DMs
**📊 Funnel:** 1375 leads → 55 contacted → 0 replied (0.0%) → 0 demos → 0 closed

**💰 MRR:** $0/mo [░░░░░░░░░░] 0% of $20k
Need **58** more clients @ $350/mo

⚠️  Set DISCORD_WEBHOOK in .env for Discord reports

━━━━━━━━━━━━━━━━━━━━━━━━━━━━━━━━━━━━━━━━━━━━━━━━
  ✅ JARVIS AUTOMATE v3 COMPLETE — Fri May 15 14:38:15 UTC 2026
━━━━━━━━━━━━━━━━━━━━━━━━━━━━━━━━━━━━━━━━━━━━━━━━

Your only jobs today:
  1. Check email for replies (especially positive ones!)
  2. Send LinkedIn DMs from: /root/.openclaw/workspace/scripts/viora-outreach/output/
  3. Show up to demo calls and close

📄 Full log: /root/.openclaw/workspace/scripts/viora-outreach/logs/automate_2026-05-15.log
