2026-04-17 14:00:20,595 🔍 Finding emails for 50 leads...
2026-04-17 14:00:21,064 Hunter.io rate limited — pausing 60s
2026-04-17 14:01:21,454 🔮 Guessed: info@r3antiaging.com — R3 Anti Aging & Medspa
2026-04-17 14:01:22,414 Hunter.io rate limited — pausing 60s
2026-04-17 14:02:22,796 🔮 Guessed: info@skinpharm.com — Skin Pharm
2026-04-17 14:02:23,692 Hunter.io rate limited — pausing 60s
2026-04-17 14:03:24,037 🔮 Guessed: info@wereviveu.com — Revive Aesthetics - Nashville
2026-04-17 14:03:24,975 Hunter.io rate limited — pausing 60s
2026-04-17 14:04:25,225 🔮 Guessed: info@glowskinmed.com — Glow Skin + Wellness Med Spa
2026-04-17 14:04:26,080 Hunter.io rate limited — pausing 60s
2026-04-17 14:05:26,502 🔮 Guessed: info@toxxology.com — Toxxology®
2026-04-17 14:05:27,371 Hunter.io rate limited — pausing 60s
2026-04-17 14:06:27,758 🔮 Guessed: info@injectionsbyhannah.com — Nash Injections by Hannah
2026-04-17 14:06:28,595 Hunter.io rate limited — pausing 60s
2026-04-17 14:07:28,992 🔮 Guessed: info@bellemeademedicalspa.com — Belle Meade Medical Spa
2026-04-17 14:07:29,889 Hunter.io rate limited — pausing 60s
2026-04-17 14:08:30,264 🔮 Guessed: info@bareskintn.com — Bare Skin
2026-04-17 14:08:31,183 Hunter.io rate limited — pausing 60s
2026-04-17 14:09:31,579 🔮 Guessed: info@smileyaesthetics.com — Smiley Aesthetics Training Facility & Med Spa – Nashville
2026-04-17 14:09:32,468 Hunter.io rate limited — pausing 60s
2026-04-17 14:10:32,903 🔮 Guessed: info@drdavidgilpin.com — Gilpin Facial Plastics
2026-04-17 14:10:33,625 Hunter.io rate limited — pausing 60s
2026-04-17 14:11:33,879 🔮 Guessed: info@kareehays.com — Karee Hays Esthetics
2026-04-17 14:11:34,756 Hunter.io rate limited — pausing 60s
2026-04-17 14:12:35,157 🔮 Guessed: info@yournashvilleplasticsurgeon.com — BEYOND Collective
2026-04-17 14:12:35,886 Hunter.io rate limited — pausing 60s
2026-04-17 14:13:36,256 🔮 Guessed: info@serotonincenters.com — Serotonin Centers MedSpa
2026-04-17 14:13:36,982 Hunter.io rate limited — pausing 60s
2026-04-17 14:14:37,309 🔮 Guessed: info@woodsaesthetics.com — Woods Aesthetics
2026-04-17 14:14:38,220 Hunter.io rate limited — pausing 60s
2026-04-17 14:15:38,635 🔮 Guessed: info@nursezan.com — Nurse Zan Med Spa
2026-04-17 14:15:39,514 Hunter.io rate limited — pausing 60s
2026-04-17 14:16:39,960 🔮 Guessed: info@jackjillaesthetics.com — Jack + Jill Aesthetics
2026-04-17 14:16:40,846 Hunter.io rate limited — pausing 60s
2026-04-17 14:17:41,202 🔮 Guessed: info@drjjwendel.com — Dr. J. J. Wendel Plastic Surgery
2026-04-17 14:17:42,056 Hunter.io rate limited — pausing 60s
2026-04-17 14:18:42,445 🔮 Guessed: info@onaskin.com — Ona Skincare East Nashville
2026-04-17 14:18:43,203 Hunter.io rate limited — pausing 60s
2026-04-17 14:19:43,668 🔮 Guessed: info@urbansweat.com — Urban Sweat - The Nations
2026-04-17 14:19:44,396 Hunter.io rate limited — pausing 60s
2026-04-17 14:20:45,109 🔮 Guessed: info@marvelcosmeticmedspa.com — Marvel Cosmetic MedSpa
2026-04-17 14:20:46,142 Hunter.io rate limited — pausing 60s
2026-04-17 14:21:46,685 🔮 Guessed: info@louloumedspa.com — LOU LOU Med Spa
2026-04-17 14:21:47,534 Hunter.io rate limited — pausing 60s
2026-04-17 14:22:47,981 🔮 Guessed: info@wheelermedspa.com — Wheeler Med Spa
2026-04-17 14:22:48,890 Hunter.io rate limited — pausing 60s
2026-04-17 14:23:49,116 🔮 Guessed: info@rmaok.com — Radiance Medical Aesthetics Of Oklahoma
2026-04-17 14:23:49,984 Hunter.io rate limited — pausing 60s
2026-04-17 14:24:50,345 🔮 Guessed: info@blissmedicalspaokc.com — Bliss Medical Spa
2026-04-17 14:24:51,055 Hunter.io rate limited — pausing 60s
2026-04-17 14:25:51,361 🔮 Guessed: info@renewoklahoma.com — Renew Wellness & Aesthetics
2026-04-17 14:25:52,215 Hunter.io rate limited — pausing 60s
2026-04-17 14:26:52,676 🔮 Guessed: info@longevityok.com — Longevity OKC
2026-04-17 14:26:53,569 Hunter.io rate limited — pausing 60s
2026-04-17 14:27:54,776 🔮 Guessed: info@upscale-wellness.com — Upscale Wellness & MedSpa
2026-04-17 14:27:56,532 Hunter.io rate limited — pausing 60s
2026-04-17 14:28:56,965 🔮 Guessed: info@bellaluceokc.com — Bella Luce Med Spa
2026-04-17 14:28:57,859 Hunter.io rate limited — pausing 60s
2026-04-17 14:29:58,295 🔮 Guessed: info@refineuokc.com — RefineU Med Spa
2026-04-17 14:29:59,156 Hunter.io rate limited — pausing 60s
2026-04-17 14:30:59,597 🔮 Guessed: info@revivemedspaokc.com — Revive Aesthetics Medical Spa
2026-04-17 14:31:00,511 Hunter.io rate limited — pausing 60s
2026-04-17 14:32:00,857 🔮 Guessed: info@belleamemedspa.com — Belle Âme Med Spa
2026-04-17 14:32:01,803 Hunter.io rate limited — pausing 60s
2026-04-17 14:33:02,198 🔮 Guessed: info@elysianwellnessokc.com — Elysian Wellness & Aesthetics
2026-04-17 14:33:03,076 Hunter.io rate limited — pausing 60s
2026-04-17 14:34:03,520 🔮 Guessed: info@mariposaokc.com — Mariposa Aesthetics & Laser Center
2026-04-17 14:34:04,434 Hunter.io rate limited — pausing 60s
2026-04-17 14:35:04,853 🔮 Guessed: info@beautmedspa.com — Beaut Medical Spa
2026-04-17 14:35:05,717 Hunter.io rate limited — pausing 60s
2026-04-17 14:36:06,141 🔮 Guessed: info@sculptedmedspas.com — Sculpted Med Spa
2026-04-17 14:36:07,012 Hunter.io rate limited — pausing 60s
2026-04-17 14:37:07,442 🔮 Guessed: info@advancedaesthetics.com — Advanced Aesthetics
2026-04-17 14:37:08,358 Hunter.io rate limited — pausing 60s
2026-04-17 14:38:08,760 🔮 Guessed: info@radianmedicalspa.com — Radian Medical Spa
2026-04-17 14:38:09,526 Hunter.io rate limited — pausing 60s
2026-04-17 14:39:09,948 🔮 Guessed: info@skinlabinjectables.com — Skinlab Injectables
2026-04-17 14:39:10,871 Hunter.io rate limited — pausing 60s
2026-04-17 14:40:11,316 🔮 Guessed: info@zenaestheticsandwellness.com — Zen Aesthetics & Wellness
2026-04-17 14:40:12,384 Hunter.io rate limited — pausing 60s
2026-04-17 14:41:12,803 🔮 Guessed: info@acemedspa.com — Aesthetic Center of Excellence (ACE)
2026-04-17 14:41:13,705 Hunter.io rate limited — pausing 60s
2026-04-17 14:42:14,076 🔮 Guessed: info@normanmedspa.com — Gudgel Aesthetics
2026-04-17 14:42:14,844 Hunter.io rate limited — pausing 60s
2026-04-17 14:43:15,205 🔮 Guessed: info@laraclinic.com — Lara Clinic
2026-04-17 14:43:15,958 Hunter.io rate limited — pausing 60s
2026-04-17 14:44:16,360 🔮 Guessed: info@westmedspa.com — West Medical Aesthetics
2026-04-17 14:44:17,122 Hunter.io rate limited — pausing 60s
2026-04-17 14:45:17,505 🔮 Guessed: info@restorativeinjectables.com — Restorative Injectables
2026-04-17 14:45:18,011 
==================================================
2026-04-17 14:45:18,011 ✅ Email finder complete
2026-04-17 14:45:18,011    API found:  0
2026-04-17 14:45:18,011    Guessed:    44
2026-04-17 14:45:18,011    Total:      44
2026-04-17 14:45:18,011 ==================================================

