2026-05-13 14:00:22,444 🔍 Finding emails for 50 leads...
2026-05-13 14:00:22,863 Hunter.io rate limited — pausing 60s
2026-05-13 14:01:23,421 🔮 Guessed: info@vandmautomotivesa.com — V & M AUTOMOTIVE
2026-05-13 14:01:24,194 Hunter.io rate limited — pausing 60s
2026-05-13 14:02:24,592 🔮 Guessed: info@eriksautomotive.com — Erik's Automotive
2026-05-13 14:02:25,297 Hunter.io rate limited — pausing 60s
2026-05-13 14:03:25,665 🔮 Guessed: info@broadwaytireautoservice.com — Broadway Tire & Automotive
2026-05-13 14:03:26,528 Hunter.io rate limited — pausing 60s
2026-05-13 14:04:26,936 🔮 Guessed: info@gooseautomotive.com — Goose Euro - Downtown
2026-05-13 14:04:27,658 Hunter.io rate limited — pausing 60s
2026-05-13 14:05:27,882 🔮 Guessed: info@paleocarcare.com — Paleo Car Care
2026-05-13 14:05:28,618 Hunter.io rate limited — pausing 60s
2026-05-13 14:06:29,035 🔮 Guessed: info@juanolvera92.wixsite.com — Bexar County Automotive
2026-05-13 14:06:29,986 Hunter.io rate limited — pausing 60s
2026-05-13 14:07:30,357 🔮 Guessed: info@dasautoshoptx.com — DasAutoShopTX
2026-05-13 14:07:31,205 Hunter.io rate limited — pausing 60s
2026-05-13 14:08:31,686 🔮 Guessed: info@goodyear.com — Goodyear Auto Service
2026-05-13 14:08:32,389 Hunter.io rate limited — pausing 60s
2026-05-13 14:09:33,849 🔮 Guessed: info@eliseosgarage.net — Eliseo's Garage
2026-05-13 14:09:34,591 Hunter.io rate limited — pausing 60s
2026-05-13 14:10:34,951 🔮 Guessed: info@vicsautotech.com — Marks Automotive
2026-05-13 14:10:35,816 Hunter.io rate limited — pausing 60s
2026-05-13 14:11:36,241 🔮 Guessed: info@shwash.co — SHWASH Mobile Car Detailing Austin
2026-05-13 14:11:36,990 Hunter.io rate limited — pausing 60s
2026-05-13 14:12:37,457 🔮 Guessed: info@taurusautodetailing.com — Taurus Auto Detailing, Paint Protection Film & Ceramic Coating
2026-05-13 14:12:38,316 Hunter.io rate limited — pausing 60s
2026-05-13 14:13:38,759 🔮 Guessed: info@autodetailingtx.com — Auto Detailing Austin LLC
2026-05-13 14:13:40,303 Hunter.io rate limited — pausing 60s
2026-05-13 14:14:40,707 🔮 Guessed: info@completeautodetail.com — Complete Auto Detail & Car Wash
2026-05-13 14:14:41,601 Hunter.io rate limited — pausing 60s
2026-05-13 14:15:41,951 🔮 Guessed: info@perfectionautodetailing.weebly.com — Perfection Auto Detailing
2026-05-13 14:15:42,796 Hunter.io rate limited — pausing 60s
2026-05-13 14:16:43,141 🔮 Guessed: info@brightsidedetailing.com — Brightside Detailing
2026-05-13 14:16:44,020 Hunter.io rate limited — pausing 60s
2026-05-13 14:17:44,278 🔮 Guessed: info@rawvisiondetailing.com — Raw Vision Auto Detailing
2026-05-13 14:17:45,185 Hunter.io rate limited — pausing 60s
2026-05-13 14:18:45,523 🔮 Guessed: info@thewaxshackdetailing.com — The Wax Shack Auto Detailing Austin
2026-05-13 14:18:46,455 Hunter.io rate limited — pausing 60s
2026-05-13 14:19:46,859 🔮 Guessed: info@topofthelinedetailing.com — TOP OF THE LINE DETAILING LLC
2026-05-13 14:19:47,750 Hunter.io rate limited — pausing 60s
2026-05-13 14:20:48,260 🔮 Guessed: info@amexidetailing.com — Amexi Detailing
2026-05-13 14:20:49,110 Hunter.io rate limited — pausing 60s
2026-05-13 14:21:49,585 🔮 Guessed: info@centexshinycars.com — Centex Mobile Detailing
2026-05-13 14:21:50,438 Hunter.io rate limited — pausing 60s
2026-05-13 14:22:50,902 🔮 Guessed: info@xadetail.com — Xtreme Auto Detail, Inc.
2026-05-13 14:22:51,741 Hunter.io rate limited — pausing 60s
2026-05-13 14:23:52,080 🔮 Guessed: info@sponges.app — Sponges: Mobile Car Wash and Detailing
2026-05-13 14:23:52,937 Hunter.io rate limited — pausing 60s
2026-05-13 14:24:53,369 🔮 Guessed: info@ocdetailing.square.site — OCDetailing
2026-05-13 14:24:54,221 Hunter.io rate limited — pausing 60s
2026-05-13 14:25:54,721 🔮 Guessed: info@keepcleanatx.com — Keep clean ATX Mobile Detailing Services
2026-05-13 14:25:55,501 Hunter.io rate limited — pausing 60s
2026-05-13 14:26:55,897 🔮 Guessed: info@royal-auto-finishes.com — Royal Auto Finishes
2026-05-13 14:26:56,756 Hunter.io rate limited — pausing 60s
2026-05-13 14:27:57,145 🔮 Guessed: info@thedailydetail.com — The Daily Detail Mobile Car Detailing
2026-05-13 14:27:57,921 Hunter.io rate limited — pausing 60s
2026-05-13 14:28:58,264 🔮 Guessed: info@halloffamedetail.com — Hall of Fame Detail - Mobile Window Tinting & Mobile Car Detailing
2026-05-13 14:28:59,157 Hunter.io rate limited — pausing 60s
2026-05-13 14:29:59,515 🔮 Guessed: info@luxelinedetail.net — LuxeLine Detailing
2026-05-13 14:30:00,257 Hunter.io rate limited — pausing 60s
2026-05-13 14:31:00,783 🔮 Guessed: info@authenticdetails.com — Authentic Details
2026-05-13 14:31:01,655 Hunter.io rate limited — pausing 60s
2026-05-13 14:32:01,997 🔮 Guessed: info@geneticdetailing.com — GENETIC DETAILING
2026-05-13 14:32:02,745 Hunter.io rate limited — pausing 60s
2026-05-13 14:33:03,111 🔮 Guessed: info@twobrothershandwash.weebly.com — Two Brothers Hand Wash & Detailing
2026-05-13 14:33:03,948 Hunter.io rate limited — pausing 60s
2026-05-13 14:34:04,399 🔮 Guessed: info@washarooatx.com — Washaroo Hand Car Wash & Detailing
2026-05-13 14:34:05,466 Hunter.io rate limited — pausing 60s
2026-05-13 14:35:05,870 🔮 Guessed: info@ceramicautocoatings.com — No Mediocre Auto Detailing
2026-05-13 14:35:06,591 Hunter.io rate limited — pausing 60s
2026-05-13 14:36:07,049 🔮 Guessed: info@washarooatx.com — Washaroo Hand Car Wash - East Austin
2026-05-13 14:36:07,903 Hunter.io rate limited — pausing 60s
2026-05-13 14:37:08,278 🔮 Guessed: info@austinautofinishes.com — Austin Auto Finishes
2026-05-13 14:37:09,003 Hunter.io rate limited — pausing 60s
2026-05-13 14:38:09,396 🔮 Guessed: info@padtx.com — Pristine Auto Detailing
2026-05-13 14:38:09,901 
==================================================
2026-05-13 14:38:09,902 ✅ Email finder complete
2026-05-13 14:38:09,902    API found:  0
2026-05-13 14:38:09,902    Guessed:    37
2026-05-13 14:38:09,902    Total:      37
2026-05-13 14:38:09,902 ==================================================

