2026-05-07 14:00:20,291 🔍 Finding emails for 50 leads...
2026-05-07 14:00:20,747 Hunter.io rate limited — pausing 60s
2026-05-07 14:01:21,102 🔮 Guessed: info@kelizabethsalon.com — K. Elizabeth Salon
2026-05-07 14:01:21,954 Hunter.io rate limited — pausing 60s
2026-05-07 14:02:22,310 🔮 Guessed: info@salonlofts.com — Salon Lofts
2026-05-07 14:02:23,178 Hunter.io rate limited — pausing 60s
2026-05-07 14:03:23,508 🔮 Guessed: info@moxiesalonandbeautybar.com — Moxie Salon and Beauty Bar - Raleigh
2026-05-07 14:03:24,238 Hunter.io rate limited — pausing 60s
2026-05-07 14:04:24,591 🔮 Guessed: info@waveholistichair.com — Wave A Holistic Hair Studio
2026-05-07 14:04:25,457 Hunter.io rate limited — pausing 60s
2026-05-07 14:05:25,856 🔮 Guessed: info@esteesalon.com — eSTee Salon
2026-05-07 14:05:26,746 Hunter.io rate limited — pausing 60s
2026-05-07 14:06:27,112 🔮 Guessed: info@keratin-studio.com — KERATIN STUDIO
2026-05-07 14:06:28,020 Hunter.io rate limited — pausing 60s
2026-05-07 14:07:28,370 🔮 Guessed: info@tajisalon.com — Taji Natural Hair Styling- Raleigh
2026-05-07 14:07:29,227 Hunter.io rate limited — pausing 60s
2026-05-07 14:08:29,632 🔮 Guessed: info@thronehairsalon.com — Throne Hair Salon
2026-05-07 14:08:30,380 Hunter.io rate limited — pausing 60s
2026-05-07 14:09:30,749 🔮 Guessed: info@salonsaia.com — Salon Saia
2026-05-07 14:09:31,612 Hunter.io rate limited — pausing 60s
2026-05-07 14:10:31,971 🔮 Guessed: info@marigoldparlour.com — Marigold Parlour
2026-05-07 14:10:32,849 Hunter.io rate limited — pausing 60s
2026-05-07 14:11:33,193 🔮 Guessed: info@revivesalonral.com — Revive Salon Raleigh
2026-05-07 14:11:33,910 Hunter.io rate limited — pausing 60s
2026-05-07 14:12:34,248 🔮 Guessed: info@citybarbers.co — City Barbers💈
2026-05-07 14:12:35,092 Hunter.io rate limited — pausing 60s
2026-05-07 14:13:35,434 🔮 Guessed: info@blockbarbershopslc.com — The Block Barbershop
2026-05-07 14:13:36,316 Hunter.io rate limited — pausing 60s
2026-05-07 14:14:36,670 🔮 Guessed: info@fade-district-barbershop.com — Fade District Barbershop
2026-05-07 14:14:37,358 Hunter.io rate limited — pausing 60s
2026-05-07 14:15:37,726 🔮 Guessed: info@blackdiamondbarbershop.com — Black Diamond Barbershop and Salon💈
2026-05-07 14:15:38,592 Hunter.io rate limited — pausing 60s
2026-05-07 14:16:38,931 🔮 Guessed: info@blockbarbershopslc.com — The Block Barbershop Sugar House
2026-05-07 14:16:39,638 Hunter.io rate limited — pausing 60s
2026-05-07 14:17:39,982 🔮 Guessed: info@wasatchluxestudio.godaddysites.com — Wasatch Luxe Barbershop and Studio
2026-05-07 14:17:40,873 Hunter.io rate limited — pausing 60s
2026-05-07 14:18:41,220 🔮 Guessed: info@keepitproper.co — Salt Lake Proper Barber
2026-05-07 14:18:42,083 Hunter.io rate limited — pausing 60s
2026-05-07 14:19:42,466 🔮 Guessed: info@breakbreadbarber.com — Break Bread Barber Co.
2026-05-07 14:19:43,459 Hunter.io rate limited — pausing 60s
2026-05-07 14:20:43,846 🔮 Guessed: info@trolleysquarebarbers.com — Trolley Square Barbers
2026-05-07 14:20:44,741 Hunter.io rate limited — pausing 60s
2026-05-07 14:21:45,116 🔮 Guessed: info@saltlakebarberco.com — The Salt Lake Barber Company Westside
2026-05-07 14:21:45,963 Hunter.io rate limited — pausing 60s
2026-05-07 14:22:46,306 🔮 Guessed: info@blessedembarberco.com — BlessedEm Barber
2026-05-07 14:22:47,003 Hunter.io rate limited — pausing 60s
2026-05-07 14:23:47,443 🔮 Guessed: info@thevenuebarbershop.com — The Venue Barbershop
2026-05-07 14:23:48,148 Hunter.io rate limited — pausing 60s
2026-05-07 14:24:48,495 🔮 Guessed: info@saltlakebarberco.com — The Salt Lake Barber Company
2026-05-07 14:24:49,336 Hunter.io rate limited — pausing 60s
2026-05-07 14:25:49,695 🔮 Guessed: info@slcbarbershop.com — SLC Barbershop💈
2026-05-07 14:25:50,427 Hunter.io rate limited — pausing 60s
2026-05-07 14:26:50,622 🔮 Guessed: info@kaizenbarbercollective.com — Kaizen Barber Collective
2026-05-07 14:26:51,491 Hunter.io rate limited — pausing 60s
2026-05-07 14:27:51,851 🔮 Guessed: info@avenuesbarber.com — Avenues Barber
2026-05-07 14:27:52,998 Hunter.io rate limited — pausing 60s
2026-05-07 14:28:53,356 🔮 Guessed: info@onthebladebarberco.com — On The Blade Barber Company
2026-05-07 14:28:54,093 Hunter.io rate limited — pausing 60s
2026-05-07 14:29:54,429 🔮 Guessed: info@retro-barbers.com — Retro-Barbers
2026-05-07 14:29:55,131 Hunter.io rate limited — pausing 60s
2026-05-07 14:30:55,494 🔮 Guessed: info@honestcuts.com — Honest Cuts Barbershop
2026-05-07 14:30:56,366 Hunter.io rate limited — pausing 60s
2026-05-07 14:31:56,775 🔮 Guessed: info@fadeonebarbershop.com — Fade One Barbershop
2026-05-07 14:31:57,632 Hunter.io rate limited — pausing 60s
2026-05-07 14:32:57,976 🔮 Guessed: info@slbarbershop.com — Stef’s Place
2026-05-07 14:32:58,671 Hunter.io rate limited — pausing 60s
2026-05-07 14:33:59,007 🔮 Guessed: info@libertywellsbarberco.com — Liberty Wells Barber Co.
2026-05-07 14:33:59,853 Hunter.io rate limited — pausing 60s
2026-05-07 14:35:00,198 🔮 Guessed: info@koasbarbershop.com — Koa’s Barbershop
2026-05-07 14:35:00,918 Hunter.io rate limited — pausing 60s
2026-05-07 14:36:01,293 🔮 Guessed: info@dreclipsbarberslc.com — Dreclips Pro Barber
2026-05-07 14:36:02,028 Hunter.io rate limited — pausing 60s
2026-05-07 14:37:02,378 🔮 Guessed: info@sugarhousebarber.glossgenius.com — Sugar House Barber Shop
2026-05-07 14:37:03,240 Hunter.io rate limited — pausing 60s
2026-05-07 14:38:03,577 🔮 Guessed: info@jclarkwalker.com — J. Clark Walker Barbershop💈
2026-05-07 14:38:04,279 Hunter.io rate limited — pausing 60s
2026-05-07 14:39:04,652 🔮 Guessed: info@platinumjosbarbershop.godaddysites.com — Platinum Jo’s Barbershop
2026-05-07 14:39:05,341 Hunter.io rate limited — pausing 60s
2026-05-07 14:40:05,700 🔮 Guessed: info@anotherlevelbarbers.com — Another Level Barber Shop💈
2026-05-07 14:40:06,413 Hunter.io rate limited — pausing 60s
2026-05-07 14:41:06,784 🔮 Guessed: info@fuzzynates.com — Fuzzy Nates Barber Shop
2026-05-07 14:41:07,289 
==================================================
2026-05-07 14:41:07,289 ✅ Email finder complete
2026-05-07 14:41:07,289    API found:  0
2026-05-07 14:41:07,289    Guessed:    40
2026-05-07 14:41:07,289    Total:      40
2026-05-07 14:41:07,290 ==================================================

