2026-05-12 14:00:18,634 🔍 Finding emails for 50 leads...
2026-05-12 14:00:19,318 Hunter.io rate limited — pausing 60s
2026-05-12 14:01:19,709 🔮 Guessed: info@homeproservicesdfw.com — HomePro Contracting, Handyman Dallas, Licensed General Contractors in Dallas.
2026-05-12 14:01:20,593 Hunter.io rate limited — pausing 60s
2026-05-12 14:02:21,174 🔮 Guessed: info@diamantepropertyservices.com — Diamante Property Services LLC
2026-05-12 14:02:22,148 Hunter.io rate limited — pausing 60s
2026-05-12 14:03:22,568 🔮 Guessed: info@evansgeneralcontractors.com — Evans General Contractors
2026-05-12 14:03:23,500 Hunter.io rate limited — pausing 60s
2026-05-12 14:04:23,869 🔮 Guessed: info@sercon.io — Sercon Contracting LLC
2026-05-12 14:04:24,960 Hunter.io rate limited — pausing 60s
2026-05-12 14:05:25,402 🔮 Guessed: info@terrellgc.com — Terrell General Contractors
2026-05-12 14:05:26,623 Hunter.io rate limited — pausing 60s
2026-05-12 14:06:27,048 🔮 Guessed: info@g2waterrestoration.com — G2 General Contractors
2026-05-12 14:06:27,784 Hunter.io rate limited — pausing 60s
2026-05-12 14:07:28,238 🔮 Guessed: info@powerconstructiongroup.com — Power Construction Group
2026-05-12 14:07:29,170 Hunter.io rate limited — pausing 60s
2026-05-12 14:08:29,539 🔮 Guessed: info@mylibertyfoundations.com — LFR Construction
2026-05-12 14:08:30,277 Hunter.io rate limited — pausing 60s
2026-05-12 14:09:30,651 🔮 Guessed: info@jaxonmartin.com — Jaxon Martin Roofing and General Contractors
2026-05-12 14:09:31,553 Hunter.io rate limited — pausing 60s
2026-05-12 14:10:31,890 🔮 Guessed: info@malakaiconstruction.com — Malakai Construction, Inc.
2026-05-12 14:10:32,758 Hunter.io rate limited — pausing 60s
2026-05-12 14:11:33,140 🔮 Guessed: info@suffolk.com — Suffolk Construction
2026-05-12 14:11:33,844 Hunter.io rate limited — pausing 60s
2026-05-12 14:12:34,172 🔮 Guessed: info@drywalldallas.com — Dallas Drywall Contractor Pros
2026-05-12 14:12:34,867 Hunter.io rate limited — pausing 60s
2026-05-12 14:13:35,241 🔮 Guessed: info@newbathtech.com — New Tech Bathroom Remodeling Dallas
2026-05-12 14:13:36,163 Hunter.io rate limited — pausing 60s
2026-05-12 14:14:36,559 🔮 Guessed: info@blake-construction.com — Blake Construction Blake Construction
2026-05-12 14:14:37,462 Hunter.io rate limited — pausing 60s
2026-05-12 14:15:37,889 🔮 Guessed: info@myallbright.com — Allbright Services, LLC
2026-05-12 14:15:38,830 Hunter.io rate limited — pausing 60s
2026-05-12 14:16:39,166 🔮 Guessed: info@dtexconstruction.com — D-Tex Construction
2026-05-12 14:16:40,034 Hunter.io rate limited — pausing 60s
2026-05-12 14:17:40,480 🔮 Guessed: info@kingdomconstructionco.com — Kingdom Construction Company
2026-05-12 14:17:41,382 Hunter.io rate limited — pausing 60s
2026-05-12 14:18:41,760 🔮 Guessed: info@greenmarkbuild.com — Green Mark Build
2026-05-12 14:18:42,616 Hunter.io rate limited — pausing 60s
2026-05-12 14:19:42,962 🔮 Guessed: info@dallasdemolition.com — Dallas Demolition
2026-05-12 14:19:43,801 Hunter.io rate limited — pausing 60s
2026-05-12 14:20:44,185 🔮 Guessed: info@reacticrestoration.com — Reactic Restoration
2026-05-12 14:20:45,072 Hunter.io rate limited — pausing 60s
2026-05-12 14:21:45,437 🔮 Guessed: info@islerhomes.com — Isler Homes
2026-05-12 14:21:46,165 Hunter.io rate limited — pausing 60s
2026-05-12 14:22:46,539 🔮 Guessed: info@atautosa.com — AT Automotive
2026-05-12 14:22:47,413 Hunter.io rate limited — pausing 60s
2026-05-12 14:23:47,765 🔮 Guessed: info@texasautorepairs.com — Texas Auto Repairs
2026-05-12 14:23:48,648 Hunter.io rate limited — pausing 60s
2026-05-12 14:24:49,020 🔮 Guessed: info@jackies-auto-clinic.blogspot.com — Jackie's Auto Clinic
2026-05-12 14:24:49,932 Hunter.io rate limited — pausing 60s
2026-05-12 14:25:50,303 🔮 Guessed: info@premier1auto.com — Premier1 Auto Care
2026-05-12 14:25:51,008 Hunter.io rate limited — pausing 60s
2026-05-12 14:26:51,384 🔮 Guessed: info@mdautomotiveonline.com — MD Automotive
2026-05-12 14:26:52,088 Hunter.io rate limited — pausing 60s
2026-05-12 14:27:52,453 🔮 Guessed: info@martinsautoclinic.net — Martin's Auto Clinic
2026-05-12 14:27:53,305 Hunter.io rate limited — pausing 60s
2026-05-12 14:28:53,737 🔮 Guessed: info@autorepairsanantonio.com — Auto Service Experts
2026-05-12 14:28:54,458 Hunter.io rate limited — pausing 60s
2026-05-12 14:29:54,816 🔮 Guessed: info@tireandmechanicshopinsanantoniotexas.com — Mr. Mechanic & Tire Muffler Shop
2026-05-12 14:29:55,584 Hunter.io rate limited — pausing 60s
2026-05-12 14:30:56,079 🔮 Guessed: info@cmautocare.com — Chad Miller Auto Care
2026-05-12 14:30:56,852 Hunter.io rate limited — pausing 60s
2026-05-12 14:31:57,208 🔮 Guessed: info@sanfordautoservice.com — Sanford Auto Service
2026-05-12 14:31:58,086 Hunter.io rate limited — pausing 60s
2026-05-12 14:32:58,452 🔮 Guessed: info@precisionautomasterstx.com — Precision Auto Masters
2026-05-12 14:32:59,525 Hunter.io rate limited — pausing 60s
2026-05-12 14:33:59,904 🔮 Guessed: info@sausaautorepair.wixsite.com — USA Auto Repair
2026-05-12 14:34:00,799 Hunter.io rate limited — pausing 60s
2026-05-12 14:35:01,169 🔮 Guessed: info@mikesdowntowngarage.com — Mike's Downtown Garage
2026-05-12 14:35:01,888 Hunter.io rate limited — pausing 60s
2026-05-12 14:36:02,292 🔮 Guessed: info@victorsservicecenter.com — Victor's Service Center Inc
2026-05-12 14:36:03,232 Hunter.io rate limited — pausing 60s
2026-05-12 14:37:03,628 🔮 Guessed: info@eurasianautorepair.com — Eurasian Auto Repair
2026-05-12 14:37:04,369 Hunter.io rate limited — pausing 60s
2026-05-12 14:38:04,776 🔮 Guessed: info@autoworksatx.com — AutoWorks
2026-05-12 14:38:05,664 Hunter.io rate limited — pausing 60s
2026-05-12 14:39:06,061 🔮 Guessed: info@kingdomautorepairtx.com — Kingdom Auto Repair Service
2026-05-12 14:39:06,569 
==================================================
2026-05-12 14:39:06,570 ✅ Email finder complete
2026-05-12 14:39:06,570    API found:  0
2026-05-12 14:39:06,570    Guessed:    38
2026-05-12 14:39:06,570    Total:      38
2026-05-12 14:39:06,570 ==================================================

