2026-04-29 14:00:22,896 🔍 Finding emails for 50 leads...
2026-04-29 14:00:23,761 ✅ Hunter found: mkeenan@divinemedspa.com (score: 94) — Divine Aesthetics Med Spa
2026-04-29 14:00:24,759 🔮 Guessed: info@pariemedspa.com — Parie Med Spa
2026-04-29 14:00:25,662 🔮 Guessed: info@agelesslasvegas.com — Ageless Las Vegas
2026-04-29 14:00:26,741 ✅ Hunter found: houston@nakedmd.com (score: 90) — NakedMD Med Spa Las Vegas
2026-04-29 14:00:28,229 🔮 Guessed: info@flawlessmedspas.com — Flawless Medspa Las Vegas
2026-04-29 14:00:29,613 🔮 Guessed: info@sikaramedspa.com — Sikara Medspa
2026-04-29 14:00:30,581 🔮 Guessed: info@alenamedspa.com — Alena Medspa Las Vegas by Alonso Medical Center
2026-04-29 14:00:31,511 ✅ Hunter found: gbrennan@kalologie.com (score: 91) — Kalologie | ARIA Resort | IV Therapy & More
2026-04-29 14:00:32,467 🔮 Guessed: info@beautyfactorymedspa.com — Beauty Factory Medspa
2026-04-29 14:00:33,231 🔮 Guessed: info@medspa-lv.com — Medspa LV
2026-04-29 14:00:34,288 ✅ Hunter found: kristina@beautifulmedspa.com (score: 99) — Beautiful Med Spa
2026-04-29 14:00:35,121 🔮 Guessed: info@modernalaser.com — Moderna Laser & Med Spa
2026-04-29 14:00:35,923 🔮 Guessed: info@theaestheticslabmedspa.com — The Aesthetics Lab Med Spa & Wellness
2026-04-29 14:00:36,807 ✅ Hunter found: sarah@bhrcenter.com (score: 99) — Beverly Hills Rejuvenation Center - Summerlin
2026-04-29 14:00:37,604 🔮 Guessed: info@centerforaestheticmedicine.com — Center For Aesthetic Medicine
2026-04-29 14:00:38,378 🔮 Guessed: info@musamedspa.com — Musa Med Spa
2026-04-29 14:00:39,295 🔮 Guessed: info@richardscosmeticsurgery.com — Richards Cosmetic Surgery
2026-04-29 14:00:40,130 ✅ Hunter found: peggy@simplyradiant-lv.com (score: 99) — Simply Radiant Med Spa
2026-04-29 14:00:40,925 🔮 Guessed: info@hwmspa.com — Hollywood Wellness Med Spa
2026-04-29 14:00:41,712 🔮 Guessed: info@elyziummedspa.com — Elyzium Med Spa
2026-04-29 14:00:42,516 ✅ Hunter found: mgardineer@vivida.com (score: 98) — Vivida Dermatology
2026-04-29 14:00:43,296 🔮 Guessed: info@renewmedicalspalv.com — Renew Medical Spa
2026-04-29 14:00:44,054 🔮 Guessed: info@azzuremedspa.com — Azzure Med Spa Las Vegas
2026-04-29 14:00:44,812 🔮 Guessed: info@bluepointmedicalspa.com — bluepoint medical spa
2026-04-29 14:00:45,611 🔮 Guessed: info@medicismedicalspa.com — Medicis Medical Spa
2026-04-29 14:00:47,737 🔮 Guessed: info@massage1byatouchoflasvegasspa.com — Massage1 by A Touch of Las Vegas Spa
2026-04-29 14:00:48,563 ✅ Hunter found: gbrennan@kalologie.com (score: 91) — Kalologie | The Bellagio | IV Therapy & More
2026-04-29 14:00:49,313 🔮 Guessed: info@inspire-medspa.com — Inspire Med Spa & Aesthetics
2026-04-29 14:00:50,077 🔮 Guessed: info@dermabellamedicalspa.com — DermaBella Medical Spa
2026-04-29 14:00:50,837 🔮 Guessed: info@unicornmedispa.com — Unicorn Medical Weight Loss & Medi Spa
2026-04-29 14:00:52,363 🔮 Guessed: info@5yearsyounger.com — 5 Years Younger
2026-04-29 14:00:53,123 🔮 Guessed: info@lasvegasskinpros.com — Las Vegas Skin Pros Med Spa
2026-04-29 14:00:53,915 🔮 Guessed: info@regenerateme.com — Regenerate Me IV | The Venetian Grand Canal Shoppes
2026-04-29 14:00:54,654 🔮 Guessed: info@newulasvegas.com — New U Natural Beauty
2026-04-29 14:00:55,397 🔮 Guessed: info@luremedicalspa.com — Lure Boutique Medical Spa
2026-04-29 14:00:56,249 ✅ Hunter found: summer@richlandmd.com (score: 95) — Richland Aesthetics Luxury Med Spa Las Vegas
2026-04-29 14:00:57,004 🔮 Guessed: info@mayraalmontemsw.com — Mayra Almonte MedSpa & Wellness Center
2026-04-29 14:00:57,766 🔮 Guessed: info@lybms.com — Love Your Body Medical Spa: Divina Averilla, MD
2026-04-29 14:00:58,585 🔮 Guessed: info@imagenlaser.com — Imagen Medi Spa & Beauty Salon
2026-04-29 14:00:59,454 ✅ Hunter found: noah@pushiv.com (score: 99) — Push IV Hydration Las Vegas
2026-04-29 14:01:00,456 ✅ Hunter found: drez@apexmedicalspa.com (score: 60) — Apex Medical Spa
2026-04-29 14:01:00,967 
==================================================
2026-04-29 14:01:00,967 ✅ Email finder complete
2026-04-29 14:01:00,967    API found:  11
2026-04-29 14:01:00,967    Guessed:    30
2026-04-29 14:01:00,967    Total:      41
2026-04-29 14:01:00,967 ==================================================

