2026-04-28 14:00:23,337 🔍 Finding emails for 50 leads...
2026-04-28 14:00:23,898 ✅ Hunter found: praveen@sanjivamedspa.com (score: 99) — Sanjiva Medical Spa
2026-04-28 14:00:24,830 🔮 Guessed: info@bellamedspadfw.com — Bella MedSpa - Dallas MedSpa
2026-04-28 14:00:25,702 ✅ Hunter found: haley.pakan@secretmedspa.com (score: 94) — It's A Secret Med Spa
2026-04-28 14:00:26,749 🔮 Guessed: info@dallas.wellabsplus.com — Well Labs+ Medspa Dallas
2026-04-28 14:00:27,492 🔮 Guessed: info@vitalyc.com — Vitalyc Medspa | Highland Park
2026-04-28 14:00:28,956 ✅ Hunter found: hiddenbeauty@rejuvemedspa.com (score: 99) — Rejuve Med Spa
2026-04-28 14:00:29,999 🔮 Guessed: info@modernmedicalspa.com — Modern Medical Spa
2026-04-28 14:00:30,824 ✅ Hunter found: amy@umedspa.com (score: 66) — U Med Spa
2026-04-28 14:00:31,858 ✅ Hunter found: tamara@upkeepmedspa.com (score: 92) — UPKEEP Med Spa
2026-04-28 14:00:32,658 ✅ Hunter found: houston@nakedmd.com (score: 90) — NakedMD Med Spa Dallas
2026-04-28 14:00:33,513 ✅ Hunter found: marie@skinspamed.com (score: 99) — SkinSpaMED
2026-04-28 14:00:34,504 ✅ Hunter found: mick@dermanimedspa.com (score: 99) — dermani MEDSPA® Preston Hollow
2026-04-28 14:00:35,365 🔮 Guessed: info@omnisculptmd.com — OMNI SCULPT MD: Med Spa
2026-04-28 14:00:36,260 ✅ Hunter found: mia@dallasskincentre.com (score: 93) — ZO Skin Centre
2026-04-28 14:00:37,252 🔮 Guessed: info@unicornmedspa.com — Unicorn MedSpa
2026-04-28 14:00:38,131 🔮 Guessed: info@thescienceofbeauty.co — The Science of Beauty
2026-04-28 14:00:38,958 ✅ Hunter found: alicia@dalluremedspa.com (score: 99) — D'Allure Medspa
2026-04-28 14:00:39,764 ✅ Hunter found: ed@bodyloungeparkcities.com (score: 66) — Body Lounge Park Cities - Whole Body Wellness & Medical Aesthetics, Dallas, TX
2026-04-28 14:00:40,583 ✅ Hunter found: erosen@skinspirit.com (score: 99) — SkinSpirit West Village Dallas
2026-04-28 14:00:42,444 ✅ Hunter found: louise@renewbeautymedspa.com (score: 94) — Renew Beauty
2026-04-28 14:00:43,337 ✅ Hunter found: sonya@thelabmedspa.com (score: 99) — the L.A.B. med spa Dallas
2026-04-28 14:00:44,165 ✅ Hunter found: peyton@vivwellness.com (score: 99) — VIV Wellness
2026-04-28 14:00:45,061 ✅ Hunter found: lauren@houseofpreservation.com (score: 99) — house of preservation
2026-04-28 14:00:45,849 ✅ Hunter found: rjacob@totalmedsolutions.com (score: 99) — Total Med Solutions
2026-04-28 14:00:46,599 🔮 Guessed: info@rejuviawellness.com — Rejuvia Wellness and Medical Spa
2026-04-28 14:00:47,389 ✅ Hunter found: tara.wepking@ovme.com (score: 94) — OVME
2026-04-28 14:00:48,177 ✅ Hunter found: rjacob@totalmedsolutions.com (score: 99) — Total Med Solutions
2026-04-28 14:00:48,915 🔮 Guessed: info@elitemedspaoftexas.com — Elite Med Spa of Texas
2026-04-28 14:00:49,681 🔮 Guessed: info@ultimateimagemedspa.com — Ultimate Image MedSpa
2026-04-28 14:00:50,545 ✅ Hunter found: laurence.humphries@viomedspa.com (score: 99) — VIO Med Spa
2026-04-28 14:00:51,484 🔮 Guessed: info@ayaskin.com — AYA Medical Spa Snider Plaza - Highland Park
2026-04-28 14:00:52,251 🔮 Guessed: info@revivepcms.com — Revive Primary Care & Med Spa - Highland Park
2026-04-28 14:00:53,023 🔮 Guessed: info@suremedaes.com — SureMED Aesthetics
2026-04-28 14:00:54,010 ✅ Hunter found: minna@purespaandsalon.com (score: 42) — Pure Spa
2026-04-28 14:00:54,782 🔮 Guessed: info@embermedspadallas.com — Ember Medical Spa
2026-04-28 14:00:56,306 🔮 Guessed: info@thelookmedspalv.com — The Look Med Spa
2026-04-28 14:00:57,171 ✅ Hunter found: amir.yanay@novuskin.com (score: 98) — Novuskin Med Spa
2026-04-28 14:00:57,987 ✅ Hunter found: joi@advancedaestheticslv.com (score: 91) — Advanced Aesthetics
2026-04-28 14:00:58,783 🔮 Guessed: info@chiclavie.com — Chic la Vie
2026-04-28 14:00:59,561 🔮 Guessed: info@themedspalasvegas.com — The Med Spa
2026-04-28 14:01:00,285 🔮 Guessed: info@skinlv.com — SKIN Las Vegas Med Spa
2026-04-28 14:01:00,793 
==================================================
2026-04-28 14:01:00,794 ✅ Email finder complete
2026-04-28 14:01:00,794    API found:  23
2026-04-28 14:01:00,794    Guessed:    18
2026-04-28 14:01:00,794    Total:      41
2026-04-28 14:01:00,794 ==================================================

