2026-05-20 14:00:23,554 🔍 Finding emails for 50 leads...
2026-05-20 14:00:23,953 Hunter.io rate limited — pausing 60s
2026-05-20 14:01:24,480 🔮 Guessed: info@wexnermedical.osu.edu — Ohio State Outpatient Care East
2026-05-20 14:01:25,232 Hunter.io rate limited — pausing 60s
2026-05-20 14:02:25,667 🔮 Guessed: info@standforanimals.org — Stand For Animals Veterinary Clinic
2026-05-20 14:02:26,560 Hunter.io rate limited — pausing 60s
2026-05-20 14:03:26,916 🔮 Guessed: info@charlotte.carolinavet.com — Carolina Veterinary Specialists Charlotte
2026-05-20 14:03:27,645 Hunter.io rate limited — pausing 60s
2026-05-20 14:04:28,092 🔮 Guessed: info@petfolk.com — Petfolk Veterinary & Urgent Care - SouthPark
2026-05-20 14:04:28,944 Hunter.io rate limited — pausing 60s
2026-05-20 14:05:29,357 🔮 Guessed: info@carecharlotte.com — CARE | Charlotte Animal Referral & Emergency
2026-05-20 14:05:30,097 Hunter.io rate limited — pausing 60s
2026-05-20 14:06:30,473 🔮 Guessed: info@independenceveterinaryclinic.com — Independence Veterinary Clinic
2026-05-20 14:06:31,338 Hunter.io rate limited — pausing 60s
2026-05-20 14:07:31,738 🔮 Guessed: info@armstronganimalclinic.com — Armstrong Animal Clinic
2026-05-20 14:07:32,740 Hunter.io rate limited — pausing 60s
2026-05-20 14:08:33,111 🔮 Guessed: info@southendvet.com — South End Veterinary Clinic
2026-05-20 14:08:33,881 Hunter.io rate limited — pausing 60s
2026-05-20 14:09:34,343 🔮 Guessed: info@epictailsvet.com — Epic Tails Veterinary Clinic
2026-05-20 14:09:35,209 Hunter.io rate limited — pausing 60s
2026-05-20 14:10:35,576 🔮 Guessed: info@goodvets.com — GoodVets Montford
2026-05-20 14:10:36,276 Hunter.io rate limited — pausing 60s
2026-05-20 14:11:36,731 🔮 Guessed: info@arkvetllc.com — Ark Veterinary Services PLLC
2026-05-20 14:11:37,495 Hunter.io rate limited — pausing 60s
2026-05-20 14:12:37,866 🔮 Guessed: info@veg.com — VEG ER for Pets
2026-05-20 14:12:38,704 Hunter.io rate limited — pausing 60s
2026-05-20 14:13:39,092 🔮 Guessed: info@cityvet.com — CityVet | Charlotte Uptown Veterinary Clinic & Urgent Care
2026-05-20 14:13:39,987 Hunter.io rate limited — pausing 60s
2026-05-20 14:14:40,333 🔮 Guessed: info@harrisblvdveterinaryclinic.com — Harris Boulevard Veterinary Clinic
2026-05-20 14:14:41,211 Hunter.io rate limited — pausing 60s
2026-05-20 14:15:41,628 🔮 Guessed: info@matthews.carolinavet.com — Carolina Veterinary Specialists Matthews
2026-05-20 14:15:42,322 Hunter.io rate limited — pausing 60s
2026-05-20 14:16:42,714 🔮 Guessed: info@spayneutercarolinas.com — Spay Neuter Clinic of the Carolinas
2026-05-20 14:16:43,467 Hunter.io rate limited — pausing 60s
2026-05-20 14:17:43,806 🔮 Guessed: info@cltvets.com — CLT Vets
2026-05-20 14:17:44,724 Hunter.io rate limited — pausing 60s
2026-05-20 14:18:45,062 🔮 Guessed: info@pinevilleanimalclinic.com — Pineville Animal Clinic
2026-05-20 14:18:45,916 Hunter.io rate limited — pausing 60s
2026-05-20 14:19:46,288 🔮 Guessed: info@matthewsanimalclinic.com — Matthews Animal Clinic
2026-05-20 14:19:47,034 Hunter.io rate limited — pausing 60s
2026-05-20 14:20:47,489 🔮 Guessed: info@charlottenaturalanimal.com — Charlotte Natural Animal Clinic
2026-05-20 14:20:48,381 Hunter.io rate limited — pausing 60s
2026-05-20 14:21:48,768 🔮 Guessed: info@thrivepetcare.com — Plantation Animal Clinic
2026-05-20 14:21:49,672 Hunter.io rate limited — pausing 60s
2026-05-20 14:22:50,102 🔮 Guessed: info@goodvets.com — GoodVets Myers Park
2026-05-20 14:22:50,910 Hunter.io rate limited — pausing 60s
2026-05-20 14:23:51,304 🔮 Guessed: info@goodvets.com — GoodVets Plaza Midwood
2026-05-20 14:23:52,185 Hunter.io rate limited — pausing 60s
2026-05-20 14:24:52,525 🔮 Guessed: info@averyanimalclinic.com — Avery Animal Clinic
2026-05-20 14:24:53,436 Hunter.io rate limited — pausing 60s
2026-05-20 14:25:54,126 🔮 Guessed: info@cityvet.com — CityVet | Lower South End
2026-05-20 14:25:55,031 Hunter.io rate limited — pausing 60s
2026-05-20 14:26:55,376 🔮 Guessed: info@mobilevet.com — Mobile Vet Clinic-Charlotte NC
2026-05-20 14:26:56,252 Hunter.io rate limited — pausing 60s
2026-05-20 14:27:56,660 🔮 Guessed: info@stores.petco.com — Vetco Vaccination Clinic
2026-05-20 14:27:57,394 Hunter.io rate limited — pausing 60s
2026-05-20 14:28:57,808 🔮 Guessed: info@longanimal.com — Dr. Brad Brown, DVM
2026-05-20 14:28:58,696 Hunter.io rate limited — pausing 60s
2026-05-20 14:29:59,064 🔮 Guessed: info@bigtimetattoos.com — Big Time Tattoos and Piercings
2026-05-20 14:29:59,953 Hunter.io rate limited — pausing 60s
2026-05-20 14:31:00,355 🔮 Guessed: info@theartistryrealm.com — The Artistry Realm Tattoo & Art Studio
2026-05-20 14:31:01,120 Hunter.io rate limited — pausing 60s
2026-05-20 14:32:01,481 🔮 Guessed: info@cleopatraink.com — Cleopatra Ink Tattoo & Piercing Indianapolis Studio
2026-05-20 14:32:02,375 Hunter.io rate limited — pausing 60s
2026-05-20 14:33:02,772 🔮 Guessed: info@indianapoliscustomtattoos.com — Flink's Ink Tattoo and Piercings
2026-05-20 14:33:03,659 Hunter.io rate limited — pausing 60s
2026-05-20 14:34:04,079 🔮 Guessed: info@linktr.ee — Inkfam Tattoo Gallery
2026-05-20 14:34:04,848 Hunter.io rate limited — pausing 60s
2026-05-20 14:35:05,245 🔮 Guessed: info@masterworktattoo.net — MASTERWORK TATTOO
2026-05-20 14:35:05,974 Hunter.io rate limited — pausing 60s
2026-05-20 14:36:06,345 🔮 Guessed: info@fountainsquaretattoo.com — Fountain Square Tattoo
2026-05-20 14:36:06,854 
==================================================
2026-05-20 14:36:06,854 ✅ Email finder complete
2026-05-20 14:36:06,854    API found:  0
2026-05-20 14:36:06,854    Guessed:    35
2026-05-20 14:36:06,854    Total:      35
2026-05-20 14:36:06,854 ==================================================

