2026-05-11 14:00:21,168 🔍 Finding emails for 50 leads...
2026-05-11 14:00:21,780 Hunter.io rate limited — pausing 60s
2026-05-11 14:01:22,162 🔮 Guessed: info@decodenversalon.com — DECO Denver Salon
2026-05-11 14:01:23,037 Hunter.io rate limited — pausing 60s
2026-05-11 14:02:23,401 🔮 Guessed: info@theorganicsalondenver.com — The Organic Salon Denver
2026-05-11 14:02:24,282 Hunter.io rate limited — pausing 60s
2026-05-11 14:03:24,676 🔮 Guessed: info@letemhaveitsalon.com — Let Em Have It Salon ✂
2026-05-11 14:03:25,436 Hunter.io rate limited — pausing 60s
2026-05-11 14:04:25,791 🔮 Guessed: info@villagesalonden.com — Village Salon
2026-05-11 14:04:26,680 Hunter.io rate limited — pausing 60s
2026-05-11 14:05:27,057 🔮 Guessed: info@liftedsalonandspa.com — Lifted Salon and Spa
2026-05-11 14:05:27,781 Hunter.io rate limited — pausing 60s
2026-05-11 14:06:28,113 🔮 Guessed: info@blondiessalondenver.com — Blondies Beauty Bar
2026-05-11 14:06:29,028 Hunter.io rate limited — pausing 60s
2026-05-11 14:07:29,420 🔮 Guessed: info@islasalon.com — Isla Salon ✂
2026-05-11 14:07:30,284 Hunter.io rate limited — pausing 60s
2026-05-11 14:08:30,927 🔮 Guessed: info@threecutters.com — Three Cutters Capitol Hill
2026-05-11 14:08:31,778 Hunter.io rate limited — pausing 60s
2026-05-11 14:09:31,977 🔮 Guessed: info@thefactoryhairsalon.com — The Factory Hair Salon ✂
2026-05-11 14:09:32,824 Hunter.io rate limited — pausing 60s
2026-05-11 14:10:33,195 🔮 Guessed: info@theparlour.net — The Parlour Wash Park
2026-05-11 14:10:34,037 Hunter.io rate limited — pausing 60s
2026-05-11 14:11:34,428 🔮 Guessed: info@adorndenver.com — Adorn Salon Denver ✂
2026-05-11 14:11:35,128 Hunter.io rate limited — pausing 60s
2026-05-11 14:12:35,501 🔮 Guessed: info@thelookbeautymedspadenver.com — THE LOOK Beauty and Med Spa
2026-05-11 14:12:36,241 Hunter.io rate limited — pausing 60s
2026-05-11 14:13:36,569 🔮 Guessed: info@junodenver.com — Juno Salon ✂
2026-05-11 14:13:37,427 Hunter.io rate limited — pausing 60s
2026-05-11 14:14:37,770 🔮 Guessed: info@salonmodacapellidenver.com — Salon Moda Capelli Denver ✂
2026-05-11 14:14:38,648 Hunter.io rate limited — pausing 60s
2026-05-11 14:15:39,003 🔮 Guessed: info@cultofmane.salon — Cult of Mane
2026-05-11 14:15:39,917 Hunter.io rate limited — pausing 60s
2026-05-11 14:16:40,266 🔮 Guessed: info@3littlebirdssalon.com — 3 Little Birds Salon ✂
2026-05-11 14:16:41,145 Hunter.io rate limited — pausing 60s
2026-05-11 14:17:41,512 🔮 Guessed: info@myhairtrip.com — My Hair Trip ✂
2026-05-11 14:17:42,432 Hunter.io rate limited — pausing 60s
2026-05-11 14:18:42,774 🔮 Guessed: info@flauntsalondenver.com — Flaunt Salon ✂
2026-05-11 14:18:43,676 Hunter.io rate limited — pausing 60s
2026-05-11 14:19:44,194 🔮 Guessed: info@envoguesalondenver.com — Envogue Salon ✂
2026-05-11 14:19:44,930 Hunter.io rate limited — pausing 60s
2026-05-11 14:20:45,285 🔮 Guessed: info@fluffbar.com — Fluff Colour Salon
2026-05-11 14:20:46,262 Hunter.io rate limited — pausing 60s
2026-05-11 14:21:46,892 🔮 Guessed: info@altardbeauty.glossgenius.com — Altar'd Beauty Luxury Hair Salon
2026-05-11 14:21:47,612 Hunter.io rate limited — pausing 60s
2026-05-11 14:22:48,076 🔮 Guessed: info@rebelsalondenver.com — Rebel Salon
2026-05-11 14:22:48,783 Hunter.io rate limited — pausing 60s
2026-05-11 14:23:49,206 🔮 Guessed: info@synergysalonanddayspa.com — Synergy Salon & Day Spa
2026-05-11 14:23:50,097 Hunter.io rate limited — pausing 60s
2026-05-11 14:24:50,465 🔮 Guessed: info@thebadkittiesalon.com — The Bad Kittie Salon
2026-05-11 14:24:51,369 Hunter.io rate limited — pausing 60s
2026-05-11 14:25:51,774 🔮 Guessed: info@salonsopris.com — Salon Sopris
2026-05-11 14:25:52,469 Hunter.io rate limited — pausing 60s
2026-05-11 14:26:52,845 🔮 Guessed: info@holisticsalon.co — Holistic Salon
2026-05-11 14:26:53,557 Hunter.io rate limited — pausing 60s
2026-05-11 14:27:53,898 🔮 Guessed: info@primeconstructiongc.com — Prime Construction & General Contractors LLC
2026-05-11 14:27:54,792 Hunter.io rate limited — pausing 60s
2026-05-11 14:28:55,133 🔮 Guessed: info@eliteconstructionusa.com — ELITE Construction
2026-05-11 14:28:55,978 Hunter.io rate limited — pausing 60s
2026-05-11 14:29:56,336 🔮 Guessed: info@icodallas.com — ICO Construction & Remodeling Dallas TX
2026-05-11 14:29:57,227 Hunter.io rate limited — pausing 60s
2026-05-11 14:30:57,591 🔮 Guessed: info@callspecialty.com — Specialty Contractors Inc.
2026-05-11 14:30:58,451 Hunter.io rate limited — pausing 60s
2026-05-11 14:31:58,813 🔮 Guessed: info@ongroupconstructions.com — ON Group Remodeling & Construction
2026-05-11 14:31:59,674 Hunter.io rate limited — pausing 60s
2026-05-11 14:33:00,096 🔮 Guessed: info@bodnarconstruction.net — Bodnar Construction LLC
2026-05-11 14:33:00,946 Hunter.io rate limited — pausing 60s
2026-05-11 14:34:01,283 🔮 Guessed: info@ccrbarry.com — Creative Construction Remodeling
2026-05-11 14:34:02,175 Hunter.io rate limited — pausing 60s
2026-05-11 14:35:02,550 🔮 Guessed: info@rbconstructionusa.com — RB Construction USA LLC
2026-05-11 14:35:03,288 Hunter.io rate limited — pausing 60s
2026-05-11 14:36:03,675 🔮 Guessed: info@luckyconstruction.com — Lucky Construction Inc
2026-05-11 14:36:04,423 Hunter.io rate limited — pausing 60s
2026-05-11 14:37:04,771 🔮 Guessed: info@unitedroofers.co — United Roofing & General Contractors
2026-05-11 14:37:05,503 Hunter.io rate limited — pausing 60s
2026-05-11 14:38:05,870 🔮 Guessed: info@unitedblackcontractors.com — United Black Contractors Inc.
2026-05-11 14:38:06,575 Hunter.io rate limited — pausing 60s
2026-05-11 14:39:06,942 🔮 Guessed: info@triarc-llc.com — TriArc Construction
2026-05-11 14:39:07,819 Hunter.io rate limited — pausing 60s
2026-05-11 14:40:08,196 🔮 Guessed: info@vertexroofers.com — Vertex Roofers and General Contractors
2026-05-11 14:40:08,704 
==================================================
2026-05-11 14:40:08,704 ✅ Email finder complete
2026-05-11 14:40:08,704    API found:  0
2026-05-11 14:40:08,705    Guessed:    39
2026-05-11 14:40:08,705    Total:      39
2026-05-11 14:40:08,705 ==================================================

