2026-04-23 14:00:20,670 🔍 Finding emails for 50 leads...
2026-04-23 14:00:21,074 Hunter.io rate limited — pausing 60s
2026-04-23 14:01:21,476 🔮 Guessed: info@improveitatl.com — ImproveIT! of Atlanta
2026-04-23 14:01:22,207 Hunter.io rate limited — pausing 60s
2026-04-23 14:02:22,554 🔮 Guessed: info@fraserroofingllc.com — Fraser Roofing, LLC
2026-04-23 14:02:23,436 Hunter.io rate limited — pausing 60s
2026-04-23 14:03:23,806 🔮 Guessed: info@stormroofsystems.com — StormROOF Systems
2026-04-23 14:03:24,547 Hunter.io rate limited — pausing 60s
2026-04-23 14:04:24,915 🔮 Guessed: info@georgiaroofadvisors.com — Georgia Roof Advisors
2026-04-23 14:04:25,638 Hunter.io rate limited — pausing 60s
2026-04-23 14:05:26,038 🔮 Guessed: info@absoluteroofingservices.com — Absolute Commercial Roofing
2026-04-23 14:05:27,211 Hunter.io rate limited — pausing 60s
2026-04-23 14:06:27,791 🔮 Guessed: info@atlantaersroofing.co — Atlanta Expert Roofing Solutions
2026-04-23 14:06:28,665 Hunter.io rate limited — pausing 60s
2026-04-23 14:07:29,077 🔮 Guessed: info@mpcroofing.com — MPC Construction
2026-04-23 14:07:29,814 Hunter.io rate limited — pausing 60s
2026-04-23 14:08:30,169 🔮 Guessed: info@rosiesroofing.com — Rosie's Roofing and Restoration
2026-04-23 14:08:31,050 Hunter.io rate limited — pausing 60s
2026-04-23 14:09:31,460 🔮 Guessed: info@lbroof.com — LB Roofing & Construction
2026-04-23 14:09:32,336 Hunter.io rate limited — pausing 60s
2026-04-23 14:10:32,921 🔮 Guessed: info@garciaroofrepair.site — Garcia & Sons Roof Repair
2026-04-23 14:10:33,795 Hunter.io rate limited — pausing 60s
2026-04-23 14:11:34,234 🔮 Guessed: info@rnrroofing.us — Remove & Replace, LLC
2026-04-23 14:11:35,084 Hunter.io rate limited — pausing 60s
2026-04-23 14:12:35,428 🔮 Guessed: info@atlantametroroofing.com — Atlanta Metro Roofing
2026-04-23 14:12:36,290 Hunter.io rate limited — pausing 60s
2026-04-23 14:13:36,660 🔮 Guessed: info@thenewroof.com — The New Roof
2026-04-23 14:13:37,571 Hunter.io rate limited — pausing 60s
2026-04-23 14:14:37,980 🔮 Guessed: info@navarroroofers.com — Navarro Brothers LLC
2026-04-23 14:14:38,866 Hunter.io rate limited — pausing 60s
2026-04-23 14:15:39,243 🔮 Guessed: info@regrs.com — Regal Roofing
2026-04-23 14:15:40,093 Hunter.io rate limited — pausing 60s
2026-04-23 14:16:40,488 🔮 Guessed: info@garoofingandrepair.com — Georgia Roofing & Repair, Inc.
2026-04-23 14:16:41,178 Hunter.io rate limited — pausing 60s
2026-04-23 14:17:41,525 🔮 Guessed: info@williamsroofingllc.site — Williams Brothers LLC
2026-04-23 14:17:42,231 Hunter.io rate limited — pausing 60s
2026-04-23 14:18:42,608 🔮 Guessed: info@atlantaroofing.com — Atlanta Roofing and Remodeling Inc.
2026-04-23 14:18:43,511 Hunter.io rate limited — pausing 60s
2026-04-23 14:19:43,893 🔮 Guessed: info@clarkroofers.best — Clark & Sons LLC
2026-04-23 14:19:44,762 Hunter.io rate limited — pausing 60s
2026-04-23 14:20:45,143 🔮 Guessed: info@simmonsroofing.best — Simmons & Sons Roofing LLC
2026-04-23 14:20:45,875 Hunter.io rate limited — pausing 60s
2026-04-23 14:21:46,238 🔮 Guessed: info@whitcoroofing.com — Whitco Roofing, Inc.
2026-04-23 14:21:47,087 Hunter.io rate limited — pausing 60s
2026-04-23 14:22:47,438 🔮 Guessed: info@adamsonroofingcompany.com — Adamson Roofing Company
2026-04-23 14:22:48,194 Hunter.io rate limited — pausing 60s
2026-04-23 14:23:48,581 🔮 Guessed: info@ethosmiami.com — Salon Ethos
2026-04-23 14:23:49,500 Hunter.io rate limited — pausing 60s
2026-04-23 14:24:49,873 🔮 Guessed: info@studio-dbrickell.com — Studio-D Brickell
2026-04-23 14:24:50,598 Hunter.io rate limited — pausing 60s
2026-04-23 14:25:51,005 🔮 Guessed: info@avantgardesalonandspa.com — Avant-Garde Salon & Spa
2026-04-23 14:25:51,868 Hunter.io rate limited — pausing 60s
2026-04-23 14:26:52,223 🔮 Guessed: info@stubbornhair.com — Stubborn Hair
2026-04-23 14:26:53,112 Hunter.io rate limited — pausing 60s
2026-04-23 14:27:53,515 🔮 Guessed: info@europahairstudio.com — Europa Hair Studio Miami
2026-04-23 14:27:54,264 Hunter.io rate limited — pausing 60s
2026-04-23 14:28:54,680 🔮 Guessed: info@truehairmiami.zoca.com — True Hair Miami Salon
2026-04-23 14:28:55,565 Hunter.io rate limited — pausing 60s
2026-04-23 14:29:55,925 🔮 Guessed: info@igkhair.com — IGK SALON
2026-04-23 14:29:56,667 Hunter.io rate limited — pausing 60s
2026-04-23 14:30:57,091 🔮 Guessed: info@peteralexandersalon.com — Peter Alexander Salon
2026-04-23 14:30:57,807 Hunter.io rate limited — pausing 60s
2026-04-23 14:31:58,178 🔮 Guessed: info@labsalon.miami — LAB Salon Miami
2026-04-23 14:31:59,024 Hunter.io rate limited — pausing 60s
2026-04-23 14:32:59,393 🔮 Guessed: info@booking.mangomint.com — STATUS Hair Studio - Brickell
2026-04-23 14:33:00,262 Hunter.io rate limited — pausing 60s
2026-04-23 14:34:00,650 🔮 Guessed: info@hairportsmiami.com — Hairports_Miami
2026-04-23 14:34:01,369 Hunter.io rate limited — pausing 60s
2026-04-23 14:35:01,783 🔮 Guessed: info@elitestyles.com — Elite Styles
2026-04-23 14:35:02,886 Hunter.io rate limited — pausing 60s
2026-04-23 14:36:03,257 🔮 Guessed: info@hellobeautyconcept.com — Hello Beauty Concept
2026-04-23 14:36:04,348 Hunter.io rate limited — pausing 60s
2026-04-23 14:37:04,695 🔮 Guessed: info@houseofmane.com — House of Mane
2026-04-23 14:37:05,565 Hunter.io rate limited — pausing 60s
2026-04-23 14:38:05,956 🔮 Guessed: info@ninettestudio.com — Ninette Hair Studio
2026-04-23 14:38:06,811 Hunter.io rate limited — pausing 60s
2026-04-23 14:39:07,168 🔮 Guessed: info@ysvhairsalon.com — YSV Hair Salon & Spa
2026-04-23 14:39:08,036 Hunter.io rate limited — pausing 60s
2026-04-23 14:40:08,410 🔮 Guessed: info@hk-salon.com — HK SALON INC
2026-04-23 14:40:09,366 Hunter.io rate limited — pausing 60s
2026-04-23 14:41:09,720 🔮 Guessed: info@seandonaldsonhair.com — Sean Donaldson Salon - Brickell
2026-04-23 14:41:10,581 Hunter.io rate limited — pausing 60s
2026-04-23 14:42:10,924 🔮 Guessed: info@dannyjelaca.com — Danny Jelaca Salon
2026-04-23 14:42:11,670 Hunter.io rate limited — pausing 60s
2026-04-23 14:43:12,019 🔮 Guessed: info@orensalon.com — Oren Salon
2026-04-23 14:43:12,524 
==================================================
2026-04-23 14:43:12,524 ✅ Email finder complete
2026-04-23 14:43:12,524    API found:  0
2026-04-23 14:43:12,524    Guessed:    42
2026-04-23 14:43:12,524    Total:      42
2026-04-23 14:43:12,525 ==================================================

