2026-05-19 14:00:26,310 🔍 Finding emails for 50 leads...
2026-05-19 14:00:26,792 Hunter.io rate limited — pausing 60s
2026-05-19 14:01:27,260 🔮 Guessed: info@copcp.com — Central Ohio Primary Care Physical Therapy - Eastside
2026-05-19 14:01:28,253 Hunter.io rate limited — pausing 60s
2026-05-19 14:02:28,626 🔮 Guessed: info@affiliatept.com — Affiliate Physical Therapy at Crossfit Grandview
2026-05-19 14:02:29,508 Hunter.io rate limited — pausing 60s
2026-05-19 14:03:29,862 🔮 Guessed: info@wexnermedical.osu.edu — Ohio State Sports Medicine Therapy Jameson Crane Sports Medicine Institute
2026-05-19 14:03:30,741 Hunter.io rate limited — pausing 60s
2026-05-19 14:04:31,156 🔮 Guessed: info@copcp.com — Central Ohio Primary Care Physical Therapy - Polaris
2026-05-19 14:04:32,065 Hunter.io rate limited — pausing 60s
2026-05-19 14:05:32,468 🔮 Guessed: info@solephysicaltherapy.com — Sole Physical Therapy LLC
2026-05-19 14:05:33,529 Hunter.io rate limited — pausing 60s
2026-05-19 14:06:33,887 🔮 Guessed: info@athletico.com — Athletico Physical Therapy - Columbus (Hilliard)
2026-05-19 14:06:34,735 Hunter.io rate limited — pausing 60s
2026-05-19 14:07:35,113 🔮 Guessed: info@arsenalrehab.com — Arsenal Performance and Rehabilitation
2026-05-19 14:07:36,012 Hunter.io rate limited — pausing 60s
2026-05-19 14:08:36,367 🔮 Guessed: info@wexnermedical.osu.edu — OSU Sports Medicine and Rehabilitation- Campus
2026-05-19 14:08:37,067 Hunter.io rate limited — pausing 60s
2026-05-19 14:09:37,413 🔮 Guessed: info@p3physio.com — Peak Physiotherapy and Performance
2026-05-19 14:09:38,146 Hunter.io rate limited — pausing 60s
2026-05-19 14:10:38,404 🔮 Guessed: info@novacare.com — NovaCare Rehabilitation in partnership with OhioHealth - Grandview Heights
2026-05-19 14:10:39,141 Hunter.io rate limited — pausing 60s
2026-05-19 14:11:39,517 🔮 Guessed: info@614pelvicfloor.com — Columbus Pelvic Floor Physical Therapy
2026-05-19 14:11:40,393 Hunter.io rate limited — pausing 60s
2026-05-19 14:12:41,225 🔮 Guessed: info@wexnermedical.osu.edu — Ohio State Sports Medicine Rehabilitation RPAC
2026-05-19 14:12:42,102 Hunter.io rate limited — pausing 60s
2026-05-19 14:13:42,548 🔮 Guessed: info@botkinrehabservices.com — Botkin Rehab Services
2026-05-19 14:13:43,297 Hunter.io rate limited — pausing 60s
2026-05-19 14:14:44,137 🔮 Guessed: info@wexnermedical.osu.edu — Ohio State Sports Medicine Rehabilitation Jewish Community Center
2026-05-19 14:14:45,446 Hunter.io rate limited — pausing 60s
2026-05-19 14:15:45,829 🔮 Guessed: info@fm2us.com — Fitness Matters - Worthington
2026-05-19 14:15:46,575 Hunter.io rate limited — pausing 60s
2026-05-19 14:16:46,957 🔮 Guessed: info@fm2us.com — Fitness Matters - Grandview
2026-05-19 14:16:47,850 Hunter.io rate limited — pausing 60s
2026-05-19 14:17:48,281 🔮 Guessed: info@ptadvantage.com — Athletic Advantage Physical Therapy and Wellness Center
2026-05-19 14:17:49,047 Hunter.io rate limited — pausing 60s
2026-05-19 14:18:49,436 🔮 Guessed: info@wexnermedical.osu.edu — Ohio State Physical Medicine and Rehabilitation Martha Morehouse Outpatient Care
2026-05-19 14:18:50,371 Hunter.io rate limited — pausing 60s
2026-05-19 14:19:50,712 🔮 Guessed: info@graypt.com — Gray Performance Physio
2026-05-19 14:19:51,411 Hunter.io rate limited — pausing 60s
2026-05-19 14:20:52,234 🔮 Guessed: info@wexnermedical.osu.edu — Ohio State Pelvic Health Physical Therapy Outpatient Care Gahanna
2026-05-19 14:20:53,186 Hunter.io rate limited — pausing 60s
2026-05-19 14:21:53,568 🔮 Guessed: info@ohiohealth.com — McConnell Spine, Sport And Joint Center
2026-05-19 14:21:54,309 Hunter.io rate limited — pausing 60s
2026-05-19 14:22:54,699 🔮 Guessed: info@wexnermedical.osu.edu — Ohio State Orthopedic Urgent Care Jameson Crane Sports Medicine Institute
2026-05-19 14:22:55,601 Hunter.io rate limited — pausing 60s
2026-05-19 14:23:55,958 🔮 Guessed: info@ohiohealth.com — Ohiohealth Physical Therapy
2026-05-19 14:23:56,718 Hunter.io rate limited — pausing 60s
2026-05-19 14:24:57,047 🔮 Guessed: info@wexnermedical.osu.edu — Ohio State Sports Medicine Outpatient Care East
2026-05-19 14:24:57,930 Hunter.io rate limited — pausing 60s
2026-05-19 14:25:58,334 🔮 Guessed: info@athletico.com — Athletico Physical Therapy - Westerville
2026-05-19 14:25:59,519 Hunter.io rate limited — pausing 60s
2026-05-19 14:26:59,887 🔮 Guessed: info@faawc.com — Central Ohio Physical Therapy
2026-05-19 14:27:00,651 Hunter.io rate limited — pausing 60s
2026-05-19 14:28:01,098 🔮 Guessed: info@orthopedicone.com — Orthopedic ONE Westerville
2026-05-19 14:28:02,095 Hunter.io rate limited — pausing 60s
2026-05-19 14:29:02,513 🔮 Guessed: info@meyersportstherapy.com — Meyer Sports Therapy
2026-05-19 14:29:03,423 Hunter.io rate limited — pausing 60s
2026-05-19 14:30:03,948 🔮 Guessed: info@coremovespt.com — Core Moves Pelvic Floor PT and Pilates
2026-05-19 14:30:04,803 Hunter.io rate limited — pausing 60s
2026-05-19 14:31:05,177 🔮 Guessed: info@modernphysioohio.com — The Modern Physio
2026-05-19 14:31:05,888 Hunter.io rate limited — pausing 60s
2026-05-19 14:32:06,616 🔮 Guessed: info@orthofootankle.com — Orthopedic Foot & Ankle Center
2026-05-19 14:32:07,518 Hunter.io rate limited — pausing 60s
2026-05-19 14:33:07,914 🔮 Guessed: info@orthofootankle.com — Foot & Ankle Specialty Therapy
2026-05-19 14:33:08,665 Hunter.io rate limited — pausing 60s
2026-05-19 14:34:09,006 🔮 Guessed: info@elevateptperformance.com — Elevate Human Performance
2026-05-19 14:34:09,945 Hunter.io rate limited — pausing 60s
2026-05-19 14:35:10,437 🔮 Guessed: info@starrmfr.com — Starr MFR PT & Wellness
2026-05-19 14:35:11,397 Hunter.io rate limited — pausing 60s
2026-05-19 14:36:11,801 🔮 Guessed: info@athletico.com — Athletico Physical Therapy - Dublin
2026-05-19 14:36:12,730 Hunter.io rate limited — pausing 60s
2026-05-19 14:37:13,101 🔮 Guessed: info@wexnermedical.osu.edu — OSU Outpatient Rehab
2026-05-19 14:37:13,606 
==================================================
2026-05-19 14:37:13,607 ✅ Email finder complete
2026-05-19 14:37:13,607    API found:  0
2026-05-19 14:37:13,607    Guessed:    36
2026-05-19 14:37:13,607    Total:      36
2026-05-19 14:37:13,607 ==================================================

