2026-05-05 14:00:25,283 🔍 Finding emails for 50 leads...
2026-05-05 14:00:25,761 Hunter.io rate limited — pausing 60s
2026-05-05 14:01:26,141 🔮 Guessed: info@mackmd.com — Dr. William P. Mack, MD
2026-05-05 14:01:26,883 Hunter.io rate limited — pausing 60s
2026-05-05 14:02:27,291 🔮 Guessed: info@boseplasticsurgery.com — Lohith Bose, MD, FACS
2026-05-05 14:02:28,442 Hunter.io rate limited — pausing 60s
2026-05-05 14:03:28,782 🔮 Guessed: info@formationmed.com — Formation by Dr. Gopal Grandhige - Tampa Plastic Surgery Clinic
2026-05-05 14:03:29,632 Hunter.io rate limited — pausing 60s
2026-05-05 14:04:30,654 🔮 Guessed: info@politisplasticsurgery.com — Politis Plastic Surgery
2026-05-05 14:04:31,607 Hunter.io rate limited — pausing 60s
2026-05-05 14:05:31,949 🔮 Guessed: info@imagelift.com — ImageLift: Facial Plastic Surgery
2026-05-05 14:05:32,829 Hunter.io rate limited — pausing 60s
2026-05-05 14:06:33,239 🔮 Guessed: info@drmeegangruber.com — Gruber Plastic Surgery
2026-05-05 14:06:34,082 Hunter.io rate limited — pausing 60s
2026-05-05 14:07:34,457 🔮 Guessed: info@drcoberly.com — Dana Coberly
2026-05-05 14:07:35,456 Hunter.io rate limited — pausing 60s
2026-05-05 14:08:36,167 🔮 Guessed: info@castellanocosmeticsurgery.com — Dr. Joseph Castellano
2026-05-05 14:08:37,021 Hunter.io rate limited — pausing 60s
2026-05-05 14:09:37,382 🔮 Guessed: info@rejuveaesthetic.com — Rejuve Aesthetic Surgery
2026-05-05 14:09:38,281 Hunter.io rate limited — pausing 60s
2026-05-05 14:10:38,635 🔮 Guessed: info@kassmd.com — Tampa Bay Cosmetic Surgery Center
2026-05-05 14:10:39,376 Hunter.io rate limited — pausing 60s
2026-05-05 14:11:39,727 🔮 Guessed: info@drfarrior.com — Farrior Facial Plastic Surgery
2026-05-05 14:11:40,849 Hunter.io rate limited — pausing 60s
2026-05-05 14:12:41,218 🔮 Guessed: info@embodimentmedspa.com — Tampa Plastic Surgeon - Dr Mendoza
2026-05-05 14:12:42,089 Hunter.io rate limited — pausing 60s
2026-05-05 14:13:42,517 🔮 Guessed: info@hkplasticsurgery.com — Holcomb Kreithen Plastic Surgery and MedSpa - Tampa
2026-05-05 14:13:44,415 Hunter.io rate limited — pausing 60s
2026-05-05 14:14:44,803 🔮 Guessed: info@synergymd.com — SynergyMD
2026-05-05 14:14:45,680 Hunter.io rate limited — pausing 60s
2026-05-05 14:15:46,040 🔮 Guessed: info@adamscheinermd.com — Adam Scheiner MD
2026-05-05 14:15:46,932 Hunter.io rate limited — pausing 60s
2026-05-05 14:16:47,408 🔮 Guessed: info@vgsignatureart.com — VG Signature | Vipul Gargya, MD
2026-05-05 14:16:48,323 Hunter.io rate limited — pausing 60s
2026-05-05 14:17:48,682 🔮 Guessed: info@wattplasticsurgery.com — Meghan Murphy, PA-C
2026-05-05 14:17:49,585 Hunter.io rate limited — pausing 60s
2026-05-05 14:18:49,931 🔮 Guessed: info@doctorrosh.com — Oculofacial Surgery and Cosmetic Laser Institute Tampa
2026-05-05 14:18:50,659 Hunter.io rate limited — pausing 60s
2026-05-05 14:19:51,461 🔮 Guessed: info@fineryou.com — Finer You PA - Dr. Anahita Azharian, DO, MPH
2026-05-05 14:19:52,298 Hunter.io rate limited — pausing 60s
2026-05-05 14:20:52,682 🔮 Guessed: info@sonobello.com — Sono Bello Tampa
2026-05-05 14:20:53,591 Hunter.io rate limited — pausing 60s
2026-05-05 14:21:53,946 🔮 Guessed: info@foreveryoungtampa.com — Forever Young Aesthetics - Tampa
2026-05-05 14:21:54,813 Hunter.io rate limited — pausing 60s
2026-05-05 14:22:55,225 🔮 Guessed: info@vivifyps.com — VIVIFY Med Spa
2026-05-05 14:22:56,168 Hunter.io rate limited — pausing 60s
2026-05-05 14:23:56,544 🔮 Guessed: info@lecadatampa.com — Lecada Medical Artistry
2026-05-05 14:23:57,415 Hunter.io rate limited — pausing 60s
2026-05-05 14:24:57,759 🔮 Guessed: info@drmoffitt.com — Dr. Moriah R. Moffitt, MD
2026-05-05 14:24:58,614 Hunter.io rate limited — pausing 60s
2026-05-05 14:25:59,030 🔮 Guessed: info@drkarenwells.com — Karen E. Wells M.D., F.A.C.S
2026-05-05 14:25:59,779 Hunter.io rate limited — pausing 60s
2026-05-05 14:27:00,148 🔮 Guessed: info@drhalpern.com — Joshua A. Halpern, M.D. P.A.
2026-05-05 14:27:00,868 Hunter.io rate limited — pausing 60s
2026-05-05 14:28:01,283 🔮 Guessed: info@julianplasticsurgery.com — The Julian Institute of Plastic Surgery
2026-05-05 14:28:02,240 Hunter.io rate limited — pausing 60s
2026-05-05 14:29:02,677 🔮 Guessed: info@drruas.com — Ernesto J Ruas MD
2026-05-05 14:29:03,377 Hunter.io rate limited — pausing 60s
2026-05-05 14:30:03,777 🔮 Guessed: info@tampapalmsplasticsurgery.com — Gerard C. Mosiello MD
2026-05-05 14:30:04,646 Hunter.io rate limited — pausing 60s
2026-05-05 14:31:05,040 🔮 Guessed: info@thesmilesalon.net — The Smile Salon & Day Spa
2026-05-05 14:31:05,926 Hunter.io rate limited — pausing 60s
2026-05-05 14:32:06,296 🔮 Guessed: info@kansascitysmiles.com — Kansas City Smiles & Co
2026-05-05 14:32:07,152 Hunter.io rate limited — pausing 60s
2026-05-05 14:33:07,543 🔮 Guessed: info@johngoodmandds.net — John P. Goodman DDS
2026-05-05 14:33:08,276 Hunter.io rate limited — pausing 60s
2026-05-05 14:34:08,611 🔮 Guessed: info@amazingsmileskc.com — Amazing Smiles Of Kansas City
2026-05-05 14:34:09,350 Hunter.io rate limited — pausing 60s
2026-05-05 14:35:09,748 🔮 Guessed: info@kansascitysmiles.com — Kansas City Smiles & Co, Blue Springs, MO
2026-05-05 14:35:10,609 Hunter.io rate limited — pausing 60s
2026-05-05 14:36:11,050 🔮 Guessed: info@kcsmile.com — KC Smile
2026-05-05 14:36:11,752 Hunter.io rate limited — pausing 60s
2026-05-05 14:37:12,625 🔮 Guessed: info@drmingos.com — Dr. Steven C. Mingos & Associates
2026-05-05 14:37:13,528 Hunter.io rate limited — pausing 60s
2026-05-05 14:38:13,967 🔮 Guessed: info@kcsmiledoc.com — J Richard Burch DDS LLC
2026-05-05 14:38:14,954 Hunter.io rate limited — pausing 60s
2026-05-05 14:39:15,512 🔮 Guessed: info@kansascitydi.com — Kansas City Dentures and Implants
2026-05-05 14:39:16,388 Hunter.io rate limited — pausing 60s
2026-05-05 14:40:16,743 🔮 Guessed: info@drbruso.com — Kristopher J. Bruso, DDS
2026-05-05 14:40:17,506 Hunter.io rate limited — pausing 60s
2026-05-05 14:41:18,528 🔮 Guessed: info@kansascitydental.net — Guerschon de Laurent DDS PC
2026-05-05 14:41:19,251 Hunter.io rate limited — pausing 60s
2026-05-05 14:42:19,672 🔮 Guessed: info@joymillerdds.com — Miller Joy M DDS
2026-05-05 14:42:20,179 
==================================================
2026-05-05 14:42:20,180 ✅ Email finder complete
2026-05-05 14:42:20,180    API found:  0
2026-05-05 14:42:20,180    Guessed:    41
2026-05-05 14:42:20,180    Total:      41
2026-05-05 14:42:20,180 ==================================================

