2026-04-08 20:19:50,406 🔍 Finding emails for 50 leads...
2026-04-08 20:19:51,127 ✅ Hunter found: cody@dumondlawaz.com (score: 99) — DuMond Law Firm, PLLC
2026-04-08 20:19:51,894 🔮 Guessed: info@azcriminalandfamilylaw.com — Law Office of Daniel Hutto, PLLC
2026-04-08 20:19:52,971 🔮 Guessed: info@husbandandwifelawteam.com — The Husband & Wife Law Team
2026-04-08 20:19:53,962 ✅ Hunter found: apeschke@weilerlaw.com (score: 98) — Weiler Law PLLC
2026-04-08 20:19:55,304 ✅ Hunter found: damaris@belenlawfirm.com (score: 94) — Belen Law Firm, PLLC
2026-04-08 20:19:56,220 🔮 Guessed: info@robinsonlawoffices.com — Robinson Law Offices
2026-04-08 20:19:56,994 🔮 Guessed: info@rileyplc.com — Riley Law Firm, PLC
2026-04-08 20:19:58,138 ✅ Hunter found: n.lugo@dmcantor.com (score: 98) — DM Cantor
2026-04-08 20:19:58,975 ✅ Hunter found: david@dbphoenixcriminallawyer.com (score: 99) — Law Offices of David A. Black
2026-04-08 20:19:59,917 ✅ Hunter found: jwilliams@litwaklawgroup.com (score: 93) — Litwak Law Group
2026-04-08 20:20:01,465 ✅ Hunter found: kchana@forthepeople.com (score: 99) — Morgan & Morgan
2026-04-08 20:20:02,548 ✅ Hunter found: wmartinez@torgensonlaw.com (score: 97) — Torgenson Law
2026-04-08 20:20:03,611 Hunter.io rate limited — pausing 60s
2026-04-08 20:21:04,126 🔮 Guessed: info@jaburgwilk.com — Jaburg Wilk
2026-04-08 20:21:04,972 Hunter.io rate limited — pausing 60s
2026-04-08 20:22:05,402 🔮 Guessed: info@arjashahlaw.com — Shah Law Firm, PLLC
2026-04-08 20:22:06,209 Hunter.io rate limited — pausing 60s
2026-04-08 20:23:06,680 🔮 Guessed: info@barberlawgroup.com — Barber Law Group
2026-04-08 20:23:07,633 Hunter.io rate limited — pausing 60s
2026-04-08 20:23:08,388 🔍 Finding emails for 50 leads...
2026-04-08 20:23:08,694 Hunter.io rate limited — pausing 60s
2026-04-08 20:24:08,164 🔮 Guessed: info@cavanaghlaw.com — The Cavanagh Law Firm, P.A.
2026-04-08 20:24:09,110 Hunter.io rate limited — pausing 60s
2026-04-08 20:24:09,114 🔮 Guessed: info@cavanaghlaw.com — The Cavanagh Law Firm, P.A.
2026-04-08 20:24:09,876 Hunter.io rate limited — pausing 60s
2026-04-08 20:24:42,385 🔍 Finding emails for 80 leads...
2026-04-08 20:24:42,385 🔮 Guessed: info@enaralaw.com — Enara Law
2026-04-08 20:24:42,400 🔮 Guessed: info@the-plf.com — The People's Law Firm, PLC
2026-04-08 20:24:42,415 🔮 Guessed: info@ongarolawoffices.com — Salvador Ongaro Law Offices
2026-04-08 20:24:42,430 🔮 Guessed: info@arizonalawgroup.com — Arizona Law Group, Phoenix Divorce Lawyer & Family Law Attorneys
2026-04-08 20:24:42,446 🔮 Guessed: info@criminallawaz.com — Gaxiola Law Group
2026-04-08 20:24:42,462 🔮 Guessed: info@arizdui.com — Law Offices of Brian D Sloan
2026-04-08 20:24:42,477 🔮 Guessed: info@lanceentrekin.com — The Entrekin Law Firm
2026-04-08 20:24:42,495 🔮 Guessed: info@spmoellerlaw.com — Law Offices of Samuel P. Moeller, PLLC
2026-04-08 20:24:42,511 🔮 Guessed: info@merchantlawaz.com — Merchant Law Firm
2026-04-08 20:24:42,526 🔮 Guessed: info@runioninjurylaw.com — Runion Personal Injury Lawyers - Phoenix Office
2026-04-08 20:24:42,543 🔮 Guessed: info@suzukilawoffices.com — Suzuki Law Offices, L.L.C.
2026-04-08 20:24:42,560 🔮 Guessed: info@bernardogarcialaw.com — Garcia Law Firm, PLC
2026-04-08 20:24:42,577 🔮 Guessed: info@mkrfirm.com — Miller Kory Rowe
2026-04-08 20:24:42,595 🔮 Guessed: info@zacharassociates.com — Zachar Law Firm, P.C.
2026-04-08 20:24:42,613 🔮 Guessed: info@ferragutlaw.com — Phoenix Criminal Attorney Ferragut Law
2026-04-08 20:24:42,629 🔮 Guessed: info@theattorneyjosh.com — Criminal Defense Attorney Josh - The Law Office of Joshua A. Lopez, LLC
2026-04-08 20:24:42,645 🔮 Guessed: info@ballardspahr.com — Ballard Spahr LLP
2026-04-08 20:24:42,663 🔮 Guessed: info@newfrontier.us — New Frontier Immigration Law
2026-04-08 20:24:42,681 🔮 Guessed: info@gblaw.com — Gammage & Burnham
2026-04-08 20:24:42,696 🔮 Guessed: info@ficpc.com — Federal Immigration Counselors, P.C.
2026-04-08 20:24:42,712 🔮 Guessed: info@bestlawaz.com — Best Law Firm
2026-04-08 20:24:42,728 🔮 Guessed: info@hairrevivalstudio.com — Hair Revival Studio
2026-04-08 20:24:42,745 🔮 Guessed: info@tangerinesalon.net — Tangerine Salon
2026-04-08 20:24:42,762 🔮 Guessed: info@luresalondallas.com — Lure Salon
2026-04-08 20:24:42,778 🔮 Guessed: info@republichairco.com — Republic Hair Co
2026-04-08 20:24:42,794 🔮 Guessed: info@houseofdearhairsalon.com — House of Dear
2026-04-08 20:24:42,810 🔮 Guessed: info@salond.com — Salon D
2026-04-08 20:24:42,827 🔮 Guessed: info@vosssalon.com — Voss Salon
2026-04-08 20:24:42,850 🔮 Guessed: info@ritualhaircosalon.com — Ritual Hair Co. Hair salon & Hair Extensions and Headspa
2026-04-08 20:24:42,865 🔮 Guessed: info@dereksansonehair.com — Derek Sansone Hair
2026-04-08 20:24:42,881 🔮 Guessed: info@salon5014.com — Salon 5014
2026-04-08 20:24:42,897 🔮 Guessed: info@rawhairandco.com — RAW Hair & Co.
2026-04-08 20:24:42,912 🔮 Guessed: info@indigochilddallas.com — Indigo Child
2026-04-08 20:24:42,930 🔮 Guessed: info@manesalondallas.com — MANE
2026-04-08 20:24:42,947 🔮 Guessed: info@biggerbetterhair.com — Bigger Better Hair Salon
2026-04-08 20:24:42,963 🔮 Guessed: info@mysalonsuite.com — My Salon Suite
2026-04-08 20:24:42,978 🔮 Guessed: info@pressedroots.com — Pressed Roots
2026-04-08 20:24:42,995 🔮 Guessed: info@lamaisondallas.com — La Maison Salon
2026-04-08 20:24:43,011 🔮 Guessed: info@unicornhairqueen.com — Unicorn Hair Queen Extensions
2026-04-08 20:24:43,027 🔮 Guessed: info@clarkandcompany.hair — Clark and Company
2026-04-08 20:24:43,043 🔮 Guessed: info@carolinaandcosalon.com — Carolina and Co.
2026-04-08 20:24:43,058 🔮 Guessed: info@willieandcoote.com — Willie & Coote Salon
2026-04-08 20:24:43,075 🔮 Guessed: info@thestudio201.com — The Studio 201
2026-04-08 20:24:43,090 🔮 Guessed: info@johnsalon.com — JOHN SALON - Dallas Balayage & Hair Extensions
2026-04-08 20:24:43,105 🔮 Guessed: info@thesongbirdsociety.com — The Songbird Society
2026-04-08 20:24:43,121 🔮 Guessed: info@groovehairsalon.com — Groove Hair Salon
2026-04-08 20:24:43,136 🔮 Guessed: info@trusalondallas.com — Tru Salon
2026-04-08 20:24:43,153 🔮 Guessed: info@avalon-salon.com — Avalon Salons and Spa
2026-04-08 20:24:43,171 🔮 Guessed: info@brittanydeen.com — Brittany Deen & Co.
2026-04-08 20:24:43,186 🔮 Guessed: info@squareup.com — VM Hair Dressing
2026-04-08 20:24:43,203 🔮 Guessed: info@rosestylestudio.com — ROSE STYLE STUDIO
2026-04-08 20:24:43,220 🔮 Guessed: info@erasalon.com — ERA Salon
2026-04-08 20:24:43,237 🔮 Guessed: info@crecerdallas.com — Crecer Dallas
2026-04-08 20:24:43,253 🔮 Guessed: info@palmahairstudio.com — Palma Hair Studio
2026-04-08 20:24:43,269 🔮 Guessed: info@upscalesalondallas.com — Meke The Salon
2026-04-08 20:24:43,285 🔮 Guessed: info@freehanddallas.com — FREEHAND
2026-04-08 20:24:43,299 🔮 Guessed: info@salonsofdallas.com — Salons of Dallas Suites at Hi Line
2026-04-08 20:24:43,314 🔮 Guessed: info@tonyabeauty.com — Tonya Beauty
2026-04-08 20:24:43,329 🔮 Guessed: info@usabizlink.top — Hair N Color
2026-04-08 20:24:43,344 🔮 Guessed: info@dollsandbeaus.com — Dolls and Beaus Salon
2026-04-08 20:24:43,360 🔮 Guessed: info@scheduleanyone.com — Laura Elizabeth Hair
2026-04-08 20:24:43,375 🔮 Guessed: info@goldenhoursalon.com — Golden Hour Salon
2026-04-08 20:24:43,389 🔮 Guessed: info@larcsalon.com — l.a.r.c. Salon
2026-04-08 20:24:43,404 🔮 Guessed: info@hercurls.com — HERcurls Studio
2026-04-08 20:24:43,419 🔮 Guessed: info@thesocietydallas.com — The Society
2026-04-08 20:24:43,434 🔮 Guessed: info@dallashaircompany.com — Dallas Hair Company
2026-04-08 20:24:43,450 🔮 Guessed: info@formhairsalon.com — Form
2026-04-08 20:24:43,465 🔮 Guessed: info@salonauradallas.com — Salon Aura
2026-04-08 20:24:43,481 🔮 Guessed: info@tattoojohn.com — San Jose Tattoo
2026-04-08 20:24:43,497 🔮 Guessed: info@playersink.com — Players Ink
2026-04-08 20:24:43,512 🔮 Guessed: info@marsinktattoo.com — MARS Ink Tattoo Studio & New Skin Pop-Up Clinic
2026-04-08 20:24:43,526 🔮 Guessed: info@humblebeginningstattoo.com — Humble Beginnings Tattoo
2026-04-08 20:24:43,543 🔮 Guessed: info@marksofart.com — Marks of Art Tattoo
2026-04-08 20:24:43,560 🔮 Guessed: info@eleventhdimensiontattoo.com — Eleventh Dimension Tattoo Arts
2026-04-08 20:24:43,577 🔮 Guessed: info@newgenerationtattoo.com — New Generation Tattoo
2026-04-08 20:24:43,592 🔮 Guessed: info@inkk-dynasty1.odoo.com — Inkk Dynasty
2026-04-08 20:24:43,607 🔮 Guessed: info@unlimitedinktattoo.shop — Unlimited Ink Tattoo
2026-04-08 20:24:43,623 🔮 Guessed: info@taylorinktattoo.com — Taylor Ink
2026-04-08 20:24:43,639 
==================================================
2026-04-08 20:24:43,639 ✅ Email finder complete
2026-04-08 20:24:43,639    API found:  0
2026-04-08 20:24:43,639    Guessed:    78
2026-04-08 20:24:43,639    Total:      78
2026-04-08 20:24:43,639 ==================================================

2026-04-08 20:25:09,585 🔮 Guessed: info@enaralaw.com — Enara Law
2026-04-08 20:25:10,634 Hunter.io rate limited — pausing 60s
2026-04-08 20:26:11,058 🔮 Guessed: info@the-plf.com — The People's Law Firm, PLC
2026-04-08 20:26:11,990 Hunter.io rate limited — pausing 60s
2026-04-08 20:27:12,478 🔮 Guessed: info@ongarolawoffices.com — Salvador Ongaro Law Offices
2026-04-08 20:27:13,259 Hunter.io rate limited — pausing 60s
2026-04-08 20:28:13,724 🔮 Guessed: info@arizonalawgroup.com — Arizona Law Group, Phoenix Divorce Lawyer & Family Law Attorneys
2026-04-08 20:28:14,492 Hunter.io rate limited — pausing 60s
2026-04-08 20:29:14,921 🔮 Guessed: info@criminallawaz.com — Gaxiola Law Group
2026-04-08 20:29:15,778 Hunter.io rate limited — pausing 60s
2026-04-08 20:30:16,303 🔮 Guessed: info@arizdui.com — Law Offices of Brian D Sloan
2026-04-08 20:30:17,293 Hunter.io rate limited — pausing 60s
2026-04-08 20:31:17,541 🔮 Guessed: info@lanceentrekin.com — The Entrekin Law Firm
2026-04-08 20:31:18,284 Hunter.io rate limited — pausing 60s
2026-04-08 20:32:18,687 🔮 Guessed: info@spmoellerlaw.com — Law Offices of Samuel P. Moeller, PLLC
2026-04-08 20:32:19,432 Hunter.io rate limited — pausing 60s
2026-04-08 20:33:19,830 🔮 Guessed: info@merchantlawaz.com — Merchant Law Firm
2026-04-08 20:33:20,786 Hunter.io rate limited — pausing 60s
2026-04-08 20:34:21,268 🔮 Guessed: info@runioninjurylaw.com — Runion Personal Injury Lawyers - Phoenix Office
2026-04-08 20:34:21,993 Hunter.io rate limited — pausing 60s
2026-04-08 20:35:22,432 🔮 Guessed: info@suzukilawoffices.com — Suzuki Law Offices, L.L.C.
2026-04-08 20:35:23,347 Hunter.io rate limited — pausing 60s
2026-04-08 20:36:23,738 🔮 Guessed: info@bernardogarcialaw.com — Garcia Law Firm, PLC
2026-04-08 20:36:24,679 Hunter.io rate limited — pausing 60s
2026-04-08 20:37:25,076 🔮 Guessed: info@mkrfirm.com — Miller Kory Rowe
2026-04-08 20:37:25,806 Hunter.io rate limited — pausing 60s
2026-04-08 20:38:26,203 🔮 Guessed: info@zacharassociates.com — Zachar Law Firm, P.C.
2026-04-08 20:38:27,130 Hunter.io rate limited — pausing 60s
2026-04-08 20:39:27,543 🔮 Guessed: info@ferragutlaw.com — Phoenix Criminal Attorney Ferragut Law
2026-04-08 20:39:28,331 Hunter.io rate limited — pausing 60s
2026-04-08 20:40:28,883 🔮 Guessed: info@theattorneyjosh.com — Criminal Defense Attorney Josh - The Law Office of Joshua A. Lopez, LLC
2026-04-08 20:40:29,908 Hunter.io rate limited — pausing 60s
2026-04-08 20:41:30,349 🔮 Guessed: info@ballardspahr.com — Ballard Spahr LLP
2026-04-08 20:41:31,294 Hunter.io rate limited — pausing 60s
2026-04-08 20:42:31,718 🔮 Guessed: info@newfrontier.us — New Frontier Immigration Law
2026-04-08 20:42:32,450 Hunter.io rate limited — pausing 60s
2026-04-08 20:43:32,842 🔮 Guessed: info@gblaw.com — Gammage & Burnham
2026-04-08 20:43:33,742 Hunter.io rate limited — pausing 60s
2026-04-08 20:44:34,000 🔮 Guessed: info@ficpc.com — Federal Immigration Counselors, P.C.
2026-04-08 20:44:34,899 Hunter.io rate limited — pausing 60s
2026-04-08 20:45:35,133 🔮 Guessed: info@bestlawaz.com — Best Law Firm
2026-04-08 20:45:36,029 Hunter.io rate limited — pausing 60s
2026-04-08 20:46:36,410 🔮 Guessed: info@hairrevivalstudio.com — Hair Revival Studio
2026-04-08 20:46:37,143 Hunter.io rate limited — pausing 60s
2026-04-08 20:47:37,551 🔮 Guessed: info@tangerinesalon.net — Tangerine Salon
2026-04-08 20:47:38,311 Hunter.io rate limited — pausing 60s
2026-04-08 20:48:38,692 🔮 Guessed: info@luresalondallas.com — Lure Salon
2026-04-08 20:48:39,607 Hunter.io rate limited — pausing 60s
2026-04-08 20:49:39,985 🔮 Guessed: info@republichairco.com — Republic Hair Co
2026-04-08 20:49:40,724 Hunter.io rate limited — pausing 60s
2026-04-08 20:50:41,122 🔮 Guessed: info@houseofdearhairsalon.com — House of Dear
2026-04-08 20:50:41,866 Hunter.io rate limited — pausing 60s
2026-04-08 20:51:42,280 🔮 Guessed: info@salond.com — Salon D
2026-04-08 20:51:43,078 Hunter.io rate limited — pausing 60s
2026-04-08 20:52:43,526 🔮 Guessed: info@vosssalon.com — Voss Salon
2026-04-08 20:52:44,302 Hunter.io rate limited — pausing 60s
2026-04-08 20:53:44,561 🔮 Guessed: info@ritualhaircosalon.com — Ritual Hair Co. Hair salon & Hair Extensions and Headspa
2026-04-08 20:53:45,323 Hunter.io rate limited — pausing 60s
