2026-04-13 14:00:32,155 🔍 Finding emails for 50 leads...
2026-04-13 14:00:32,717 Hunter.io rate limited — pausing 60s
2026-04-13 14:01:33,103 🔮 Guessed: info@tldaal.com — The Lions' Den, Attorneys at Law
2026-04-13 14:01:34,023 Hunter.io rate limited — pausing 60s
2026-04-13 14:02:34,414 🔮 Guessed: info@lowercaselaw.com — lowercase, a law firm
2026-04-13 14:02:35,131 Hunter.io rate limited — pausing 60s
2026-04-13 14:03:35,488 🔮 Guessed: info@wolfsonlawfirm.com — Wolfson & Leon
2026-04-13 14:03:36,394 Hunter.io rate limited — pausing 60s
2026-04-13 14:04:36,753 🔮 Guessed: info@miami-law.com — Miami Law®
2026-04-13 14:04:37,457 Hunter.io rate limited — pausing 60s
2026-04-13 14:05:37,854 🔮 Guessed: info@therussofirm.com — The Russo Firm - Miami
2026-04-13 14:05:38,750 Hunter.io rate limited — pausing 60s
2026-04-13 14:06:39,115 🔮 Guessed: info@knowyourdefense.com — JMLAW, P.A.
2026-04-13 14:06:39,975 Hunter.io rate limited — pausing 60s
2026-04-13 14:07:40,352 🔮 Guessed: info@miamilegalfirm.com — Miami Legal Firm
2026-04-13 14:07:41,230 Hunter.io rate limited — pausing 60s
2026-04-13 14:08:41,598 🔮 Guessed: info@josefrancisco-lawyers.com — Law Offices Of Jose M. Francisco
2026-04-13 14:08:42,476 Hunter.io rate limited — pausing 60s
2026-04-13 14:09:42,844 🔮 Guessed: info@ntj.law — Law Office of Natalia M. Trushin-Jimenez, P.A.
2026-04-13 14:09:43,702 Hunter.io rate limited — pausing 60s
2026-04-13 14:10:44,092 🔮 Guessed: info@entertainmentlawyermiami.com — ChaseLawyers
2026-04-13 14:10:44,849 Hunter.io rate limited — pausing 60s
2026-04-13 14:11:45,254 🔮 Guessed: info@aghlawfirm.com — Law Offices of Armando G. Hernandez
2026-04-13 14:11:46,024 Hunter.io rate limited — pausing 60s
2026-04-13 14:12:46,899 🔮 Guessed: info@hxl-law.com — Hentschel x Lanza PLLC
2026-04-13 14:12:47,773 Hunter.io rate limited — pausing 60s
2026-04-13 14:13:48,123 🔮 Guessed: info@criminaldefendant.com — Albert Quirantes, Esq. Criminal DUI & Ticket Lawyers
2026-04-13 14:13:49,032 Hunter.io rate limited — pausing 60s
2026-04-13 14:14:49,387 🔮 Guessed: info@svplawfirm.com — SVP Law Firm, PLLC
2026-04-13 14:14:50,133 Hunter.io rate limited — pausing 60s
2026-04-13 14:15:50,539 🔮 Guessed: info@cplaw-miami.com — Piotrowski Law
2026-04-13 14:15:51,454 Hunter.io rate limited — pausing 60s
2026-04-13 14:16:51,828 🔮 Guessed: info@jmuirandassociates.com — J Muir & Associates - Miami Business Law Firm
2026-04-13 14:16:52,684 Hunter.io rate limited — pausing 60s
2026-04-13 14:17:53,062 🔮 Guessed: info@epgdlaw.com — EPGD Business Law
2026-04-13 14:17:53,927 Hunter.io rate limited — pausing 60s
2026-04-13 14:18:54,296 🔮 Guessed: info@mirerlaw.com — Law Office of Michael Mirer, P.A.
2026-04-13 14:18:55,187 Hunter.io rate limited — pausing 60s
2026-04-13 14:19:55,562 🔮 Guessed: info@asilialaw.com — AsiliA Law Firm, P.A.
2026-04-13 14:19:56,432 Hunter.io rate limited — pausing 60s
2026-04-13 14:20:56,833 🔮 Guessed: info@guerrainjurylaw.com — Luis I Guerra - The Guerra Law Firm
2026-04-13 14:20:57,572 Hunter.io rate limited — pausing 60s
2026-04-13 14:21:58,069 🔮 Guessed: info@yourfloridatrialteam.com — Freidin Brown, P.A.
2026-04-13 14:21:58,924 Hunter.io rate limited — pausing 60s
2026-04-13 14:22:59,295 🔮 Guessed: info@dlr.law — De la Rosa Law
2026-04-13 14:23:00,166 Hunter.io rate limited — pausing 60s
2026-04-13 14:24:00,953 🔮 Guessed: info@redondolawfirm.com — Redondo Law
2026-04-13 14:24:01,671 Hunter.io rate limited — pausing 60s
2026-04-13 14:25:02,052 🔮 Guessed: info@piquetlawfirm.com — Piquet Law Firm
2026-04-13 14:25:02,956 Hunter.io rate limited — pausing 60s
2026-04-13 14:26:03,367 🔮 Guessed: info@peregonza.com — PereGonza The Attorneys - Los Abogados
2026-04-13 14:26:04,220 Hunter.io rate limited — pausing 60s
2026-04-13 14:27:04,609 🔮 Guessed: info@jaime-suarez.com — Suarez And Montero Car Accident Lawyer Miami .Com
2026-04-13 14:27:05,346 Hunter.io rate limited — pausing 60s
2026-04-13 14:28:05,695 🔮 Guessed: info@zayedlawoffices.com — Zayed Law Offices Miami
2026-04-13 14:28:06,492 Hunter.io rate limited — pausing 60s
2026-04-13 14:29:06,860 🔮 Guessed: info@855dolor55.com — Ward Law Miami
2026-04-13 14:29:07,560 Hunter.io rate limited — pausing 60s
2026-04-13 14:30:07,944 🔮 Guessed: info@valientelaw.com — Valiente Law, P.A.
2026-04-13 14:30:08,678 Hunter.io rate limited — pausing 60s
2026-04-13 14:31:09,151 🔮 Guessed: info@duimiamilawyer.com — Beckham Law Firm
2026-04-13 14:31:10,030 Hunter.io rate limited — pausing 60s
2026-04-13 14:32:10,436 🔮 Guessed: info@strolenylaw.com — Stroleny Law: Criminal Defense Attorney
2026-04-13 14:32:11,339 Hunter.io rate limited — pausing 60s
2026-04-13 14:33:11,719 🔮 Guessed: info@jmuirandassociates.com — J. Muir & Associates: Miami Business Lawyer
2026-04-13 14:33:12,577 Hunter.io rate limited — pausing 60s
2026-04-13 14:34:12,916 🔮 Guessed: info@leepmarks.com — Law Offices of Lee P Marks PA
2026-04-13 14:34:13,812 Hunter.io rate limited — pausing 60s
2026-04-13 14:35:14,179 🔮 Guessed: info@consumerattorneys.com — Consumer Attorneys
2026-04-13 14:35:15,086 Hunter.io rate limited — pausing 60s
2026-04-13 14:36:15,487 🔮 Guessed: info@vpplawfirm.com — VPP Law Firm
2026-04-13 14:36:16,346 Hunter.io rate limited — pausing 60s
2026-04-13 14:37:16,701 🔮 Guessed: info@lacayolawfirm.com — Lacayo Law Firm, P.A.
2026-04-13 14:37:17,421 Hunter.io rate limited — pausing 60s
2026-04-13 14:38:18,616 🔮 Guessed: info@suerolawpllc.com — Suero Law, PLLC
2026-04-13 14:38:19,502 Hunter.io rate limited — pausing 60s
2026-04-13 14:39:19,877 🔮 Guessed: info@barthet.com — The Barthet Construction Law Firm
2026-04-13 14:39:20,775 Hunter.io rate limited — pausing 60s
2026-04-13 14:40:21,209 🔮 Guessed: info@lawayala.com — Ayala Law PA
2026-04-13 14:40:22,166 Hunter.io rate limited — pausing 60s
2026-04-13 14:41:22,566 🔮 Guessed: info@cplawfirmpa.com — CP Law Firm PA | Personal Injury Lawyer / Attorney in Miami
2026-04-13 14:41:23,525 Hunter.io rate limited — pausing 60s
2026-04-13 14:42:23,906 🔮 Guessed: info@mginjuryfirm.com — Mausner Group Injury Lawyers
2026-04-13 14:42:24,615 Hunter.io rate limited — pausing 60s
2026-04-13 14:43:24,985 🔮 Guessed: info@ferrarolaw.com — The Ferraro Law Firm, P.A.
2026-04-13 14:43:25,490 
==================================================
2026-04-13 14:43:25,490 ✅ Email finder complete
2026-04-13 14:43:25,490    API found:  0
2026-04-13 14:43:25,490    Guessed:    42
2026-04-13 14:43:25,490    Total:      42
2026-04-13 14:43:25,490 ==================================================

