2026-05-21 14:00:06,943 🔍 Finding emails for 50 leads...
2026-05-21 14:00:07,970 Hunter.io rate limited — pausing 60s
2026-05-21 14:01:08,343 🔮 Guessed: info@steelrodtattoo.com — Steel Rod Tattoo
2026-05-21 14:01:09,211 Hunter.io rate limited — pausing 60s
2026-05-21 14:02:10,374 🔮 Guessed: info@aastudioindy.com — Animation Art Studio
2026-05-21 14:02:11,402 Hunter.io rate limited — pausing 60s
2026-05-21 14:03:11,772 🔮 Guessed: info@dreamlikeink.wixsite.com — Dreamlike Ink Tattoo Studio
2026-05-21 14:03:12,670 Hunter.io rate limited — pausing 60s
2026-05-21 14:04:13,048 🔮 Guessed: info@vagaro.com — 77 Art Collective
2026-05-21 14:04:13,788 Hunter.io rate limited — pausing 60s
2026-05-21 14:05:14,171 🔮 Guessed: info@hctattoo.com — High Caliber Tattoo and Piercing Studio
2026-05-21 14:05:14,926 Hunter.io rate limited — pausing 60s
2026-05-21 14:06:15,614 🔮 Guessed: info@leviathanink.biz — Leviathan Ink Tattoo & Piercing
2026-05-21 14:06:16,303 Hunter.io rate limited — pausing 60s
2026-05-21 14:07:16,640 🔮 Guessed: info@linktr.ee — Ink & Ivy Studio
2026-05-21 14:07:17,368 Hunter.io rate limited — pausing 60s
2026-05-21 14:08:17,885 🔮 Guessed: info@metamorphosis.ink — Metamorphosis
2026-05-21 14:08:18,588 Hunter.io rate limited — pausing 60s
2026-05-21 14:09:18,941 🔮 Guessed: info@booking.cojilio.com — Big Lew’s Tattoos
2026-05-21 14:09:19,793 Hunter.io rate limited — pausing 60s
2026-05-21 14:10:20,293 🔮 Guessed: info@heyrowan.com — Rowan The Fashion Mall at Keystone
2026-05-21 14:10:21,156 Hunter.io rate limited — pausing 60s
2026-05-21 14:11:21,540 🔮 Guessed: info@zzmaps.xyz — Solace Art Collective
2026-05-21 14:11:22,272 Hunter.io rate limited — pausing 60s
2026-05-21 14:12:22,681 🔮 Guessed: info@a1arttattoosllc.square.site — A-1 Art Tattoos LLC
2026-05-21 14:12:23,532 Hunter.io rate limited — pausing 60s
2026-05-21 14:13:23,988 🔮 Guessed: info@goldengooseindy.com — Golden Goose Tattoo Company
2026-05-21 14:13:26,838 Hunter.io rate limited — pausing 60s
2026-05-21 14:14:27,202 🔮 Guessed: info@wingandwheeltattoo.com — Wing & Wheel Tattoo
2026-05-21 14:14:27,956 Hunter.io rate limited — pausing 60s
2026-05-21 14:15:28,928 🔮 Guessed: info@speakeasystudiosindy.com — Speakeasy Tattoo Studio
2026-05-21 14:15:29,816 Hunter.io rate limited — pausing 60s
2026-05-21 14:16:30,275 🔮 Guessed: info@4evergallery.com — Forever Gallery Tattoo
2026-05-21 14:16:31,258 Hunter.io rate limited — pausing 60s
2026-05-21 14:17:31,586 🔮 Guessed: info@artisticskins.com — Artistic Skin Design and Body Piercing
2026-05-21 14:17:32,353 Hunter.io rate limited — pausing 60s
2026-05-21 14:18:33,173 🔮 Guessed: info@artisticskindesigns.com — Artistic Skin Designs Inc
2026-05-21 14:18:34,152 Hunter.io rate limited — pausing 60s
2026-05-21 14:19:34,526 🔮 Guessed: info@revveduptattoos.com — Revved Up Tattoos
2026-05-21 14:19:35,474 Hunter.io rate limited — pausing 60s
2026-05-21 14:20:35,929 🔮 Guessed: info@indianatattooco.com — Indiana Tattoo Company
2026-05-21 14:20:36,678 Hunter.io rate limited — pausing 60s
2026-05-21 14:21:37,088 🔮 Guessed: info@mythicalwizardtattoo.com — Mythical Wizard Tattoo
2026-05-21 14:21:37,998 Hunter.io rate limited — pausing 60s
2026-05-21 14:22:38,459 🔮 Guessed: info@saltysirentattoo.com — Salty Siren Tattoo Lounge
2026-05-21 14:22:39,417 Hunter.io rate limited — pausing 60s
2026-05-21 14:23:39,852 🔮 Guessed: info@pushininkinc.com — Pushininkinc
2026-05-21 14:23:40,768 Hunter.io rate limited — pausing 60s
2026-05-21 14:24:41,178 🔮 Guessed: info@midwesttattoocompany.com — Midwest Tattoo Company
2026-05-21 14:24:41,883 Hunter.io rate limited — pausing 60s
2026-05-21 14:25:42,240 🔮 Guessed: info@inktherapytattoo.com — Ink Therapy Tattoo
2026-05-21 14:25:43,013 Hunter.io rate limited — pausing 60s
2026-05-21 14:26:43,376 🔮 Guessed: info@indytattooworks.com — Indy Tattoo Works
2026-05-21 14:26:44,154 Hunter.io rate limited — pausing 60s
2026-05-21 14:27:44,515 🔮 Guessed: info@artisticskindesigns.com — Artistic Skin Designs Inc
2026-05-21 14:27:45,498 Hunter.io rate limited — pausing 60s
2026-05-21 14:28:45,930 🔮 Guessed: info@artisticskins.com — Artistic Skin Design and Body Piercing
2026-05-21 14:28:46,435 
==================================================
2026-05-21 14:28:46,436 ✅ Email finder complete
2026-05-21 14:28:46,436    API found:  0
2026-05-21 14:28:46,436    Guessed:    28
2026-05-21 14:28:46,436    Total:      28
2026-05-21 14:28:46,436 ==================================================

