2026-05-01 14:00:10,869 🔍 Finding emails for 50 leads...
2026-05-01 14:00:11,257 Hunter.io rate limited — pausing 60s
2026-05-01 14:01:11,634 🔮 Guessed: info@galaxyservices.com — Galaxy Heating & Air Conditioning
2026-05-01 14:01:12,548 Hunter.io rate limited — pausing 60s
2026-05-01 14:02:12,958 🔮 Guessed: info@aaahvacrepairsanfrancisco.com — AAA HVAC Repair San Francisco
2026-05-01 14:02:13,818 Hunter.io rate limited — pausing 60s
2026-05-01 14:03:14,205 🔮 Guessed: info@bestchoicehvac.shop — BEST CHOICE HVAC, INC
2026-05-01 14:03:14,911 Hunter.io rate limited — pausing 60s
2026-05-01 14:04:15,251 🔮 Guessed: info@alphahvacrepairsanfrancisco.com — Alpha HVAC Repair San Francisco
2026-05-01 14:04:15,979 Hunter.io rate limited — pausing 60s
2026-05-01 14:05:16,578 🔮 Guessed: info@hasslerheating.com — Hassler Heating and Air Conditioning, LLC
2026-05-01 14:05:17,478 Hunter.io rate limited — pausing 60s
2026-05-01 14:06:17,844 🔮 Guessed: info@horizonhvacrepairsanfrancisco.com — Horizon HVAC Repair San Francisco
2026-05-01 14:06:18,692 Hunter.io rate limited — pausing 60s
2026-05-01 14:07:18,887 🔮 Guessed: info@comfyhvac.com — Comfy Heating & Air Conditioning Inc.
2026-05-01 14:07:19,768 Hunter.io rate limited — pausing 60s
2026-05-01 14:08:20,157 🔮 Guessed: info@artofcomfort.com — Art of Comfort
2026-05-01 14:08:21,007 Hunter.io rate limited — pausing 60s
2026-05-01 14:09:21,214 🔮 Guessed: info@pacificradiantheat.com — Pacific Radiant Heat & Construction
2026-05-01 14:09:22,227 Hunter.io rate limited — pausing 60s
2026-05-01 14:10:22,600 🔮 Guessed: info@goldhvacrepairsanfrancisco.com — Gold HVAC Repair San Francisco
2026-05-01 14:10:23,507 Hunter.io rate limited — pausing 60s
2026-05-01 14:11:23,975 🔮 Guessed: info@carolflynn.com — Carol Flynn Heating & Cooling
2026-05-01 14:11:24,831 Hunter.io rate limited — pausing 60s
2026-05-01 14:12:25,169 🔮 Guessed: info@archplumbinginc.com — Arch Plumbing Inc.
2026-05-01 14:12:25,879 Hunter.io rate limited — pausing 60s
2026-05-01 14:13:26,235 🔮 Guessed: info@qualtechhvac.com — Qualtech Heating & Cooling
2026-05-01 14:13:27,090 Hunter.io rate limited — pausing 60s
2026-05-01 14:14:27,490 🔮 Guessed: info@smarthome-appliance.com — SmartHome Appliances & HVAC
2026-05-01 14:14:28,186 Hunter.io rate limited — pausing 60s
2026-05-01 14:15:28,564 🔮 Guessed: info@skyheating.com — Sky Heating, AC, Plumbing & Electrical
2026-05-01 14:15:29,427 Hunter.io rate limited — pausing 60s
2026-05-01 14:16:29,803 🔮 Guessed: info@aaaheatingandcoolinginc.com — AAA Heating & Cooling
2026-05-01 14:16:30,654 Hunter.io rate limited — pausing 60s
2026-05-01 14:17:31,022 🔮 Guessed: info@sunsethc.com — Sunset Heating & Cooling
2026-05-01 14:17:31,901 Hunter.io rate limited — pausing 60s
2026-05-01 14:18:32,276 🔮 Guessed: info@eheatcool.com — Efficiency Heating & Cooling
2026-05-01 14:18:33,175 Hunter.io rate limited — pausing 60s
2026-05-01 14:19:33,513 🔮 Guessed: info@sunglowinc.com — Sun Glow Inc.
2026-05-01 14:19:34,344 Hunter.io rate limited — pausing 60s
2026-05-01 14:20:34,703 🔮 Guessed: info@pyramidheating.com — Pyramid Heating & Cooling
2026-05-01 14:20:35,602 Hunter.io rate limited — pausing 60s
2026-05-01 14:21:35,979 🔮 Guessed: info@integrityairllc.com — Integrity Air LLC
2026-05-01 14:21:36,851 Hunter.io rate limited — pausing 60s
2026-05-01 14:22:37,195 🔮 Guessed: info@eheatcool.com — Efficiency Heating & Cooling
2026-05-01 14:22:38,040 Hunter.io rate limited — pausing 60s
2026-05-01 14:23:38,389 🔮 Guessed: info@centralairpdx.com — Central Air Heating, Cooling & Plumbing
2026-05-01 14:23:39,249 Hunter.io rate limited — pausing 60s
2026-05-01 14:24:39,616 🔮 Guessed: info@jacobsheating.com — Jacobs Heating & Air Conditioning, Inc.
2026-05-01 14:24:40,309 Hunter.io rate limited — pausing 60s
2026-05-01 14:25:40,669 🔮 Guessed: info@rosecityheating.com — Rose City Heating & Air
2026-05-01 14:25:41,540 Hunter.io rate limited — pausing 60s
2026-05-01 14:26:41,879 🔮 Guessed: info@centralairpdx.com — Central Air Heating, Cooling & Plumbing
2026-05-01 14:26:42,787 Hunter.io rate limited — pausing 60s
2026-05-01 14:27:43,155 🔮 Guessed: info@ableheatingandcooling.com — Able Heating & Cooling LLC
2026-05-01 14:27:43,988 Hunter.io rate limited — pausing 60s
2026-05-01 14:28:44,371 🔮 Guessed: info@comfortsolutionspdx.com — Comfort Solutions Heating & Cooling
2026-05-01 14:28:45,226 Hunter.io rate limited — pausing 60s
2026-05-01 14:29:45,583 🔮 Guessed: info@oregonheating.com — Oregon Heating & Air Conditioning, LLC
2026-05-01 14:29:46,274 Hunter.io rate limited — pausing 60s
2026-05-01 14:30:46,631 🔮 Guessed: info@cornelsplumbing.com — Cornel's Plumbing, Heating & Air Conditioning
2026-05-01 14:30:47,369 Hunter.io rate limited — pausing 60s
2026-05-01 14:31:47,571 🔮 Guessed: info@heatrelieftoday.com — Heat Relief Heating & Cooling
2026-05-01 14:31:48,463 Hunter.io rate limited — pausing 60s
2026-05-01 14:32:48,795 🔮 Guessed: info@specialtyheating.com — Specialty Heating & Cooling
2026-05-01 14:32:49,500 Hunter.io rate limited — pausing 60s
2026-05-01 14:33:49,861 🔮 Guessed: info@callairstars.com — Air Stars Heating, AC, Plumbing & Electrical
2026-05-01 14:33:50,712 Hunter.io rate limited — pausing 60s
2026-05-01 14:34:51,050 🔮 Guessed: info@cornelsplumbing.com — Cornel's Plumbing, Heating & Air Conditioning
2026-05-01 14:34:51,749 Hunter.io rate limited — pausing 60s
2026-05-01 14:35:52,145 🔮 Guessed: info@wattsheating.com — Watts Heating & Cooling
2026-05-01 14:35:52,984 Hunter.io rate limited — pausing 60s
2026-05-01 14:36:53,343 🔮 Guessed: info@wolfersheating.com — Wolfer’s Home Services
2026-05-01 14:36:54,206 Hunter.io rate limited — pausing 60s
2026-05-01 14:37:54,561 🔮 Guessed: info@climatecontrolinc.com — Climate Control
2026-05-01 14:37:55,452 Hunter.io rate limited — pausing 60s
2026-05-01 14:38:55,795 🔮 Guessed: info@advancedheatinginc.com — Advanced Heating & Air Conditioning, Inc
2026-05-01 14:38:56,713 Hunter.io rate limited — pausing 60s
2026-05-01 14:39:57,050 🔮 Guessed: info@anctilheating-cooling.com — Anctil Heating & Cooling
2026-05-01 14:39:57,902 Hunter.io rate limited — pausing 60s
2026-05-01 14:40:58,284 🔮 Guessed: info@precisionheatingco.com — Precision Heating & Cooling
2026-05-01 14:40:59,162 Hunter.io rate limited — pausing 60s
2026-05-01 14:41:59,548 🔮 Guessed: info@sunnyside-hvac.com — Sunnyside Heating & Cooling
2026-05-01 14:42:00,053 
==================================================
2026-05-01 14:42:00,053 ✅ Email finder complete
2026-05-01 14:42:00,053    API found:  0
2026-05-01 14:42:00,053    Guessed:    41
2026-05-01 14:42:00,054    Total:      41
2026-05-01 14:42:00,054 ==================================================

