2026-04-27 14:00:14,204 🔍 Finding emails for 50 leads...
2026-04-27 14:00:14,819 🔮 Guessed: info@jeffsauto.com — Jeff's Auto Repair
2026-04-27 14:00:15,810 🔮 Guessed: info@edwardsauto.com — Edwards Automotive Service
2026-04-27 14:00:16,602 🔮 Guessed: info@foreigncarworkshop.com — Foreign Car Workshop of West Seattle
2026-04-27 14:00:17,625 🔮 Guessed: info@marqueengarage.com — Marqueen Garage
2026-04-27 14:00:19,356 ✅ Hunter found: clarissa.austin@meineke.com (score: 94) — Meineke Car Care Center
2026-04-27 14:00:20,224 🔮 Guessed: info@cartechseattle.com — Car Tech Seattle Auto Repair
2026-04-27 14:00:21,037 🔮 Guessed: info@fitnessfactorycharlotte.com — The Fitness Factory of Charlotte
2026-04-27 14:00:22,218 ✅ Hunter found: al.billiteri@crunch.com (score: 99) — Crunch Fitness - Charlotte University
2026-04-27 14:00:23,246 🔮 Guessed: info@core24clt.com — CORE24 GYM
2026-04-27 14:00:24,327 🔮 Guessed: info@qcpumphouse.com — QC Pump House
2026-04-27 14:00:25,397 ✅ Hunter found: morgan.mcsweeney@planetfitness.com (score: 94) — Planet Fitness
2026-04-27 14:00:26,329 ✅ Hunter found: bholt@fitnessconnection.com (score: 89) — Fitness Connection
2026-04-27 14:00:27,241 ✅ Hunter found: dthompson@charlotteathleticclub.com (score: 99) — Charlotte Athletic Club
2026-04-27 14:00:28,126 🔮 Guessed: info@oroathletic.com — Oro Athletic
2026-04-27 14:00:29,114 🔮 Guessed: info@buckedupfitness.patriotgyms.com — Bucked Up Fitness Queen City
2026-04-27 14:00:30,304 ✅ Hunter found: mike.hamilton@anytimefitness.com (score: 99) — AF4913-Charlotte,NC
2026-04-27 14:00:31,055 ✅ Hunter found: mike.hamilton@anytimefitness.com (score: 99) — Anytime Fitness
2026-04-27 14:00:32,277 ✅ Hunter found: don@lifetime.life (score: 99) — Life Time
2026-04-27 14:00:33,191 🔮 Guessed: info@strengthandwellnesscollective.com — Strength and Wellness Collective of Charlotte
2026-04-27 14:00:34,116 ✅ Hunter found: bholt@fitnessconnection.com (score: 89) — Fitness Connection
2026-04-27 14:00:34,954 🔮 Guessed: info@charlottestrength.com — Charlotte Strength
2026-04-27 14:00:35,681 🔮 Guessed: info@themotionfitness.com — MOTION Fitness
2026-04-27 14:00:36,657 🔮 Guessed: info@themotionfitness.com — MOTION Fitness
2026-04-27 14:00:37,433 ✅ Hunter found: bholt@fitnessconnection.com (score: 89) — Fitness Connection
2026-04-27 14:00:38,200 🔮 Guessed: info@mgbodyspace.com — MG Body Space
2026-04-27 14:00:39,124 ✅ Hunter found: ebersole@snapfitness.com (score: 92) — Snap Fitness Charlotte
2026-04-27 14:00:40,076 ✅ Hunter found: morgan.mcsweeney@planetfitness.com (score: 94) — Planet Fitness
2026-04-27 14:00:40,902 ✅ Hunter found: rose.k@barrys.com (score: 99) — Barry's Charlotte
2026-04-27 14:00:41,914 ✅ Hunter found: sarah@irontribefitness.com (score: 94) — Iron Tribe Fitness Cotswold
2026-04-27 14:00:42,722 🔮 Guessed: info@bbtfitness.com — BBT Fitness
2026-04-27 14:00:43,758 ✅ Hunter found: levi.baer@ymcacharlotte.org (score: 99) — Dowd YMCA
2026-04-27 14:00:44,699 ✅ Hunter found: mike.hamilton@anytimefitness.com (score: 99) — Anytime Fitness
2026-04-27 14:00:45,544 ✅ Hunter found: doug@prideconditioning.com (score: 99) — PRIDE Conditioning - Gym
2026-04-27 14:00:46,524 ✅ Hunter found: morgan.mcsweeney@planetfitness.com (score: 94) — Planet Fitness
2026-04-27 14:00:47,546 ✅ Hunter found: mike.hamilton@anytimefitness.com (score: 99) — Anytime Fitness
2026-04-27 14:00:48,620 ✅ Hunter found: morgan.mcsweeney@planetfitness.com (score: 94) — Planet Fitness
2026-04-27 14:00:49,390 🔮 Guessed: info@thegrithaus.com — The Grit Haus - Gym in Charlotte, NC
2026-04-27 14:00:50,284 ✅ Hunter found: destiny@hustlehousefitness.com (score: 66) — Hustle House Fitness - Uptown
2026-04-27 14:00:51,156 ✅ Hunter found: lfunsten@madabolic.com (score: 94) — MADabolic Southend
2026-04-27 14:00:52,018 🔮 Guessed: info@flex5clt.com — Flex5 By PetroFitness
2026-04-27 14:00:52,801 ✅ Hunter found: mara@marasmedspa.com (score: 99) — Mara's Med Spa
2026-04-27 14:00:53,307 
==================================================
2026-04-27 14:00:53,307 ✅ Email finder complete
2026-04-27 14:00:53,307    API found:  23
2026-04-27 14:00:53,307    Guessed:    18
2026-04-27 14:00:53,307    Total:      41
2026-04-27 14:00:53,307 ==================================================

