2026-05-14 14:00:17,317 🔍 Finding emails for 50 leads...
2026-05-14 14:00:17,739 Hunter.io rate limited — pausing 60s
2026-05-14 14:01:18,128 🔮 Guessed: info@210mobiledetailing.com — 210 Mobile Detailing of Austin
2026-05-14 14:01:18,840 Hunter.io rate limited — pausing 60s
2026-05-14 14:02:19,244 🔮 Guessed: info@torquecardetailing.site — Torque Car Detailing
2026-05-14 14:02:19,969 Hunter.io rate limited — pausing 60s
2026-05-14 14:03:20,359 🔮 Guessed: info@alsetauto.com — ALSET Auto
2026-05-14 14:03:21,230 Hunter.io rate limited — pausing 60s
2026-05-14 14:04:21,627 🔮 Guessed: info@nicencleanatx.com — Nice - N - Clean
2026-05-14 14:04:22,519 Hunter.io rate limited — pausing 60s
2026-05-14 14:05:22,870 🔮 Guessed: info@warhousegyms.com — War House Gym
2026-05-14 14:05:23,772 Hunter.io rate limited — pausing 60s
2026-05-14 14:06:24,157 🔮 Guessed: info@eosfitness.com — EōS Fitness
2026-05-14 14:06:25,014 Hunter.io rate limited — pausing 60s
2026-05-14 14:07:25,416 🔮 Guessed: info@renegadefit.com — Renegade
2026-05-14 14:07:26,615 Hunter.io rate limited — pausing 60s
2026-05-14 14:08:27,041 🔮 Guessed: info@oceanpacificgym.com — Ocean Pacific Gym and Wellness
2026-05-14 14:08:27,781 Hunter.io rate limited — pausing 60s
2026-05-14 14:09:28,266 🔮 Guessed: info@chuzefitness.com — Chuze Fitness
2026-05-14 14:09:29,175 Hunter.io rate limited — pausing 60s
2026-05-14 14:10:29,551 🔮 Guessed: info@anytimefitness.com — Anytime Fitness Downtown San Diego
2026-05-14 14:10:30,728 Hunter.io rate limited — pausing 60s
2026-05-14 14:11:31,091 🔮 Guessed: info@primefitnesstraining.com — Prime Fitness
2026-05-14 14:11:31,959 Hunter.io rate limited — pausing 60s
2026-05-14 14:12:32,353 🔮 Guessed: info@thegymsandiego.com — The Gym
2026-05-14 14:12:33,184 Hunter.io rate limited — pausing 60s
2026-05-14 14:13:33,561 🔮 Guessed: info@hivetrainingclub.com — HIVE Training Club
2026-05-14 14:13:34,460 Hunter.io rate limited — pausing 60s
2026-05-14 14:14:34,825 🔮 Guessed: info@northparkfitness.com — North Park Fitness
2026-05-14 14:14:35,839 Hunter.io rate limited — pausing 60s
2026-05-14 14:15:36,225 🔮 Guessed: info@balancedfitnesshealth.com — Balanced Fitness & Health
2026-05-14 14:15:36,966 Hunter.io rate limited — pausing 60s
2026-05-14 14:16:37,676 🔮 Guessed: info@fitclubs.com — Fit East Village
2026-05-14 14:16:38,642 Hunter.io rate limited — pausing 60s
2026-05-14 14:17:39,039 🔮 Guessed: info@fitclubs.com — Fit Little Italy
2026-05-14 14:17:39,945 Hunter.io rate limited — pausing 60s
2026-05-14 14:18:40,310 🔮 Guessed: info@aquaviewellness.com — AquaVie Fitness + Wellness Club
2026-05-14 14:18:41,177 Hunter.io rate limited — pausing 60s
2026-05-14 14:19:41,545 🔮 Guessed: info@24hourfitness.com — 24 Hour Fitness
2026-05-14 14:19:42,438 Hunter.io rate limited — pausing 60s
2026-05-14 14:20:42,959 🔮 Guessed: info@theyardgym.com — The Yard Gym Normal Heights
2026-05-14 14:20:43,863 Hunter.io rate limited — pausing 60s
2026-05-14 14:21:44,242 🔮 Guessed: info@fitclubs.com — Fit Mission Beach
2026-05-14 14:21:45,207 Hunter.io rate limited — pausing 60s
2026-05-14 14:22:45,592 🔮 Guessed: info@ironorrfitness.com — Personal Trainer San Diego - Iron Orr Fitness
2026-05-14 14:22:46,503 Hunter.io rate limited — pausing 60s
2026-05-14 14:23:46,889 🔮 Guessed: info@hardcorefitnessbootcamp.com — Hardcore Fitness Downtown San Diego
2026-05-14 14:23:47,629 Hunter.io rate limited — pausing 60s
2026-05-14 14:24:47,971 🔮 Guessed: info@crunch.com — Crunch Fitness - Serra Mesa
2026-05-14 14:24:48,691 Hunter.io rate limited — pausing 60s
2026-05-14 14:25:49,087 🔮 Guessed: info@ihtfactor.com — IHT Factor Training - San Diego Downtown
2026-05-14 14:25:49,873 Hunter.io rate limited — pausing 60s
2026-05-14 14:26:50,249 🔮 Guessed: info@invictusfitness.com — Invictus Fitness
2026-05-14 14:26:51,015 Hunter.io rate limited — pausing 60s
2026-05-14 14:27:51,374 🔮 Guessed: info@plsportsclub.com — Point Loma Sports Club
2026-05-14 14:27:52,240 Hunter.io rate limited — pausing 60s
2026-05-14 14:28:52,630 🔮 Guessed: info@24hourfitness.com — 24 Hour Fitness
2026-05-14 14:28:53,585 Hunter.io rate limited — pausing 60s
2026-05-14 14:29:53,960 🔮 Guessed: info@thecompoundliftingclub.com — The Compound Lifting Club
2026-05-14 14:29:54,867 Hunter.io rate limited — pausing 60s
2026-05-14 14:30:55,273 🔮 Guessed: info@balancedfitnesshealth.com — Balanced Fitness & Health
2026-05-14 14:30:56,043 Hunter.io rate limited — pausing 60s
2026-05-14 14:31:56,454 🔮 Guessed: info@broadwayathletic.com — Broadway Athletic and Swim Club
2026-05-14 14:31:57,360 Hunter.io rate limited — pausing 60s
2026-05-14 14:32:57,767 🔮 Guessed: info@teqneeq.com — Teqneeq FHC
2026-05-14 14:32:58,681 Hunter.io rate limited — pausing 60s
2026-05-14 14:33:59,030 🔮 Guessed: info@grindergym.com — Grinder Gym San Diego
2026-05-14 14:33:59,893 Hunter.io rate limited — pausing 60s
2026-05-14 14:35:00,418 🔮 Guessed: info@24hourfitness.com — 24 Hour Fitness
2026-05-14 14:35:01,300 Hunter.io rate limited — pausing 60s
2026-05-14 14:36:01,703 🔮 Guessed: info@equinox.com — Equinox Downtown San Diego
2026-05-14 14:36:02,638 Hunter.io rate limited — pausing 60s
2026-05-14 14:37:03,121 🔮 Guessed: info@24hourfitness.com — 24 Hour Fitness
2026-05-14 14:37:04,175 Hunter.io rate limited — pausing 60s
2026-05-14 14:38:04,520 🔮 Guessed: info@24hourfitness.com — 24 Hour Fitness
2026-05-14 14:38:05,025 
==================================================
2026-05-14 14:38:05,025 ✅ Email finder complete
2026-05-14 14:38:05,025    API found:  0
2026-05-14 14:38:05,025    Guessed:    37
2026-05-14 14:38:05,025    Total:      37
2026-05-14 14:38:05,025 ==================================================

