2026-04-20 14:00:21,733 🔍 Finding emails for 50 leads...
2026-04-20 14:00:22,745 Hunter.io rate limited — pausing 60s
2026-04-20 14:01:23,081 🔮 Guessed: info@omniluxmedspa.com — Omni Lux Med Spa
2026-04-20 14:01:23,940 Hunter.io rate limited — pausing 60s
2026-04-20 14:02:24,289 🔮 Guessed: info@lilacmedspa.com — Lilac med spa
2026-04-20 14:02:24,980 Hunter.io rate limited — pausing 60s
2026-04-20 14:03:25,318 🔮 Guessed: info@glowmedspaok.com — Glow Med Spa
2026-04-20 14:03:26,220 Hunter.io rate limited — pausing 60s
2026-04-20 14:04:26,575 🔮 Guessed: info@stilnovaco.com — Stilnova & Co.
2026-04-20 14:04:27,412 Hunter.io rate limited — pausing 60s
2026-04-20 14:05:27,810 🔮 Guessed: info@h-md.com — Ideal Image Oklahoma City
2026-04-20 14:05:28,718 Hunter.io rate limited — pausing 60s
2026-04-20 14:06:29,061 🔮 Guessed: info@laseraway.com — LaserAway Oklahoma City
2026-04-20 14:06:30,024 Hunter.io rate limited — pausing 60s
2026-04-20 14:07:30,430 🔮 Guessed: info@thewanderingclay.com — The Wandering Clay
2026-04-20 14:07:31,379 Hunter.io rate limited — pausing 60s
2026-04-20 14:08:31,739 🔮 Guessed: info@csaok.com — Cosmetic Surgery Affiliates
2026-04-20 14:08:32,459 Hunter.io rate limited — pausing 60s
2026-04-20 14:09:32,800 🔮 Guessed: info@injectableaesthetics.com — Injectable Aesthetics
2026-04-20 14:09:33,683 Hunter.io rate limited — pausing 60s
2026-04-20 14:10:34,066 🔮 Guessed: info@glowtheoryokc.glossgenius.com — Glow Theory Spa
2026-04-20 14:10:34,760 Hunter.io rate limited — pausing 60s
2026-04-20 14:11:35,119 🔮 Guessed: info@fourseasonsheatingcooling.com — Four Seasons Heating, Air Conditioning, Plumbing, & Electric
2026-04-20 14:11:35,874 Hunter.io rate limited — pausing 60s
2026-04-20 14:12:36,245 🔮 Guessed: info@alltemp.com — All Temp Heating and Air Conditioning
2026-04-20 14:12:36,963 Hunter.io rate limited — pausing 60s
2026-04-20 14:13:37,363 🔮 Guessed: info@chicagoheatingandcooling.com — Chicago Heating & Cooling
2026-04-20 14:13:38,255 Hunter.io rate limited — pausing 60s
2026-04-20 14:14:38,602 🔮 Guessed: info@deljoheating.com — Deljo Heating, Cooling & Plumbing
2026-04-20 14:14:39,307 Hunter.io rate limited — pausing 60s
2026-04-20 14:15:39,709 🔮 Guessed: info@modernhvactech.com — MODERN HVAC TECHNOLOGY
2026-04-20 14:15:40,653 Hunter.io rate limited — pausing 60s
2026-04-20 14:16:41,002 🔮 Guessed: info@bescoair.net — Besco Air Inc.
2026-04-20 14:16:41,869 Hunter.io rate limited — pausing 60s
2026-04-20 14:17:42,218 🔮 Guessed: info@chicagocomforthvac.com — Chicago Comfort HVAC Services
2026-04-20 14:17:42,925 Hunter.io rate limited — pausing 60s
2026-04-20 14:18:43,315 🔮 Guessed: info@oasisheating.com — Oasis Plumbing, Heating & Cooling
2026-04-20 14:18:44,171 Hunter.io rate limited — pausing 60s
2026-04-20 14:19:44,531 🔮 Guessed: info@chicagotdhmechanical.com — TDH Mechanical, Heating and Cooling Contractors
2026-04-20 14:19:45,415 Hunter.io rate limited — pausing 60s
2026-04-20 14:20:45,846 🔮 Guessed: info@brownshvac.net — Browns Heating & Cooling
2026-04-20 14:20:46,721 Hunter.io rate limited — pausing 60s
2026-04-20 14:21:47,076 🔮 Guessed: info@globalheatingcooling.us — Global Heating and Cooling | HVAC
2026-04-20 14:21:47,971 Hunter.io rate limited — pausing 60s
2026-04-20 14:22:48,505 🔮 Guessed: info@citysuburbanheating.com — City & Suburban Heating & Cooling
2026-04-20 14:22:49,391 Hunter.io rate limited — pausing 60s
2026-04-20 14:23:49,774 🔮 Guessed: info@guardianheatingandcooling.com — Guardian Heating & Cooling Service
2026-04-20 14:23:50,668 Hunter.io rate limited — pausing 60s
2026-04-20 14:24:51,090 🔮 Guessed: info@fivestar247.com — Five Star HVAC Services, Inc.
2026-04-20 14:24:51,940 Hunter.io rate limited — pausing 60s
2026-04-20 14:25:52,335 🔮 Guessed: info@chicagohvacrepairdr.com — Chicago HVAC Repair Doctor
2026-04-20 14:25:53,153 Hunter.io rate limited — pausing 60s
2026-04-20 14:26:53,616 🔮 Guessed: info@heatmasters.com — Heatmasters
2026-04-20 14:26:54,683 Hunter.io rate limited — pausing 60s
2026-04-20 14:27:55,340 🔮 Guessed: info@ecotemphvac.com — Eco Temp HVAC
2026-04-20 14:27:56,219 Hunter.io rate limited — pausing 60s
2026-04-20 14:28:56,573 🔮 Guessed: info@aircorheatingcooling.com — Aircor HVAC air conditioning and heating
2026-04-20 14:28:57,591 Hunter.io rate limited — pausing 60s
2026-04-20 14:29:58,077 🔮 Guessed: info@airflowschicago.com — Air Flows Chicago
2026-04-20 14:29:59,025 Hunter.io rate limited — pausing 60s
2026-04-20 14:30:59,398 🔮 Guessed: info@tccmechanical.com — Tabor's Complete Comfort Mechanical
2026-04-20 14:31:00,126 Hunter.io rate limited — pausing 60s
2026-04-20 14:32:00,501 🔮 Guessed: info@mironhvac.com — MIRON Heating & Cooling, Inc
2026-04-20 14:32:01,216 Hunter.io rate limited — pausing 60s
2026-04-20 14:33:01,595 🔮 Guessed: info@phdheatingcooling.com — PhD Heating & Cooling
2026-04-20 14:33:02,462 Hunter.io rate limited — pausing 60s
2026-04-20 14:34:02,829 🔮 Guessed: info@chicagowaterheaterrepair.com — HVAC Furnace AC Repair
2026-04-20 14:34:03,726 Hunter.io rate limited — pausing 60s
2026-04-20 14:35:04,106 🔮 Guessed: info@elitehvacs.com — Elite HVACs Furnace, Ac & Plumbing Repair
2026-04-20 14:35:04,815 Hunter.io rate limited — pausing 60s
2026-04-20 14:36:05,178 🔮 Guessed: info@myheroair.com — Hero Air
2026-04-20 14:36:06,034 Hunter.io rate limited — pausing 60s
2026-04-20 14:37:06,386 🔮 Guessed: info@shavitz.com — Shavitz Heating and Air Conditioning
2026-04-20 14:37:07,318 Hunter.io rate limited — pausing 60s
2026-04-20 14:38:07,658 🔮 Guessed: info@cosmicair.today — Cosmic HVAC Inc.
2026-04-20 14:38:08,547 Hunter.io rate limited — pausing 60s
2026-04-20 14:39:08,899 🔮 Guessed: info@sensationalheating.com — Sensational Heating And Air LLC
2026-04-20 14:39:09,786 Hunter.io rate limited — pausing 60s
2026-04-20 14:40:10,151 🔮 Guessed: info@kingheating.com — King Heating, Cooling & Plumbing
2026-04-20 14:40:10,910 Hunter.io rate limited — pausing 60s
2026-04-20 14:41:11,272 🔮 Guessed: info@ralphsheating.net — Ralph's Heating and Air conditioning Services
2026-04-20 14:41:12,144 Hunter.io rate limited — pausing 60s
2026-04-20 14:42:12,499 🔮 Guessed: info@arzethvac.com — Arzet Heating & Air Conditioning, Inc.
2026-04-20 14:42:13,352 Hunter.io rate limited — pausing 60s
2026-04-20 14:43:13,692 🔮 Guessed: info@furnaceservicechicago.com — Chicago Furnace & AC Repair
2026-04-20 14:43:14,570 Hunter.io rate limited — pausing 60s
2026-04-20 14:44:14,910 🔮 Guessed: info@midcityhvac.com — Mid-City Heating, Ventilation & Air Conditioning Inc.
2026-04-20 14:44:15,415 
==================================================
2026-04-20 14:44:15,416 ✅ Email finder complete
2026-04-20 14:44:15,416    API found:  0
2026-04-20 14:44:15,416    Guessed:    43
2026-04-20 14:44:15,416    Total:      43
2026-04-20 14:44:15,416 ==================================================

