2026-04-16 14:00:21,791 🔍 Finding emails for 50 leads...
2026-04-16 14:00:22,353 Hunter.io rate limited — pausing 60s
2026-04-16 14:01:22,793 🔮 Guessed: info@sublimespaseattle.com — Sublime Spa Seattle
2026-04-16 14:01:23,744 Hunter.io rate limited — pausing 60s
2026-04-16 14:02:24,271 🔮 Guessed: info@locations.massageenvy.com — Massage Envy
2026-04-16 14:02:25,133 Hunter.io rate limited — pausing 60s
2026-04-16 14:03:25,552 🔮 Guessed: info@suryaspa.net — Surya Spa
2026-04-16 14:03:26,267 Hunter.io rate limited — pausing 60s
2026-04-16 14:04:26,675 🔮 Guessed: info@nordstrom.com — Spa Nordstrom - Downtown Seattle
2026-04-16 14:04:27,604 Hunter.io rate limited — pausing 60s
2026-04-16 14:05:28,013 🔮 Guessed: info@vagaro.com — Calmed Soul Holistic Spa
2026-04-16 14:05:28,919 Hunter.io rate limited — pausing 60s
2026-04-16 14:06:29,313 🔮 Guessed: info@wac.net — Washington Athletic Club
2026-04-16 14:06:30,659 Hunter.io rate limited — pausing 60s
2026-04-16 14:07:31,041 🔮 Guessed: info@frenchysdayspa.com — Frenchy's Day Spa
2026-04-16 14:07:31,892 Hunter.io rate limited — pausing 60s
2026-04-16 14:08:32,284 🔮 Guessed: info@manta.com — Green Lake SPA
2026-04-16 14:08:32,981 Hunter.io rate limited — pausing 60s
2026-04-16 14:09:33,355 🔮 Guessed: info@hyatt.com — Hyatt at Olive 8
2026-04-16 14:09:34,237 Hunter.io rate limited — pausing 60s
2026-04-16 14:10:34,634 🔮 Guessed: info@celsiusmedspa.com — Celsius
2026-04-16 14:10:35,498 Hunter.io rate limited — pausing 60s
2026-04-16 14:11:35,912 🔮 Guessed: info@hyatt.com — Grand Hyatt Seattle
2026-04-16 14:11:36,608 Hunter.io rate limited — pausing 60s
2026-04-16 14:12:36,994 🔮 Guessed: info@massagemdb.com — Massage MDB
2026-04-16 14:12:37,881 Hunter.io rate limited — pausing 60s
2026-04-16 14:13:38,277 🔮 Guessed: info@lusciousskinspa.com — Luscious Skin Spa
2026-04-16 14:13:39,214 Hunter.io rate limited — pausing 60s
2026-04-16 14:14:39,621 🔮 Guessed: info@thecanaldayspa.com — The Canal Day Spa
2026-04-16 14:14:40,433 Hunter.io rate limited — pausing 60s
2026-04-16 14:15:40,795 🔮 Guessed: info@intermezzosalon.com — Intermezzo Salon & Spa
2026-04-16 14:15:41,636 Hunter.io rate limited — pausing 60s
2026-04-16 14:16:42,030 🔮 Guessed: info@marriott.com — Sheraton Grand Seattle
2026-04-16 14:16:42,876 Hunter.io rate limited — pausing 60s
2026-04-16 14:17:43,275 🔮 Guessed: info@elamarskin.com — ElaMar Nashville
2026-04-16 14:17:43,971 Hunter.io rate limited — pausing 60s
2026-04-16 14:18:44,329 🔮 Guessed: info@tolmanmedical.com — NSI Wellness | Aesthetics
2026-04-16 14:18:45,188 Hunter.io rate limited — pausing 60s
2026-04-16 14:19:45,678 🔮 Guessed: info@nakedmd.com — NakedMD Med Spa Nashville
2026-04-16 14:19:46,542 Hunter.io rate limited — pausing 60s
2026-04-16 14:20:47,027 🔮 Guessed: info@complexionnashville.com — Complexion Nashville
2026-04-16 14:20:47,731 Hunter.io rate limited — pausing 60s
2026-04-16 14:21:48,155 🔮 Guessed: info@elevatemedispa.com — Elevate Medical Spa
2026-04-16 14:21:48,870 Hunter.io rate limited — pausing 60s
2026-04-16 14:22:49,484 🔮 Guessed: info@hifinch.com — Hi, Finch
2026-04-16 14:22:50,205 Hunter.io rate limited — pausing 60s
2026-04-16 14:23:50,540 🔮 Guessed: info@smileyaesthetics.com — Smiley Aesthetics Medical Spa – Botox & Weight Loss Clinic Nashville West
2026-04-16 14:23:51,254 Hunter.io rate limited — pausing 60s
2026-04-16 14:24:51,628 🔮 Guessed: info@thenaturallook.net — The Natural Look MedSpa
2026-04-16 14:24:53,264 Hunter.io rate limited — pausing 60s
2026-04-16 14:25:54,098 🔮 Guessed: info@radiantespa.com — Radianté Spa Nashville
2026-04-16 14:25:54,835 Hunter.io rate limited — pausing 60s
2026-04-16 14:26:55,200 🔮 Guessed: info@slkclinic.com — SLK Aesthetic Medicine
2026-04-16 14:26:55,904 Hunter.io rate limited — pausing 60s
2026-04-16 14:27:56,246 🔮 Guessed: info@elanskinandlaser.com — Elan Skin & Laser Med Spa of Nashville
2026-04-16 14:27:56,957 Hunter.io rate limited — pausing 60s
2026-04-16 14:28:57,310 🔮 Guessed: info@melroseaesthetics.com — Melrose Aesthetics
2026-04-16 14:28:58,149 Hunter.io rate limited — pausing 60s
2026-04-16 14:29:58,512 🔮 Guessed: info@lumiereaesthetics.co — Lumière Aesthetics & Wellness
2026-04-16 14:30:00,217 Hunter.io rate limited — pausing 60s
2026-04-16 14:31:00,617 🔮 Guessed: info@amalieaesthetics.com — Amálie Aesthetics and Wellness
2026-04-16 14:31:01,499 Hunter.io rate limited — pausing 60s
2026-04-16 14:32:01,905 🔮 Guessed: info@ovme.com — OVME
2026-04-16 14:32:02,633 Hunter.io rate limited — pausing 60s
2026-04-16 14:33:03,021 🔮 Guessed: info@skinmb.com — Skin MB
2026-04-16 14:33:03,882 Hunter.io rate limited — pausing 60s
2026-04-16 14:34:04,600 🔮 Guessed: info@nashvilleskinsociety.com — Nashville Skin Society
2026-04-16 14:34:05,900 Hunter.io rate limited — pausing 60s
2026-04-16 14:35:06,258 🔮 Guessed: info@61five.com — 61Five Health & Wellness
2026-04-16 14:35:07,171 Hunter.io rate limited — pausing 60s
2026-04-16 14:36:07,540 🔮 Guessed: info@hatefaesthetics.com — Hatef Aesthetics & Plastic Surgery
2026-04-16 14:36:08,682 Hunter.io rate limited — pausing 60s
2026-04-16 14:37:09,085 🔮 Guessed: info@genesislifestylemedicine.com — Genesis Lifestyle Medicine
2026-04-16 14:37:09,943 Hunter.io rate limited — pausing 60s
2026-04-16 14:38:10,290 🔮 Guessed: info@next-health.com — Next Health in The Gulch - Nashville
2026-04-16 14:38:11,139 Hunter.io rate limited — pausing 60s
2026-04-16 14:39:11,532 🔮 Guessed: info@ovme.com — OVME
2026-04-16 14:39:12,386 Hunter.io rate limited — pausing 60s
2026-04-16 14:40:12,847 🔮 Guessed: info@tempowellnessnashville.com — Tempo Wellness + Aesthetics
2026-04-16 14:40:13,939 Hunter.io rate limited — pausing 60s
2026-04-16 14:41:14,318 🔮 Guessed: info@onyxwa.com — ONYX WELLNESS & AESTHETICS
2026-04-16 14:41:14,825 
==================================================
2026-04-16 14:41:14,825 ✅ Email finder complete
2026-04-16 14:41:14,825    API found:  0
2026-04-16 14:41:14,825    Guessed:    40
2026-04-16 14:41:14,825    Total:      40
2026-04-16 14:41:14,825 ==================================================

