2026-04-30 14:00:23,953 🔍 Finding emails for 50 leads...
2026-04-30 14:00:24,431 🔮 Guessed: info@bralmedicalspa.com — Bral Medical Spa
2026-04-30 14:00:25,381 🔮 Guessed: info@iglowvegas.com — iGlow Aesthetics and Med Spa
2026-04-30 14:00:26,128 🔮 Guessed: info@thechicagoaccidentattorney.net — Law Offices of Joseph Younes
2026-04-30 14:00:27,020 ✅ Hunter found: pammenaker@cliffordlaw.com (score: 92) — Clifford Law Offices PC
2026-04-30 14:00:27,952 ✅ Hunter found: michael@lomap.com (score: 99) — Law Office of Michael A. Perez
2026-04-30 14:00:28,815 ✅ Hunter found: ivan@ivanrueda.com (score: 72) — Ivan Rueda & Associates – Personal Injury Attorney
2026-04-30 14:00:29,617 🔮 Guessed: info@civilrightsattorneychicago.com — Foutris Law Office, Ltd.
2026-04-30 14:00:30,383 🔮 Guessed: info@daveabels.com — Abels & Annes, P.C.
2026-04-30 14:00:31,381 ✅ Hunter found: angie@keatinglegal.com (score: 99) — Keating Law Offices, P.C.
2026-04-30 14:00:32,119 Hunter.io rate limited — pausing 60s
2026-04-30 14:01:32,486 🔮 Guessed: info@chiattorney.com — Chicago Family Attorneys, LLC
2026-04-30 14:01:33,217 Hunter.io rate limited — pausing 60s
2026-04-30 14:02:33,578 🔮 Guessed: info@illinoislawyers.com — Illinois Lawyers
2026-04-30 14:02:34,699 Hunter.io rate limited — pausing 60s
2026-04-30 14:03:35,040 🔮 Guessed: info@jrqlaw.com — JRQ & Associates, LLC
2026-04-30 14:03:35,911 Hunter.io rate limited — pausing 60s
2026-04-30 14:04:36,259 🔮 Guessed: info@attorneyzim.com — Zimmerman Law Offices
2026-04-30 14:04:36,956 Hunter.io rate limited — pausing 60s
2026-04-30 14:05:37,178 🔮 Guessed: info@sciblolawoffice.com — Mark Sciblo Law Office
2026-04-30 14:05:38,032 Hunter.io rate limited — pausing 60s
2026-04-30 14:06:38,249 🔮 Guessed: info@ilwashingtonlaw.com — Washington Law Offices
2026-04-30 14:06:38,962 Hunter.io rate limited — pausing 60s
2026-04-30 14:07:39,284 🔮 Guessed: info@duronlaw.com — The Duron Law Firm PC
2026-04-30 14:07:40,123 Hunter.io rate limited — pausing 60s
2026-04-30 14:08:40,460 🔮 Guessed: info@danherbertlaw.com — Herbert Law Firm
2026-04-30 14:08:41,275 Hunter.io rate limited — pausing 60s
2026-04-30 14:09:41,607 🔮 Guessed: info@anselmoduranlaw.com — Law Office of Anselmo Duran P.C.
2026-04-30 14:09:42,483 Hunter.io rate limited — pausing 60s
2026-04-30 14:10:42,915 🔮 Guessed: info@stoltmannlaw.com — Stoltmann Law Offices
2026-04-30 14:10:43,841 Hunter.io rate limited — pausing 60s
2026-04-30 14:11:45,480 🔮 Guessed: info@pattersonlawfirm.com — Patterson Law Firm
2026-04-30 14:11:46,741 Hunter.io rate limited — pausing 60s
2026-04-30 14:12:47,271 🔮 Guessed: info@chicago-criminal-dui.com — The Law Office of Matthew Prengaman
2026-04-30 14:12:48,319 Hunter.io rate limited — pausing 60s
2026-04-30 14:13:48,905 🔮 Guessed: info@desilvalawoffices.com — Law Offices of R. Tamara de Silva
2026-04-30 14:13:49,898 Hunter.io rate limited — pausing 60s
2026-04-30 14:14:50,385 🔮 Guessed: info@studentdisciplinedefense.com — Lento Law Firm Student Defense and Title IX Attorneys
2026-04-30 14:14:51,406 Hunter.io rate limited — pausing 60s
2026-04-30 14:15:53,474 🔮 Guessed: info@discovercabrillo.com — Cabrillo Plumbing, Heating & Air
2026-04-30 14:15:54,621 Hunter.io rate limited — pausing 60s
2026-04-30 14:16:55,150 🔮 Guessed: info@sanfranciscoexprethvac.com — San Francisco Expert Heating and Air
2026-04-30 14:16:56,010 Hunter.io rate limited — pausing 60s
2026-04-30 14:17:56,509 🔮 Guessed: info@acostaheatingandair.com — Acosta Heating & Sheet Metal
2026-04-30 14:17:57,580 Hunter.io rate limited — pausing 60s
2026-04-30 14:18:58,043 🔮 Guessed: info@nexthvacrepair.com — Next HVAC and Appliance repair
2026-04-30 14:18:58,915 Hunter.io rate limited — pausing 60s
2026-04-30 14:19:59,430 🔮 Guessed: info@schmittheating.com — Schmitt Heating & Air Conditioning
2026-04-30 14:20:00,266 Hunter.io rate limited — pausing 60s
2026-04-30 14:21:00,783 🔮 Guessed: info@hometownheatingandair.com — Hometown Heating and Air Conditioning
2026-04-30 14:21:01,648 Hunter.io rate limited — pausing 60s
2026-04-30 14:22:02,209 🔮 Guessed: info@associatedheatingsf.com — Associated Heating of San Francisco
2026-04-30 14:22:03,210 Hunter.io rate limited — pausing 60s
2026-04-30 14:23:03,754 🔮 Guessed: info@magicplumbing.com — Magic Plumbing Heating & Cooling
2026-04-30 14:23:04,616 Hunter.io rate limited — pausing 60s
2026-04-30 14:24:05,111 🔮 Guessed: info@calljazz.com — Jazz Heating, Air Conditioning and Plumbing
2026-04-30 14:24:05,967 Hunter.io rate limited — pausing 60s
2026-04-30 14:25:06,486 🔮 Guessed: info@samedayhvachayward.com — Same Day Air Conditioning & Heating
2026-04-30 14:25:07,533 Hunter.io rate limited — pausing 60s
2026-04-30 14:26:08,022 🔮 Guessed: info@heisesplumbing.com — Heise's Plumbing
2026-04-30 14:26:08,995 Hunter.io rate limited — pausing 60s
2026-04-30 14:27:10,567 🔮 Guessed: info@perfectstarhvac.com — Perfect Star Heating, Cooling, & Electrical
2026-04-30 14:27:11,611 Hunter.io rate limited — pausing 60s
2026-04-30 14:28:12,135 🔮 Guessed: info@galaxyservices.com — Galaxy Heating & Air Conditioning
2026-04-30 14:28:13,102 Hunter.io rate limited — pausing 60s
2026-04-30 14:29:14,654 🔮 Guessed: info@afpheating.com — Air Flow Pros Heating and Air Conditioning
2026-04-30 14:29:15,829 Hunter.io rate limited — pausing 60s
2026-04-30 14:30:16,388 🔮 Guessed: info@acheatingandair.net — AC Heating and Cooling Service Inc.
2026-04-30 14:30:27,045 Hunter domain-search failed for freonhvacservice.com: HTTPSConnectionPool(host='api.hunter.io', port=443): Read timed out. (read timeout=10)
2026-04-30 14:30:27,045 🔮 Guessed: info@freonhvacservice.com — Freon HVAC & Electrical Service
2026-04-30 14:30:28,379 Hunter.io rate limited — pausing 60s
2026-04-30 14:31:29,026 🔮 Guessed: info@innersunsettophvacrepair.com — Inner Sunset Top Heating and Air
2026-04-30 14:31:30,010 Hunter.io rate limited — pausing 60s
2026-04-30 14:32:30,851 🔮 Guessed: info@albertnahmanplumbing.com — Albert Nahman Plumbing, Heating, and Cooling
2026-04-30 14:32:31,357 
==================================================
2026-04-30 14:32:31,358 ✅ Email finder complete
2026-04-30 14:32:31,358    API found:  4
2026-04-30 14:32:31,358    Guessed:    37
2026-04-30 14:32:31,358    Total:      41
2026-04-30 14:32:31,358 ==================================================

