2026-04-24 14:00:20,655 🔍 Finding emails for 50 leads...
2026-04-24 14:00:21,227 Hunter.io rate limited — pausing 60s
2026-04-24 14:01:21,615 🔮 Guessed: info@siutsehairextensions.com — Siutse Hair Extensions
2026-04-24 14:01:22,346 Hunter.io rate limited — pausing 60s
2026-04-24 14:02:22,562 🔮 Guessed: info@redsalon.com — Red Salon
2026-04-24 14:02:23,457 Hunter.io rate limited — pausing 60s
2026-04-24 14:03:23,691 🔮 Guessed: info@cristianrovere.com — Cristian Rovere Hair Salon and Spa
2026-04-24 14:03:24,445 Hunter.io rate limited — pausing 60s
2026-04-24 14:04:24,698 🔮 Guessed: info@whitespacesalon.com — White Space Hair Salon
2026-04-24 14:04:25,627 Hunter.io rate limited — pausing 60s
2026-04-24 14:05:26,040 🔮 Guessed: info@james-styles.vercel.app — James styles hair salón
2026-04-24 14:05:26,944 Hunter.io rate limited — pausing 60s
2026-04-24 14:06:27,179 🔮 Guessed: info@gleamhairstudio.com — Gleam Hair Studio
2026-04-24 14:06:28,053 Hunter.io rate limited — pausing 60s
2026-04-24 14:07:28,269 🔮 Guessed: info@detlev.com — detlev - A davines Salon
2026-04-24 14:07:29,117 Hunter.io rate limited — pausing 60s
2026-04-24 14:08:29,335 🔮 Guessed: info@salondahlia.com — Salon Dahlia
2026-04-24 14:08:30,226 Hunter.io rate limited — pausing 60s
2026-04-24 14:09:30,633 🔮 Guessed: info@wynwoodsalon.setmore.com — Wynwood Salon
2026-04-24 14:09:31,363 Hunter.io rate limited — pausing 60s
2026-04-24 14:10:31,576 🔮 Guessed: info@shapesbyluke-101660.square.site — Shapes By Luke Hair MIAMI
2026-04-24 14:10:32,697 Hunter.io rate limited — pausing 60s
2026-04-24 14:11:32,918 🔮 Guessed: info@cuesalonstudio.com — cue. HAIR STUDIO - organic hair color, blonde specialist, and blowdry memberships
2026-04-24 14:11:33,628 Hunter.io rate limited — pausing 60s
2026-04-24 14:12:34,044 🔮 Guessed: info@hairhealers.com — Hair Healers Beauty Salon
2026-04-24 14:12:34,985 Hunter.io rate limited — pausing 60s
2026-04-24 14:13:35,206 🔮 Guessed: info@rootandbark.com — The Root & Bark
2026-04-24 14:13:36,074 Hunter.io rate limited — pausing 60s
2026-04-24 14:14:36,331 🔮 Guessed: info@wynwoodhairco.com — Wynwood Hair Co.
2026-04-24 14:14:37,210 Hunter.io rate limited — pausing 60s
2026-04-24 14:15:37,585 🔮 Guessed: info@thenerohairsalon.com — Nero Hair Salon
2026-04-24 14:15:38,484 Hunter.io rate limited — pausing 60s
2026-04-24 14:16:38,714 🔮 Guessed: info@studionsalon.com — Studio N Salon
2026-04-24 14:16:39,479 Hunter.io rate limited — pausing 60s
2026-04-24 14:17:39,853 🔮 Guessed: info@downtownautomotiveseattle.com — Downtown Automotive
2026-04-24 14:17:40,736 Hunter.io rate limited — pausing 60s
2026-04-24 14:18:41,122 🔮 Guessed: info@pacrimauto.com — Pacific Rim Automotive, Inc.
2026-04-24 14:18:41,837 Hunter.io rate limited — pausing 60s
2026-04-24 14:19:42,196 🔮 Guessed: info@yourfamilyauto.wordpress.com — Your Family Auto
2026-04-24 14:19:42,923 Hunter.io rate limited — pausing 60s
2026-04-24 14:20:43,161 🔮 Guessed: info@superiorautoservice.net — Superior Auto Service
2026-04-24 14:20:44,191 Hunter.io rate limited — pausing 60s
2026-04-24 14:21:44,535 🔮 Guessed: info@tomokoautocarecenter.com — Tomoko Auto Care Center
2026-04-24 14:21:45,494 Hunter.io rate limited — pausing 60s
2026-04-24 14:22:45,726 🔮 Guessed: info@buddandcompany.com — Budd & Company Automotive - Rainier Ave
2026-04-24 14:22:46,589 Hunter.io rate limited — pausing 60s
2026-04-24 14:23:47,186 🔮 Guessed: info@autorepairrevolution.com — Repair Revolution
2026-04-24 14:23:47,979 Hunter.io rate limited — pausing 60s
2026-04-24 14:24:48,249 🔮 Guessed: info@aceautorepairandtire.com — Ace Auto Repair & Tire
2026-04-24 14:24:49,019 Hunter.io rate limited — pausing 60s
2026-04-24 14:25:49,471 🔮 Guessed: info@autorepairseattle.com — Chuck's Auto Repair - North Seattle
2026-04-24 14:25:50,446 Hunter.io rate limited — pausing 60s
2026-04-24 14:26:50,676 🔮 Guessed: info@eliteautoseattle.com — Elite Auto Care
2026-04-24 14:26:51,570 Hunter.io rate limited — pausing 60s
2026-04-24 14:27:51,939 🔮 Guessed: info@baysautorepairballard.com — Bay's Auto Repair & Collision Services
2026-04-24 14:27:52,657 Hunter.io rate limited — pausing 60s
2026-04-24 14:28:53,010 🔮 Guessed: info@lakecityautoworks.com — Lake City Autoworks
2026-04-24 14:28:53,771 Hunter.io rate limited — pausing 60s
2026-04-24 14:29:54,029 🔮 Guessed: info@precisionmotorworks.net — Precision Motorworks
2026-04-24 14:29:54,908 Hunter.io rate limited — pausing 60s
2026-04-24 14:30:55,153 🔮 Guessed: info@arrowsautomotive.com — Arrows Automotive
2026-04-24 14:30:56,054 Hunter.io rate limited — pausing 60s
2026-04-24 14:31:56,423 🔮 Guessed: info@bestserviceandrepair.com — Best Service & Repair
2026-04-24 14:31:57,327 Hunter.io rate limited — pausing 60s
2026-04-24 14:32:57,708 🔮 Guessed: info@mossalley.com — Moss Alley Motors
2026-04-24 14:32:58,465 Hunter.io rate limited — pausing 60s
2026-04-24 14:33:58,845 🔮 Guessed: info@uvillageautocare.com — Village AutoCare & Tires
2026-04-24 14:33:59,583 Hunter.io rate limited — pausing 60s
2026-04-24 14:34:59,951 🔮 Guessed: info@tomsautomotive.com — Tom’s Automotive of West Seattle
2026-04-24 14:35:00,881 Hunter.io rate limited — pausing 60s
2026-04-24 14:36:01,259 🔮 Guessed: info@carrepairsseattle.com — 34th STREET GARAGE SEATTLE
2026-04-24 14:36:02,135 Hunter.io rate limited — pausing 60s
2026-04-24 14:37:02,522 🔮 Guessed: info@johnsonsautorepair.net — Johnson's Auto Repair
2026-04-24 14:37:03,409 Hunter.io rate limited — pausing 60s
2026-04-24 14:38:03,636 🔮 Guessed: info@eurocarservice.com — EuroCar Service
2026-04-24 14:38:04,391 Hunter.io rate limited — pausing 60s
2026-04-24 14:39:04,769 🔮 Guessed: info@high-road.com — High Road Automotive
2026-04-24 14:39:05,500 Hunter.io rate limited — pausing 60s
2026-04-24 14:40:05,853 🔮 Guessed: info@faseattle.com — Finesse Auto Service & Repair
2026-04-24 14:40:06,592 Hunter.io rate limited — pausing 60s
2026-04-24 14:41:07,070 🔮 Guessed: info@randkautomotive.com — R AND K AUTOMOTIVE
2026-04-24 14:41:07,947 Hunter.io rate limited — pausing 60s
2026-04-24 14:42:08,297 🔮 Guessed: info@dannysautorepair.com — Danny's Auto Repair
2026-04-24 14:42:09,058 Hunter.io rate limited — pausing 60s
2026-04-24 14:43:09,311 🔮 Guessed: info@gregs.com — Greg's Japanese Auto
2026-04-24 14:43:09,818 
==================================================
2026-04-24 14:43:09,818 ✅ Email finder complete
2026-04-24 14:43:09,818    API found:  0
2026-04-24 14:43:09,818    Guessed:    42
2026-04-24 14:43:09,818    Total:      42
2026-04-24 14:43:09,818 ==================================================

