2026-05-06 14:00:18,405 🔍 Finding emails for 50 leads...
2026-05-06 14:00:18,823 Hunter.io rate limited — pausing 60s
2026-05-06 14:01:19,198 🔮 Guessed: info@kcoralsurgeryandimplants.com — Kansas City Oral Surgery & Implant Center
2026-05-06 14:01:19,964 Hunter.io rate limited — pausing 60s
2026-05-06 14:02:20,310 🔮 Guessed: info@drbeyer.org — Andrew S. Beyer, DMD
2026-05-06 14:02:21,294 Hunter.io rate limited — pausing 60s
2026-05-06 14:03:21,631 🔮 Guessed: info@villagesalonatoberlin.com — Village Salon & Dry Bar
2026-05-06 14:03:22,513 Hunter.io rate limited — pausing 60s
2026-05-06 14:04:22,991 🔮 Guessed: info@maneraleigh.com — Mane Salon
2026-05-06 14:04:23,800 Hunter.io rate limited — pausing 60s
2026-05-06 14:05:24,237 🔮 Guessed: info@douglascarrollsalon.com — Douglas Carroll Salon, Spa and Boutique
2026-05-06 14:05:25,075 Hunter.io rate limited — pausing 60s
2026-05-06 14:06:25,454 🔮 Guessed: info@alteregoraleigh.com — Alter EGO Salon
2026-05-06 14:06:26,374 Hunter.io rate limited — pausing 60s
2026-05-06 14:07:27,528 🔮 Guessed: info@skyparlorsalon.com — Sky Parlor Salon
2026-05-06 14:07:28,426 Hunter.io rate limited — pausing 60s
2026-05-06 14:08:28,788 🔮 Guessed: info@junctionsalon.com — The Junction Salon and Bar
2026-05-06 14:08:29,493 Hunter.io rate limited — pausing 60s
2026-05-06 14:09:29,820 🔮 Guessed: info@rcasparsalon.com — R. Caspar Salon
2026-05-06 14:09:30,546 Hunter.io rate limited — pausing 60s
2026-05-06 14:10:30,945 🔮 Guessed: info@reveriehairco.com — Reverie Hair Co.
2026-05-06 14:10:31,647 Hunter.io rate limited — pausing 60s
2026-05-06 14:11:32,230 🔮 Guessed: info@samuelcole.com — Samuel Cole Salon
2026-05-06 14:11:33,081 Hunter.io rate limited — pausing 60s
2026-05-06 14:12:33,420 🔮 Guessed: info@menagerienc.com — Menagerie Style House
2026-05-06 14:12:34,267 Hunter.io rate limited — pausing 60s
2026-05-06 14:13:34,665 🔮 Guessed: info@thehightidesalon.com — The Hightide Salon and Suites
2026-05-06 14:13:35,501 Hunter.io rate limited — pausing 60s
2026-05-06 14:14:35,848 🔮 Guessed: info@alteregoraleigh.com — Salon Deux
2026-05-06 14:14:36,587 Hunter.io rate limited — pausing 60s
2026-05-06 14:15:36,951 🔮 Guessed: info@hush.hair — Hush Raleigh
2026-05-06 14:15:37,854 Hunter.io rate limited — pausing 60s
2026-05-06 14:16:38,391 🔮 Guessed: info@luxsalonspa.net — LUX Salon - Lafayette Village
2026-05-06 14:16:39,274 Hunter.io rate limited — pausing 60s
2026-05-06 14:17:39,656 🔮 Guessed: info@salon21raleigh.com — Salon 21
2026-05-06 14:17:40,363 Hunter.io rate limited — pausing 60s
2026-05-06 14:18:40,706 🔮 Guessed: info@sweettsalon.com — Sweet T Salon
2026-05-06 14:18:41,430 Hunter.io rate limited — pausing 60s
2026-05-06 14:19:41,767 🔮 Guessed: info@justblo.com — Blo
2026-05-06 14:19:42,603 Hunter.io rate limited — pausing 60s
2026-05-06 14:20:43,275 🔮 Guessed: info@salonlavie.us — Salon La Vie Raleigh
2026-05-06 14:20:44,074 Hunter.io rate limited — pausing 60s
2026-05-06 14:21:44,499 🔮 Guessed: info@luxsalonspa.net — Lux Salon - Towne North
2026-05-06 14:21:45,204 Hunter.io rate limited — pausing 60s
2026-05-06 14:22:45,532 🔮 Guessed: info@atlantishairsalon.com — Atlantis Salon
2026-05-06 14:22:46,400 Hunter.io rate limited — pausing 60s
2026-05-06 14:23:46,762 🔮 Guessed: info@thelooksalonsuites.com — The Look Salon Suites
2026-05-06 14:23:47,487 Hunter.io rate limited — pausing 60s
2026-05-06 14:24:47,863 🔮 Guessed: info@mossraleigh.com — Moss Raleigh Salon • Master Colorist • Gray Blending • Color Corrections • Balayage • Vivids
2026-05-06 14:24:48,596 Hunter.io rate limited — pausing 60s
2026-05-06 14:25:48,966 🔮 Guessed: info@thelegacysalonraleigh.com — The Legacy Salon
2026-05-06 14:25:49,835 Hunter.io rate limited — pausing 60s
2026-05-06 14:26:50,186 🔮 Guessed: info@salonbluhair.com — Salon Blu
2026-05-06 14:26:51,052 Hunter.io rate limited — pausing 60s
2026-05-06 14:27:51,401 🔮 Guessed: info@tonehairsalon.com — Tone Hair Salon
2026-05-06 14:27:52,231 Hunter.io rate limited — pausing 60s
2026-05-06 14:28:52,519 Hunter domain-search failed for ritualhairco.com: Expecting value: line 1 column 1 (char 0)
2026-05-06 14:28:52,521 🔮 Guessed: info@ritualhairco.com — RITUAL Hair Company
2026-05-06 14:28:53,323 Hunter domain-search failed for dsparada.com: Expecting value: line 1 column 1 (char 0)
2026-05-06 14:28:53,325 🔮 Guessed: info@dsparada.com — dsparada Color Salon
2026-05-06 14:28:54,035 Hunter.io rate limited — pausing 60s
2026-05-06 14:29:54,413 🔮 Guessed: info@vagaro.com — Atmosphere Salon Raleigh....Janet Shacklette
2026-05-06 14:29:55,315 Hunter.io rate limited — pausing 60s
2026-05-06 14:30:55,784 🔮 Guessed: info@samandbills.com — Sam and Bill's Hair Color & Design
2026-05-06 14:30:56,712 Hunter.io rate limited — pausing 60s
2026-05-06 14:31:57,050 🔮 Guessed: info@asuitesalon.com — A Suite Salon
2026-05-06 14:31:57,778 Hunter.io rate limited — pausing 60s
2026-05-06 14:32:58,116 🔮 Guessed: info@salonveritas.com — Salon Veritas
2026-05-06 14:32:58,866 Hunter.io rate limited — pausing 60s
2026-05-06 14:33:59,869 🔮 Guessed: info@pointhairsalon.com — The Point Salon
2026-05-06 14:34:00,696 Hunter.io rate limited — pausing 60s
2026-05-06 14:35:01,211 🔮 Guessed: info@smithcosalon.com — SMITH & CO. Hair Salon LLC
2026-05-06 14:35:02,228 Hunter.io rate limited — pausing 60s
2026-05-06 14:36:02,583 🔮 Guessed: info@salonalchemyhair.com — Salon Alchemy
2026-05-06 14:36:03,520 Hunter.io rate limited — pausing 60s
2026-05-06 14:37:03,857 🔮 Guessed: info@vagaro.com — Tres Hair Company
2026-05-06 14:37:04,729 Hunter.io rate limited — pausing 60s
2026-05-06 14:38:05,170 🔮 Guessed: info@salonbluhair.com — Salon Blu
2026-05-06 14:38:05,955 Hunter.io rate limited — pausing 60s
2026-05-06 14:39:06,326 🔮 Guessed: info@eawellshair.com — EA Wells Hair Design
2026-05-06 14:39:07,206 Hunter.io rate limited — pausing 60s
2026-05-06 14:40:07,422 🔮 Guessed: info@solasalonstudios.com — Sola Salons
2026-05-06 14:40:08,159 Hunter.io rate limited — pausing 60s
2026-05-06 14:41:08,379 🔮 Guessed: info@salonlofts.com — Salon Lofts
2026-05-06 14:41:08,884 
==================================================
2026-05-06 14:41:08,884 ✅ Email finder complete
2026-05-06 14:41:08,884    API found:  0
2026-05-06 14:41:08,884    Guessed:    41
2026-05-06 14:41:08,884    Total:      41
2026-05-06 14:41:08,884 ==================================================

