2026-05-15 14:00:22,972 🔍 Finding emails for 50 leads...
2026-05-15 14:00:23,635 Hunter.io rate limited — pausing 60s
2026-05-15 14:01:24,263 🔮 Guessed: info@crunch.com — Crunch Fitness - University Square
2026-05-15 14:01:25,400 Hunter.io rate limited — pausing 60s
2026-05-15 14:02:25,787 🔮 Guessed: info@landformfitness.com — Landform Fitness
2026-05-15 14:02:26,692 Hunter.io rate limited — pausing 60s
2026-05-15 14:03:27,244 🔮 Guessed: info@elevatetraining.com — Elevate Training
2026-05-15 14:03:28,464 Hunter.io rate limited — pausing 60s
2026-05-15 14:04:29,035 🔮 Guessed: info@thegymelcajon.com — The Gym El Cajon
2026-05-15 14:04:30,100 Hunter.io rate limited — pausing 60s
2026-05-15 14:05:31,053 🔮 Guessed: info@24hourfitness.com — 24 Hour Fitness
2026-05-15 14:05:31,900 Hunter.io rate limited — pausing 60s
2026-05-15 14:06:32,561 🔮 Guessed: info@kettleflex.com — KettleFlex Fitness
2026-05-15 14:06:33,447 Hunter.io rate limited — pausing 60s
2026-05-15 14:07:33,859 🔮 Guessed: info@balancedfitnesshealth.com — Balanced Fitness & Health
2026-05-15 14:07:34,569 Hunter.io rate limited — pausing 60s
2026-05-15 14:08:34,918 🔮 Guessed: info@sandiego.navylifesw.com — NMCSD - Balboa Fitness Center
2026-05-15 14:08:35,768 Hunter.io rate limited — pausing 60s
2026-05-15 14:09:36,067 🔮 Guessed: info@planetfitness.com — Planet Fitness
2026-05-15 14:09:36,933 Hunter.io rate limited — pausing 60s
2026-05-15 14:10:37,318 🔮 Guessed: info@orangetheory.com — Orangetheory Fitness
2026-05-15 14:10:39,699 Hunter.io rate limited — pausing 60s
2026-05-15 14:11:39,914 🔮 Guessed: info@cityboxing.com — City Boxing
2026-05-15 14:11:40,796 Hunter.io rate limited — pausing 60s
2026-05-15 14:12:41,164 🔮 Guessed: info@crossfithumanity.com — Race Series San Diego
2026-05-15 14:12:41,900 Hunter.io rate limited — pausing 60s
2026-05-15 14:13:42,391 🔮 Guessed: info@catalystperformancesd.com — Catalyst Performance Center
2026-05-15 14:13:43,137 Hunter.io rate limited — pausing 60s
2026-05-15 14:14:43,488 🔮 Guessed: info@vnvfit.com — Vim + Vigor Fitness
2026-05-15 14:14:44,363 Hunter.io rate limited — pausing 60s
2026-05-15 14:15:44,717 🔮 Guessed: info@24hourfitness.com — 24 Hour Fitness
2026-05-15 14:15:45,416 Hunter.io rate limited — pausing 60s
2026-05-15 14:16:45,780 🔮 Guessed: info@theplexathleticclub.com — The Plex Athletic Club
2026-05-15 14:16:46,651 Hunter.io rate limited — pausing 60s
2026-05-15 14:17:47,121 🔮 Guessed: info@anytimefitness.com — Anytime Fitness
2026-05-15 14:17:47,994 Hunter.io rate limited — pausing 60s
2026-05-15 14:18:48,350 🔮 Guessed: info@ybxfitness.com — YBX Fitness
2026-05-15 14:18:49,204 Hunter.io rate limited — pausing 60s
2026-05-15 14:19:49,624 🔮 Guessed: info@villasport.com — Villa Sport Athletic Club
2026-05-15 14:19:50,694 Hunter.io rate limited — pausing 60s
2026-05-15 14:20:51,103 🔮 Guessed: info@formagym.com — Forma Gym San Jose - Personal Training & Fitness Classes
2026-05-15 14:20:51,966 Hunter.io rate limited — pausing 60s
2026-05-15 14:21:52,407 🔮 Guessed: info@24hourfitness.com — 24 Hour Fitness
2026-05-15 14:21:53,259 Hunter.io rate limited — pausing 60s
2026-05-15 14:22:53,804 🔮 Guessed: info@crunch.com — Crunch Fitness - San Jose
2026-05-15 14:22:54,673 Hunter.io rate limited — pausing 60s
2026-05-15 14:23:55,049 🔮 Guessed: info@anytimefitness.com — Anytime Fitness
2026-05-15 14:23:55,902 Hunter.io rate limited — pausing 60s
2026-05-15 14:24:56,263 🔮 Guessed: info@24hourfitness.com — 24 Hour Fitness
2026-05-15 14:24:57,123 Hunter.io rate limited — pausing 60s
2026-05-15 14:25:57,493 🔮 Guessed: info@focusfitnessclub.com — Focus Fitness Club
2026-05-15 14:25:58,456 Hunter.io rate limited — pausing 60s
2026-05-15 14:26:58,888 🔮 Guessed: info@westcasj.com — WESTCA
2026-05-15 14:26:59,788 Hunter.io rate limited — pausing 60s
2026-05-15 14:28:00,274 🔮 Guessed: info@elitespartans.com — Elite Spartans Gym
2026-05-15 14:28:01,298 Hunter.io rate limited — pausing 60s
2026-05-15 14:29:01,814 🔮 Guessed: info@eliteprofitca.com — Elite Pro Fitness
2026-05-15 14:29:02,691 Hunter.io rate limited — pausing 60s
2026-05-15 14:30:03,163 🔮 Guessed: info@citysportsfitness.com — City Sports Club
2026-05-15 14:30:04,038 Hunter.io rate limited — pausing 60s
2026-05-15 14:31:04,831 🔮 Guessed: info@24hourfitness.com — 24 Hour Fitness
2026-05-15 14:31:05,731 Hunter.io rate limited — pausing 60s
2026-05-15 14:32:06,095 🔮 Guessed: info@hscgym.com — Hyper Strength and Conditioning
2026-05-15 14:32:06,959 Hunter.io rate limited — pausing 60s
2026-05-15 14:33:07,391 🔮 Guessed: info@24hourfitness.com — 24 Hour Fitness
2026-05-15 14:33:08,330 Hunter.io rate limited — pausing 60s
2026-05-15 14:34:08,795 🔮 Guessed: info@24hourfitness.com — 24 Hour Fitness
2026-05-15 14:34:09,526 Hunter.io rate limited — pausing 60s
2026-05-15 14:35:09,969 🔮 Guessed: info@gotoplex.com — The Plex
2026-05-15 14:35:11,414 Hunter.io rate limited — pausing 60s
2026-05-15 14:36:11,922 🔮 Guessed: info@spartanrecreation.com — Student Union, Inc. Spartan Recreation and Aquatic Center
2026-05-15 14:36:12,947 Hunter.io rate limited — pausing 60s
2026-05-15 14:37:13,407 🔮 Guessed: info@spinstrength.com — Pacific Spin & Strength
2026-05-15 14:37:14,112 Hunter.io rate limited — pausing 60s
2026-05-15 14:38:14,476 🔮 Guessed: info@crunch.com — Crunch Fitness - Winchester
2026-05-15 14:38:14,982 
==================================================
2026-05-15 14:38:14,982 ✅ Email finder complete
2026-05-15 14:38:14,982    API found:  0
2026-05-15 14:38:14,982    Guessed:    37
2026-05-15 14:38:14,982    Total:      37
2026-05-15 14:38:14,982 ==================================================

