2026-04-09 14:00:21,098 🔍 Finding emails for 50 leads...
2026-04-09 14:00:21,550 Hunter.io rate limited — pausing 60s
2026-04-09 14:01:21,987 🔮 Guessed: info@stateofgracetattoo.com — State of Grace
2026-04-09 14:01:22,759 Hunter.io rate limited — pausing 60s
2026-04-09 14:02:23,295 🔮 Guessed: info@current-sj.com — Current Tattooing
2026-04-09 14:02:24,230 Hunter.io rate limited — pausing 60s
2026-04-09 14:03:24,701 🔮 Guessed: info@honepiercing.com — Hone Piercing
2026-04-09 14:03:25,613 Hunter.io rate limited — pausing 60s
2026-04-09 14:04:25,997 🔮 Guessed: info@vampirebattlemansion.com — Vampire Battle Mansion Tattoo and Piercing
2026-04-09 14:04:26,760 Hunter.io rate limited — pausing 60s
2026-04-09 14:05:27,196 🔮 Guessed: info@soulimagez.com — Soul Imagez Tattoo
2026-04-09 14:05:28,031 Hunter.io rate limited — pausing 60s
2026-04-09 14:06:28,434 🔮 Guessed: info@theholyscythetattoo.com — The Holy Scythe Tattoo
2026-04-09 14:06:29,326 Hunter.io rate limited — pausing 60s
2026-04-09 14:07:29,757 🔮 Guessed: info@sacredoathtattoos.com — Sacred Oath Tattoos
2026-04-09 14:07:30,684 Hunter.io rate limited — pausing 60s
2026-04-09 14:08:31,065 🔮 Guessed: info@ktdragon.com — KT Dragon Tattoo Studio
2026-04-09 14:08:31,940 Hunter.io rate limited — pausing 60s
2026-04-09 14:09:32,305 🔮 Guessed: info@homeroomtattoo.com — Homeroom Tattoo
2026-04-09 14:09:33,179 Hunter.io rate limited — pausing 60s
2026-04-09 14:10:33,580 🔮 Guessed: info@voodoovon.myonlineappointment.com — Asylum Ink
2026-04-09 14:10:34,508 Hunter.io rate limited — pausing 60s
2026-04-09 14:11:34,914 🔮 Guessed: info@flourishtattoo.com — Flourish Tattoo & Foliage
2026-04-09 14:11:35,806 Hunter.io rate limited — pausing 60s
2026-04-09 14:12:36,195 🔮 Guessed: info@makemeholeybodypiercing.com — Make Me Holey Body Piercing
2026-04-09 14:12:37,064 Hunter.io rate limited — pausing 60s
2026-04-09 14:13:37,451 🔮 Guessed: info@inkesomnia.com — INKESOMNIA
2026-04-09 14:13:38,351 Hunter.io rate limited — pausing 60s
2026-04-09 14:14:38,773 🔮 Guessed: info@bodyexotic.com — Body Exotic
2026-04-09 14:14:39,528 Hunter.io rate limited — pausing 60s
2026-04-09 14:15:39,920 🔮 Guessed: info@convictiontattoo.com — Conviction Tattoo Studio
2026-04-09 14:15:40,918 Hunter.io rate limited — pausing 60s
2026-04-09 14:16:41,582 🔮 Guessed: info@inkdicatattoo.com — Inkdica tattoo
2026-04-09 14:16:42,499 Hunter.io rate limited — pausing 60s
2026-04-09 14:17:42,883 🔮 Guessed: info@lunatattoostudio.com — Luna Tattoo Studio
2026-04-09 14:17:43,647 Hunter.io rate limited — pausing 60s
2026-04-09 14:18:44,022 🔮 Guessed: info@artizenink.com — Artizen Ink
2026-04-09 14:18:44,782 Hunter.io rate limited — pausing 60s
2026-04-09 14:19:45,259 🔮 Guessed: info@tattoonerdssj.com — Tattoo Nerds
2026-04-09 14:19:46,210 Hunter.io rate limited — pausing 60s
2026-04-09 14:20:46,681 🔮 Guessed: info@moncriefair.com — Moncrief Heating & Air Conditioning
2026-04-09 14:20:47,447 Hunter.io rate limited — pausing 60s
2026-04-09 14:21:47,986 🔮 Guessed: info@estesair.com — Estes Services
2026-04-09 14:21:48,722 Hunter.io rate limited — pausing 60s
2026-04-09 14:22:49,089 🔮 Guessed: info@pvhvac.com — PV Heating, Cooling & Plumbing
2026-04-09 14:22:49,993 Hunter.io rate limited — pausing 60s
2026-04-09 14:23:50,428 🔮 Guessed: info@rsandrews.com — RS Andrews
2026-04-09 14:23:51,197 Hunter.io rate limited — pausing 60s
2026-04-09 14:24:51,582 🔮 Guessed: info@theaircompanyga.com — The Air Company
2026-04-09 14:24:52,594 Hunter.io rate limited — pausing 60s
2026-04-09 14:25:52,987 🔮 Guessed: info@hopehvac.com — Hope Heating & AC Repair
2026-04-09 14:25:53,756 Hunter.io rate limited — pausing 60s
2026-04-09 14:26:54,161 🔮 Guessed: info@cunninghamhvac.com — Cunningham Associates
2026-04-09 14:26:55,060 Hunter.io rate limited — pausing 60s
2026-04-09 14:27:55,470 🔮 Guessed: info@empirehvac.com — Empire Heating & Air Conditioning Inc
2026-04-09 14:27:56,354 Hunter.io rate limited — pausing 60s
2026-04-09 14:28:57,260 🔮 Guessed: info@coolray.com — Coolray Heating & Air Conditioning
2026-04-09 14:28:58,160 Hunter.io rate limited — pausing 60s
2026-04-09 14:29:58,546 🔮 Guessed: info@770coolair.com — Cool Air Mechanical
2026-04-09 14:29:59,441 Hunter.io rate limited — pausing 60s
2026-04-09 14:30:59,961 🔮 Guessed: info@reliableair.com — Reliable Heating & Air, Plumbing and Electrical - Kennesaw
2026-04-09 14:31:00,895 Hunter.io rate limited — pausing 60s
2026-04-09 14:32:01,297 🔮 Guessed: info@maintenanceunlimitedheatingcooling.com — Maintenance Unlimited Heating & Cooling
2026-04-09 14:32:02,267 Hunter.io rate limited — pausing 60s
2026-04-09 14:33:02,695 🔮 Guessed: info@ragsdaleair.com — Ragsdale Heating, Air, Plumbing & Electrical
2026-04-09 14:33:03,603 Hunter.io rate limited — pausing 60s
2026-04-09 14:34:04,077 🔮 Guessed: info@peppersheatingandair.com — Peppers Heating & Air Conditioning Service Inc.
2026-04-09 14:34:04,821 Hunter.io rate limited — pausing 60s
2026-04-09 14:35:05,238 🔮 Guessed: info@indoorexperts.com — INDOOR EXPERTS HEATING & AIR CONDITIONING
2026-04-09 14:35:05,983 Hunter.io rate limited — pausing 60s
2026-04-09 14:36:06,455 🔮 Guessed: info@gaci.biz — Georgia Air Contractors
2026-04-09 14:36:07,356 Hunter.io rate limited — pausing 60s
2026-04-09 14:37:08,230 🔮 Guessed: info@centralheat.com — Central Heating & Air Conditioning
2026-04-09 14:37:09,110 Hunter.io rate limited — pausing 60s
2026-04-09 14:38:09,571 🔮 Guessed: info@galgonhvac.com — Galgon HVAC & Mechanical Service, Inc.
2026-04-09 14:38:10,452 Hunter.io rate limited — pausing 60s
2026-04-09 14:39:10,872 🔮 Guessed: info@esquirehvac.com — Esquire Heating And Air
2026-04-09 14:39:11,816 Hunter.io rate limited — pausing 60s
2026-04-09 14:40:12,428 🔮 Guessed: info@tecertifiedelectricians.com — TE Certified, Electrical, Plumbing, Heating & Cooling
2026-04-09 14:40:13,317 Hunter.io rate limited — pausing 60s
2026-04-09 14:41:13,697 🔮 Guessed: info@adcampbellhvac.com — A.D. Campbell HVAC Services
2026-04-09 14:41:14,600 Hunter.io rate limited — pausing 60s
2026-04-09 14:42:14,984 🔮 Guessed: info@spencerair.com — Spencer Heating and Air Conditioning
2026-04-09 14:42:15,866 Hunter.io rate limited — pausing 60s
2026-04-09 14:43:16,266 🔮 Guessed: info@gbshvac.com — GB Services HVAC
2026-04-09 14:43:17,025 Hunter.io rate limited — pausing 60s
2026-04-09 14:44:17,457 🔮 Guessed: info@newlevelmechanical.com — New Level Mechanical
2026-04-09 14:44:18,338 Hunter.io rate limited — pausing 60s
2026-04-09 14:45:18,578 🔮 Guessed: info@dynastyheatingandair.com — Dynasty Heating and Air
2026-04-09 14:45:19,082 
==================================================
2026-04-09 14:45:19,082 ✅ Email finder complete
2026-04-09 14:45:19,082    API found:  0
2026-04-09 14:45:19,082    Guessed:    44
2026-04-09 14:45:19,082    Total:      44
2026-04-09 14:45:19,083 ==================================================

