2026-05-18 14:00:20,236 🔍 Finding emails for 50 leads...
2026-05-18 14:00:20,711 Hunter.io rate limited — pausing 60s
2026-05-18 14:01:21,069 🔮 Guessed: info@thecamptc.com — The Camp Transformation Center
2026-05-18 14:01:21,840 Hunter.io rate limited — pausing 60s
2026-05-18 14:02:22,222 🔮 Guessed: info@citysportsfitness.com — City Sports Club
2026-05-18 14:02:22,931 Hunter.io rate limited — pausing 60s
2026-05-18 14:03:23,434 🔮 Guessed: info@brickhousesj.com — Brick House Fitness
2026-05-18 14:03:24,202 Hunter.io rate limited — pausing 60s
2026-05-18 14:04:24,551 🔮 Guessed: info@linktr.ee — WarFitness Bay Area
2026-05-18 14:04:25,295 Hunter.io rate limited — pausing 60s
2026-05-18 14:05:25,547 🔮 Guessed: info@gymcheckpro.com — Gym Strength Pro
2026-05-18 14:05:26,402 Hunter.io rate limited — pausing 60s
2026-05-18 14:06:26,950 🔮 Guessed: info@planetfitness.com — Planet Fitness
2026-05-18 14:06:27,649 Hunter.io rate limited — pausing 60s
2026-05-18 14:07:28,028 🔮 Guessed: info@unboundfitlife.com — Unbound Fitness & Wellness
2026-05-18 14:07:28,953 Hunter.io rate limited — pausing 60s
2026-05-18 14:08:29,290 🔮 Guessed: info@reddotfitness.net — Red Dot Fitness
2026-05-18 14:08:29,989 Hunter.io rate limited — pausing 60s
2026-05-18 14:09:30,342 🔮 Guessed: info@planetfitness.com — Planet Fitness
2026-05-18 14:09:31,021 Hunter.io rate limited — pausing 60s
2026-05-18 14:10:31,401 🔮 Guessed: info@24hourfitness.com — 24 Hour Fitness
2026-05-18 14:10:32,297 Hunter.io rate limited — pausing 60s
2026-05-18 14:11:32,681 🔮 Guessed: info@barrys.com — Barry's Santana Row
2026-05-18 14:11:33,541 Hunter.io rate limited — pausing 60s
2026-05-18 14:12:33,866 🔮 Guessed: info@liftprofitness.com — Lift Pro Fitness
2026-05-18 14:12:34,697 Hunter.io rate limited — pausing 60s
2026-05-18 14:13:35,073 🔮 Guessed: info@americanbarbellclubs.com — American Barbell Clubs
2026-05-18 14:13:35,955 Hunter.io rate limited — pausing 60s
2026-05-18 14:14:36,420 🔮 Guessed: info@planetfitness.com — Planet Fitness
2026-05-18 14:14:37,275 Hunter.io rate limited — pausing 60s
2026-05-18 14:15:37,651 🔮 Guessed: info@maddoxmethod.com — X-treme Athletics
2026-05-18 14:15:38,395 Hunter.io rate limited — pausing 60s
2026-05-18 14:16:38,835 🔮 Guessed: info@thunderfitnesssanjose.com — Thunder Fitness San Jose
2026-05-18 14:16:39,732 Hunter.io rate limited — pausing 60s
2026-05-18 14:17:40,179 🔮 Guessed: info@barbellathletic.com — BARBELL ATHLETIC
2026-05-18 14:17:40,922 Hunter.io rate limited — pausing 60s
2026-05-18 14:18:41,296 🔮 Guessed: info@sjsu.edu — Timpany Center
2026-05-18 14:18:42,209 Hunter.io rate limited — pausing 60s
2026-05-18 14:19:42,673 🔮 Guessed: info@planetfitness.com — Planet Fitness
2026-05-18 14:19:43,604 Hunter.io rate limited — pausing 60s
2026-05-18 14:20:44,018 🔮 Guessed: info@crogafitness.com — Croga Fitness - Gym
2026-05-18 14:20:44,716 Hunter.io rate limited — pausing 60s
2026-05-18 14:21:45,241 🔮 Guessed: info@orangetheory.com — Orangetheory Fitness
2026-05-18 14:21:46,120 Hunter.io rate limited — pausing 60s
2026-05-18 14:22:46,467 🔮 Guessed: info@sanjoseca.gov — Bascom Community Center
2026-05-18 14:22:47,422 Hunter.io rate limited — pausing 60s
2026-05-18 14:23:47,816 🔮 Guessed: info@hella-strength.com — Hella Strength
2026-05-18 14:23:48,566 Hunter.io rate limited — pausing 60s
2026-05-18 14:24:48,917 🔮 Guessed: info@hotworx.net — HOTWORX - San Jose, CA - Downtown
2026-05-18 14:24:49,755 Hunter.io rate limited — pausing 60s
2026-05-18 14:25:50,148 🔮 Guessed: info@sanjoseca.gov — Roosevelt Community Center
2026-05-18 14:25:51,013 Hunter.io rate limited — pausing 60s
2026-05-18 14:26:51,378 🔮 Guessed: info@novacare.com — NovaCare Rehabilitation in partnership with OhioHealth - Columbus - Downtown
2026-05-18 14:26:52,107 Hunter.io rate limited — pausing 60s
2026-05-18 14:27:52,588 🔮 Guessed: info@athletespotential.com — Athletes' Potential Columbus
2026-05-18 14:27:53,473 Hunter.io rate limited — pausing 60s
2026-05-18 14:28:53,851 🔮 Guessed: info@wexnermedical.osu.edu — Ohio State Physical Therapy Outpatient Care East
2026-05-18 14:28:54,545 Hunter.io rate limited — pausing 60s
2026-05-18 14:29:55,074 🔮 Guessed: info@novacare.com — NovaCare Rehabilitation in partnership with OhioHealth - Metro
2026-05-18 14:29:56,030 Hunter.io rate limited — pausing 60s
2026-05-18 14:30:56,431 🔮 Guessed: info@copcp.com — Central Ohio Primary Care Physical Therapy - Northwest
2026-05-18 14:30:57,412 Hunter.io rate limited — pausing 60s
2026-05-18 14:31:57,807 🔮 Guessed: info@physicaltherapycolumbusoh.com — Fyzical Therapy & Balance Centers Upper Arlington
2026-05-18 14:31:58,746 Hunter.io rate limited — pausing 60s
2026-05-18 14:32:59,129 🔮 Guessed: info@columbuspainandperformance.com — Columbus Pain & Performance
2026-05-18 14:32:59,840 Hunter.io rate limited — pausing 60s
2026-05-18 14:34:00,219 🔮 Guessed: info@wexnermedical.osu.edu — Ohio State Outpatient Rehabilitation Martha Morehouse Outpatient Care
2026-05-18 14:34:00,956 Hunter.io rate limited — pausing 60s
2026-05-18 14:35:01,417 🔮 Guessed: info@orthoalliance.com — OrthoAlliance Physical Therapy
2026-05-18 14:35:02,165 Hunter.io rate limited — pausing 60s
2026-05-18 14:36:02,534 🔮 Guessed: info@fitforlifephysicaltherapy.com — Fit For Life Physical Therapy - Lane Avenue
2026-05-18 14:36:03,247 Hunter.io rate limited — pausing 60s
2026-05-18 14:37:03,602 🔮 Guessed: info@resolve-physio.com — Resolve Physio
2026-05-18 14:37:04,109 
==================================================
2026-05-18 14:37:04,109 ✅ Email finder complete
2026-05-18 14:37:04,109    API found:  0
2026-05-18 14:37:04,109    Guessed:    36
2026-05-18 14:37:04,109    Total:      36
2026-05-18 14:37:04,109 ==================================================

