2026-03-26 17:19:02,989 🔍 Finding emails for 100 leads...
2026-03-26 17:19:03,581 ✅ Hunter found: rose@cienegaspa.com (score: 84) — Cienega Medical
2026-03-26 17:19:04,584 🔮 Guessed: info@glowmedspaencino.com — Glow Aesthetic Center Med Spa
2026-03-26 17:19:05,422 🔮 Guessed: info@medbeautyla.com — MedBeautyLA
2026-03-26 17:19:06,164 🔮 Guessed: info@hushla.net — Hush LA Medspa
2026-03-26 17:19:07,061 🔮 Guessed: info@losfelizmedspa.com — Los Feliz Med Spa
2026-03-26 17:19:07,797 🔮 Guessed: info@rjmedspa.com — R&J Medspa
2026-03-26 17:19:08,590 ✅ Hunter found: calvin@sculptdtla.com (score: 99) — Sculpt Med Spa Downtown Los Angeles
2026-03-26 17:19:09,343 🔮 Guessed: info@ivemedicalspa.com — IVE MEDICAL SPA
2026-03-26 17:19:10,078 🔮 Guessed: info@blisspointmedspa.com — Bliss Point Medical Spa
2026-03-26 17:19:11,103 🔮 Guessed: info@renewmespa.com — RenewMe IV Therapy + Medspa
2026-03-26 17:19:11,832 🔮 Guessed: info@skinstorymedspa.com — Skin Story Med Spa
2026-03-26 17:19:12,586 🔮 Guessed: info@deluxecosmeticcenter.com — Deluxe Cosmetic Center
2026-03-26 17:19:13,455 🔮 Guessed: info@vermontmedspa.com — Vermont Med spa
2026-03-26 17:19:14,278 🔮 Guessed: info@smoothskinlounge.com — SMOOTH SKIN LOUNGE
2026-03-26 17:19:15,310 🔮 Guessed: info@flawlessskincenter.com — Flawless Skin Center - West Hollywood: Med Spa
2026-03-26 17:19:16,523 ✅ Hunter found: me@melosangeles.com (score: 75) — me.losangeles aesthetics
2026-03-26 17:19:17,427 🔮 Guessed: info@simplyrenewla.com — Re:Lune - Medical Aesthetics and Wellness
2026-03-26 17:19:18,253 ✅ Hunter found: alissa.bayer@milkandhoneyspa.com (score: 98) — milk + honey | Brentwood
2026-03-26 17:19:19,084 🔮 Guessed: info@skincarewellnesspa.com — Skincare Wellness Spa
2026-03-26 17:19:19,816 🔮 Guessed: info@shapedsecretz.com — Shaped Secretz Body Sculpting
2026-03-26 17:19:20,604 ✅ Hunter found: elsegundo@skinworksmed.com (score: 99) — Skin Works Medical Spa | Torrance
2026-03-26 17:19:21,583 🔮 Guessed: info@spadelapeau.com — Spa De La Peau
2026-03-26 17:19:22,455 🔮 Guessed: info@shinylaserclinic.com — Shiny Laser Skin Clinic – Koreatown Med Spa & Laser Skin Experts
2026-03-26 17:19:23,220 🔮 Guessed: info@polarisaesthetics.com — Polaris Medical Aesthetics
2026-03-26 17:19:24,052 🔮 Guessed: info@vipaestheticsla.com — VIP AESTHETICS AND MEN'S HEALTH BY VIP MEDICAL
2026-03-26 17:19:24,858 ✅ Hunter found: shelby.mack@southcoastmedspa.com (score: 42) — South Coast MedSpa
2026-03-26 17:19:25,674 ✅ Hunter found: alyssa@springsrejuvenation.com (score: 91) — Springs Rejuvenation
2026-03-26 17:19:26,460 🔮 Guessed: info@thesunsetaesthetics.com — The Sunset Aesthetics
2026-03-26 17:19:27,188 🔮 Guessed: info@skinsationla.com — Skinsation LA
2026-03-26 17:19:27,945 🔮 Guessed: info@siennamedspa.com — Sienna Med
2026-03-26 17:19:28,690 🔮 Guessed: info@healthmedspa.com — Health Med Spa IV Therapy – Los Angeles
2026-03-26 17:19:29,491 ✅ Hunter found: sunny.gao@waveplasticsurgery.com (score: 99) — Wave Plastic Surgery
2026-03-26 17:19:30,277 ✅ Hunter found: lilly@thethingswedo.co (score: 98) — The Things We Do
2026-03-26 17:19:31,032 🔮 Guessed: info@re-nuaesthetics.com — Re-Nu Aesthetics
2026-03-26 17:19:31,819 🔮 Guessed: info@latinamedicalcenter.com — Latina Medical Center
2026-03-26 17:19:32,585 🔮 Guessed: info@beverlyhillsmedspa.com — Beverly Hills Med Spa
2026-03-26 17:19:33,354 🔮 Guessed: info@facialspa.net — Facial spa LA
2026-03-26 17:19:34,416 ✅ Hunter found: romina@theskinagency.com (score: 99) — The Skin Agency
2026-03-26 17:19:35,432 🔮 Guessed: info@arcbeautylab.com — Arc Beauty Lab
2026-03-26 17:19:36,172 🔮 Guessed: info@rejuvayou.com — Rejuvayou Medical
2026-03-26 17:19:36,917 🔮 Guessed: info@elmdspa.com — EL Med Spa
2026-03-26 17:19:37,901 ✅ Hunter found: skramer@oubeauty.com (score: 99) — OU Beauty
2026-03-26 17:19:38,668 🔮 Guessed: info@medworksaesthetics.com — Medworks Aesthetics
2026-03-26 17:19:39,461 🔮 Guessed: info@dermasterusa.com — Dermaster Medical Aesthetic Clinic
2026-03-26 17:19:40,273 🔮 Guessed: info@vivifyaesthetics.com — Vivify Aesthetic Medspa
2026-03-26 17:19:41,120 🔮 Guessed: info@ckeskincare.com — CKE SKINCARE
2026-03-26 17:19:41,919 🔮 Guessed: info@beyondskinmedspa.com — BeyondSkin MedSpa
2026-03-26 17:19:42,829 ✅ Hunter found: vdodd@airtechofhouston.com (score: 97) — Air Tech of Houston AC & Plumbing
2026-03-26 17:19:43,700 ✅ Hunter found: rmiller@bellaireair.com (score: 88) — Bellaire Air Conditioning
2026-03-26 17:19:44,572 🔮 Guessed: info@becoolachouston.com — Be Cool AC & Heating
2026-03-26 17:19:45,366 🔮 Guessed: info@callhoustonhvac.com — Houston HVAC
2026-03-26 17:19:46,100 🔮 Guessed: info@75degreeac.com — 75 Degree AC- Houston
2026-03-26 17:19:47,075 ✅ Hunter found: marreguin@excelairconditioning.com (score: 66) — Excel Air
2026-03-26 17:19:47,899 ✅ Hunter found: ruben@masteracandheat.com (score: 99) — Master AC and Heat, LLC- The Heights
2026-03-26 17:19:48,725 ✅ Hunter found: abram@acecomfort-tx.com (score: 67) — Ace Comfort Air Conditioning & Heating
2026-03-26 17:19:49,560 🔮 Guessed: info@htownacrepair.com — H-Town AC Repair HVAC services Houston
2026-03-26 17:19:50,480 ✅ Hunter found: alanoneill@abacusplumbing.net (score: 97) — Abacus Plumbing, Air Conditioning, & Electrical
2026-03-26 17:19:51,383 🔮 Guessed: info@baker-jones.com — Baker-Jones Co. Inc
2026-03-26 17:19:52,112 🔮 Guessed: info@callsoutherncomfort.com — Southern Comfort Heating & Air Services
2026-03-26 17:19:52,950 🔮 Guessed: info@airspecialist.com — Air Specialist Air Conditioning & Plumbing
2026-03-26 17:19:53,848 🔮 Guessed: info@airtechofhumble.com — Air Tech of Humble - Elite Comfort
2026-03-26 17:19:54,987 🔮 Guessed: info@ethanclark.com — Ethan Clark Air Conditioning
2026-03-26 17:19:55,757 🔮 Guessed: info@houstonsmartair.com — Houston Smart Air Cooling and Heating
2026-03-26 17:19:56,800 ✅ Hunter found: angel@bayoucityac.com (score: 85) — Bayou City Aire, LLC
2026-03-26 17:19:57,705 ✅ Hunter found: john@vibrantmechanical.com (score: 98) — Vibrant Mechanical
2026-03-26 17:19:58,544 ✅ Hunter found: richard@nicksplumbing.com (score: 99) — Nick's Plumbing & Air Conditioning
2026-03-26 17:19:59,339 ✅ Hunter found: rdume@houkac.com (score: 99) — Houk Air Conditioning Houston
2026-03-26 17:20:00,239 ✅ Hunter found: rhatcher@aireserv.com (score: 99) — Aire Serv of Central & West Houston
2026-03-26 17:20:01,157 ✅ Hunter found: bryan@revairtx.com (score: 99) — Revolution Air
2026-03-26 17:20:02,194 🔮 Guessed: info@punbarair.com — Punbar Air
2026-03-26 17:20:03,113 🔮 Guessed: info@hvac-houston-tx.com — Elite Air Conditioning & Heating Houston
2026-03-26 17:20:04,350 🔮 Guessed: info@asapairhoustonac.com — ASAP AIR A/C and Heating
2026-03-26 17:20:05,356 🔮 Guessed: info@mykellysac.com — My Kelly's AC
2026-03-26 17:20:06,432 🔮 Guessed: info@bsiairhouston.com — Bodensteiner Service Inc
2026-03-26 17:20:07,291 ✅ Hunter found: nc@optimalairsolutions.com (score: 63) — Optimal Air Solutions
2026-03-26 17:20:08,409 🔮 Guessed: info@usmapid.org — HVAC Repair Champions
2026-03-26 17:20:09,515 ✅ Hunter found: andrew@thechillbrothers.com (score: 94) — The Chill Brothers
2026-03-26 17:20:10,263 🔮 Guessed: info@aadheatingairconditioning.xyz — AAD Heating & Air Conditioning
2026-03-26 17:20:11,081 🔮 Guessed: info@airconditioningandheatingofhoustonco.com — Houston Air Conditioning AC & Heating Repair Co.
2026-03-26 17:20:12,068 🔮 Guessed: info@jordensac.com — Jorden's Air Conditioning & Heating
2026-03-26 17:20:12,872 🔮 Guessed: info@strivehvac.com — Strive HVAC & Construction
2026-03-26 17:20:13,649 🔮 Guessed: info@tempertechac.com — TEMPERTECH A/C & HEATING LLC
2026-03-26 17:20:15,704 🔮 Guessed: info@hvacofhouston.com — HVAC Of Houston - AC Repair Service
2026-03-26 17:20:17,021 🔮 Guessed: info@newmarkac.com — Newmark Air Conditioning
2026-03-26 17:20:18,559 ✅ Hunter found: rhatcher@aireserv.com (score: 99) — Aire Serv of Houston Midtown
2026-03-26 17:20:19,977 ✅ Hunter found: jon.blitz@temperaturepro.com (score: 99) — TemperaturePro
2026-03-26 17:20:20,726 🔮 Guessed: info@premieracandheat.com — Premier Air Conditioning & Heating
2026-03-26 17:20:21,812 ✅ Hunter found: dean.revering@hts.com (score: 98) — HTS Texas
2026-03-26 17:20:22,875 🔮 Guessed: info@callblueleafhvac.com — Blueleaf Air Conditioning & Heating
2026-03-26 17:20:23,833 ✅ Hunter found: nleyva@alcocklaw.com (score: 94) — The Law Offices Of Alcock & Associates P.C.
2026-03-26 17:20:24,693 ✅ Hunter found: tyler@allenlawaz.com (score: 97) — Tyler Allen Law Firm
2026-03-26 17:20:25,840 ✅ Hunter found: johnkelly@jkphoenixpersonalinjuryattorney.com (score: 99) — Kelly Law Team Phoenix
2026-03-26 17:20:26,665 ✅ Hunter found: michael@mcordova.com (score: 97) — Michael Cordova
2026-03-26 17:20:27,948 ✅ Hunter found: ebull@bcattorneys.com (score: 98) — Burch & Cracchiolo, P.A.
2026-03-26 17:20:29,315 🔮 Guessed: info@husbandandwifelawteam.com — The Husband & Wife Law Team
2026-03-26 17:20:30,148 ✅ Hunter found: sara@bigchadlaw.com (score: 66) — Big Chad Law
2026-03-26 17:20:31,401 ✅ Hunter found: mpearson@azlaw.com (score: 99) — Curry Pearson & Wooten PLC
2026-03-26 17:20:33,158 ✅ Hunter found: terrie@shapirolawaz.com (score: 93) — Shapiro Law Team
2026-03-26 17:20:35,203 ✅ Hunter found: luisr@phillipslaw.com (score: 88) — Phillips Law Group - Injury Lawyers
2026-03-26 17:20:36,125 ✅ Hunter found: juana@adelayolaw.com (score: 91) — Adelayo Law Firm PLLC
2026-03-26 17:20:36,634 
==================================================
2026-03-26 17:20:36,634 ✅ Email finder complete
2026-03-26 17:20:36,634    API found:  38
2026-03-26 17:20:36,634    Guessed:    62
2026-03-26 17:20:36,634    Total:      100
2026-03-26 17:20:36,634 ==================================================

