2026-04-10 14:00:30,962 🔍 Finding emails for 50 leads...
2026-04-10 14:00:31,527 Hunter.io rate limited — pausing 60s
2026-04-10 14:01:31,962 🔮 Guessed: info@spheatingandairconditioning.com — S P Heating and Air
2026-04-10 14:01:32,744 Hunter.io rate limited — pausing 60s
2026-04-10 14:02:33,217 🔮 Guessed: info@aceanda.com — Ace & A HVAC, Heating & AC Repair
2026-04-10 14:02:34,215 Hunter.io rate limited — pausing 60s
2026-04-10 14:03:34,627 🔮 Guessed: info@mrsuperiormaintenance.com — Mr. Superior Maintenance
2026-04-10 14:03:35,408 Hunter.io rate limited — pausing 60s
2026-04-10 14:04:35,842 🔮 Guessed: info@addisonsmith.net — Addison Smith Mechanical Contractor, Inc.
2026-04-10 14:04:36,789 Hunter.io rate limited — pausing 60s
2026-04-10 14:05:37,287 🔮 Guessed: info@ddhvacservices.com — DD HVAC, hvac techs you can trust
2026-04-10 14:05:38,296 Hunter.io rate limited — pausing 60s
2026-04-10 14:06:38,672 🔮 Guessed: info@atlantaheatingandairconditioning.com — Atlanta Heating and Air Conditioning
2026-04-10 14:06:39,580 Hunter.io rate limited — pausing 60s
2026-04-10 14:07:40,034 🔮 Guessed: info@atlantaairpro.com — Atlanta Air Pro
2026-04-10 14:07:40,817 Hunter.io rate limited — pausing 60s
2026-04-10 14:08:41,222 🔮 Guessed: info@acrepairatlanta.com — AC Repair Atlanta
2026-04-10 14:08:42,110 Hunter.io rate limited — pausing 60s
2026-04-10 14:09:42,562 🔮 Guessed: info@valmechhvac.com — Valhalla Mechanical
2026-04-10 14:09:43,457 Hunter.io rate limited — pausing 60s
2026-04-10 14:10:43,902 🔮 Guessed: info@airlast.com — Airlast
2026-04-10 14:10:44,785 Hunter.io rate limited — pausing 60s
2026-04-10 14:11:45,170 🔮 Guessed: info@maidwonderfully.com — Wonderfully Maid Cleaning, LLC
2026-04-10 14:11:46,105 Hunter.io rate limited — pausing 60s
2026-04-10 14:12:46,494 🔮 Guessed: info@freshlookhomecleaning.com — Fresh Look Home Cleaning
2026-04-10 14:12:47,403 Hunter.io rate limited — pausing 60s
2026-04-10 14:13:47,854 🔮 Guessed: info@evolutiondrcleaning.com — Evolution DR Cleaning Services
2026-04-10 14:13:48,581 Hunter.io rate limited — pausing 60s
2026-04-10 14:14:49,075 🔮 Guessed: info@thecleaningauthority.com — The Cleaning Authority - Jacksonville
2026-04-10 14:14:49,961 Hunter.io rate limited — pausing 60s
2026-04-10 14:15:50,349 🔮 Guessed: info@lilicleaningservices.com — Lili Cleaning Services
2026-04-10 14:15:51,098 Hunter.io rate limited — pausing 60s
2026-04-10 14:16:51,538 🔮 Guessed: info@firstcoasthomepros.com — First Coast Home Pros
2026-04-10 14:16:52,435 Hunter.io rate limited — pausing 60s
2026-04-10 14:17:52,882 🔮 Guessed: info@cleanservicesjax.com — Cleanservices Jacksonville
2026-04-10 14:17:53,614 Hunter.io rate limited — pausing 60s
2026-04-10 14:18:53,996 🔮 Guessed: info@merrymaids.com — Merry Maids of Jacksonville
2026-04-10 14:18:54,887 Hunter.io rate limited — pausing 60s
2026-04-10 14:19:55,262 🔮 Guessed: info@starjaxcleaning.com — Star Jax Cleaning Services
2026-04-10 14:19:56,158 Hunter.io rate limited — pausing 60s
2026-04-10 14:20:56,553 🔮 Guessed: info@twomaidsjacksonville.com — Two Maids
2026-04-10 14:20:57,453 Hunter.io rate limited — pausing 60s
2026-04-10 14:21:57,864 🔮 Guessed: info@fabbycleaningserv.com — Fabby Cleaning Services
2026-04-10 14:21:58,744 Hunter.io rate limited — pausing 60s
2026-04-10 14:22:59,158 🔮 Guessed: info@enviro-master.com — Enviro-Master of Jacksonville
2026-04-10 14:22:59,916 Hunter.io rate limited — pausing 60s
2026-04-10 14:24:00,323 🔮 Guessed: info@maidpro.com — Maidpro Jacksonville
2026-04-10 14:24:01,222 Hunter.io rate limited — pausing 60s
2026-04-10 14:25:01,647 🔮 Guessed: info@maidbrigade.com — Maid Brigade of Jacksonville
2026-04-10 14:25:02,421 Hunter.io rate limited — pausing 60s
2026-04-10 14:26:02,890 🔮 Guessed: info@belamaids.com — Bela Maids Housecleaning Services
2026-04-10 14:26:03,804 Hunter.io rate limited — pausing 60s
2026-04-10 14:27:04,206 🔮 Guessed: info@atcjax.com — All That Cleaning Jacksonville
2026-04-10 14:27:04,953 Hunter.io rate limited — pausing 60s
2026-04-10 14:28:05,330 🔮 Guessed: info@mollymaid.com — Molly Maid of Greater Jacksonville and Clay County
2026-04-10 14:28:06,088 Hunter.io rate limited — pausing 60s
2026-04-10 14:29:06,459 🔮 Guessed: info@janiking.com — Jani-King of Jacksonville
2026-04-10 14:29:07,456 Hunter.io rate limited — pausing 60s
2026-04-10 14:30:07,842 🔮 Guessed: info@jan-pro.com — JAN-PRO Cleaning & Disinfecting in Jacksonville
2026-04-10 14:30:08,922 Hunter.io rate limited — pausing 60s
2026-04-10 14:31:09,333 🔮 Guessed: info@cleanitalljax.com — Clean It All Jax
2026-04-10 14:31:10,065 Hunter.io rate limited — pausing 60s
2026-04-10 14:32:10,471 🔮 Guessed: info@mayacleaningservicesjax.com — Maya Cleaning Services
2026-04-10 14:32:11,349 Hunter.io rate limited — pausing 60s
2026-04-10 14:33:11,730 🔮 Guessed: info@patriotmaids.com — Patriot Maids Cleaning Services
2026-04-10 14:33:12,619 Hunter.io rate limited — pausing 60s
2026-04-10 14:34:13,024 🔮 Guessed: info@maidpro.com — Maidpro of St Johns , Clay County & Jacksonville
2026-04-10 14:34:13,769 Hunter.io rate limited — pausing 60s
2026-04-10 14:35:14,179 🔮 Guessed: info@tinamaidspro.com — Tina Maids
2026-04-10 14:35:15,061 Hunter.io rate limited — pausing 60s
2026-04-10 14:36:15,508 🔮 Guessed: info@ccsmaidservice.com — CCS Maid Service
2026-04-10 14:36:16,472 Hunter.io rate limited — pausing 60s
2026-04-10 14:37:16,935 🔮 Guessed: info@anniescleaningfl.com — Annie's Cleaners LLC Florida
2026-04-10 14:37:17,847 Hunter.io rate limited — pausing 60s
2026-04-10 14:38:18,285 🔮 Guessed: info@maids.com — The Maids in Jacksonville
2026-04-10 14:38:19,168 Hunter.io rate limited — pausing 60s
2026-04-10 14:39:19,569 🔮 Guessed: info@asyoulikeitjax.com — As You Like It Housekeeping Referral Agency
2026-04-10 14:39:20,465 Hunter.io rate limited — pausing 60s
2026-04-10 14:40:20,893 🔮 Guessed: info@expert-cleaners.com — Expert Cleaner's LLC
2026-04-10 14:40:21,638 Hunter.io rate limited — pausing 60s
2026-04-10 14:41:22,101 🔮 Guessed: info@armortexasins.com — Armor Texas Insurance Agency, Inc.
2026-04-10 14:41:23,007 Hunter.io rate limited — pausing 60s
2026-04-10 14:42:23,469 🔮 Guessed: info@worth-insurance.com — Worth Insurance Agency
2026-04-10 14:42:24,249 Hunter.io rate limited — pausing 60s
2026-04-10 14:43:24,654 🔮 Guessed: info@abautoinsurance.com — America's Best Auto Insurance
2026-04-10 14:43:25,159 
==================================================
2026-04-10 14:43:25,159 ✅ Email finder complete
2026-04-10 14:43:25,159    API found:  0
2026-04-10 14:43:25,159    Guessed:    42
2026-04-10 14:43:25,160    Total:      42
2026-04-10 14:43:25,160 ==================================================

2026-04-10 20:58:16,799 🔍 Finding emails for 25 leads...
2026-04-10 20:58:17,193 Hunter.io rate limited — pausing 60s
2026-04-10 20:59:17,539 🔮 Guessed: info@mygraymark.com — Graymark Insurance
2026-04-10 20:59:18,259 Hunter.io rate limited — pausing 60s
2026-04-10 20:59:51,064 🔍 Finding emails for 50 leads...
2026-04-10 20:59:51,064 🔮 Guessed: info@fortworthinsurance.com — Fort Worth Insurance Agency
2026-04-10 20:59:51,078 🔮 Guessed: info@graham-insurance.com — Graham Insurance Group, Inc.
2026-04-10 20:59:51,095 🔮 Guessed: info@locations.freeway.com — Freeway Insurance
2026-04-10 20:59:51,112 🔮 Guessed: info@rainbowinsuranceoffice.com — Rainbow Insurance Agency
2026-04-10 20:59:51,127 🔮 Guessed: info@schuderinsurance.com — Schuder Insurance Agency - Fort Worth
2026-04-10 20:59:51,142 🔮 Guessed: info@atlasatvin.com — Atlas Auto Insurance
2026-04-10 20:59:51,157 🔮 Guessed: info@higginbotham.com — Higginbotham Headquarters
2026-04-10 20:59:51,172 🔮 Guessed: info@ndiagency.com — NDI Agency - Home Insurance and Auto Insurance
2026-04-10 20:59:51,188 🔮 Guessed: info@abautoinsurance.com — America's Best Auto Insurance
2026-04-10 20:59:51,203 🔮 Guessed: info@altimains.com — Altima Auto Insurance
2026-04-10 20:59:51,218 🔮 Guessed: info@coveredbyken.com — Kendrick Parker - State Farm Insurance Agent
2026-04-10 20:59:51,232 🔮 Guessed: info@amaxinsurance.com — A-MAX Auto Insurance
2026-04-10 20:59:51,248 🔮 Guessed: info@agents.allstate.com — Maria Amaya: Allstate Insurance
2026-04-10 20:59:51,264 🔮 Guessed: info@fiestainsurance.com — Fiesta Auto Insurance & Tax Service
2026-04-10 20:59:51,279 🔮 Guessed: info@insureitfast.com — Hall Insurance Agency, Inc.
2026-04-10 20:59:51,294 🔮 Guessed: info@lafamiliainsurance.com — La Familia Auto Insurance
2026-04-10 20:59:51,309 🔮 Guessed: info@jameslittleagency.com — James Little Agency, LLC
2026-04-10 20:59:51,325 🔮 Guessed: info@amtexinsurance.com — Amtex Insurance
2026-04-10 20:59:51,339 🔮 Guessed: info@locations.freeway.com — Freeway Insurance
2026-04-10 20:59:51,355 🔮 Guessed: info@astarins.com — A - Star Auto Insurance
2026-04-10 20:59:51,369 🔮 Guessed: info@amtexinsurance.com — Amtex Insurance
2026-04-10 20:59:51,384 🔮 Guessed: info@preciseins.com — Precise Insurance Group
2026-04-10 20:59:51,398 🔮 Guessed: info@amaxinsurance.com — A-MAX Auto Insurance
2026-04-10 20:59:51,414 🔮 Guessed: info@lowcosttexas.com — LOW COST INSURANCE
2026-04-10 20:59:51,430 🔮 Guessed: info@insurancefortexans.com — Insurance For Texans Group
2026-04-10 20:59:51,444 🔮 Guessed: info@lafamiliainsurance.com — La Familia Auto Insurance
2026-04-10 20:59:51,461 🔮 Guessed: info@geico.com — Mike Anderson - GEICO Insurance Agent
2026-04-10 20:59:51,476 🔮 Guessed: info@fredfloresintegra.com — Flores & Associates Insurance Agency
2026-04-10 20:59:51,492 🔮 Guessed: info@fiestainsurance.com — Fiesta Auto Insurance & Tax Service
2026-04-10 20:59:51,508 🔮 Guessed: info@brightway.com — Brightway Insurance, The Tyson Rochelle Agency
2026-04-10 20:59:51,524 🔮 Guessed: info@veronicamendoza.net — Veronica Mendoza - State Farm Insurance Agent
2026-04-10 20:59:51,539 🔮 Guessed: info@higginbotham.com — Higginbotham - Fort Worth
2026-04-10 20:59:51,553 🔮 Guessed: info@converseinsurance.com — Converse Insurance
2026-04-10 20:59:51,568 🔮 Guessed: info@katsgotyourback.com — Kathleen Alexander - State Farm Insurance Agent
2026-04-10 20:59:51,581 🔮 Guessed: info@firstline.insure — Firstline Insurance Agency
2026-04-10 20:59:51,596 🔮 Guessed: info@amaxinsurance.com — A-MAX Auto Insurance
2026-04-10 20:59:51,610 🔮 Guessed: info@lunains.agency — Luna Insurance Agency
2026-04-10 20:59:51,624 🔮 Guessed: info@lonestarinsurers.com — Lone Star Insurers
2026-04-10 20:59:51,639 🔮 Guessed: info@fredloya.com — Fred Loya Insurance
2026-04-10 20:59:51,653 🔮 Guessed: info@hemphillinsurance.com — Hemphill Insurance Agency
2026-04-10 20:59:51,668 🔮 Guessed: info@lafamiliainsurance.com — La Familia Auto Insurance
2026-04-10 20:59:51,683 🔮 Guessed: info@goldbergandrosen.com — Goldberg & Rosen
2026-04-10 20:59:51,697 
==================================================
2026-04-10 20:59:51,697 ✅ Email finder complete
2026-04-10 20:59:51,697    API found:  0
2026-04-10 20:59:51,697    Guessed:    42
2026-04-10 20:59:51,697    Total:      42
2026-04-10 20:59:51,697 ==================================================

