2026-05-08 14:00:21,252 🔍 Finding emails for 50 leads...
2026-05-08 14:00:21,719 Hunter.io rate limited — pausing 60s
2026-05-08 14:01:22,094 🔮 Guessed: info@hardins-barbershop.square.site — Hardin's Barbershop
2026-05-08 14:01:22,976 Hunter.io rate limited — pausing 60s
2026-05-08 14:02:23,565 🔮 Guessed: info@getsqr.co — PROJECT CUTZ
2026-05-08 14:02:24,287 Hunter.io rate limited — pausing 60s
2026-05-08 14:03:24,722 🔮 Guessed: info@bureaubarbershop.com — The Bureau Barber and Shop
2026-05-08 14:03:25,582 Hunter.io rate limited — pausing 60s
2026-05-08 14:04:25,940 🔮 Guessed: info@bobacutz.com — Boba Cutz Barber shop💈
2026-05-08 14:04:26,730 Hunter.io rate limited — pausing 60s
2026-05-08 14:05:27,122 🔮 Guessed: info@jedsbarbershop.com — Jed's Barber Shop💈
2026-05-08 14:05:27,997 Hunter.io rate limited — pausing 60s
2026-05-08 14:06:28,356 🔮 Guessed: info@krakenbarbers.com — Kraken Barbers
2026-05-08 14:06:29,196 Hunter.io rate limited — pausing 60s
2026-05-08 14:07:29,614 🔮 Guessed: info@getsquire.com — Pacific Barber Studio
2026-05-08 14:07:30,321 Hunter.io rate limited — pausing 60s
2026-05-08 14:08:30,671 🔮 Guessed: info@imadthebarber.com — IT.B Studios - Private Barbershop
2026-05-08 14:08:31,416 Hunter.io rate limited — pausing 60s
2026-05-08 14:09:31,775 🔮 Guessed: info@evesandsonsbarbers.com — Eves & Sons Barbers
2026-05-08 14:09:32,609 Hunter.io rate limited — pausing 60s
2026-05-08 14:10:32,988 🔮 Guessed: info@luxslc.com — Lux Barber lounge
2026-05-08 14:10:33,940 Hunter.io rate limited — pausing 60s
2026-05-08 14:11:34,429 🔮 Guessed: info@cleancutslc.com — Clean Cut Barber Shop
2026-05-08 14:11:35,370 Hunter.io rate limited — pausing 60s
2026-05-08 14:12:35,769 🔮 Guessed: info@salons.greatclips.com — Great Clips
2026-05-08 14:12:36,504 Hunter.io rate limited — pausing 60s
2026-05-08 14:13:36,844 🔮 Guessed: info@fadehousepixies.glossgenius.com — Fadehouse Barber and Pixies
2026-05-08 14:13:37,732 Hunter.io rate limited — pausing 60s
2026-05-08 14:14:38,206 🔮 Guessed: info@perrysbarbershop.net — Perry's Barber Shop
2026-05-08 14:14:39,043 Hunter.io rate limited — pausing 60s
2026-05-08 14:15:39,411 🔮 Guessed: info@saltcitybarber.com — Salt City Barbershop – Midvale, UT
2026-05-08 14:15:40,103 Hunter.io rate limited — pausing 60s
2026-05-08 14:16:40,452 🔮 Guessed: info@grand-salon.com — Grand Salon & MedSpa ✂
2026-05-08 14:16:41,200 Hunter.io rate limited — pausing 60s
2026-05-08 14:17:41,568 🔮 Guessed: info@deseosalondenver.com — Deseo Salon & BlowDry
2026-05-08 14:17:42,482 Hunter.io rate limited — pausing 60s
2026-05-08 14:18:42,877 🔮 Guessed: info@studiosalondenver.com — Studio: A Collective Of Stylists
2026-05-08 14:18:43,672 Hunter.io rate limited — pausing 60s
2026-05-08 14:19:44,071 🔮 Guessed: info@matthewmorrissalon.com — Matthew Morris Salon and Skincare - Broadway
2026-05-08 14:19:44,800 Hunter.io rate limited — pausing 60s
2026-05-08 14:20:45,182 🔮 Guessed: info@clementinesdenver.com — Clementines A Boutique Salon
2026-05-08 14:20:46,062 Hunter.io rate limited — pausing 60s
2026-05-08 14:21:46,424 🔮 Guessed: info@theglamhouse.com — The Glam House
2026-05-08 14:21:47,315 Hunter.io rate limited — pausing 60s
2026-05-08 14:22:47,713 🔮 Guessed: info@salonlofts.com — Salon Lofts
2026-05-08 14:22:48,606 Hunter.io rate limited — pausing 60s
2026-05-08 14:23:48,942 🔮 Guessed: info@thestationhairstudio.com — The Station Hair Studio ✂
2026-05-08 14:23:49,779 Hunter.io rate limited — pausing 60s
2026-05-08 14:24:50,135 🔮 Guessed: info@bellohavenhairextensions.com — Bello Haven Salon + Extensions at Cherry Creek North ✂
2026-05-08 14:24:51,116 Hunter.io rate limited — pausing 60s
2026-05-08 14:25:51,515 🔮 Guessed: info@avedainspiregreatness.com — Aveda Institute Denver
2026-05-08 14:25:52,401 Hunter.io rate limited — pausing 60s
2026-05-08 14:26:52,895 🔮 Guessed: info@formacollectivesalon.com — Forma Collective Salon
2026-05-08 14:26:53,797 Hunter.io rate limited — pausing 60s
2026-05-08 14:27:54,206 🔮 Guessed: info@vagaro.com — SALON VO | Hair Salon Denver ✂
2026-05-08 14:27:54,968 Hunter.io rate limited — pausing 60s
2026-05-08 14:28:55,302 🔮 Guessed: info@berenicesdenver.com — berenices ✂
2026-05-08 14:28:56,022 Hunter.io rate limited — pausing 60s
2026-05-08 14:29:56,412 🔮 Guessed: info@fiftytwoeightysalon.com — Fifty Two Eighty Salon ✂
2026-05-08 14:29:57,316 Hunter.io rate limited — pausing 60s
2026-05-08 14:30:57,753 🔮 Guessed: info@303salons.com — 303 Salon Lohi
2026-05-08 14:30:58,628 Hunter.io rate limited — pausing 60s
2026-05-08 14:31:59,017 🔮 Guessed: info@onyxandcosalon.com — Onyx and Co Salon ✂
2026-05-08 14:31:59,919 Hunter.io rate limited — pausing 60s
2026-05-08 14:33:00,296 🔮 Guessed: info@jadedbeauty.com — Jaded Beauty
2026-05-08 14:33:01,208 Hunter.io rate limited — pausing 60s
2026-05-08 14:34:01,565 🔮 Guessed: info@indigosalondenver.com — Indigo Salon
2026-05-08 14:34:02,443 Hunter.io rate limited — pausing 60s
2026-05-08 14:35:02,843 🔮 Guessed: info@fleursalon.com — Fleur Salon ✂
2026-05-08 14:35:03,600 Hunter.io rate limited — pausing 60s
2026-05-08 14:36:03,959 🔮 Guessed: info@hairbynatalia.com — Hair by Natalia ✂
2026-05-08 14:36:04,654 Hunter.io rate limited — pausing 60s
2026-05-08 14:37:05,000 🔮 Guessed: info@salonthirtyeight.com — Salon Thirty Eight
2026-05-08 14:37:05,859 Hunter.io rate limited — pausing 60s
2026-05-08 14:38:06,210 🔮 Guessed: info@arrowbeautydenver.com — Arrow Beauty Denver ✂
2026-05-08 14:38:07,052 Hunter.io rate limited — pausing 60s
2026-05-08 14:39:07,379 🔮 Guessed: info@theblakedenver.com — The Blake Denver
2026-05-08 14:39:08,227 Hunter.io rate limited — pausing 60s
2026-05-08 14:40:08,600 🔮 Guessed: info@linktr.ee — Luxe de Vil Salon
2026-05-08 14:40:09,104 
==================================================
2026-05-08 14:40:09,104 ✅ Email finder complete
2026-05-08 14:40:09,104    API found:  0
2026-05-08 14:40:09,104    Guessed:    39
2026-05-08 14:40:09,104    Total:      39
2026-05-08 14:40:09,104 ==================================================

