2026-04-22 14:00:24,516 🔍 Finding emails for 50 leads...
2026-04-22 14:00:24,945 Hunter.io rate limited — pausing 60s
2026-04-22 14:01:25,341 🔮 Guessed: info@dispartilaw.com — Disparti Law Group
2026-04-22 14:01:26,416 Hunter.io rate limited — pausing 60s
2026-04-22 14:02:26,847 🔮 Guessed: info@sherwoodlawgroup.com — Sherwood Law Group
2026-04-22 14:02:27,727 Hunter.io rate limited — pausing 60s
2026-04-22 14:03:28,301 🔮 Guessed: info@forthepeople.com — Morgan & Morgan
2026-04-22 14:03:29,208 Hunter.io rate limited — pausing 60s
2026-04-22 14:04:29,612 🔮 Guessed: info@saperlaw.com — Saper Law I Intellectual Property I Entertainment I Social Media I Business
2026-04-22 14:04:30,513 Hunter.io rate limited — pausing 60s
2026-04-22 14:05:30,887 🔮 Guessed: info@ctmlegalgroup.com — CTM Legal Group
2026-04-22 14:05:31,732 Hunter.io rate limited — pausing 60s
2026-04-22 14:06:32,212 🔮 Guessed: info@mhwasserman.com — Michael H. Wasserman, PC
2026-04-22 14:06:33,343 Hunter.io rate limited — pausing 60s
2026-04-22 14:07:33,709 🔮 Guessed: info@chicagotrustedattorneys.com — Chicago Trusted Attorneys
2026-04-22 14:07:35,206 Hunter.io rate limited — pausing 60s
2026-04-22 14:08:35,571 🔮 Guessed: info@shealawgroup.com — Shea Law Group
2026-04-22 14:08:37,160 Hunter.io rate limited — pausing 60s
2026-04-22 14:09:38,160 🔮 Guessed: info@rivernorthlawgroup.com — River North Law Group
2026-04-22 14:09:39,759 Hunter.io rate limited — pausing 60s
2026-04-22 14:10:40,199 🔮 Guessed: info@attorneysofchicago.com — Attorneys of Chicago Personal Injury Lawyers
2026-04-22 14:10:41,870 Hunter.io rate limited — pausing 60s
2026-04-22 14:11:42,225 🔮 Guessed: info@chicagocriminaldefenselawyer.net — Luisi Legal Group
2026-04-22 14:11:42,943 Hunter.io rate limited — pausing 60s
2026-04-22 14:12:43,328 🔮 Guessed: info@illinoishammer.com — The Illinois Hammer Injury Law Firm Dworkin & Maciariello
2026-04-22 14:12:44,186 Hunter.io rate limited — pausing 60s
2026-04-22 14:13:44,552 🔮 Guessed: info@consumerlaw.com — Consumer Law Group
2026-04-22 14:13:45,408 Hunter.io rate limited — pausing 60s
2026-04-22 14:14:45,819 🔮 Guessed: info@attorneyseanbrown.com — The Law Office of Sean Brown, LLC
2026-04-22 14:14:46,676 Hunter.io rate limited — pausing 60s
2026-04-22 14:15:47,181 🔮 Guessed: info@bradfordmillerlaw.com — Bradford Miller Law, P.C.
2026-04-22 14:15:48,073 Hunter.io rate limited — pausing 60s
2026-04-22 14:16:48,428 🔮 Guessed: info@kryderlaw.com — The Kryder Law Group, LLC Accident and Injury Lawyers
2026-04-22 14:16:49,135 Hunter.io rate limited — pausing 60s
2026-04-22 14:17:49,531 🔮 Guessed: info@lernerandrowe.com — Lerner and Rowe Injury Attorneys
2026-04-22 14:17:50,388 Hunter.io rate limited — pausing 60s
2026-04-22 14:18:50,744 🔮 Guessed: info@prinz-lawfirm.com — The Prinz Law Firm
2026-04-22 14:18:51,751 Hunter.io rate limited — pausing 60s
2026-04-22 14:19:52,137 🔮 Guessed: info@jenner.com — Jenner & Block LLP
2026-04-22 14:19:53,029 Hunter.io rate limited — pausing 60s
2026-04-22 14:20:53,436 🔮 Guessed: info@robsonlopez.com — Robson & Lopez LLC
2026-04-22 14:20:54,160 Hunter.io rate limited — pausing 60s
2026-04-22 14:21:54,559 🔮 Guessed: info@phillipslawoffices.com — Phillips Law Offices
2026-04-22 14:21:55,428 Hunter.io rate limited — pausing 60s
2026-04-22 14:22:55,808 🔮 Guessed: info@getechlaw.com — Getech Law
2026-04-22 14:22:56,808 Hunter.io rate limited — pausing 60s
2026-04-22 14:23:57,220 🔮 Guessed: info@windycitylawfirm.com — Fabbrini Law Group
2026-04-22 14:23:58,110 Hunter.io rate limited — pausing 60s
2026-04-22 14:24:58,500 🔮 Guessed: info@depositlaw.com — Mark Silverman Law Office Ltd.
2026-04-22 14:24:59,230 Hunter.io rate limited — pausing 60s
2026-04-22 14:25:59,598 🔮 Guessed: info@illinoisdriverslicensereinstatementlawyer.com — The Davis Law Group, P.C.
2026-04-22 14:26:00,470 Hunter.io rate limited — pausing 60s
2026-04-22 14:27:00,859 🔮 Guessed: info@chicago-personal-injury-lawyers.us — The Horwitz Law Group
2026-04-22 14:27:01,738 Hunter.io rate limited — pausing 60s
2026-04-22 14:28:02,153 🔮 Guessed: info@lawkasan.com — Kasan Law
2026-04-22 14:28:02,927 Hunter.io rate limited — pausing 60s
2026-04-22 14:29:03,288 🔮 Guessed: info@justresultslaw.com — Just Results Law Group
2026-04-22 14:29:04,149 Hunter.io rate limited — pausing 60s
2026-04-22 14:30:04,748 🔮 Guessed: info@demidchiklawfirm.com — Demidchik Law Firm 安娜律师楼 (Chicago)
2026-04-22 14:30:05,684 Hunter.io rate limited — pausing 60s
2026-04-22 14:31:06,235 🔮 Guessed: info@thiel.law — The Thiel Law Group, P.C.
2026-04-22 14:31:07,144 Hunter.io rate limited — pausing 60s
2026-04-22 14:32:07,537 🔮 Guessed: info@securitydepositlaw.com — Aaron Krolik Law Office, LLC
2026-04-22 14:32:08,671 Hunter.io rate limited — pausing 60s
2026-04-22 14:33:09,075 🔮 Guessed: info@drroof.com — Dr Roof Atlanta
2026-04-22 14:33:09,978 Hunter.io rate limited — pausing 60s
2026-04-22 14:34:10,364 🔮 Guessed: info@castleroofing.us — Castle Roofing Atlanta, GA
2026-04-22 14:34:11,333 Hunter.io rate limited — pausing 60s
2026-04-22 14:35:11,698 🔮 Guessed: info@garoofingandrepair.com — Georgia Roofing & Repair
2026-04-22 14:35:12,619 Hunter.io rate limited — pausing 60s
2026-04-22 14:36:13,035 🔮 Guessed: info@bellroofingco.com — Bell Roofing
2026-04-22 14:36:13,936 Hunter.io rate limited — pausing 60s
2026-04-22 14:37:14,296 🔮 Guessed: info@bumbleroofing.com — Bumble Roofing of North Atlanta
2026-04-22 14:37:15,028 Hunter.io rate limited — pausing 60s
2026-04-22 14:38:15,560 🔮 Guessed: info@fraserroofingllc.com — Fraser Roofing, LLC
2026-04-22 14:38:16,427 Hunter.io rate limited — pausing 60s
2026-04-22 14:39:16,969 🔮 Guessed: info@atlantaroofingspecialists.com — Atlanta Roofing Specialists
2026-04-22 14:39:17,977 Hunter.io rate limited — pausing 60s
2026-04-22 14:40:18,379 🔮 Guessed: info@mrrooferatlanta.com — Mr. Roofer of Atlanta
2026-04-22 14:40:19,150 Hunter.io rate limited — pausing 60s
2026-04-22 14:41:19,521 🔮 Guessed: info@mosaicroofingcompany.com — Mosaic Roofing Company LLC
2026-04-22 14:41:20,457 Hunter.io rate limited — pausing 60s
2026-04-22 14:42:20,815 🔮 Guessed: info@eliteroofpro.com — Elite Roofing LLC
2026-04-22 14:42:21,543 Hunter.io rate limited — pausing 60s
2026-04-22 14:43:21,903 🔮 Guessed: info@findlayroofing.com — Findlay Roofing
2026-04-22 14:43:22,815 Hunter.io rate limited — pausing 60s
2026-04-22 14:44:23,201 🔮 Guessed: info@georgiainhomeservices.com — Georgia In Home Services
2026-04-22 14:44:23,707 
==================================================
2026-04-22 14:44:23,708 ✅ Email finder complete
2026-04-22 14:44:23,708    API found:  0
2026-04-22 14:44:23,708    Guessed:    43
2026-04-22 14:44:23,708    Total:      43
2026-04-22 14:44:23,708 ==================================================

