2026-04-14 14:00:31,442 🔍 Finding emails for 50 leads...
2026-04-14 14:00:31,907 Hunter.io rate limited — pausing 60s
2026-04-14 14:01:32,300 🔮 Guessed: info@tremblylaw.com — Trembly Law Firm
2026-04-14 14:01:33,151 Hunter.io rate limited — pausing 60s
2026-04-14 14:02:33,529 🔮 Guessed: info@dlelawyers.com — DLE Lawyers | Abogados De Accidentes Miami
2026-04-14 14:02:34,261 Hunter.io rate limited — pausing 60s
2026-04-14 14:03:34,606 🔮 Guessed: info@aronfeld.com — Aronfeld Trial Lawyers
2026-04-14 14:03:35,321 Hunter.io rate limited — pausing 60s
2026-04-14 14:04:35,651 🔮 Guessed: info@lonnielawyer.com — Lonnie Lawyer LLC
2026-04-14 14:04:36,364 Hunter.io rate limited — pausing 60s
2026-04-14 14:05:36,760 🔮 Guessed: info@injuryattorneyfla.com — Gerson and Schwartz Accident & Injury Lawyers
2026-04-14 14:05:37,617 Hunter.io rate limited — pausing 60s
2026-04-14 14:06:37,981 🔮 Guessed: info@thepathtojustice.com — Miami Divorce & Criminal Defense Attorney At Law, Ramie Altawil
2026-04-14 14:06:38,730 Hunter.io rate limited — pausing 60s
2026-04-14 14:07:39,103 🔮 Guessed: info@xanderlawgroup.com — Xander Law Group, P.A.
2026-04-14 14:07:39,812 Hunter.io rate limited — pausing 60s
2026-04-14 14:08:40,154 🔮 Guessed: info@voguenailspaindianapolis.com — Vogue Nail Spa
2026-04-14 14:08:40,849 Hunter.io rate limited — pausing 60s
2026-04-14 14:09:41,264 🔮 Guessed: info@madamebeauteindianapolis.com — Madame Beaute
2026-04-14 14:09:41,964 Hunter.io rate limited — pausing 60s
2026-04-14 14:10:42,335 🔮 Guessed: info@luxespanails.com — LuXe Nails
2026-04-14 14:10:43,206 Hunter.io rate limited — pausing 60s
2026-04-14 14:11:43,543 🔮 Guessed: info@inspirenailbarindianapolis.com — Inspire Nail Bar
2026-04-14 14:11:44,396 Hunter.io rate limited — pausing 60s
2026-04-14 14:12:44,756 🔮 Guessed: info@diamondnailsindianapolis.com — Diamond Nails
2026-04-14 14:12:45,466 Hunter.io rate limited — pausing 60s
2026-04-14 14:13:45,845 🔮 Guessed: info@mycitynailbar.com — City Nail Bar
2026-04-14 14:13:46,694 Hunter.io rate limited — pausing 60s
2026-04-14 14:14:47,054 🔮 Guessed: info@mycitynailbar.com — City Nail Bar
2026-04-14 14:14:47,916 Hunter.io rate limited — pausing 60s
2026-04-14 14:15:48,335 🔮 Guessed: info@infinitynailsspaindianapolis.com — Infinity Nails Spa (15% OFF New Customers)
2026-04-14 14:15:49,252 Hunter.io rate limited — pausing 60s
2026-04-14 14:16:49,594 🔮 Guessed: info@castlenailsandspain.com — Castle Nails & Spa
2026-04-14 14:16:50,294 Hunter.io rate limited — pausing 60s
2026-04-14 14:17:50,646 🔮 Guessed: info@labrisenaillounge.com — La Brise Nail Lounge
2026-04-14 14:17:51,415 Hunter.io rate limited — pausing 60s
2026-04-14 14:18:51,771 🔮 Guessed: info@purnailspamononcarmel.com — PUR Nail Spa
2026-04-14 14:18:52,638 Hunter.io rate limited — pausing 60s
2026-04-14 14:19:52,989 🔮 Guessed: info@luxnailsin.com — Lux Nail
2026-04-14 14:19:53,712 Hunter.io rate limited — pausing 60s
2026-04-14 14:20:54,061 🔮 Guessed: info@ninanailsindianapolis.com — Nina Nails
2026-04-14 14:20:54,802 Hunter.io rate limited — pausing 60s
2026-04-14 14:21:55,153 🔮 Guessed: info@royalnailsspath.com — Royal Nails & Spa 88
2026-04-14 14:21:56,104 Hunter.io rate limited — pausing 60s
2026-04-14 14:22:56,475 🔮 Guessed: info@polishminailbar.com — Polish Mi Nail Bar
2026-04-14 14:22:57,358 Hunter.io rate limited — pausing 60s
2026-04-14 14:23:57,729 🔮 Guessed: info@luxxnaillounge.com — Luxx Nail Lounge
2026-04-14 14:23:58,596 Hunter.io rate limited — pausing 60s
2026-04-14 14:24:58,965 🔮 Guessed: info@minailandspaindianapolis.com — Mi Nail Salon
2026-04-14 14:24:59,726 Hunter.io rate limited — pausing 60s
2026-04-14 14:26:00,076 🔮 Guessed: info@booksy.com — The Nail Paige
2026-04-14 14:26:00,812 Hunter.io rate limited — pausing 60s
2026-04-14 14:27:01,170 🔮 Guessed: info@thewnailbar.com — The W Nail Bar Bottleworks
2026-04-14 14:27:02,065 Hunter.io rate limited — pausing 60s
2026-04-14 14:28:02,548 🔮 Guessed: info@perfectnailsnow.com — Perfect Nails Now
2026-04-14 14:28:03,415 Hunter.io rate limited — pausing 60s
2026-04-14 14:29:03,752 🔮 Guessed: info@linktr.ee — The Coven Room - The Nail Witch Dani
2026-04-14 14:29:04,631 Hunter.io rate limited — pausing 60s
2026-04-14 14:30:05,047 🔮 Guessed: info@fashionnailspaindiana.com — Fashion Nail Spa
2026-04-14 14:30:06,004 Hunter.io rate limited — pausing 60s
2026-04-14 14:31:06,389 🔮 Guessed: info@vnail-lounge.com — V Nail Lounge
2026-04-14 14:31:07,118 Hunter.io rate limited — pausing 60s
2026-04-14 14:32:07,537 🔮 Guessed: info@missynailsalonandspa.com — MISSY NAIL AND SPA
2026-04-14 14:32:08,290 Hunter.io rate limited — pausing 60s
2026-04-14 14:33:08,693 🔮 Guessed: info@lanailsspas.com — L A NAILS SPA
2026-04-14 14:33:09,611 Hunter.io rate limited — pausing 60s
2026-04-14 14:34:09,975 🔮 Guessed: info@24knailspainc.com — 24K Nail Spa
2026-04-14 14:34:10,820 Hunter.io rate limited — pausing 60s
2026-04-14 14:35:11,193 🔮 Guessed: info@locations.woodhousespas.com — Woodhouse Spa - Bottleworks
2026-04-14 14:35:12,148 Hunter.io rate limited — pausing 60s
2026-04-14 14:36:12,491 🔮 Guessed: info@perfectdayspa.net — A Perfect Day Spa
2026-04-14 14:36:13,413 Hunter.io rate limited — pausing 60s
2026-04-14 14:37:13,777 🔮 Guessed: info@nailandloungeindianapolis.com — Nails & Lounge
2026-04-14 14:37:14,630 Hunter.io rate limited — pausing 60s
2026-04-14 14:38:14,996 🔮 Guessed: info@nailobsessionbeyond.glossgenius.com — Nail Obsession & Beyond
2026-04-14 14:38:15,837 Hunter.io rate limited — pausing 60s
2026-04-14 14:39:16,186 🔮 Guessed: info@havennaillounge.us — Haven Nail Lounge
2026-04-14 14:39:17,044 Hunter.io rate limited — pausing 60s
2026-04-14 14:40:17,458 🔮 Guessed: info@littlenailshop.com — Little Nail Shop
2026-04-14 14:40:18,180 Hunter.io rate limited — pausing 60s
2026-04-14 14:41:18,535 🔮 Guessed: info@worldnailspaindianapolis.com — World Nail Spa
2026-04-14 14:41:19,599 Hunter.io rate limited — pausing 60s
2026-04-14 14:42:21,322 🔮 Guessed: info@revivenailsindy.com — Revive Nails
2026-04-14 14:42:21,829 
==================================================
2026-04-14 14:42:21,829 ✅ Email finder complete
2026-04-14 14:42:21,829    API found:  0
2026-04-14 14:42:21,829    Guessed:    41
2026-04-14 14:42:21,829    Total:      41
2026-04-14 14:42:21,829 ==================================================

