2026-05-04 14:00:19,491 🔍 Finding emails for 50 leads...
2026-05-04 14:00:20,187 Hunter.io rate limited — pausing 60s
2026-05-04 14:01:20,684 🔮 Guessed: info@maxmechservice.com — Max Air Heating, Cooling & Refrigeration
2026-05-04 14:01:21,527 Hunter.io rate limited — pausing 60s
2026-05-04 14:02:21,859 🔮 Guessed: info@firstcallheat.com — First Call Heating & Cooling
2026-05-04 14:02:22,741 Hunter.io rate limited — pausing 60s
2026-05-04 14:03:23,153 🔮 Guessed: info@costplusheating.com — Cost Plus Heating & Air
2026-05-04 14:03:24,139 Hunter.io rate limited — pausing 60s
2026-05-04 14:04:24,907 🔮 Guessed: info@evergreengas.net — Evergreen Gas Heating & Cooling
2026-05-04 14:04:25,627 Hunter.io rate limited — pausing 60s
2026-05-04 14:05:26,102 🔮 Guessed: info@rapidportlandoracrepair.com — Rapid Portland OR AC Repair
2026-05-04 14:05:26,859 Hunter.io rate limited — pausing 60s
2026-05-04 14:06:27,304 🔮 Guessed: info@portlandecotempclimatesolutions.com — EcoTemp Portland HVAC Repair
2026-05-04 14:06:28,049 Hunter.io rate limited — pausing 60s
2026-05-04 14:07:28,757 🔮 Guessed: info@proheatingandcoolinginc.com — Pro Heating and Cooling, INC.
2026-05-04 14:07:29,724 Hunter.io rate limited — pausing 60s
2026-05-04 14:08:30,156 🔮 Guessed: info@threeriversheating.com — Three Rivers Heating and Cooling
2026-05-04 14:08:30,867 Hunter.io rate limited — pausing 60s
2026-05-04 14:09:31,370 🔮 Guessed: info@columbiahvac.net — Columbia Heating & Cooling
2026-05-04 14:09:32,118 Hunter.io rate limited — pausing 60s
2026-05-04 14:10:32,499 🔮 Guessed: info@truairpdx.com — Tru Air Heating and Cooling LLC
2026-05-04 14:10:33,311 Hunter.io rate limited — pausing 60s
2026-05-04 14:11:33,700 🔮 Guessed: info@mpcomfort.com — MP Heating & Air Conditioning
2026-05-04 14:11:34,444 Hunter.io rate limited — pausing 60s
2026-05-04 14:12:34,993 🔮 Guessed: info@allenbrothersplumbers.com — Allen Brothers
2026-05-04 14:12:35,858 Hunter.io rate limited — pausing 60s
2026-05-04 14:13:36,346 🔮 Guessed: info@portlandheatandac.com — Portland Heating & Air Conditioning
2026-05-04 14:13:37,172 Hunter.io rate limited — pausing 60s
2026-05-04 14:14:37,788 🔮 Guessed: info@nwheatingandcooling.com — Northwest Heating & Cooling
2026-05-04 14:14:38,857 Hunter.io rate limited — pausing 60s
2026-05-04 14:15:39,220 🔮 Guessed: info@nobleheating.com — Noble Heating & Air
2026-05-04 14:15:40,199 Hunter.io rate limited — pausing 60s
2026-05-04 14:16:40,693 🔮 Guessed: info@dandfplumbing.com — D&F Plumbing, Heating and Cooling
2026-05-04 14:16:41,671 Hunter.io rate limited — pausing 60s
2026-05-04 14:17:42,099 🔮 Guessed: info@arcticpdx.com — Arctic Heating & Refrigeration, Inc.
2026-05-04 14:17:43,041 Hunter.io rate limited — pausing 60s
2026-05-04 14:18:43,447 🔮 Guessed: info@callaviator.com — Aviator Heating & Cooling
2026-05-04 14:18:44,164 Hunter.io rate limited — pausing 60s
2026-05-04 14:19:45,041 🔮 Guessed: info@hvacandapplianceguys.com — HVAC & Appliance Repair Guys
2026-05-04 14:19:46,082 Hunter.io rate limited — pausing 60s
2026-05-04 14:20:46,748 🔮 Guessed: info@orbitheatingandcooling.com — Orbit Heating and Cooling
2026-05-04 14:20:48,367 Hunter.io rate limited — pausing 60s
2026-05-04 14:21:48,765 🔮 Guessed: info@innovabuilder.com — Innova Heating and Cooling
2026-05-04 14:21:56,137 Hunter.io rate limited — pausing 60s
2026-05-04 14:22:56,335 🔮 Guessed: info@newtampaplasticsurgery.com — New Tampa Plastic Surgery - G. Peter Fakhre, MD
2026-05-04 14:22:57,035 Hunter.io rate limited — pausing 60s
2026-05-04 14:23:57,414 🔮 Guessed: info@vivifyps.com — VIVIFY Plastic Surgery
2026-05-04 14:23:58,114 Hunter.io rate limited — pausing 60s
2026-05-04 14:24:58,502 🔮 Guessed: info@castellanocosmeticsurgery.com — Castellano Cosmetic Surgery Center
2026-05-04 14:24:59,274 Hunter.io rate limited — pausing 60s
2026-05-04 14:25:59,706 🔮 Guessed: info@synergymdplasticsurgery.com — SynergyMD Plastic Surgery
2026-05-04 14:26:00,628 Hunter.io rate limited — pausing 60s
2026-05-04 14:27:01,048 🔮 Guessed: info@bodze.com — Bodze Plastic Surgery and Medical Spa
2026-05-04 14:27:02,134 Hunter.io rate limited — pausing 60s
2026-05-04 14:28:02,562 🔮 Guessed: info@davidhalpernmd.com — Tampa Bay Plastic Surgery, Inc.
2026-05-04 14:28:03,283 Hunter.io rate limited — pausing 60s
2026-05-04 14:29:03,655 🔮 Guessed: info@artisanplasticsurgerycenter.net — Artisan Aesthetics Plastic Surgery: Dr. Stan Castor, MD
2026-05-04 14:29:04,536 Hunter.io rate limited — pausing 60s
2026-05-04 14:30:04,949 🔮 Guessed: info@davisfacialsurgery.com — Davis Facial Plastic Surgery: Dean G. Davis, M.D, FACS
2026-05-04 14:30:05,826 Hunter.io rate limited — pausing 60s
2026-05-04 14:31:06,546 🔮 Guessed: info@wattplasticsurgery.com — Watt Plastic Surgery
2026-05-04 14:31:07,265 Hunter.io rate limited — pausing 60s
2026-05-04 14:32:07,462 🔮 Guessed: info@tracitemmenmd.com — Temmen Plastic Surgery: Traci Temmen, M.D.
2026-05-04 14:32:08,178 Hunter.io rate limited — pausing 60s
2026-05-04 14:33:08,572 🔮 Guessed: info@raviveplasticsurgery.com — Ravive Plastic Surgery & MedSpa
2026-05-04 14:33:09,366 Hunter.io rate limited — pausing 60s
2026-05-04 14:34:09,583 🔮 Guessed: info@premierecenter.com — PREMIERE Center for Cosmetic Surgery
2026-05-04 14:34:10,381 Hunter.io rate limited — pausing 60s
2026-05-04 14:35:10,644 🔮 Guessed: info@tampapalmsplasticsurgery.com — Tampa Palms Plastic Surgery
2026-05-04 14:35:11,351 Hunter.io rate limited — pausing 60s
2026-05-04 14:36:11,588 🔮 Guessed: info@jaimeperezmd.com — Plastic Surgery Center of Tampa - Jaime Perez, MD
2026-05-04 14:36:12,306 Hunter.io rate limited — pausing 60s
2026-05-04 14:37:12,620 🔮 Guessed: info@drdiaco.com — Diaco Institute of Plastic Surgery
2026-05-04 14:37:13,319 Hunter.io rate limited — pausing 60s
2026-05-04 14:38:13,690 🔮 Guessed: info@elitetampa.com — Elite Facial Plastic Surgery: Dr. Dominic M. Castellano
2026-05-04 14:38:14,397 Hunter.io rate limited — pausing 60s
2026-05-04 14:39:14,661 🔮 Guessed: info@drdemetrimd.com — Demetri Arnaoutakis, MD
2026-05-04 14:39:15,350 Hunter.io rate limited — pausing 60s
2026-05-04 14:40:15,688 🔮 Guessed: info@tampasurgicalarts.com — Tampa Surgical Arts
2026-05-04 14:40:16,815 Hunter.io rate limited — pausing 60s
2026-05-04 14:41:17,455 🔮 Guessed: info@landonplasticsurgery.com — Landon Plastic Surgery
2026-05-04 14:41:18,275 Hunter.io rate limited — pausing 60s
2026-05-04 14:42:18,657 🔮 Guessed: info@markelovmd.com — Alexey Markelov MD Plastic Surgery
2026-05-04 14:42:19,164 
==================================================
2026-05-04 14:42:19,164 ✅ Email finder complete
2026-05-04 14:42:19,164    API found:  0
2026-05-04 14:42:19,164    Guessed:    41
2026-05-04 14:42:19,164    Total:      41
2026-05-04 14:42:19,165 ==================================================

