2026-04-15 14:00:36,017 🔍 Finding emails for 50 leads...
2026-04-15 14:00:36,505 Hunter.io rate limited — pausing 60s
2026-04-15 14:01:36,994 🔮 Guessed: info@nychiinails.com — Nychii Nails
2026-04-15 14:01:37,770 Hunter.io rate limited — pausing 60s
2026-04-15 14:02:38,170 🔮 Guessed: info@kouturenailpalace.com — Kouture Nail Palace
2026-04-15 14:02:40,346 Hunter.io rate limited — pausing 60s
2026-04-15 14:03:40,735 🔮 Guessed: info@blankcanvasstudio.glossgenius.com — Blank Canvas Studio
2026-04-15 14:03:41,538 Hunter.io rate limited — pausing 60s
2026-04-15 14:04:41,887 🔮 Guessed: info@brnailsindianapolis.com — B R Nails
2026-04-15 14:04:42,634 Hunter.io rate limited — pausing 60s
2026-04-15 14:05:43,001 🔮 Guessed: info@sundaysnailspa.com — Sundays Nail Spa
2026-04-15 14:05:44,770 Hunter.io rate limited — pausing 60s
2026-04-15 14:06:45,201 🔮 Guessed: info@niftynailsindianapolis.com — Nifty Nails
2026-04-15 14:06:45,931 Hunter.io rate limited — pausing 60s
2026-04-15 14:07:46,306 🔮 Guessed: info@vagaro.com — Lizvet Luxe Nails
2026-04-15 14:07:47,170 Hunter.io rate limited — pausing 60s
2026-04-15 14:08:47,531 🔮 Guessed: info@purnailspaindianapolis.com — PUR Nail Spa
2026-04-15 14:08:48,393 Hunter.io rate limited — pausing 60s
2026-04-15 14:09:48,785 🔮 Guessed: info@soakandsagespa.com — Soak & Sage - A Social Wellness Spa
2026-04-15 14:09:49,642 Hunter.io rate limited — pausing 60s
2026-04-15 14:10:50,053 🔮 Guessed: info@fourseasons.com — The Spa at Four Seasons Hotel Seattle
2026-04-15 14:10:50,768 Hunter.io rate limited — pausing 60s
2026-04-15 14:11:51,172 🔮 Guessed: info@salishlodge.com — Salish Lodge & Spa
2026-04-15 14:11:52,094 Hunter.io rate limited — pausing 60s
2026-04-15 14:12:52,457 🔮 Guessed: info@ananyaspaseattle.com — Ananya Spa
2026-04-15 14:12:53,213 Hunter.io rate limited — pausing 60s
2026-04-15 14:13:53,609 🔮 Guessed: info@littlereddayspa.com — Little Red Day Spa
2026-04-15 14:13:54,496 Hunter.io rate limited — pausing 60s
2026-04-15 14:14:54,854 🔮 Guessed: info@banya5.com — Banya 5
2026-04-15 14:14:55,728 Hunter.io rate limited — pausing 60s
2026-04-15 14:15:56,109 🔮 Guessed: info@hothousespa.com — Hothouse Spa & Sauna
2026-04-15 14:15:57,096 Hunter.io rate limited — pausing 60s
2026-04-15 14:16:57,647 🔮 Guessed: info@hyatt.com — Elaia Spa
2026-04-15 14:16:58,619 Hunter.io rate limited — pausing 60s
2026-04-15 14:17:59,019 🔮 Guessed: info@spanoir.net — Spa Noir
2026-04-15 14:17:59,795 Hunter.io rate limited — pausing 60s
2026-04-15 14:19:00,153 🔮 Guessed: info@danaheadspa.com — Dana Head Spa
2026-04-15 14:19:01,125 Hunter.io rate limited — pausing 60s
2026-04-15 14:20:01,742 🔮 Guessed: info@olympusspa.com — Olympus Spa
2026-04-15 14:20:02,742 Hunter.io rate limited — pausing 60s
2026-04-15 14:21:03,135 🔮 Guessed: info@healingspa.onbuildhealth.com — Healing Spa
2026-04-15 14:21:03,867 Hunter.io rate limited — pausing 60s
2026-04-15 14:22:04,499 🔮 Guessed: info@ladiesroom206.com — The Ladies Room
2026-04-15 14:22:06,988 Hunter.io rate limited — pausing 60s
2026-04-15 14:23:07,650 🔮 Guessed: info@qspalynnwood.com — Q Sauna & Spa
2026-04-15 14:23:08,656 Hunter.io rate limited — pausing 60s
2026-04-15 14:24:09,249 🔮 Guessed: info@yuanspa.com — Yuan Spa - Bellevue
2026-04-15 14:24:10,061 Hunter.io rate limited — pausing 60s
2026-04-15 14:25:10,546 🔮 Guessed: info@hotel1000seattle.com — The Spa at Hotel 1000
2026-04-15 14:25:11,446 Hunter.io rate limited — pausing 60s
2026-04-15 14:26:11,837 🔮 Guessed: info@penelopeandthebeautybar.com — Penelope & The Beauty Bar
2026-04-15 14:26:12,620 Hunter.io rate limited — pausing 60s
2026-04-15 14:27:13,088 🔮 Guessed: info@olympicspa.com — Olympic Spa
2026-04-15 14:27:13,934 Hunter.io rate limited — pausing 60s
2026-04-15 14:28:14,309 🔮 Guessed: info@fourseasons.com — Four Seasons Hotel Seattle
2026-04-15 14:28:15,172 Hunter.io rate limited — pausing 60s
2026-04-15 14:29:15,509 🔮 Guessed: info@cedarbrooklodge.com — Cedarbrook Lodge
2026-04-15 14:29:16,208 Hunter.io rate limited — pausing 60s
2026-04-15 14:30:16,643 🔮 Guessed: info@seattlewa.spaviadayspa.com — Spavia Day Spa - Greenlake
2026-04-15 14:30:17,526 Hunter.io rate limited — pausing 60s
2026-04-15 14:31:17,914 🔮 Guessed: info@sacredrainhealing.com — Sacred Rain Healing Center
2026-04-15 14:31:18,798 Hunter.io rate limited — pausing 60s
2026-04-15 14:32:19,244 🔮 Guessed: info@lespalotte.com — Le SPA de l’hôtel LOTTE
2026-04-15 14:32:20,200 Hunter.io rate limited — pausing 60s
2026-04-15 14:33:20,563 🔮 Guessed: info@seattleurbancalmspa.com — Urban Calm Spa Massage
2026-04-15 14:33:21,471 Hunter.io rate limited — pausing 60s
2026-04-15 14:34:21,896 🔮 Guessed: info@antoniothespa.com — Antonio Spa
2026-04-15 14:34:22,756 Hunter.io rate limited — pausing 60s
2026-04-15 14:35:23,114 🔮 Guessed: info@katesdayspa.com — Kate's Day Spa
2026-04-15 14:35:23,995 Hunter.io rate limited — pausing 60s
2026-04-15 14:36:24,360 🔮 Guessed: info@head2toedayspa.com — Head To Toe Day Spa
2026-04-15 14:36:25,217 Hunter.io rate limited — pausing 60s
2026-04-15 14:37:25,557 🔮 Guessed: info@swbaths.com — Steamworks Baths Seattle
2026-04-15 14:37:26,400 Hunter.io rate limited — pausing 60s
2026-04-15 14:38:26,747 🔮 Guessed: info@skinandsagespa.com — Skin & Sage
2026-04-15 14:38:27,826 Hunter.io rate limited — pausing 60s
2026-04-15 14:39:28,329 🔮 Guessed: info@urbanyogaspa.com — Urban Yoga Spa
2026-04-15 14:39:29,337 Hunter.io rate limited — pausing 60s
2026-04-15 14:40:29,575 🔮 Guessed: info@mulanspaseattle.com — Mulan Spa
2026-04-15 14:40:30,339 Hunter.io rate limited — pausing 60s
2026-04-15 14:41:30,774 🔮 Guessed: info@classiquespa.com — Classique Spa - The Vintage
2026-04-15 14:41:31,279 
==================================================
2026-04-15 14:41:31,280 ✅ Email finder complete
2026-04-15 14:41:31,280    API found:  0
2026-04-15 14:41:31,280    Guessed:    40
2026-04-15 14:41:31,280    Total:      40
2026-04-15 14:41:31,280 ==================================================

