2026-05-11 14:00:04,027 🔄 Auto-rotation day 131: physical therapy in Columbus, OH
2026-05-11 14:00:04,028 
🔍 Searching: physical therapy in Columbus, OH
2026-05-11 14:00:04,958   ✅ NovaCare Rehabilitation in partnership with OhioHealth - Columbus - Downtown — (614) 897-0449 — https://www.novacare.com/contact/find-a-location/oh/columbus/columbus-downtown/?ty=xt
2026-05-11 14:00:05,263   ✅ Athletes' Potential Columbus — (470) 355-2106 — https://www.athletespotential.com/columbus
2026-05-11 14:00:05,582   ✅ Ohio State Physical Therapy Outpatient Care East — (614) 293-2001 — https://wexnermedical.osu.edu/locations/outpatient-care-east/physical-therapy?utm_campaign=med_general-awareness-evergreen_corp&utm_source=googlemybusiness&utm_medium=organic&utm_content=gmb_listing
2026-05-11 14:00:05,873   ✅ NovaCare Rehabilitation in partnership with OhioHealth - Metro — (614) 224-1090 — https://www.novacare.com/contact/find-a-location/oh/columbus/metro/?ty=xt
2026-05-11 14:00:06,124   ✅ Central Ohio Primary Care Physical Therapy - Northwest — (614) 339-8081 — https://www.copcp.com/practices/northwest-physical-therapy/
2026-05-11 14:00:06,430   ✅ Fyzical Therapy & Balance Centers Upper Arlington — (614) 642-4497 — https://physicaltherapycolumbusoh.com/
2026-05-11 14:00:06,696   ✅ Columbus Pain & Performance — (614) 779-0721 — http://www.columbuspainandperformance.com/
2026-05-11 14:00:07,012   ✅ Ohio State Outpatient Rehabilitation Martha Morehouse Outpatient Care — (614) 293-2001 — https://wexnermedical.osu.edu/locations/martha-morehouse-outpatient-care/outpatient-rehabilitation?utm_campaign=med_general-awareness-evergreen_corp&utm_source=googlemybusiness&utm_medium=organic&utm_content=gmb_listing
2026-05-11 14:00:07,274   ✅ OrthoAlliance Physical Therapy — (614) 324-7330 — https://orthoalliance.com/physical-therapy/
2026-05-11 14:00:07,559   ✅ Fit For Life Physical Therapy - Lane Avenue — (614) 981-1979 — http://www.fitforlifephysicaltherapy.com/
2026-05-11 14:00:07,728   ✅ Resolve Physio — (614) 636-3555 — https://resolve-physio.com/?utm_source=google&utm_medium=wix_google_business_profile&utm_campaign=17550051404732438606
2026-05-11 14:00:07,895   ✅ Central Ohio Primary Care Physical Therapy - Eastside — (614) 865-3142 — https://www.copcp.com/practices/eastside-physical-therapy/
2026-05-11 14:00:08,052   ✅ Affiliate Physical Therapy at Crossfit Grandview — (614) 304-1769 — http://affiliatept.com/
2026-05-11 14:00:08,282   ✅ Ohio State Sports Medicine Therapy Jameson Crane Sports Medicine Institute — (614) 293-2001 — https://wexnermedical.osu.edu/locations/jameson-crane-sports-medicine-institute/sports-medicine-therapy?utm_campaign=med_general-awareness-evergreen_corp&utm_source=googlemybusiness&utm_medium=organic&utm_content=gmb_listing
2026-05-11 14:00:08,426   ✅ Central Ohio Primary Care Physical Therapy - Polaris — (614) 259-0906 — https://www.copcp.com/Practices/Details/140-polaris-physical-therapy
2026-05-11 14:00:08,588   ✅ Sole Physical Therapy LLC — (614) 289-8909 — https://www.solephysicaltherapy.com/
2026-05-11 14:00:08,851   ✅ Athletico Physical Therapy - Columbus (Hilliard) — (614) 345-0370 — https://www.athletico.com/locations/columbus-hilliard/?utm_source=google-hilliard&utm_medium=web&utm_campaign=google-listings
2026-05-11 14:00:09,019   ✅ Arsenal Performance and Rehabilitation — (614) 285-4186 — https://www.arsenalrehab.com/
2026-05-11 14:00:09,211   ✅ OSU Sports Medicine and Rehabilitation- Campus — (614) 293-3600 — https://wexnermedical.osu.edu/sports-medicine
2026-05-11 14:00:11,862   ✅ Peak Physiotherapy and Performance — (614) 467-0285 — https://p3physio.com/
2026-05-11 14:00:12,015   ✅ NovaCare Rehabilitation in partnership with OhioHealth - Grandview Heights — (614) 591-0791 — https://www.novacare.com/contact/find-a-location/oh/grandview-heights/grandview-heights/?ty=xt
2026-05-11 14:00:12,299   ✅ Columbus Pelvic Floor Physical Therapy — (614) 706-2579 — http://www.614pelvicfloor.com/
2026-05-11 14:00:12,468   ✅ Ohio State Sports Medicine Rehabilitation RPAC — (614) 293-2001 — https://wexnermedical.osu.edu/locations/sports-medicine-rehabilitation-rpac?utm_campaign=med_general-awareness-evergreen_corp&utm_source=googlemybusiness&utm_medium=organic&utm_content=gmb_listing
2026-05-11 14:00:12,606   ✅ Botkin Rehab Services — (614) 559-8677 — https://www.botkinrehabservices.com/
2026-05-11 14:00:12,814   ✅ Ohio State Sports Medicine Rehabilitation Jewish Community Center — (614) 293-2001 — https://wexnermedical.osu.edu/locations/sports-medicine-rehabilitation-jewish-community-center?utm_campaign=med_general-awareness-evergreen_corp&utm_source=googlemybusiness&utm_medium=organic&utm_content=gmb_listing
2026-05-11 14:00:12,970   ✅ Fitness Matters - Worthington — (614) 841-3900 — https://fm2us.com/location/physical-therapy-clinic-columbus-oh-worthington/
2026-05-11 14:00:13,119   ✅ Fitness Matters - Grandview — (614) 487-9715 — https://fm2us.com/location/physical-therapy-clinic-columbus-oh-grandview/
2026-05-11 14:00:13,330   ✅ Athletic Advantage Physical Therapy and Wellness Center — (740) 549-7041 — https://ptadvantage.com/
2026-05-11 14:00:13,601   ✅ Ohio State Physical Medicine and Rehabilitation Martha Morehouse Outpatient Care — (614) 366-9211 — https://wexnermedical.osu.edu/locations/martha-morehouse-outpatient-care/physical-medicine-and-rehabilitation?utm_campaign=med_general-awareness-evergreen_corp&utm_source=googlemybusiness&utm_medium=organic&utm_content=gmb_listing
2026-05-11 14:00:13,844   ✅ Gray Performance Physio — (614) 204-6731 — https://www.graypt.com/
2026-05-11 14:00:13,992   ✅ Ohio State Pelvic Health Physical Therapy Outpatient Care Gahanna — (614) 293-2001 — https://wexnermedical.osu.edu/locations/outpatient-care-gahanna/pelvic-health-physical-therapy?utm_campaign=med_general-awareness-evergreen_corp&utm_source=googlemybusiness&utm_medium=organic&utm_content=gmb_listing
2026-05-11 14:00:14,138   ✅ McConnell Spine, Sport And Joint Center — (614) 566-3810 — https://www.ohiohealth.com/locations/orthopedics/mcconnell-spine-sport-and-joint-center/?utm_source=yext&utm_medium=listings&utm_campaign=websiteclicksfacility
2026-05-11 14:00:14,366   ✅ Ohio State Orthopedic Urgent Care Jameson Crane Sports Medicine Institute — (614) 293-3600 — https://wexnermedical.osu.edu/locations/jameson-crane-sports-medicine-institute/orthopedic-urgent-care?utm_campaign=med_general-awareness-evergreen_corp&utm_source=googlemybusiness&utm_medium=organic&utm_content=gmb_listing
2026-05-11 14:00:14,512   ✅ Ohiohealth Physical Therapy — (614) 566-1111 — https://www.ohiohealth.com/
2026-05-11 14:00:14,655   ✅ Sports Physical Therapy - Dr. Dominic Caruso, PT, DPT, SCS, CSCS - Sports Rehab — (717) 574-2064 — no website
2026-05-11 14:00:14,917   ✅ Ohio State Sports Medicine Outpatient Care East — (614) 293-3600 — https://wexnermedical.osu.edu/locations/outpatient-care-east/sports-medicine?utm_campaign=med_general-awareness-evergreen_corp&utm_source=googlemybusiness&utm_medium=organic&utm_content=gmb_listing
2026-05-11 14:00:15,228   ✅ Athletico Physical Therapy - Westerville — (614) 791-8015 — https://www.athletico.com/locations/westerville/?utm_source=google-westerville&utm_medium=web&utm_campaign=google-listings
2026-05-11 14:00:17,777   ✅ Central Ohio Physical Therapy — (740) 363-4373 — https://faawc.com/services/physical-therapy
2026-05-11 14:00:17,950   ✅ Orthopedic ONE Westerville — (614) 839-2300 — http://www.orthopedicone.com/?utm_source=GMBSocialClimb&utm_medium=OrthopedicONEWesterville
2026-05-11 14:00:18,133   ✅ Meyer Sports Therapy — (614) 401-6240 — https://www.meyersportstherapy.com/
2026-05-11 14:00:18,306   ✅ Core Moves Pelvic Floor PT and Pilates — (614) 500-3498 — https://coremovespt.com/
2026-05-11 14:00:18,496   ✅ The Modern Physio — (614) 705-6304 — https://www.modernphysioohio.com/
2026-05-11 14:00:18,632   ✅ Orthopedic Foot & Ankle Center — (614) 895-8747 — https://orthofootankle.com/locations/worthington/?utm_source=gmb&utm_medium=referral
2026-05-11 14:00:18,786   ✅ Foot & Ankle Specialty Therapy — (614) 505-8920 — https://orthofootankle.com/services/physical-therapy/?utm_source=gmb&utm_medium=referral
2026-05-11 14:00:19,058   ✅ Elevate Human Performance — (740) 508-5968 — https://elevateptperformance.com/
2026-05-11 14:00:19,233   ✅ Starr MFR PT & Wellness — (614) 594-2400 — https://starrmfr.com/
2026-05-11 14:00:19,412   ✅ Athletico Physical Therapy - Dublin — (614) 961-4966 — https://www.athletico.com/locations/dublin/?utm_source=google-dublin&utm_medium=web&utm_campaign=google-listings
2026-05-11 14:00:19,543   ✅ Orthopedic ONE Upper Arlington — (614) 827-8700 — no website
2026-05-11 14:00:19,715   ✅ OSU Outpatient Rehab — (614) 293-1068 — https://wexnermedical.osu.edu/physical-therapy-rehabilitation/outpatient-rehabilitation
2026-05-11 14:00:19,912   ✅ Ohio State Outpatient Care East — (614) 688-6400 — https://wexnermedical.osu.edu/locations/outpatient-care-east?utm_campaign=med_general-awareness-evergreen_corp&utm_source=googlemybusiness&utm_medium=organic&utm_content=gmb_listing
2026-05-11 14:00:19,936   📊 Found 50, 50 new (rest were duplicates)
2026-05-11 14:00:20,936 
==================================================
2026-05-11 14:00:20,936 ✅ Scraping complete
2026-05-11 14:00:20,936    Total found:  50
2026-05-11 14:00:20,936    New leads:    50
2026-05-11 14:00:20,936    Duplicates:   0
2026-05-11 14:00:20,940    DB total:     1222 leads (810 with emails)
2026-05-11 14:00:20,940 ==================================================

