2026-04-24 14:00:04,128 🔄 Auto-rotation day 114: plastic surgeon in Tampa, FL
2026-04-24 14:00:04,128 
🔍 Searching: plastic surgeon in Tampa, FL
2026-04-24 14:00:05,121   ✅ New Tampa Plastic Surgery - G. Peter Fakhre, MD — (813) 752-7842 — https://www.newtampaplasticsurgery.com/
2026-04-24 14:00:05,419   ✅ VIVIFY Plastic Surgery — (813) 588-5150 — https://www.vivifyps.com/?utm_source=GMBlisting&utm_medium=organic&utm_campaign=vivify-plastic-surgery
2026-04-24 14:00:05,689   ✅ Castellano Cosmetic Surgery Center — (813) 872-6093 — https://castellanocosmeticsurgery.com/
2026-04-24 14:00:05,953   ✅ SynergyMD Plastic Surgery — (727) 594-7553 — https://www.synergymdplasticsurgery.com/
2026-04-24 14:00:06,169   ✅ Bodze Plastic Surgery and Medical Spa — (813) 444-4455 — https://bodze.com/
2026-04-24 14:00:06,485   ✅ Tampa Bay Plastic Surgery, Inc. — (813) 871-5000 — http://www.davidhalpernmd.com/?utm_source=google&utm_medium=organic&utm_campaign=gbp
2026-04-24 14:00:06,626   ✅ Artisan Aesthetics Plastic Surgery: Dr. Stan Castor, MD — (813) 971-2000 — https://artisanplasticsurgerycenter.net/
2026-04-24 14:00:06,843   ✅ Davis Facial Plastic Surgery: Dean G. Davis, M.D, FACS — (813) 877-7917 — https://www.davisfacialsurgery.com/?utm_source=google&utm_medium=local&utm_cAMpaign=tAMpa-davis-website
2026-04-24 14:00:07,056   ✅ Watt Plastic Surgery — (813) 878-0089 — https://www.wattplasticsurgery.com/
2026-04-24 14:00:07,276   ✅ Temmen Plastic Surgery: Traci Temmen, M.D. — (813) 771-6393 — https://www.tracitemmenmd.com/?utm_source=google&utm_medium=organic&utm_campaign=gbp
2026-04-24 14:00:07,419   ✅ Ravive Plastic Surgery & MedSpa — (813) 535-3882 — http://www.raviveplasticsurgery.com/
2026-04-24 14:00:07,700   ✅ PREMIERE Center for Cosmetic Surgery — (813) 400-1465 — http://www.premierecenter.com/?y_source=1_OTg4NzI4NS03MTUtbG9jYXRpb24ud2Vic2l0ZQ%3D%3D
2026-04-24 14:00:07,859   ✅ Tampa Palms Plastic Surgery — (813) 631-1500 — https://www.tampapalmsplasticsurgery.com/
2026-04-24 14:00:08,120   ✅ Plastic Surgery Center of Tampa - Jaime Perez, MD — (813) 877-3739 — https://www.jaimeperezmd.com/
2026-04-24 14:00:08,279   ✅ Diaco Institute of Plastic Surgery — (813) 876-3611 — http://www.drdiaco.com/
2026-04-24 14:00:08,436   ✅ Elite Facial Plastic Surgery: Dr. Dominic M. Castellano — (813) 975-3223 — https://www.elitetampa.com/?utm_source=gmb&utm_medium=organic
2026-04-24 14:00:08,630   ✅ Demetri Arnaoutakis, MD — (813) 603-3110 — https://www.drdemetrimd.com/?utm_source=google&utm_medium=organic&utm_campaign=gbp&utm_term=Demetri-Arnaoutakis-MD-FL&utm_content=website
2026-04-24 14:00:08,776   ✅ Tampa Surgical Arts — (813) 836-7202 — https://www.tampasurgicalarts.com/?utm_source=google&utm_medium=organic&utm_campaign=gbp
2026-04-24 14:00:08,931   ✅ Landon Plastic Surgery — (813) 499-1408 — https://www.landonplasticsurgery.com/?utm_source=google&utm_medium=organic&utm_campaign=gbp&utm_content=Tampa
2026-04-24 14:00:09,115   ✅ Alexey Markelov MD Plastic Surgery — (813) 709-8880 — http://www.markelovmd.com/?utm_source=GMBlisting&utm_medium=organic&utm_campaign=gmb
2026-04-24 14:00:11,783   ✅ Dr. William P. Mack, MD — (813) 875-5437 — http://www.mackmd.com
2026-04-24 14:00:11,919   ✅ Lohith Bose, MD, FACS — (219) 983-6210 — https://boseplasticsurgery.com/
2026-04-24 14:00:12,063   ✅ Formation by Dr. Gopal Grandhige - Tampa Plastic Surgery Clinic — (813) 922-2920 — https://formationmed.com/?utm_source=localsearch&utm_medium=organic&utm_campaign=googlemybusiness&y_source=1_Njk0NDQ2NzUtNzE1LWxvY2F0aW9uLndlYnNpdGU%3D
2026-04-24 14:00:12,200   ✅ Politis Plastic Surgery — (813) 355-8501 — http://politisplasticsurgery.com/
2026-04-24 14:00:12,418   ✅ ImageLift: Facial Plastic Surgery — (813) 463-9245 — https://imagelift.com/
2026-04-24 14:00:12,611   ✅ Gruber Plastic Surgery — (888) 400-0086 — https://www.drmeegangruber.com/
2026-04-24 14:00:12,840   ✅ Dana Coberly — (813) 448-6550 — https://www.drcoberly.com/
2026-04-24 14:00:13,030   ✅ Dr. Joseph Castellano — (813) 872-6093 — https://www.castellanocosmeticsurgery.com/about-us/meet-dr-castellano/
2026-04-24 14:00:13,239   ✅ Rejuve Aesthetic Surgery — (813) 280-2639 — https://rejuveaesthetic.com/
2026-04-24 14:00:13,385   ✅ Tampa Bay Cosmetic Surgery Center — (727) 522-3223 — https://www.kassmd.com/
2026-04-24 14:00:13,573   ✅ Farrior Facial Plastic Surgery — (813) 875-3223 — https://drfarrior.com/?utm_source=google&utm_medium=organic&utm_campaign=gbp
2026-04-24 14:00:13,734   ✅ Tampa Plastic Surgeon - Dr Mendoza — (813) 777-5850 — http://www.embodimentmedspa.com/
2026-04-24 14:00:13,946   ✅ Holcomb Kreithen Plastic Surgery and MedSpa - Tampa — (813) 694-4483 — https://www.hkplasticsurgery.com/?utm_source=GMBlisting&utm_medium=organic&utm_campaign=tampa
2026-04-24 14:00:14,175   ✅ SynergyMD — (813) 590-1776 — https://synergymd.com/
2026-04-24 14:00:14,373   ✅ Adam Scheiner MD — (813) 367-1915 — https://adamscheinermd.com/
2026-04-24 14:00:14,569   ✅ VG Signature | Vipul Gargya, MD — (813) 413-6683 — https://vgsignatureart.com/
2026-04-24 14:00:14,766   ✅ Meghan Murphy, PA-C — (813) 878-0089 — https://wattplasticsurgery.com/
2026-04-24 14:00:14,933   ✅ Oculofacial Surgery and Cosmetic Laser Institute Tampa — (813) 303-0123 — http://doctorrosh.com/
2026-04-24 14:00:15,085   ✅ Finer You PA - Dr. Anahita Azharian, DO, MPH — (813) 563-2220 — https://fineryou.com/about/dr-azharian/
2026-04-24 14:00:15,248   ✅ Sono Bello Tampa — (813) 609-0839 — https://www.sonobello.com/locations/tampa/
2026-04-24 14:00:17,875   ✅ Forever Young Aesthetics - Tampa — (813) 353-0023 — http://www.foreveryoungtampa.com/
2026-04-24 14:00:18,066   ✅ VIVIFY Med Spa — (813) 588-5150 — https://www.vivifyps.com/vivify-medspa/?utm_source=GMBlisting&utm_medium=organic&utm_campaign=gmb-medspa
2026-04-24 14:00:18,261   ✅ Lecada Medical Artistry — (813) 874-2332 — http://www.lecadatampa.com/?utm_source=gbp
2026-04-24 14:00:18,387   ✅ Dr. Moriah R. Moffitt, MD — (813) 414-0908 — http://www.drmoffitt.com/
2026-04-24 14:00:18,586   ✅ Karen E. Wells M.D., F.A.C.S — (813) 353-8809 — https://www.drkarenwells.com/
2026-04-24 14:00:18,812   ✅ Joshua A. Halpern, M.D. P.A. — (813) 872-2696 — https://www.drhalpern.com/
2026-04-24 14:00:18,973   ✅ Dr. Mutaz B. Habal, MD — (813) 238-0409 — no website
2026-04-24 14:00:19,144   ✅ The Julian Institute of Plastic Surgery — (352) 556-5248 — https://julianplasticsurgery.com/
2026-04-24 14:00:19,295   ✅ Ernesto J Ruas MD — (813) 259-1550 — https://www.drruas.com/
2026-04-24 14:00:19,448   ✅ Gerard C. Mosiello MD — (813) 631-1500 — http://www.tampapalmsplasticsurgery.com/
2026-04-24 14:00:19,476   📊 Found 50, 50 new (rest were duplicates)
2026-04-24 14:00:20,476 
==================================================
2026-04-24 14:00:20,476 ✅ Scraping complete
2026-04-24 14:00:20,477    Total found:  50
2026-04-24 14:00:20,477    New leads:    50
2026-04-24 14:00:20,477    Duplicates:   0
2026-04-24 14:00:20,478    DB total:     784 leads (361 with emails)
2026-04-24 14:00:20,478 ==================================================

