2026-04-28 14:00:04,591 🔄 Auto-rotation day 118: hair salon in Raleigh, NC
2026-04-28 14:00:04,591 
🔍 Searching: hair salon in Raleigh, NC
2026-04-28 14:00:05,511   ✅ Village Salon & Dry Bar — (919) 840-8855 — https://villagesalonatoberlin.com/
2026-04-28 14:00:05,817   ✅ Mane Salon — (919) 503-7755 — http://www.maneraleigh.com/
2026-04-28 14:00:06,091   ✅ Douglas Carroll Salon, Spa and Boutique — (919) 876-5411 — http://www.douglascarrollsalon.com/
2026-04-28 14:00:06,329   ✅ Alter EGO Salon — (984) 213-5031 — https://www.alteregoraleigh.com/
2026-04-28 14:00:06,586   ✅ Sky Parlor Salon — (919) 747-9137 — https://skyparlorsalon.com/
2026-04-28 14:00:06,788   ✅ The Junction Salon and Bar — (919) 449-7144 — https://www.junctionsalon.com/
2026-04-28 14:00:07,053   ✅ R. Caspar Salon — (919) 916-5007 — http://rcasparsalon.com/
2026-04-28 14:00:07,294   ✅ Reverie Hair Co. — (919) 747-9397 — https://www.reveriehairco.com/
2026-04-28 14:00:07,493   ✅ Samuel Cole Salon — (919) 845-0098 — http://samuelcole.com/
2026-04-28 14:00:07,722   ✅ Menagerie Style House — (919) 803-7144 — https://menagerienc.com/
2026-04-28 14:00:07,994   ✅ The Hightide Salon and Suites — (919) 516-9909 — https://www.thehightidesalon.com/
2026-04-28 14:00:08,152   ✅ Salon Deux — (919) 832-6239 — https://www.alteregoraleigh.com/locations/salon-deux/
2026-04-28 14:00:08,382   ✅ Hush Raleigh — (919) 706-0324 — https://hush.hair/
2026-04-28 14:00:08,648   ✅ LUX Salon - Lafayette Village — (984) 247-8600 — http://www.luxsalonspa.net/
2026-04-28 14:00:08,860   ✅ Salon 21 — (919) 821-1516 — http://www.salon21raleigh.com/
2026-04-28 14:00:09,005   ✅ Sweet T Salon — (919) 831-1100 — https://www.sweettsalon.com/
2026-04-28 14:00:09,239   ✅ Blo — (919) 484-8600 — http://www.justblo.com/
2026-04-28 14:00:09,397   ✅ Salon La Vie Raleigh — (919) 833-0107 — http://www.salonlavie.us/
2026-04-28 14:00:09,664   ✅ Lux Salon - Towne North — (919) 676-5799 — https://www.luxsalonspa.net/
2026-04-28 14:00:12,652   ✅ Atlantis Salon — (336) 301-0621 — http://www.atlantishairsalon.com/
2026-04-28 14:00:12,831   ✅ The Look Salon Suites — (919) 804-8797 — https://thelooksalonsuites.com/raleigh-nc/
2026-04-28 14:00:13,033   ✅ Moss Raleigh Salon • Master Colorist • Gray Blending • Color Corrections • Balayage • Vivids — (919) 412-6515 — http://www.mossraleigh.com/
2026-04-28 14:00:13,228   ✅ The Legacy Salon — (919) 866-1533 — https://www.thelegacysalonraleigh.com/
2026-04-28 14:00:13,418   ✅ Salon Blu — (919) 900-8212 — http://www.salonbluhair.com/
2026-04-28 14:00:13,705   ✅ Tone Hair Salon — (919) 701-7027 — http://tonehairsalon.com/
2026-04-28 14:00:13,917   ✅ RITUAL Hair Company — (919) 900-8001 — http://www.ritualhairco.com/
2026-04-28 14:00:14,143   ✅ dsparada Color Salon — (919) 790-1707 — https://www.dsparada.com/
2026-04-28 14:00:14,409   ✅ Atmosphere Salon Raleigh....Janet Shacklette — (919) 815-0214 — http://www.vagaro.com/atmospheresalon.janet.com
2026-04-28 14:00:14,614   ✅ Sam and Bill's Hair Color & Design — (919) 832-6393 — https://www.samandbills.com/
2026-04-28 14:00:14,843   ✅ A Suite Salon — (919) 670-2112 — http://www.asuitesalon.com/
2026-04-28 14:00:15,029   ✅ Salon Veritas — (919) 601-8118 — http://www.salonveritas.com/
2026-04-28 14:00:15,255   ✅ The Point Salon — (919) 924-5083 — https://www.pointhairsalon.com/
2026-04-28 14:00:15,459   ✅ SMITH & CO. Hair Salon LLC — (919) 714-1173 — http://smithcosalon.com/
2026-04-28 14:00:15,661   ✅ Salon Alchemy — (919) 852-4955 — http://salonalchemyhair.com/
2026-04-28 14:00:15,936   ✅ Tres Hair Company — (919) 524-7071 — http://www.vagaro.com/treshairspa
2026-04-28 14:00:16,107   ✅ Salon Blu — (919) 848-0555 — http://www.salonbluhair.com/
2026-04-28 14:00:16,294   ✅ EA Wells Hair Design — (919) 787-7797 — http://www.eawellshair.com/
2026-04-28 14:00:16,519   ✅ Sola Salons — (984) 370-3865 — https://www.solasalonstudios.com/locations/north-raleigh?utm_source=gmb&utm_medium=organic
2026-04-28 14:00:16,787   ✅ Salon Lofts — (984) 222-3695 — https://salonlofts.com/salons/falls_of_neuse_olive_park?utm_source=apple_maps&utm_medium=organic&utm_campaign=yext
2026-04-28 14:00:19,514   ✅ K. Elizabeth Salon — (984) 292-4546 — http://kelizabethsalon.com/
2026-04-28 14:00:19,914   ✅ Salon Lofts — (984) 200-4815 — https://salonlofts.com/salons/falls_ridge?utm_source=apple_maps&utm_medium=organic&utm_campaign=yext
2026-04-28 14:00:20,054   ✅ Moxie Salon and Beauty Bar - Raleigh — (919) 301-8525 — https://moxiesalonandbeautybar.com/raleigh-nc-ridgewood
2026-04-28 14:00:20,247   ✅ Wave A Holistic Hair Studio — (919) 619-6002 — https://www.waveholistichair.com/
2026-04-28 14:00:20,463   ✅ eSTee Salon — (919) 845-0006 — http://www.esteesalon.com/
2026-04-28 14:00:20,645   ✅ KERATIN STUDIO — (864) 612-3535 — https://keratin-studio.com/
2026-04-28 14:00:20,865   ✅ Taji Natural Hair Styling- Raleigh — (919) 332-3021 — http://www.tajisalon.com/
2026-04-28 14:00:21,006   ✅ Throne Hair Salon — (984) 272-7567 — http://www.thronehairsalon.com/
2026-04-28 14:00:21,216   ✅ Salon Saia — (919) 377-2554 — http://www.salonsaia.com/
2026-04-28 14:00:21,909   ✅ Marigold Parlour — (919) 917-7008 — http://www.marigoldparlour.com/
2026-04-28 14:00:22,086   ✅ Revive Salon Raleigh — (919) 395-0914 — http://www.revivesalonral.com/
2026-04-28 14:00:22,109   📊 Found 50, 50 new (rest were duplicates)
2026-04-28 14:00:23,109 
==================================================
2026-04-28 14:00:23,109 ✅ Scraping complete
2026-04-28 14:00:23,109    Total found:  50
2026-04-28 14:00:23,109    New leads:    50
2026-04-28 14:00:23,109    Duplicates:   0
2026-04-28 14:00:23,112    DB total:     848 leads (444 with emails)
2026-04-28 14:00:23,112 ==================================================

