2026-04-16 14:00:04,747 🔄 Auto-rotation day 106: medical spa in Oklahoma City, OK
2026-04-16 14:00:04,747 
🔍 Searching: medical spa in Oklahoma City, OK
2026-04-16 14:00:05,614   ✅ H-MD Medical Spa — (405) 463-5700 — https://h-md.com/?utm_source=gbp&utm_medium=organic&utm_campaign=gbp-listing&utm_content=oklahoma
2026-04-16 14:00:05,872   ✅ LOU LOU Med Spa — (405) 774-1989 — https://louloumedspa.com/?utm_source=google&utm_medium=organic&utm_campaign=gbp
2026-04-16 14:00:06,109   ✅ Wheeler Med Spa — (405) 464-1655 — https://www.wheelermedspa.com/
2026-04-16 14:00:06,471   ✅ Radiance Medical Aesthetics Of Oklahoma — (405) 807-6265 — http://rmaok.com/
2026-04-16 14:00:06,692   ✅ Bliss Medical Spa — (405) 708-9552 — https://blissmedicalspaokc.com/
2026-04-16 14:00:06,917   ✅ Renew Wellness & Aesthetics — (405) 810-5944 — http://renewoklahoma.com/
2026-04-16 14:00:07,191   ✅ Longevity OKC — (405) 703-4990 — http://longevityok.com/
2026-04-16 14:00:07,454   ✅ Upscale Wellness & MedSpa — (405) 593-0277 — https://www.upscale-wellness.com/
2026-04-16 14:00:07,624   ✅ Sculpted Medical Spa at Midtown — (405) 803-8155 — http://sculptedmedspas.com/
2026-04-16 14:00:07,840   ✅ Bella Luce Med Spa — (405) 486-7450 — https://bellaluceokc.com/
2026-04-16 14:00:08,115   ✅ RefineU Med Spa — (405) 369-8840 — https://www.refineuokc.com/
2026-04-16 14:00:08,347   ✅ The Medspa @50th — (405) 930-3772 — https://www.m50medspa.com/
2026-04-16 14:00:08,532   ✅ Revive Aesthetics Medical Spa — (405) 830-8119 — http://www.revivemedspaokc.com/
2026-04-16 14:00:08,742   ✅ Belle Âme Med Spa — (405) 679-2660 — https://belleamemedspa.com/
2026-04-16 14:00:09,014   ✅ The Treatment Room — (405) 921-0585 — https://thetreatmentroomokc.com/
2026-04-16 14:00:09,199   ✅ Elysian Wellness & Aesthetics — (405) 506-0300 — https://elysianwellnessokc.com/
2026-04-16 14:00:09,371   ✅ Mariposa Aesthetics & Laser Center — (405) 759-7546 — https://mariposaokc.com/
2026-04-16 14:00:09,585   ✅ Bliss Medical Spa — (405) 607-6077 — https://blissmedicalspaokc.com/
2026-04-16 14:00:09,851   ✅ CLAREBELLA Aesthetics Medspa — (405) 516-6140 — https://clarebellaokc.com/
2026-04-16 14:00:10,139   ✅ Beaut Medical Spa — (405) 493-9585 — https://beautmedspa.com/
2026-04-16 14:00:12,869   ✅ Exquisite Med Spa — (405) 967-4560 — http://www.exquisitemedspaok.com/
2026-04-16 14:00:13,023   ✅ Sculpted Med Spa — (405) 259-9127 — https://sculptedmedspas.com/
2026-04-16 14:00:13,229   ✅ Advanced Aesthetics — (405) 751-3424 — http://www.advancedaesthetics.com/
2026-04-16 14:00:13,397   ✅ Radian Medical Spa — (405) 242-6040 — https://radianmedicalspa.com/products/
2026-04-16 14:00:13,570   ✅ Skinlab Injectables — (405) 436-1000 — http://skinlabinjectables.com/
2026-04-16 14:00:13,865   ✅ Zen Aesthetics & Wellness — (405) 888-5614 — https://www.zenaestheticsandwellness.com/
2026-04-16 14:00:13,997   ✅ Aesthetic Center of Excellence (ACE) — (405) 452-0055 — https://acemedspa.com/?utm_source=google&utm_medium=organic&utm_campaign=gbp
2026-04-16 14:00:14,140   ✅ Gudgel Aesthetics — (405) 306-5800 — https://www.normanmedspa.com/
2026-04-16 14:00:14,313   ✅ Lara Clinic — (405) 446-9850 — https://laraclinic.com/
2026-04-16 14:00:14,470   ✅ West Medical Aesthetics — (405) 562-3044 — https://www.westmedspa.com/
2026-04-16 14:00:14,637   ✅ Restorative Injectables — (405) 849-9373 — https://restorativeinjectables.com/?utm_source=GMB&utm_medium=OKC&utm_campaign=Website
2026-04-16 14:00:14,813   ✅ Purity Day Spa — (405) 724-9700 — http://www.puritydayspaokc.com/
2026-04-16 14:00:15,011   ✅ Omni Lux Med Spa — (405) 237-9915 — https://www.omniluxmedspa.com/
2026-04-16 14:00:15,165   ✅ Reverse Med Spa OKC — (405) 534-4609 — https://www.okcmedspa.com/
2026-04-16 14:00:15,460   ✅ Lilac med spa — (580) 649-9632 — http://lilacmedspa.com/
2026-04-16 14:00:15,617   ✅ Belle Rose Aesthetics — (405) 591-5059 — https://www.belleroseaesthetics.net/
2026-04-16 14:00:15,822   ✅ Restore Hyper Wellness — (405) 849-6651 — https://www.restore.com/locations/ok-oklahoma-city-classen-curve-ok001?utm_source=gmb&utm_medium=Yext&y_source=1_MzE2Mjk5MDQtNzE1LWxvY2F0aW9uLndlYnNpdGU%3D
2026-04-16 14:00:16,151   ✅ Glow Med Spa — (405) 551-7623 — https://glowmedspaok.com/
2026-04-16 14:00:16,293   ✅ Stilnova & Co. — (405) 237-5633 — https://www.stilnovaco.com/
2026-04-16 14:00:18,983   ✅ The Plaza Aesthetics — (405) 822-0785 — https://www.theplazaaesthetics.com/
2026-04-16 14:00:19,154   ✅ Ideal Image Oklahoma City — (405) 633-3988 — https://h-md.com/our-locations/chisholm-creek/?utm_source=gbp&utm_medium=organic&utm_campaign=hmd_chisholm&utm_content=listing
2026-04-16 14:00:19,300   ✅ Rejuvena Cosmetic Medical Center — (405) 842-1100 — https://www.rejuvenaclinic.com/
2026-04-16 14:00:19,447   ✅ LaserAway Oklahoma City — (405) 876-8500 — https://www.laseraway.com/locations/ok/oklahoma-city/?utm_source=google&utm_medium=organic&utm_campaign=website-link
2026-04-16 14:00:19,612   ✅ The Wandering Clay — (405) 343-1432 — http://www.thewanderingclay.com/
2026-04-16 14:00:19,757   ✅ Cosmetic Surgery Affiliates — (405) 842-6677 — https://csaok.com/
2026-04-16 14:00:19,904   ✅ Injectable Aesthetics — (405) 285-0625 — https://www.injectableaesthetics.com/
2026-04-16 14:00:20,047   ✅ Revive Clinic — (405) 703-8882 — https://www.reviveokc.com/
2026-04-16 14:00:20,256   ✅ A New Beginning Healthcare and Spa — (405) 735-3041 — https://www.facebook.com/anbhealth/
2026-04-16 14:00:20,441   ✅ Skin Studio OKC — (405) 266-1800 — http://skinstudiookc.com/
2026-04-16 14:00:20,599   ✅ Glow Theory Spa — (572) 358-8268 — https://glowtheoryokc.glossgenius.com/
2026-04-16 14:00:20,623   📊 Found 50, 50 new (rest were duplicates)
2026-04-16 14:00:21,623 
==================================================
2026-04-16 14:00:21,623 ✅ Scraping complete
2026-04-16 14:00:21,623    Total found:  50
2026-04-16 14:00:21,623    New leads:    50
2026-04-16 14:00:21,624    Duplicates:   0
2026-04-16 14:00:21,626    DB total:     780 leads (639 with emails)
2026-04-16 14:00:21,626 ==================================================

2026-04-16 21:00:35,716 
🔍 Searching: HVAC contractor in Chicago, IL
2026-04-16 21:00:36,938   ✅ Four Seasons Heating, Air Conditioning, Plumbing, & Electric — (773) 219-2190 — https://www.fourseasonsheatingcooling.com/?utm_source=gbp&utm_medium=organic&utm_campaign=gbp-chicago
2026-04-16 21:00:37,217   ✅ All Temp Heating and Air Conditioning — (708) 320-3606 — https://alltemp.com/?utm_campaign=gmb
2026-04-16 21:00:37,415   ✅ Chicago Heating & Cooling — (312) 852-5152 — http://www.chicagoheatingandcooling.com/
2026-04-16 21:00:37,652   ✅ Deljo Heating, Cooling & Plumbing — (773) 657-9989 — https://deljoheating.com/
2026-04-16 21:00:37,877   ✅ MODERN HVAC TECHNOLOGY — (312) 502-9394 — https://modernhvactech.com/services-we-offer-in-chicago/
2026-04-16 21:00:38,088   ✅ Besco Air Inc. — (312) 809-2695 — http://www.bescoair.net/
2026-04-16 21:00:38,307   ✅ Chicago Comfort HVAC Services — (773) 842-4299 — https://www.chicagocomforthvac.com/
2026-04-16 21:00:38,529   ✅ Oasis Plumbing, Heating & Cooling — (773) 320-5395 — https://oasisheating.com/?utm_source=google+&utm_medium=organic+&utm_campaign=chicago_gbp
2026-04-16 21:00:38,771   ✅ TDH Mechanical, Heating and Cooling Contractors — (773) 342-4338 — https://www.chicagotdhmechanical.com/?utm_source=google&utm_medium=organic&utm_campaign=gbp
2026-04-16 21:00:38,988   ✅ Browns Heating & Cooling — (708) 536-8134 — https://brownshvac.net/
2026-04-16 21:00:39,196   ✅ Global Heating and Cooling | HVAC — (773) 801-3734 — https://www.globalheatingcooling.us/
2026-04-16 21:00:39,449   ✅ City & Suburban Heating & Cooling — (773) 238-3838 — https://www.citysuburbanheating.com/
2026-04-16 21:00:39,661   ✅ Guardian Heating & Cooling Service — (773) 377-9568 — https://guardianheatingandcooling.com/
2026-04-16 21:00:39,805   ✅ Five Star HVAC Services, Inc. — (773) 386-6993 — https://fivestar247.com/
2026-04-16 21:00:39,975   ✅ Brothers Heating & Cooling Inc. & Brothers Perfect Construction LLC — (773) 387-7394 — no website
2026-04-16 21:00:40,168   ✅ Chicago HVAC Repair Doctor — (872) 312-7974 — https://www.chicagohvacrepairdr.com/service-area/hillside-il/?utm_source=google&utm_medium=organic&utm_campaign=gbp&utm_content=hillside
2026-04-16 21:00:40,378   ✅ Heatmasters — (773) 777-5700 — https://www.heatmasters.com/
2026-04-16 21:00:40,533   ✅ Eco Temp HVAC — (224) 253-8131 — http://ecotemphvac.com/
2026-04-16 21:00:40,722   ✅ Aircor HVAC air conditioning and heating — (773) 800-1777 — http://aircorheatingcooling.com/
2026-04-16 21:00:40,952   ✅ Air Flows Chicago — (866) 494-6778 — https://airflowschicago.com/
2026-04-16 21:00:43,664   ✅ Heating and Air Conditioning in Chicago — (708) 477-3890 — no website
2026-04-16 21:00:43,817   ✅ Tabor's Complete Comfort Mechanical — (773) 715-3860 — https://www.tccmechanical.com/?utm_source=GBP
2026-04-16 21:00:43,947   ✅ MIRON Heating & Cooling, Inc — (847) 483-5125 — https://mironhvac.com/locations/ac-repair-norwood-park-east-chicago/?utm_source=GoogleMaps&utm_medium=GoogleMaps&utm_campaign=Chicago-60646
2026-04-16 21:00:44,087   ✅ PhD Heating & Cooling — (312) 409-3326 — https://phdheatingcooling.com/
2026-04-16 21:00:44,235   ✅ HVAC Furnace AC Repair — (312) 940-6383 — http://chicagowaterheaterrepair.com/
2026-04-16 21:00:44,397   ✅ Elite HVACs Furnace, Ac & Plumbing Repair — (773) 985-4862 — https://elitehvacs.com/?utm_campaign=gmb&utm_medium=organic&utm_source=google
2026-04-16 21:00:44,556   ✅ Hero Air — (773) 572-7271 — https://www.myheroair.com/?utm_campaign=gmb
2026-04-16 21:00:44,742   ✅ Shavitz Heating and Air Conditioning — (847) 678-1000 — https://www.shavitz.com/?utm_source=google+business+listing&utm_medium=organic&utm_campaign=click+to+website
2026-04-16 21:00:44,926   ✅ My Guy HVAC, INC — (773) 774-6190 — http://www.myguyhvac.com/
2026-04-16 21:00:45,065   ✅ Cosmic HVAC Inc. — (872) 222-3059 — http://www.cosmicair.today/
2026-04-16 21:00:45,196   ✅ Sensational Heating And Air LLC — (773) 242-7732 — https://sensationalheating.com/
2026-04-16 21:00:45,378   ✅ King Heating, Cooling & Plumbing — (708) 808-6320 — https://www.kingheating.com/oak-lawn-il
2026-04-16 21:00:45,542   ✅ Ralph's Heating and Air conditioning Services — (773) 375-4600 — https://www.ralphsheating.net/
2026-04-16 21:00:45,697   ✅ Arzet Heating & Air Conditioning, Inc. — (312) 719-6721 — https://www.arzethvac.com/
2026-04-16 21:00:45,837   ✅ Chicago Furnace & AC Repair — (312) 940-7153 — http://furnaceservicechicago.com/
2026-04-16 21:00:45,983   ✅ Mid-City Heating, Ventilation & Air Conditioning Inc. — (773) 776-4200 — https://midcityhvac.com/
2026-04-16 21:00:46,123   ✅ Ukrainian Village HVAC — (773) 396-3950 — https://ukiehvac.com/
2026-04-16 21:00:46,345   ✅ Direct Improvements — (708) 578-8601 — http://www.directimprovements.com/
2026-04-16 21:00:46,468   ✅ Frontline Heating & Cooling — (872) 234-1019 — https://frontlineheatingcooling.com/
2026-04-16 21:00:46,621   ✅ Green Air Care — (844) 669-0178 — https://greenaircare.com/?utm_source=google&utm_medium=organic&utm_campaign=GMBListing-Chicago-IL
2026-04-16 21:00:46,628   📊 Found 40, 40 new (rest were duplicates)
2026-04-16 21:00:47,628 
==================================================
2026-04-16 21:00:47,628 ✅ Scraping complete
2026-04-16 21:00:47,628    Total found:  40
2026-04-16 21:00:47,628    New leads:    40
2026-04-16 21:00:47,628    Duplicates:   0
2026-04-16 21:00:47,629    DB total:     287 leads (146 with emails)
2026-04-16 21:00:47,630 ==================================================

2026-04-16 21:01:13,430 
🔍 Searching: med spa in New York, NY
2026-04-16 21:01:13,430 
🔍 Searching: law firm in Chicago, IL
2026-04-16 21:01:14,060   ✅ Tribeca Medspa — (212) 925-9500 — https://www.tribecamedspa.com/?utm_source=google&utm_medium=organic&utm_campaign=gbp&utm_term=Tribeca-Medspa&utm_content=website
2026-04-16 21:01:14,094   ✅ Malman Law — (312) 629-0099 — https://www.malmanlaw.com/
2026-04-16 21:01:14,260   ✅ Ankin Law — (312) 500-7866 — https://ankinlaw.com/?utm_source=google&utm_medium=GBP&utm_city=chicago
2026-04-16 21:01:14,271   ✅ SKINNEY Medspa — (646) 212-2316 — https://skinneymedspa.com/?utm_source=google&utm_medium=organic&utm_campaign=gmb-flagship-nyc
2026-04-16 21:01:14,380   ✅ Levin & Perconti — (312) 847-2615 — https://www.levinperconti.com/medical-malpractice/?utm_source=google&utm_medium=organic&utm_campaign=gbp-chicago
2026-04-16 21:01:14,417   ✅ Perfect Med Spa — (212) 901-0656 — https://www.perfectmedspa.com/?utm_source=google&utm_medium=organic&utm_campaign=gbp&utm_term=Perfect-Med-Spa&utm_content=website
2026-04-16 21:01:14,510   ✅ The Law Offices of Haytham Faraj — (312) 635-0800 — https://farajlaw.com/chicago
2026-04-16 21:01:14,570   ✅ ZZ Med Spa — (917) 905-4928 — https://zzmedspa.com/
2026-04-16 21:01:14,650   ✅ Donald Kiolbassa Attorney At Law — (773) 744-9567 — http://www.chicagorealestateatty.com/
2026-04-16 21:01:14,725   ✅ ZZ Day Spa — (212) 904-1552 — https://zzdayspa.com/
2026-04-16 21:01:14,828   ✅ Disparti Law Group — (312) 506-5511 — https://www.dispartilaw.com/
2026-04-16 21:01:14,869   ✅ Manhattan Medspa — (212) 729-5797 — https://www.manhattan-medspa.com/
2026-04-16 21:01:14,959   ✅ Sherwood Law Group — (312) 627-1650 — http://www.sherwoodlawgroup.com/
2026-04-16 21:01:15,029   ✅ QC Spa New York — (646) 402-9647 — https://www.qcny.com/?utm_source=google&utm_medium=organic&utm_campaign=google_business_profile
2026-04-16 21:01:15,146   ✅ Morgan & Morgan — (312) 706-0550 — https://www.forthepeople.com/office-locations/illinois/chicago/?utm_source=GMB&utm_medium=local&utm_campaign=ChicagoILGMB
2026-04-16 21:01:15,154   ✅ Dolce Medical Spa NYC — (929) 828-4849 — https://dolcemedicalspas.com/
2026-04-16 21:01:15,310   ✅ Skinova Medspa — (212) 339-3993 — http://www.skinovamedspa.com/
2026-04-16 21:01:15,314   ✅ Saper Law I Intellectual Property I Entertainment I Social Media I Business — (312) 527-4100 — https://saperlaw.com/
2026-04-16 21:01:15,444   ✅ BeRejuved Medical Spa & Wellness Studio - NYC — (646) 992-2122 — https://berejuvednyc.zoca.com/?utm_source=googlemaps&utm_medium=googlemapsprofile&utm_campaign=googlemaps
2026-04-16 21:01:15,582   ✅ CTM Legal Group — (312) 818-6700 — http://www.ctmlegalgroup.com/
2026-04-16 21:01:15,641   ✅ JECT — (917) 938-7867 — https://ject.us/
2026-04-16 21:01:15,789   ✅ Michael H. Wasserman, PC — (312) 726-1512 — http://www.mhwasserman.com/?utm_source=gmb&utm_medium=organic&utm_content=listing&utm_campaign=google-posts
2026-04-16 21:01:15,847   ✅ Skinney Medspa — (212) 754-6639 — https://skinneymedspa.com/?utm_source=google&utm_medium=organic&utm_campaign=gmb-60th-st-nyc
2026-04-16 21:01:15,919   ✅ Chicago Trusted Attorneys — (312) 519-3171 — https://www.chicagotrustedattorneys.com/?utm_source=GMB&utm_medium=organic&utm_campaign=WestLakeStreet
2026-04-16 21:01:15,974   ✅ Allure Day Spa & Hair Design - Best Head Spa, Facial, Massage, and Beauty Salon near Me NYC — (212) 644-5500 — https://alluredayspa.com/
2026-04-16 21:01:16,068   ✅ Shea Law Group — (877) 365-0040 — https://www.shealawgroup.com/
2026-04-16 21:01:16,100   ✅ ZZ Med Spa — (917) 905-4928 — https://www.zzmedspa.com/
2026-04-16 21:01:16,213   ✅ River North Law Group — (312) 944-2224 — https://rivernorthlawgroup.com/
2026-04-16 21:01:16,251   ✅ ZZ Day Spa — (212) 904-1552 — http://zzdayspa.com/
2026-04-16 21:01:16,394   ✅ Evolve Med Spa — (917) 672-5070 — https://evolvemedspa.com/in/new-york/tribeca-ny/?utm_source=gmb&utm_medium=organic&utm_campaign=tribeca
2026-04-16 21:01:16,402   ✅ Zayed Law Offices — (312) 815-7074 — https://zayedlawoffices.com/chicago-personal-injury-lawyer/?utm_medium=local&utm_source=gmb&utm_campaign=chicago
2026-04-16 21:01:16,539   ✅ BeautyFix Medspa Flatiron — (212) 366-4787 — http://www.beautyfixmedspa.com/
2026-04-16 21:01:16,540   ✅ Attorneys of Chicago Personal Injury Lawyers — (872) 253-6829 — https://attorneysofchicago.com/?utm_source=google&utm_medium=organic&utm_campaign=gmb-chicago
2026-04-16 21:01:16,684   ✅ Luisi Legal Group — (773) 276-5541 — https://www.chicagocriminaldefenselawyer.net/?utm_source=google&utm_medium=Chicago_gmb&utm_campaign=gmb_website_button
2026-04-16 21:01:16,704   ✅ Clinique des Champs Élysées — (212) 812-1107 — https://newyork.crpce.com/
2026-04-16 21:01:16,836   ✅ The Illinois Hammer Injury Law Firm Dworkin & Maciariello — (312) 857-7777 — https://illinoishammer.com/?utm_source=gmb&utm_medium=organic&utm_campaign=gbp
2026-04-16 21:01:16,850   ✅ Trifecta Med Spa Downtown — (212) 600-4112 — https://trifectamedspanyc.com/location/downtown/
2026-04-16 21:01:16,992   ✅ KUR Skin Lab — (212) 951-0488 — https://kurskinlab.com/
2026-04-16 21:01:17,019   ✅ Consumer Law Group — (312) 759-7777 — https://www.consumerlaw.com/locations/chicago-spanish/?npcmp=dir:local:4753655:60646
2026-04-16 21:01:17,163   ✅ The Law Office of Sean Brown, LLC — (312) 675-6116 — http://www.attorneyseanbrown.com/
2026-04-16 21:01:19,647   ✅ First Ave Med Spa — (917) 719-6903 — https://firstavemedspa.com/
2026-04-16 21:01:19,777   ✅ Peachy West SoHo — (917) 694-8620 — https://peachystudio.com/pages/west-soho?y_source=1_MjYyMjMxMzMtNzE1LWxvY2F0aW9uLndlYnNpdGU%3D
2026-04-16 21:01:19,830   ✅ Bradford Miller Law, P.C. — (312) 238-9298 — http://www.bradfordmillerlaw.com/
2026-04-16 21:01:19,913   ✅ Bel Angé Medical Spa — (855) 594-4300 — https://www.belangemedspa.com/?utm_source=google&utm_medium=organic&utm_campaign=gbp
2026-04-16 21:01:19,979   ✅ The Kryder Law Group, LLC Accident and Injury Lawyers — (872) 204-1904 — https://www.kryderlaw.com/?utm_source=google_gbp&utm_medium=organic&utm_campaign=GBPDowntownChicago
2026-04-16 21:01:20,055   ✅ Diamond Advanced Aesthetics — (212) 933-0434 — https://diamondadvancedaesthetics.com/?utm_source=google&utm_medium=organic&utm_campaign=gbp
2026-04-16 21:01:20,114   ✅ Lerner and Rowe Injury Attorneys — (708) 222-2222 — https://lernerandrowe.com/illinois/chicago/
2026-04-16 21:01:20,193   ✅ Eureka Body Care and Spa + Medspa, Botox — (212) 858-0706 — http://www.eurekabodycareandspa.com/
2026-04-16 21:01:20,273   ✅ The Prinz Law Firm — (312) 345-6603 — https://www.prinz-lawfirm.com/?utm_source=GMB&utm_medium=organic&utm_campaign=Chicago
2026-04-16 21:01:20,337   ✅ Skin Deep NYC — (646) 692-3330 — https://www.skindeepnyc.com/
2026-04-16 21:01:20,483   ✅ SkinLab NYC — (212) 925-9503 — https://skinlab-nyc.com/?utm_source=googlemybusiness&utm_medium=organic&utm_campaign=nyc-skinlab
2026-04-16 21:01:20,588   ✅ Jenner & Block LLP — (312) 222-9350 — http://www.jenner.com/
2026-04-16 21:01:20,620   ✅ Revival Med Spa — (347) 542-5895 — https://revivalmedicalspa.com/
2026-04-16 21:01:20,741   ✅ Robson & Lopez LLC — (312) 523-2166 — http://www.robsonlopez.com/
2026-04-16 21:01:20,761   ✅ CONTŌR — (646) 481-9461 — https://contorstudio.com/
2026-04-16 21:01:20,886   ✅ DiTommaso Lubin, PC — (630) 333-0333 — https://www.thebusinesslitigators.com/
2026-04-16 21:01:20,889   ✅ Central Park West Med Spa — (917) 696-9085 — https://centralparkwestmedspa.com/
2026-04-16 21:01:21,056   ✅ UPKEEP Med Spa — (917) 715-4336 — https://www.upkeepmedspa.com/
2026-04-16 21:01:21,084   ✅ Phillips Law Offices — (312) 346-4262 — https://phillipslawoffices.com/
2026-04-16 21:01:21,218   ✅ Getech Law — (312) 888-6633 — https://www.getechlaw.com/
2026-04-16 21:01:21,235   ✅ Eden Med Spa — (212) 226-0515 — http://www.edenmedspanyc.com/
2026-04-16 21:01:21,373   ✅ Fabbrini Law Group — (312) 494-3131 — https://www.windycitylawfirm.com/?utm_campaign=gmb&utm_medium=organic&utm_source=GMBlisting
2026-04-16 21:01:21,374   ✅ Smooth Synergy Medical Spa & Laser Center — (212) 397-0111 — https://smoothsynergy.com/
2026-04-16 21:01:21,508   ✅ MiracleFace MedSpa — (212) 920-7790 — https://miraclefacemedspanyc.com/
2026-04-16 21:01:21,538   ✅ Law Offices of Katrina M. Barnett, P.C. — (312) 725-0085 — http://www.kmbarnettlaw.com/
2026-04-16 21:01:21,632   ✅ Skin Center New York — (212) 257-0222 — https://www.skincenter.nyc/
2026-04-16 21:01:21,679   ✅ Mark Silverman Law Office Ltd. — (312) 775-1015 — http://www.depositlaw.com/
2026-04-16 21:01:21,755   ✅ Koru Wellness Aesthetics NYC: Med Spa Upper East Side & Midtown — (212) 396-3672 — http://www.korunyc.com/
2026-04-16 21:01:21,821   ✅ The Davis Law Group, P.C. — (847) 834-7112 — https://www.illinoisdriverslicensereinstatementlawyer.com/?utm_source=google&utm_medium=organic&utm_campaign=chicagoGMB
2026-04-16 21:01:21,886   ✅ Slim Herbal Med Spa — (646) 683-9203 — https://www.slim-herbal.com/
2026-04-16 21:01:21,957   ✅ The Horwitz Law Group — (312) 641-9200 — https://chicago-personal-injury-lawyers.us/
2026-04-16 21:01:22,018   ✅ DermaStar Skin & Laser — (315) 216-7497 — https://dermastarspa.com/
2026-04-16 21:01:22,090   ✅ The Blake Horwitz Law Firm, Ltd. — (312) 676-2100 — https://theblakehorwitzlawfirm.com/
2026-04-16 21:01:22,151   ✅ IN•GLO Face and Body Sculpting — (212) 647-8919 — https://inglomedspa.com/?utm_source=google&utm_medium=organic&utm_campaign=gbp
2026-04-16 21:01:22,230   ✅ Kasan Law — (312) 300-6724 — https://lawkasan.com/?utm_source=GMB++&utm_medium=Organic&utm_campaign=GMB_Chicago+
2026-04-16 21:01:22,282   ✅ Modify MedSpa - Suite 504 — (212) 634-1654 — https://modifymedspa.com/
2026-04-16 21:01:22,289   📊 Found 40, 38 new (rest were duplicates)
2026-04-16 21:01:22,360   ✅ Just Results Law Group — (312) 600-6001 — http://justresultslaw.com/
2026-04-16 21:01:22,494   ✅ Demidchik Law Firm 安娜律师楼 (Chicago) — (312) 786-4777 — http://demidchiklawfirm.com/zh/
2026-04-16 21:01:22,671   ✅ The Thiel Law Group, P.C. — (773) 732-6297 — https://www.thiel.law/
2026-04-16 21:01:23,289 
==================================================
2026-04-16 21:01:23,290 ✅ Scraping complete
2026-04-16 21:01:23,290    Total found:  40
2026-04-16 21:01:23,290    New leads:    38
2026-04-16 21:01:23,290    Duplicates:   2
2026-04-16 21:01:23,291    DB total:     325 leads (146 with emails)
2026-04-16 21:01:23,291 ==================================================

2026-04-16 21:01:25,718   ✅ Aaron Krolik Law Office, LLC — (312) 925-4090 — https://www.securitydepositlaw.com/
2026-04-16 21:01:25,726   📊 Found 40, 40 new (rest were duplicates)
2026-04-16 21:01:26,727 
==================================================
2026-04-16 21:01:26,727 ✅ Scraping complete
2026-04-16 21:01:26,727    Total found:  40
2026-04-16 21:01:26,727    New leads:    40
2026-04-16 21:01:26,727    Duplicates:   0
2026-04-16 21:01:26,728    DB total:     365 leads (146 with emails)
2026-04-16 21:01:26,728 ==================================================

2026-04-16 21:01:34,041 
🔍 Searching: roofing contractor in Atlanta, GA
2026-04-16 21:01:34,775   ✅ Dr Roof Atlanta — (770) 450-8843 — http://www.drroof.com/
2026-04-16 21:01:34,923   ✅ Castle Roofing Atlanta, GA — (470) 601-6422 — https://www.castleroofing.us/
2026-04-16 21:01:35,071   ✅ Colony Roofers — (470) 465-9624 — https://www.colonyroofers.com/
2026-04-16 21:01:35,204   ✅ Georgia Roofing & Repair — (770) 639-7663 — https://www.garoofingandrepair.com/
2026-04-16 21:01:35,348   ✅ Accent Roofing Service — (470) 613-6961 — https://accentroofingservice.com/?utm_campaign=gmb
2026-04-16 21:01:35,500   ✅ Bell Roofing — (404) 874-7663 — http://www.bellroofingco.com/
2026-04-16 21:01:35,635   ✅ Bumble Roofing of North Atlanta — (470) 354-3188 — https://bumbleroofing.com/north-atlanta
2026-04-16 21:01:35,760   ✅ Fraser Roofing, LLC — (678) 835-4163 — https://www.fraserroofingllc.com/?utm_source=google&utm_medium=organic&utm_campaign=gmb&utm_content=lilburn
2026-04-16 21:01:35,891   ✅ Atlanta Roofing Specialists — (770) 284-6885 — https://www.atlantaroofingspecialists.com/
2026-04-16 21:01:36,017   ✅ Mr. Roofer of Atlanta — (770) 637-3874 — https://www.mrrooferatlanta.com/roofing-company-atlanta/
2026-04-16 21:01:36,155   ✅ Mosaic Roofing Company LLC — (404) 260-3168 — https://mosaicroofingcompany.com/
2026-04-16 21:01:36,296   ✅ Elite Roofing LLC — (407) 222-7663 — https://www.eliteroofpro.com/stellar-roofing-professionals-atlanta/top-roofer-atlanta
2026-04-16 21:01:36,549   ✅ Roofing Done Wright — (678) 722-5050 — http://www.roofingdonewright.com/
2026-04-16 21:01:36,709   ✅ New Image Roofing Atlanta — (404) 680-0041 — https://www.newimageroofingatlanta.com/
2026-04-16 21:01:36,848   ✅ Findlay Roofing — (470) 613-7559 — https://www.findlayroofing.com/?utm_campaign=GBPFindlayMarietta
2026-04-16 21:01:36,979   ✅ The Cool Roofing Company Atlanta — (888) 216-1766 — https://thecoolroofingcompany.com/service-areas/georgia/atlanta/
2026-04-16 21:01:37,146   ✅ Georgia In Home Services — (404) 434-2436 — https://georgiainhomeservices.com/
2026-04-16 21:01:37,274   ✅ ImproveIT! of Atlanta — (678) 498-5075 — https://www.improveitatl.com/?utm_campaign=gmb&y_source=1_mta2ndizmza3ns03mtutbg9jyxrpb24ud2vic2l0zq==
2026-04-16 21:01:37,414   ✅ Fraser Roofing, LLC — (678) 710-9068 — https://www.fraserroofingllc.com/?utm_source=google&utm_medium=organic&utm_campaign=gmb&utm_content=canton
2026-04-16 21:01:39,994   ✅ StormROOF Systems — (470) 387-9997 — https://www.stormroofsystems.com/
2026-04-16 21:01:40,116   ✅ Georgia Roof Advisors — (678) 723-9995 — http://www.georgiaroofadvisors.com/
2026-04-16 21:01:40,257   ✅ Absolute Commercial Roofing — (770) 743-7946 — https://absoluteroofingservices.com/?utm_source=Google&utm_medium=local&utm_campaign=gmb_optimization
2026-04-16 21:01:40,396   ✅ Atlanta Expert Roofing Solutions — (404) 382-7707 — https://atlantaersroofing.co/
2026-04-16 21:01:40,531   ✅ MPC Construction — (770) 280-7205 — https://www.mpcroofing.com/?utm_source=google&utm_medium=wix_google_business_profile&utm_campaign=14941558353794992450
2026-04-16 21:01:40,673   ✅ Rosie's Roofing and Restoration — (678) 661-5633 — https://rosiesroofing.com/?utm_source=google&utm_medium=organic&utm_campaign=gbp
2026-04-16 21:01:40,829   ✅ LB Roofing & Construction — (404) 875-6222 — https://www.lbroof.com/
2026-04-16 21:01:40,957   ✅ Garcia & Sons Roof Repair — (470) 619-3330 — https://garciaroofrepair.site/
2026-04-16 21:01:41,104   ✅ Remove & Replace, LLC — (404) 963-7196 — http://rnrroofing.us/
2026-04-16 21:01:41,305   ✅ Atlanta Metro Roofing — (770) 220-7263 — https://www.atlantametroroofing.com/
2026-04-16 21:01:41,477   ✅ RST Roofing and Renovations, LLC — (404) 548-8901 — http://rst-roofing.com/
2026-04-16 21:01:41,619   ✅ The New Roof — (470) 444-1018 — https://thenewroof.com/
2026-04-16 21:01:44,172   ✅ Navarro Brothers LLC — (470) 665-4111 — https://navarroroofers.com/
2026-04-16 21:01:44,339   ✅ Regal Roofing — (888) 734-2510 — http://www.regrs.com/
2026-04-16 21:01:44,466   ✅ Georgia Roofing & Repair, Inc. — (678) 639-7663 — https://www.garoofingandrepair.com/alpharetta-roof-repair/
2026-04-16 21:01:44,592   ✅ Williams Brothers LLC — (470) 619-3338 — https://williamsroofingllc.site/
2026-04-16 21:01:44,826   ✅ Atlanta Roofing and Remodeling Inc. — (770) 256-3444 — https://atlantaroofing.com/
2026-04-16 21:01:44,944   ✅ Clark & Sons LLC — (470) 400-0990 — https://clarkroofers.best/
2026-04-16 21:01:45,077   ✅ Simmons & Sons Roofing LLC — (470) 400-0408 — https://simmonsroofing.best/
2026-04-16 21:01:45,251   ✅ Whitco Roofing, Inc. — (770) 644-0521 — http://www.whitcoroofing.com/
2026-04-16 21:01:45,383   ✅ Adamson Roofing Company — (678) 424-1919 — https://adamsonroofingcompany.com/
2026-04-16 21:01:45,394   📊 Found 40, 40 new (rest were duplicates)
2026-04-16 21:01:46,395 
==================================================
2026-04-16 21:01:46,395 ✅ Scraping complete
2026-04-16 21:01:46,395    Total found:  40
2026-04-16 21:01:46,395    New leads:    40
2026-04-16 21:01:46,395    Duplicates:   0
2026-04-16 21:01:46,396    DB total:     405 leads (146 with emails)
2026-04-16 21:01:46,396 ==================================================

2026-04-16 21:01:46,551 
🔍 Searching: hair salon in Miami, FL
2026-04-16 21:01:47,105   ✅ Salon Ethos — (786) 574-9609 — http://www.ethosmiami.com/
2026-04-16 21:01:47,236   ✅ Studio-D Brickell — (305) 349-4969 — https://studio-dbrickell.com/
2026-04-16 21:01:47,369   ✅ Avant-Garde Salon & Spa — (305) 442-8136 — https://avantgardesalonandspa.com/
2026-04-16 21:01:47,511   ✅ Stubborn Hair — (305) 457-8272 — http://stubbornhair.com/
2026-04-16 21:01:47,646   ✅ Europa Hair Studio Miami — (305) 720-2277 — https://www.europahairstudio.com/
2026-04-16 21:01:47,772   ✅ True Hair Miami Salon — (305) 921-4238 — https://truehairmiami.zoca.com/?utm_source=googlemaps&utm_medium=googlemaps&utm_campaign=googlemaps
2026-04-16 21:01:47,976   ✅ Open Hair Miami Salon — (786) 442-9863 — https://openhairmiami.com/
2026-04-16 21:01:48,144   ✅ IGK SALON — (305) 573-5520 — http://www.igkhair.com/
2026-04-16 21:01:48,275   ✅ Gabriel Samra Hair Salon — (305) 774-1449 — https://instagram.com/gabrielsamrahairsalon/
2026-04-16 21:01:48,411   ✅ Peter Alexander Salon — (305) 234-2900 — https://www.peteralexandersalon.com/?y_source=1_MjM3MjM1MjQtNzE1LWxvY2F0aW9uLndlYnNpdGU%3D
2026-04-16 21:01:48,575   ✅ LAB Salon Miami — (305) 448-0540 — https://labsalon.miami/
2026-04-16 21:01:48,741   ✅ STATUS Hair Studio - Brickell — (305) 306-8238 — https://booking.mangomint.com/statushairstudio
2026-04-16 21:01:48,874   ✅ Hairports_Miami — (305) 798-3384 — https://hairportsmiami.com/
2026-04-16 21:01:49,015   ✅ Elite Styles — (305) 571-7279 — https://elitestyles.com/
2026-04-16 21:01:49,158   ✅ Hello Beauty Concept — (786) 644-7022 — http://www.hellobeautyconcept.com/
2026-04-16 21:01:49,293   ✅ House of Mane — (305) 465-0998 — https://www.houseofmane.com/?utm_source=omg-gbp&utm_medium=webclick
2026-04-16 21:01:49,440   ✅ Ninette Hair Studio — (786) 953-6667 — http://ninettestudio.com/
2026-04-16 21:01:49,584   ✅ YSV Hair Salon & Spa — (786) 574-9850 — https://ysvhairsalon.com/
2026-04-16 21:01:49,747   ✅ HK SALON INC — (305) 532-9101 — http://www.hk-salon.com/
2026-04-16 21:01:49,879   ✅ Sean Donaldson Salon - Brickell — (786) 646-9390 — https://seandonaldsonhair.com/?y_source=1_MTAxNTkyNzY5NS03MTUtbG9jYXRpb24ud2Vic2l0ZQ%3D%3D
2026-04-16 21:01:52,471   ✅ Danny Jelaca Salon — (305) 604-9696 — https://dannyjelaca.com/
2026-04-16 21:01:52,597   ✅ Oren Salon — (305) 535-7050 — http://www.orensalon.com/
2026-04-16 21:01:52,715   ✅ Siutse Hair Extensions — (305) 456-2989 — http://www.siutsehairextensions.com/
2026-04-16 21:01:52,860   ✅ Red Salon — (305) 757-7662 — https://www.redsalon.com/
2026-04-16 21:01:53,010   ✅ Cristian Rovere Hair Salon and Spa — (305) 424-2727 — http://www.cristianrovere.com/
2026-04-16 21:01:53,166   ✅ White Space Hair Salon — (305) 741-2292 — http://www.whitespacesalon.com/
2026-04-16 21:01:53,303   ✅ James styles hair salón — (305) 588-1645 — https://james-styles.vercel.app/
2026-04-16 21:01:53,467   ✅ Gleam Hair Studio — (305) 449-9202 — https://gleamhairstudio.com/
2026-04-16 21:01:53,603   ✅ detlev - A davines Salon — (305) 448-5750 — http://www.detlev.com/
2026-04-16 21:01:53,726   ✅ Salon Dahlia — (305) 751-9664 — https://salondahlia.com/
2026-04-16 21:01:53,848   ✅ Beach Hair Salon | Hair Salon Miami — (786) 355-5468 — https://beachhairsalon.com/
2026-04-16 21:01:53,992   ✅ Wynwood Salon — (786) 707-0380 — https://wynwoodsalon.setmore.com/?utm_source=qr-code&utm_medium=more-share-bp
2026-04-16 21:01:54,186   ✅ Shapes By Luke Hair MIAMI — (305) 791-7254 — https://shapesbyluke-101660.square.site/
2026-04-16 21:01:54,335   ✅ Trini Salon & Spa — (786) 220-7796 — http://www.trinisalons.com/
2026-04-16 21:01:54,483   ✅ cue. HAIR STUDIO - organic hair color, blonde specialist, and blowdry memberships — (786) 214-1142 — https://cuesalonstudio.com/
2026-04-16 21:01:54,691   ✅ Hair Healers Beauty Salon — (305) 643-2252 — http://hairhealers.com/
2026-04-16 21:01:54,838   ✅ The Root & Bark — (305) 849-6434 — http://rootandbark.com/
2026-04-16 21:01:54,974   ✅ Wynwood Hair Co. — (305) 399-0321 — https://www.wynwoodhairco.com/
2026-04-16 21:01:55,103   ✅ Nero Hair Salon — (786) 359-4169 — http://thenerohairsalon.com/
2026-04-16 21:01:55,265   ✅ Studio N Salon — (305) 632-4999 — https://www.studionsalon.com/
2026-04-16 21:01:55,273   📊 Found 40, 40 new (rest were duplicates)
2026-04-16 21:01:56,274 
==================================================
2026-04-16 21:01:56,274 ✅ Scraping complete
2026-04-16 21:01:56,274    Total found:  40
2026-04-16 21:01:56,274    New leads:    40
2026-04-16 21:01:56,274    Duplicates:   0
2026-04-16 21:01:56,275    DB total:     445 leads (146 with emails)
2026-04-16 21:01:56,275 ==================================================

2026-04-16 21:01:56,405 
🔍 Searching: auto repair shop in Seattle, WA
2026-04-16 21:01:57,306   ✅ Downtown Automotive — (206) 339-7920 — https://downtownautomotiveseattle.com/
2026-04-16 21:01:57,435   ✅ Pacific Rim Automotive, Inc. — (206) 632-1175 — http://www.pacrimauto.com/
2026-04-16 21:01:57,610   ✅ Your Family Auto — (206) 568-0039 — https://yourfamilyauto.wordpress.com/
2026-04-16 21:01:57,750   ✅ Superior Auto Service — (206) 782-6474 — https://superiorautoservice.net/
2026-04-16 21:01:57,905   ✅ Tomoko Auto Care Center — (206) 329-5212 — https://www.tomokoautocarecenter.com/contact-us/
2026-04-16 21:01:58,048   ✅ Budd & Company Automotive - Rainier Ave — (206) 203-3379 — https://www.buddandcompany.com/local/WA/rainier
2026-04-16 21:01:58,189   ✅ Repair Revolution — (206) 623-0123 — https://www.autorepairrevolution.com/
2026-04-16 21:01:58,326   ✅ Ace Auto Repair & Tire — (206) 524-6005 — https://aceautorepairandtire.com/tires-auto-repair-seattle-wa
2026-04-16 21:01:58,486   ✅ Chuck's Auto Repair - North Seattle — (206) 526-1069 — https://www.autorepairseattle.com/
2026-04-16 21:01:58,648   ✅ Elite Auto Care — (206) 385-4070 — http://www.eliteautoseattle.com/
2026-04-16 21:01:58,795   ✅ Bay's Auto Repair & Collision Services — (206) 783-5670 — https://baysautorepairballard.com/
2026-04-16 21:01:58,918   ✅ Lake City Autoworks — (206) 210-2397 — https://www.lakecityautoworks.com/
2026-04-16 21:01:59,052   ✅ My Mechanic Automotive — (206) 524-7742 — no website
2026-04-16 21:01:59,178   ✅ Precision Motorworks — (206) 282-1000 — http://www.precisionmotorworks.net/
2026-04-16 21:01:59,315   ✅ Arrows Automotive — (206) 395-2016 — https://www.arrowsautomotive.com/
2026-04-16 21:01:59,495   ✅ Best Service & Repair — (206) 525-0240 — http://www.bestserviceandrepair.com/
2026-04-16 21:01:59,627   ✅ Moss Alley Motors — (206) 325-3992 — http://www.mossalley.com/
2026-04-16 21:01:59,762   ✅ Village AutoCare & Tires — (206) 526-2345 — http://www.uvillageautocare.com/
2026-04-16 21:01:59,993   ✅ Tom’s Automotive of West Seattle — (206) 937-1144 — http://www.tomsautomotive.com/
2026-04-16 21:02:00,199   ✅ 34th STREET GARAGE SEATTLE — (206) 283-3448 — https://carrepairsseattle.com/
2026-04-16 21:02:02,785   ✅ Johnson's Auto Repair — (206) 522-3305 — http://www.johnsonsautorepair.net/
2026-04-16 21:02:02,905   ✅ EuroCar Service — (206) 527-8828 — http://www.eurocarservice.com/
2026-04-16 21:02:03,135   ✅ High Road Automotive — (206) 789-7521 — http://www.high-road.com/
2026-04-16 21:02:03,259   ✅ Andy's Auto Repair — (206) 784-4727 — no website
2026-04-16 21:02:03,395   ✅ Finesse Auto Service & Repair — (206) 801-6981 — http://faseattle.com/
2026-04-16 21:02:03,524   ✅ R AND K AUTOMOTIVE — (206) 619-8730 — http://randkautomotive.com/
2026-04-16 21:02:03,655   ✅ Danny's Auto Repair — (206) 699-9222 — https://dannysautorepair.com/
2026-04-16 21:02:03,784   ✅ Greg's Japanese Auto — (206) 624-2575 — https://www.gregs.com/locations/wa/seattle/auto-repair-1331-stewart-street?utm_source=local_listing&utm_medium=organic&utm_campaign=store_8011
2026-04-16 21:02:03,922   ✅ Delridge Auto Repair — (206) 933-4149 — no website
2026-04-16 21:02:04,045   ✅ CMARR Automotive — (206) 405-4402 — no website
2026-04-16 21:02:04,199   ✅ Jeff's Auto Repair — (206) 558-3827 — https://www.jeffsauto.com/locations/wa/seattle/auto-repair-9702-sand-point-way-ne?utm_source=local_listing&utm_medium=organic&utm_campaign=store_8004
2026-04-16 21:02:04,335   ✅ Edwards Automotive Service — (206) 362-1960 — http://www.edwardsauto.com/
2026-04-16 21:02:04,483   ✅ Foreign Car Workshop of West Seattle — (206) 938-3972 — http://www.foreigncarworkshop.com/
2026-04-16 21:02:04,643   ✅ Marqueen Garage — (206) 285-9100 — https://marqueengarage.com/
2026-04-16 21:02:04,755   ✅ Lioe's Automotive Service — (206) 323-2828 — no website
2026-04-16 21:02:04,878   ✅ Meineke Car Care Center — (206) 962-8590 — https://www.meineke.com/locations/wa/seattle-2389/
2026-04-16 21:02:04,998   ✅ Aurora Auto Repair — (206) 367-8833 — no website
2026-04-16 21:02:05,172   ✅ Car Tech Seattle Auto Repair — (206) 566-6953 — http://cartechseattle.com/
2026-04-16 21:02:05,298   ✅ H & I Autobody Seatown Autoworks — (206) 762-2050 — no website
2026-04-16 21:02:05,467   ✅ Seattle Auto Repair Service — (206) 578-9942 — no website
2026-04-16 21:02:05,474   📊 Found 40, 40 new (rest were duplicates)
2026-04-16 21:02:06,474 
==================================================
2026-04-16 21:02:06,474 ✅ Scraping complete
2026-04-16 21:02:06,474    Total found:  40
2026-04-16 21:02:06,474    New leads:    40
2026-04-16 21:02:06,474    Duplicates:   0
2026-04-16 21:02:06,475    DB total:     485 leads (146 with emails)
2026-04-16 21:02:06,475 ==================================================

2026-04-16 21:02:06,599 
🔍 Searching: gym in Charlotte, NC
2026-04-16 21:02:07,235   ✅ The Fitness Factory of Charlotte — (704) 371-4660 — http://fitnessfactorycharlotte.com/
2026-04-16 21:02:07,372   ✅ Crunch Fitness - Charlotte University — (704) 440-9391 — https://www.crunch.com/locations/charlotte-university
2026-04-16 21:02:07,516   ✅ CORE24 GYM — (980) 207-3780 — https://core24clt.com/
2026-04-16 21:02:07,640   ✅ QC Pump House — (980) 249-7597 — https://qcpumphouse.com/
2026-04-16 21:02:07,775   ✅ Planet Fitness — (980) 949-7342 — https://www.planetfitness.com/gyms/charlotte-tryon-st-nc?utm_medium=organic&utm_source=extnet
2026-04-16 21:02:07,903   ✅ Hive Fitness — (980) 498-2146 — https://hivefitnessclt.com/
2026-04-16 21:02:08,062   ✅ Fitness Connection — (704) 567-1400 — https://fitnessconnection.com/gyms/eastside/
2026-04-16 21:02:08,196   ✅ Crunch Fitness - Arboretum — (704) 396-8320 — https://www.crunch.com/locations/arboretum
2026-04-16 21:02:08,399   ✅ Charlotte Athletic Club — (704) 371-5600 — http://www.charlotteathleticclub.com/
2026-04-16 21:02:08,648   ✅ Oro Athletic — (980) 209-0101 — https://oroathletic.com/
2026-04-16 21:02:08,775   ✅ Bucked Up Fitness Queen City — (704) 968-6886 — https://buckedupfitness.patriotgyms.com/buckedup-charlotte/
2026-04-16 21:02:08,951   ✅ AF4913-Charlotte,NC — (704) 969-9121 — https://www.anytimefitness.com/locations/charlotte-north-carolina-4913/?utm_source=google&utm_medium=organic-businesslisting&utm_campaign=gbp-listing&utm_content=4913
2026-04-16 21:02:09,077   ✅ The Health Club — (743) 643-4897 — https://www.thehealthclubclt.com/
2026-04-16 21:02:09,211   ✅ Anytime Fitness — (704) 777-1971 — https://www.anytimefitness.com/locations/charlotte-north-carolina-4408/?utm_source=google&utm_medium=organic-businesslisting&utm_campaign=gbp-listing&utm_content=4408
2026-04-16 21:02:09,385   ✅ Life Time — (704) 901-7100 — https://www.lifetime.life/locations/nc/charlotte.html?utm_source=google&utm_medium=local&utm_campaign=google-local-club
2026-04-16 21:02:09,573   ✅ Strength and Wellness Collective of Charlotte — (704) 387-9212 — https://strengthandwellnesscollective.com/
2026-04-16 21:02:09,695   ✅ Fitness Connection — (704) 405-1330 — https://fitnessconnection.com/gyms/university/
2026-04-16 21:02:09,824   ✅ Charlotte Strength — (704) 666-9556 — https://www.charlottestrength.com/
2026-04-16 21:02:09,969   ✅ MOTION Fitness — (704) 900-5866 — https://themotionfitness.com/
2026-04-16 21:02:10,103   ✅ MOTION Fitness — (704) 365-6555 — http://www.themotionfitness.com/
2026-04-16 21:02:12,762   ✅ Fitness Connection — (704) 596-9009 — https://fitnessconnection.com/gyms/northlake/
2026-04-16 21:02:12,934   ✅ MG Body Space — (984) 664-2639 — https://mgbodyspace.com/
2026-04-16 21:02:13,081   ✅ Snap Fitness Charlotte — (704) 523-4015 — https://www.snapfitness.com/us/gyms/charlotte-park-nc/?utm_source=gmb&utm_medium=yext
2026-04-16 21:02:13,223   ✅ One Athletics — (704) 371-5600 — https://oneathletics.charlotteathleticclub.com/
2026-04-16 21:02:13,367   ✅ Planet Fitness — (704) 548-2722 — https://www.planetfitness.com/gyms/charlotte-university-blvd-nc?utm_medium=organic&utm_source=extnet
2026-04-16 21:02:13,548   ✅ Barry's Charlotte — (704) 774-5666 — https://www.barrys.com/studio/charlotte
2026-04-16 21:02:13,673   ✅ Megaflex Gym Northlake — (980) 237-2270 — http://www.megaflexgym.com/
2026-04-16 21:02:13,803   ✅ Iron Tribe Fitness Cotswold — (704) 491-2886 — https://irontribefitness.com/location/cotswold/
2026-04-16 21:02:13,980   ✅ BBT Fitness — (704) 960-8778 — https://bbtfitness.com/
2026-04-16 21:02:14,105   ✅ Dowd YMCA — (704) 716-6100 — https://www.ymcacharlotte.org/branches/dowd
2026-04-16 21:02:14,258   ✅ Anytime Fitness — (704) 321-2463 — https://www.anytimefitness.com/locations/charlotte-north-carolina-3534/?utm_source=google&utm_medium=organic-businesslisting&utm_campaign=gbp-listing&utm_content=3534
2026-04-16 21:02:14,421   ✅ PRIDE Conditioning - Gym — (704) 893-8687 — http://www.prideconditioning.com/
2026-04-16 21:02:14,668   ✅ Planet Fitness — (704) 398-9228 — https://www.planetfitness.com/gyms/charlotte-freedom-dr-nc?utm_medium=organic&utm_source=extnet
2026-04-16 21:02:14,806   ✅ Anytime Fitness — (980) 219-7552 — https://www.anytimefitness.com/locations/charlotte-north-carolina-2459/?utm_source=google&utm_medium=organic-businesslisting&utm_campaign=gbp-listing&utm_content=2459
2026-04-16 21:02:14,946   ✅ Planet Fitness — (704) 965-3852 — https://www.planetfitness.com/gyms/charlotte-south-blvd-nc?utm_medium=organic&utm_source=extnet
2026-04-16 21:02:15,097   ✅ The Grit Haus - Gym in Charlotte, NC — (980) 266-0261 — https://thegrithaus.com/
2026-04-16 21:02:15,232   ✅ Hustle House Fitness - Uptown — (704) 625-2533 — http://hustlehousefitness.com/
2026-04-16 21:02:15,355   ✅ MADabolic Southend — (980) 308-0309 — https://madabolic.com/nc/charlotte-southend/
2026-04-16 21:02:15,497   ✅ Destined to Make it Fitness — (704) 962-5290 — https://www.instagram.com/linkshim/?u=https%3A%2F%2Fdestinedforrealestate.com%2F%3Ffbclid%3DPAAaYItojFDKmpvWLzxhg9u-EYe0bQKckctMvB2WsPxfMUxMnAUwHgHPtrX9Q_aem_AeE8mncMm4aotlSHcgTGdVoIWVD3ih_SWGdx2udcqmf63pdwLc_ybSKGvCcUvKzifEA&e=AT1iHw9AVDw8bhQxTLicpA5O5gDXpuaUh4icjhjEIWJcySMo-5EDqF0-sibaLXKUsUwcabZsRXJSwsvSGPAS3sUjD4kJrgT83YmSAzRS9sz8
2026-04-16 21:02:18,052   ✅ Flex5 By PetroFitness — (980) 819-1329 — http://flex5clt.com/
2026-04-16 21:02:18,060   📊 Found 40, 40 new (rest were duplicates)
2026-04-16 21:02:19,061 
==================================================
2026-04-16 21:02:19,061 ✅ Scraping complete
2026-04-16 21:02:19,061    Total found:  40
2026-04-16 21:02:19,061    New leads:    40
2026-04-16 21:02:19,061    Duplicates:   0
2026-04-16 21:02:19,062    DB total:     525 leads (146 with emails)
2026-04-16 21:02:19,062 ==================================================

2026-04-16 21:02:19,239 
🔍 Searching: med spa in Dallas, TX
2026-04-16 21:02:19,975   ✅ Mara's Med Spa — (469) 730-3333 — https://www.marasmedspa.com/
2026-04-16 21:02:20,107   ✅ Sanjiva Medical Spa — (469) 336-6769 — https://sanjivamedspa.com/
2026-04-16 21:02:20,239   ✅ Bella MedSpa - Dallas MedSpa — (972) 762-4636 — http://www.bellamedspadfw.com/
2026-04-16 21:02:20,377   ✅ It's A Secret Med Spa — (469) 789-0004 — https://secretmedspa.com/dallas-tx/
2026-04-16 21:02:20,508   ✅ Well Labs+ Medspa Dallas — (214) 238-2251 — https://dallas.wellabsplus.com/
2026-04-16 21:02:20,648   ✅ Vitalyc Medspa | Highland Park — (972) 954-6422 — https://www.vitalyc.com/locations/dallas/?utm_source=google&utm_medium=organic&utm_campaign=google+my+business
2026-04-16 21:02:20,813   ✅ Rejuve Med Spa — (972) 265-1590 — https://www.rejuvemedspa.com/?utm_source=google&utm_medium=organic&utm_campaign=gbp
2026-04-16 21:02:20,934   ✅ Modern Medical Spa — (972) 331-7727 — http://www.modernmedicalspa.com/
2026-04-16 21:02:21,071   ✅ U Med Spa — (972) 636-6299 — https://umedspa.com/
2026-04-16 21:02:21,200   ✅ UPKEEP Med Spa — (833) 875-3377 — https://www.upkeepmedspa.com/
2026-04-16 21:02:21,372   ✅ NakedMD Med Spa Dallas — (972) 587-0608 — https://www.nakedmd.com/pages/med-spa-dallas-tx
2026-04-16 21:02:21,494   ✅ SkinSpaMED — (972) 392-3895 — http://skinspamed.com/
2026-04-16 21:02:21,669   ✅ dermani MEDSPA® Preston Hollow — (214) 753-8650 — https://dermanimedspa.com/preston-hollow-dallas-tx/
2026-04-16 21:02:21,798   ✅ OMNI SCULPT MD: Med Spa — (214) 988-9188 — https://www.omnisculptmd.com/?utm_source=GMB&utm_medium=organic&utm_campaign=gbp-practice
2026-04-16 21:02:21,935   ✅ ZO Skin Centre — (214) 579-9073 — https://dallasskincentre.com/
2026-04-16 21:02:22,066   ✅ Unicorn MedSpa — (214) 919-3055 — http://www.unicornmedspa.com/
2026-04-16 21:02:22,217   ✅ The Science of Beauty — (214) 272-9240 — https://www.thescienceofbeauty.co/
2026-04-16 21:02:22,341   ✅ D'Allure Medspa — (214) 442-0011 — https://www.dalluremedspa.com/?utm_source=gmb_auth
2026-04-16 21:02:22,541   ✅ Body Lounge Park Cities - Whole Body Wellness & Medical Aesthetics, Dallas, TX — (972) 803-4432 — http://bodyloungeparkcities.com/
2026-04-16 21:02:22,668   ✅ Bare Aesthetics Dallas — (214) 980-4371 — http://www.bareaestheticsdallas.com/
2026-04-16 21:02:25,309   ✅ SkinSpirit West Village Dallas — (469) 259-2800 — https://www.skinspirit.com/locations/west-village/
2026-04-16 21:02:25,441   ✅ Renew Beauty — (214) 369-1600 — https://www.renewbeautymedspa.com/
2026-04-16 21:02:25,577   ✅ Lily Aesthetics & Wellness — (972) 503-5459 — https://www.lilymedspa.com/?utm_source=google&utm_medium=organic&utm_campaign=gbp-website
2026-04-16 21:02:25,721   ✅ the L.A.B. med spa Dallas — (817) 251-1000 — https://www.thelabmedspa.com/
2026-04-16 21:02:25,845   ✅ VIV Wellness — (972) 803-3957 — http://vivwellness.com/
2026-04-16 21:02:26,045   ✅ house of preservation — (469) 571-3740 — http://houseofpreservation.com/
2026-04-16 21:02:26,178   ✅ Total Med Solutions — (214) 396-6365 — https://totalmedsolutions.com/
2026-04-16 21:02:26,333   ✅ Rejuvia Wellness and Medical Spa — (214) 833-7108 — https://rejuviawellness.com/
2026-04-16 21:02:26,460   ✅ OVME — (972) 402-6863 — https://ovme.com/pages/turtle-creek-dallas-tx
2026-04-16 21:02:26,640   ✅ Total Med Solutions — (214) 522-2887 — https://totalmedsolutions.com/
2026-04-16 21:02:26,784   ✅ Elite Med Spa of Texas — (214) 241-4475 — https://elitemedspaoftexas.com/
2026-04-16 21:02:26,913   ✅ Ultimate Image MedSpa — (972) 800-2127 — http://www.ultimateimagemedspa.com/
2026-04-16 21:02:27,088   ✅ VIO Med Spa — (214) 764-0350 — https://www.viomedspa.com/locations/casa-linda
2026-04-16 21:02:27,237   ✅ AYA Medical Spa Snider Plaza - Highland Park — (469) 765-3011 — https://ayaskin.com/locations/snider-plaza?utm_source=googlemybusiness&utm_medium=organic&utm_campaign=texas-snider-plaza
2026-04-16 21:02:27,362   ✅ Calypso Aesthetic Lab — (832) 622-6294 — http://www.calypsoaestheticlab.com/
2026-04-16 21:02:27,511   ✅ Revive Primary Care & Med Spa - Highland Park — (469) 638-9368 — https://revivepcms.com/highland-park/
2026-04-16 21:02:27,738   ✅ Aurum Health — (214) 865-7800 — http://www.aurumhealth.com/
2026-04-16 21:02:27,891   ✅ SureMED Aesthetics — (972) 619-9652 — https://www.suremedaes.com/
2026-04-16 21:02:28,013   ✅ Pure Spa — (214) 827-4200 — http://www.purespaandsalon.com/
2026-04-16 21:02:28,153   ✅ Ember Medical Spa — (469) 518-8195 — https://embermedspadallas.com/
2026-04-16 21:02:28,164   📊 Found 40, 40 new (rest were duplicates)
2026-04-16 21:02:29,164 
==================================================
2026-04-16 21:02:29,165 ✅ Scraping complete
2026-04-16 21:02:29,165    Total found:  40
2026-04-16 21:02:29,166    New leads:    40
2026-04-16 21:02:29,166    Duplicates:   0
2026-04-16 21:02:29,167    DB total:     565 leads (146 with emails)
2026-04-16 21:02:29,167 ==================================================

