2026-05-04 14:00:04,133 🔄 Auto-rotation day 124: general contractor in Dallas, TX
2026-05-04 14:00:04,134 
🔍 Searching: general contractor in Dallas, TX
2026-05-04 14:00:05,066   ✅ Prime Construction & General Contractors LLC — (972) 322-1690 — http://primeconstructiongc.com/
2026-05-04 14:00:05,362   ✅ ELITE Construction — (469) 669-3902 — https://eliteconstructionusa.com/
2026-05-04 14:00:05,610   ✅ ICO Construction & Remodeling Dallas TX — (214) 856-0898 — https://icodallas.com/areas-served/dallas-tx/
2026-05-04 14:00:05,885   ✅ Specialty Contractors Inc. — (214) 389-5130 — http://www.callspecialty.com/
2026-05-04 14:00:06,202   ✅ ON Group Remodeling & Construction — (469) 324-2888 — https://ongroupconstructions.com/
2026-05-04 14:00:06,431   ✅ Skyline General Contractor — (945) 303-8407 — no website
2026-05-04 14:00:06,660   ✅ Bodnar Construction LLC — (469) 859-9541 — https://www.bodnarconstruction.net/
2026-05-04 14:00:06,875   ✅ Creative Construction Remodeling — (972) 342-7232 — https://ccrbarry.com/
2026-05-04 14:00:07,145   ✅ Tillett General Contractor at Dallas LLC — (945) 323-5653 — no website
2026-05-04 14:00:07,412   ✅ RB Construction USA LLC — (972) 658-2911 — http://rbconstructionusa.com/
2026-05-04 14:00:07,703   ✅ Lucky Construction Inc — (972) 223-4448 — http://www.luckyconstruction.com/
2026-05-04 14:00:07,974   ✅ United Roofing & General Contractors — (888) 863-8858 — http://unitedroofers.co/
2026-05-04 14:00:08,198   ✅ United Black Contractors Inc. — (800) 906-9312 — http://unitedblackcontractors.com/
2026-05-04 14:00:08,437   ✅ TriArc Construction — (214) 556-0085 — http://www.triarc-llc.com/
2026-05-04 14:00:08,606   ✅ Vertex Roofers and General Contractors — (214) 206-5123 — https://vertexroofers.com/
2026-05-04 14:00:08,771   ✅ HomePro Contracting, Handyman Dallas, Licensed General Contractors in Dallas. — (214) 886-3326 — http://homeproservicesdfw.com/
2026-05-04 14:00:08,900   ✅ Diamante Property Services LLC — (469) 343-2619 — https://diamantepropertyservices.com/
2026-05-04 14:00:09,202   ✅ Evans General Contractors — (972) 843-9182 — https://evansgeneralcontractors.com/
2026-05-04 14:00:09,500   ✅ Sercon Contracting LLC — (214) 490-5858 — https://www.sercon.io/
2026-05-04 14:00:12,274   ✅ Terrell General Contractors — (214) 865-7611 — http://www.terrellgc.com/
2026-05-04 14:00:12,493   ✅ G2 General Contractors — (469) 296-4275 — https://www.g2waterrestoration.com/?y_source=1_Mzk0NTUxNTktNzE1LWxvY2F0aW9uLndlYnNpdGU%3D
2026-05-04 14:00:12,655   ✅ Power Construction Group — (214) 360-4500 — http://www.powerconstructiongroup.com/
2026-05-04 14:00:12,828   ✅ LFR Construction — (903) 215-8305 — https://mylibertyfoundations.com/
2026-05-04 14:00:13,064   ✅ Dallas Contractors — (214) 377-5981 — no website
2026-05-04 14:00:13,227   ✅ Jaxon Martin Roofing and General Contractors — (469) 939-1985 — https://www.jaxonmartin.com/
2026-05-04 14:00:13,369   ✅ Malakai Construction, Inc. — (832) 837-0017 — https://www.malakaiconstruction.com/
2026-05-04 14:00:13,507   ✅ Suffolk Construction — (469) 872-5600 — http://www.suffolk.com/
2026-05-04 14:00:13,673   ✅ Dallas Drywall Contractor Pros — (469) 908-1924 — https://www.drywalldallas.com/
2026-05-04 14:00:13,848   ✅ New Tech Bathroom Remodeling Dallas — (469) 489-3976 — https://www.newbathtech.com/bathroom-remodeling-dallas-tx/?utm_source=GMBDallas&utm_medium=organic
2026-05-04 14:00:13,976   ✅ Blake Construction Blake Construction — (214) 563-5035 — http://www.blake-construction.com/contact-us/
2026-05-04 14:00:14,182   ✅ Corporate Contractors Inc — (214) 979-9080 — no website
2026-05-04 14:00:14,399   ✅ Allbright Services, LLC — (469) 367-0990 — http://www.myallbright.com/
2026-05-04 14:00:14,574   ✅ D-Tex Construction — (214) 434-2727 — http://dtexconstruction.com/
2026-05-04 14:00:14,844   ✅ Kingdom Construction Company — (903) 267-7812 — https://kingdomconstructionco.com/
2026-05-04 14:00:17,446   ✅ Green Mark Build — (214) 529-0153 — http://greenmarkbuild.com/
2026-05-04 14:00:17,627   ✅ My Contractor DFW — (214) 884-8806 — no website
2026-05-04 14:00:17,778   ✅ Dallas Demolition — (214) 942-7612 — http://www.dallasdemolition.com/
2026-05-04 14:00:17,973   ✅ Reactic Restoration — (214) 730-6009 — https://reacticrestoration.com/dallas
2026-05-04 14:00:18,227   ✅ Isler Homes — (214) 443-1860 — http://islerhomes.com/
2026-05-04 14:00:18,255   📊 Found 39, 39 new (rest were duplicates)
2026-05-04 14:00:19,255 
==================================================
2026-05-04 14:00:19,256 ✅ Scraping complete
2026-05-04 14:00:19,256    Total found:  39
2026-05-04 14:00:19,256    New leads:    39
2026-05-04 14:00:19,256    Duplicates:   0
2026-05-04 14:00:19,258    DB total:     987 leads (608 with emails)
2026-05-04 14:00:19,259 ==================================================

