2026-04-14 14:00:14,531 🔄 Auto-rotation day 104: spa in Seattle, WA
2026-04-14 14:00:14,531 
🔍 Searching: spa in Seattle, WA
2026-04-14 14:00:15,267   ✅ Soak & Sage - A Social Wellness Spa — (425) 657-3659 — http://www.soakandsagespa.com/
2026-04-14 14:00:15,512   ✅ The Spa at Four Seasons Hotel Seattle — (206) 749-7000 — https://www.fourseasons.com/seattle/spa/?utm_source=google&utm_medium=organicsearch&utm_campaign=tor-sew-spa-mid-seo-na&utm_content=na-na&utm_term=na
2026-04-14 14:00:15,807   ✅ Salish Lodge & Spa — (425) 888-2556 — http://www.salishlodge.com/
2026-04-14 14:00:16,038   ✅ Ananya Spa — (206) 217-1744 — http://www.ananyaspaseattle.com/
2026-04-14 14:00:16,215   ✅ Little Red Day Spa — (206) 963-0633 — http://www.littlereddayspa.com/
2026-04-14 14:00:16,473   ✅ Banya 5 — (206) 262-1234 — http://www.banya5.com/
2026-04-14 14:00:16,716   ✅ Hothouse Spa & Sauna — (206) 568-3240 — http://www.hothousespa.com/
2026-04-14 14:00:16,967   ✅ Elaia Spa — (206) 676-4500 — https://www.hyatt.com/en-US/spas/Elaia-Spa/home?utm_source=google&utm_medium=lastmile&utm_campaign=seahs-s-elai
2026-04-14 14:00:17,215   ✅ Spa Noir — (206) 448-7600 — http://spanoir.net/
2026-04-14 14:00:17,440   ✅ Dana Head Spa — (425) 725-2884 — https://www.danaheadspa.com/
2026-04-14 14:00:17,659   ✅ Olympus Spa — (425) 697-3000 — http://www.olympusspa.com/
2026-04-14 14:00:17,838   ✅ Healing Spa — (206) 670-8098 — https://healingspa.onbuildhealth.com/
2026-04-14 14:00:18,063   ✅ The Ladies Room — (206) 466-2374 — http://ladiesroom206.com/
2026-04-14 14:00:18,305   ✅ Seattle Head Spa — (206) 889-7778 — no website
2026-04-14 14:00:18,516   ✅ Q Sauna & Spa — (425) 361-7547 — https://qspalynnwood.com/
2026-04-14 14:00:18,743   ✅ Yuan Spa - Bellevue — (425) 449-8788 — http://www.yuanspa.com/
2026-04-14 14:00:18,973   ✅ The Spa at Hotel 1000 — (206) 357-9490 — https://www.hotel1000seattle.com/spa.htm
2026-04-14 14:00:19,141   ✅ Penelope & The Beauty Bar — (206) 438-1750 — http://www.penelopeandthebeautybar.com/
2026-04-14 14:00:19,344   ✅ Olympic Spa — (206) 456-3799 — https://olympicspa.com/
2026-04-14 14:00:19,519   ✅ Four Seasons Hotel Seattle — (206) 749-7000 — https://www.fourseasons.com/seattle/?utm_source=google&utm_medium=organicsearch&utm_campaign=tor-sew-hre-mid-seo-na&utm_content=na-na&utm_term=na
2026-04-14 14:00:22,246   ✅ Cedarbrook Lodge — (206) 901-9268 — http://www.cedarbrooklodge.com/
2026-04-14 14:00:22,463   ✅ Spavia Day Spa - Greenlake — (206) 701-5050 — https://seattlewa.spaviadayspa.com/
2026-04-14 14:00:22,660   ✅ Sacred Rain Healing Center — (206) 789-6288 — http://sacredrainhealing.com/
2026-04-14 14:00:22,850   ✅ Le SPA de l’hôtel LOTTE — (206) 486-8648 — https://www.lespalotte.com/
2026-04-14 14:00:23,001   ✅ Urban Calm Spa Massage — (206) 702-1880 — http://seattleurbancalmspa.com/
2026-04-14 14:00:23,178   ✅ Antonio Spa — (206) 448-2684 — http://antoniothespa.com/
2026-04-14 14:00:23,411   ✅ Kate's Day Spa — (206) 322-3350 — http://katesdayspa.com/
2026-04-14 14:00:23,603   ✅ Head To Toe Day Spa — (206) 938-9300 — https://head2toedayspa.com/?y_source=1_MjcxMDYzMzgtNzE1LWxvY2F0aW9uLndlYnNpdGU%3D
2026-04-14 14:00:23,784   ✅ Steamworks Baths Seattle — (206) 388-4818 — https://www.swbaths.com/
2026-04-14 14:00:23,961   ✅ Skin & Sage — (206) 786-5499 — http://skinandsagespa.com/
2026-04-14 14:00:24,116   ✅ Urban Yoga Spa — (206) 420-0222 — https://www.urbanyogaspa.com/
2026-04-14 14:00:24,279   ✅ Mulan Spa — (206) 708-6696 — https://www.mulanspaseattle.com/
2026-04-14 14:00:24,451   ✅ Classique Spa - The Vintage — (206) 216-9800 — http://www.classiquespa.com/
2026-04-14 14:00:24,639   ✅ Sublime Spa Seattle — (206) 735-1152 — http://sublimespaseattle.com/
2026-04-14 14:00:24,848   ✅ Massage Envy — (206) 283-1199 — https://locations.massageenvy.com/washington/seattle/4-west-crockett-street.html?utm_source=GMB&utm_medium=useractions&utm_campaign=website
2026-04-14 14:00:25,011   ✅ Surya Spa — (206) 261-7478 — http://www.suryaspa.net/
2026-04-14 14:00:25,147   ✅ Spa Nordstrom - Downtown Seattle — (206) 628-1670 — https://www.nordstrom.com/browse/beauty/services/spa?utm_source=google&utm_medium=organic&utm_campaign=spas&utm_content=8001&utm_channel=low_nd_seo_local&sp_source=google&sp_campaign=spas
2026-04-14 14:00:25,374   ✅ Calmed Soul Holistic Spa — (206) 799-4303 — http://www.vagaro.com/calmedsoul
2026-04-14 14:00:25,572   ✅ Washington Athletic Club — (206) 622-7900 — https://www.wac.net/
2026-04-14 14:00:25,752   ✅ Frenchy's Day Spa — (206) 325-9582 — http://frenchysdayspa.com/
2026-04-14 14:00:28,412   ✅ Green Lake SPA — (206) 670-5077 — https://www.manta.com/c/m1rvhmg/green-lake-spa
2026-04-14 14:00:28,596   ✅ Hyatt at Olive 8 — (206) 695-1234 — https://www.hyatt.com/en-US/hotel/washington/hyatt-at-olive-8/seahs?src=corp_lclb_google_seo_seahs&utm_source=google&utm_medium=organic&utm_campaign=lmr
2026-04-14 14:00:28,753   ✅ Celsius — (206) 922-3861 — http://celsiusmedspa.com/seattle
2026-04-14 14:00:28,964   ✅ Grand Hyatt Seattle — (206) 774-1234 — https://www.hyatt.com/grand-hyatt/en-US/seagh-grand-hyatt-seattle?src=corp_lclb_google_seo_seagh&utm_source=google&utm_medium=organic&utm_campaign=lmr
2026-04-14 14:00:29,139   ✅ Massage MDB — (206) 687-7020 — http://www.massagemdb.com/
2026-04-14 14:00:29,339   ✅ Luscious Skin Spa — (206) 706-4977 — http://www.lusciousskinspa.com/
2026-04-14 14:00:29,521   ✅ Dream spa — (206) 251-7077 — no website
2026-04-14 14:00:29,909   ✅ The Canal Day Spa — (206) 688-1559 — http://www.thecanaldayspa.com/
2026-04-14 14:00:30,069   ✅ Intermezzo Salon & Spa — (206) 281-7833 — https://www.intermezzosalon.com/
2026-04-14 14:00:30,224   ✅ Sheraton Grand Seattle — (206) 621-9000 — https://www.marriott.com/en-us/hotels/seasi-sheraton-grand-seattle/overview/?cid=NAT_google_hotel_url
2026-04-14 14:00:30,244   📊 Found 50, 50 new (rest were duplicates)
2026-04-14 14:00:31,245 
==================================================
2026-04-14 14:00:31,245 ✅ Scraping complete
2026-04-14 14:00:31,246    Total found:  50
2026-04-14 14:00:31,246    New leads:    50
2026-04-14 14:00:31,246    Duplicates:   0
2026-04-14 14:00:31,249    DB total:     680 leads (558 with emails)
2026-04-14 14:00:31,249 ==================================================

