2026-04-17 14:00:04,323 🔄 Auto-rotation day 107: med spa in Las Vegas, NV
2026-04-17 14:00:04,323 
🔍 Searching: med spa in Las Vegas, NV
2026-04-17 14:00:05,274   ✅ The Look Med Spa — (702) 246-2238 — http://thelookmedspalv.com/
2026-04-17 14:00:05,526   ✅ Novuskin Med Spa — (702) 780-6677 — https://novuskin.com/
2026-04-17 14:00:05,782   ✅ Advanced Aesthetics — (702) 838-4644 — http://advancedaestheticslv.com/?utm_source=gbp&utm_medium=organic
2026-04-17 14:00:06,121   ✅ Chic la Vie — (702) 233-8535 — https://chiclavie.com/
2026-04-17 14:00:06,319   ✅ The Med Spa — (702) 755-7947 — http://www.themedspalasvegas.com/
2026-04-17 14:00:06,542   ✅ SKIN Las Vegas Med Spa — (702) 705-7546 — http://skinlv.com/
2026-04-17 14:00:06,705   ✅ Divine Aesthetics Med Spa — (702) 930-6750 — http://www.divinemedspa.com/
2026-04-17 14:00:06,882   ✅ Parie Med Spa — (702) 930-6221 — https://pariemedspa.com/
2026-04-17 14:00:07,104   ✅ Ageless Las Vegas — (702) 874-3796 — https://agelesslasvegas.com/?utm_source=google&utm_medium=organic&utm_campaign=gbp
2026-04-17 14:00:07,337   ✅ NakedMD Med Spa Las Vegas — (725) 210-8498 — https://www.nakedmd.com/pages/med-spa-las-vegas-nv
2026-04-17 14:00:07,538   ✅ Flawless Medspa Las Vegas — (702) 337-2526 — http://www.flawlessmedspas.com/
2026-04-17 14:00:07,682   ✅ Sikara Medspa — (702) 778-6886 — https://sikaramedspa.com/
2026-04-17 14:00:07,874   ✅ Alena Medspa Las Vegas by Alonso Medical Center — (725) 377-3165 — https://alenamedspa.com/
2026-04-17 14:00:08,031   ✅ Kalologie | ARIA Resort | IV Therapy & More — (702) 790-8733 — https://kalologie.com/our-locations/kalologie-at-aria
2026-04-17 14:00:08,242   ✅ Beauty Factory Medspa — (702) 352-3560 — https://beautyfactorymedspa.com/
2026-04-17 14:00:08,451   ✅ Medspa LV — (702) 485-3409 — https://medspa-lv.com/?utm_source=google&utm_medium=organic&utm_campaign=gmb
2026-04-17 14:00:08,641   ✅ MDspa — (702) 718-7888 — https://www.mdspalv.com/
2026-04-17 14:00:08,849   ✅ Beautiful Med Spa — (702) 461-7958 — http://beautifulmedspa.com/
2026-04-17 14:00:08,998   ✅ Moderna Laser & Med Spa — (702) 485-5488 — http://www.modernalaser.com/
2026-04-17 14:00:09,140   ✅ The Aesthetics Lab Med Spa & Wellness — (702) 640-0689 — https://theaestheticslabmedspa.com/
2026-04-17 14:00:11,746   ✅ Beverly Hills Rejuvenation Center - Summerlin — (725) 525-6821 — https://www.bhrcenter.com/med-spa-location/las-vegas-nv-summerlin
2026-04-17 14:00:11,891   ✅ Center For Aesthetic Medicine — (702) 333-4896 — https://www.centerforaestheticmedicine.com/
2026-04-17 14:00:12,057   ✅ Musa Med Spa — (702) 559-6509 — https://musamedspa.com/
2026-04-17 14:00:12,205   ✅ Richards Cosmetic Surgery — (702) 870-7070 — https://richardscosmeticsurgery.com/
2026-04-17 14:00:12,370   ✅ Simply Radiant Med Spa — (702) 274-6559 — https://simplyradiant-lv.com/?utm_source=gbp&utm_medium=organic
2026-04-17 14:00:12,506   ✅ Hollywood Wellness Med Spa — (702) 762-8923 — https://www.hwmspa.com/
2026-04-17 14:00:12,643   ✅ Elyzium Med Spa — (702) 800-3938 — https://elyziummedspa.com/
2026-04-17 14:00:12,801   ✅ Vivida Dermatology — (702) 255-6647 — https://www.vivida.com/
2026-04-17 14:00:12,955   ✅ Renew Medical Spa — (702) 830-6571 — https://www.renewmedicalspalv.com/
2026-04-17 14:00:13,297   ✅ Azzure Med Spa Las Vegas — (702) 659-9911 — https://azzuremedspa.com/
2026-04-17 14:00:13,443   ✅ bluepoint medical spa — (702) 307-3330 — http://www.bluepointmedicalspa.com/
2026-04-17 14:00:13,570   ✅ Medicis Medical Spa — (888) 268-0796 — https://medicismedicalspa.com/
2026-04-17 14:00:13,712   ✅ Massage1 by A Touch of Las Vegas Spa — (702) 333-0482 — https://massage1byatouchoflasvegasspa.com/
2026-04-17 14:00:13,857   ✅ Kalologie | The Bellagio | IV Therapy & More — (702) 790-8735 — https://kalologie.com/our-locations/kalologie-at-bellagio
2026-04-17 14:00:14,019   ✅ Inspire Med Spa & Aesthetics — (702) 751-7864 — http://www.inspire-medspa.com/
2026-04-17 14:00:14,174   ✅ DermaBella Medical Spa — (702) 228-0491 — http://www.dermabellamedicalspa.com/
2026-04-17 14:00:14,321   ✅ Unicorn Medical Weight Loss & Medi Spa — (702) 703-1777 — https://www.unicornmedispa.com/
2026-04-17 14:00:14,501   ✅ 5 Years Younger — (702) 503-9040 — https://www.5yearsyounger.com/
2026-04-17 14:00:14,757   ✅ Las Vegas Skin Pros Med Spa — (702) 291-1733 — https://lasvegasskinpros.com/
2026-04-17 14:00:17,701   ✅ Regenerate Me IV | The Venetian Grand Canal Shoppes — (702) 778-2800 — http://regenerateme.com/thevenetian
2026-04-17 14:00:17,874   ✅ New U Natural Beauty — (702) 257-6398 — http://www.newulasvegas.com/
2026-04-17 14:00:18,040   ✅ Lure Boutique Medical Spa — (702) 910-8314 — https://www.luremedicalspa.com/
2026-04-17 14:00:18,191   ✅ Richland Aesthetics Luxury Med Spa Las Vegas — (702) 991-9473 — https://www.richlandmd.com/las-vegas/
2026-04-17 14:00:18,339   ✅ Mayra Almonte MedSpa & Wellness Center — (702) 272-5585 — https://www.mayraalmontemsw.com/
2026-04-17 14:00:18,509   ✅ Love Your Body Medical Spa: Divina Averilla, MD — (702) 213-5948 — https://www.lybms.com/
2026-04-17 14:00:18,660   ✅ Imagen Medi Spa & Beauty Salon — (702) 529-3000 — http://www.imagenlaser.com/
2026-04-17 14:00:18,848   ✅ Push IV Hydration Las Vegas — (702) 478-3369 — https://pushiv.com/
2026-04-17 14:00:19,035   ✅ Apex Medical Spa — (702) 444-5680 — http://apexmedicalspa.com/
2026-04-17 14:00:19,242   ✅ Bral Medical Spa — (702) 478-8269 — http://bralmedicalspa.com/
2026-04-17 14:00:19,386   ✅ iGlow Aesthetics and Med Spa — (702) 749-3147 — http://www.iglowvegas.com/
2026-04-17 14:00:19,410   📊 Found 50, 50 new (rest were duplicates)
2026-04-17 14:00:20,410 
==================================================
2026-04-17 14:00:20,411 ✅ Scraping complete
2026-04-17 14:00:20,411    Total found:  50
2026-04-17 14:00:20,411    New leads:    50
2026-04-17 14:00:20,411    Duplicates:   0
2026-04-17 14:00:20,412    DB total:     615 leads (146 with emails)
2026-04-17 14:00:20,412 ==================================================

