2026-05-20 14:00:05,027 🔄 Auto-rotation day 140: medspa in Chicago, IL
2026-05-20 14:00:05,028 
🔍 Searching: medspa in Chicago, IL
2026-05-20 14:00:05,923   ✅ Dvida Spa | Med Spa Services 60654 — (312) 374-3352 — http://www.dvidaspa.com/
2026-05-20 14:00:06,244   ✅ H Med Spa — (773) 697-8316 — http://www.hmedicalspa.com/
2026-05-20 14:00:06,639   ✅ Pure Med Spa — (312) 312-7873 — https://www.puremedicalspa.us/locations/north-dearborn-chicago/
2026-05-20 14:00:06,881   ✅ SpaDerma — (773) 529-5277 — https://www.spaderma.com/
2026-05-20 14:00:07,199   ✅ VIO Med Spa | Chicago — (312) 376-4846 — https://www.viomedspa.com/locations/river-north
2026-05-20 14:00:07,464   ✅ Viva La Med Spa-Old Town — (312) 971-5915 — http://vivalamedspa.com/
2026-05-20 14:00:07,742   ✅ SpaDerma — (773) 529-5277 — https://www.spaderma.com/
2026-05-20 14:00:08,027   ✅ Better Med Spa & Wellness — (312) 285-2618 — https://www.bettermedspa.com/
2026-05-20 14:00:08,298   ✅ Luxura Med Spa — (773) 453-7500 — https://luxuramedspa.com/
2026-05-20 14:00:08,527   ✅ Old Town Med Spa (Lincoln Park) — (312) 882-0700 — https://oldtownmedspa.com/
2026-05-20 14:00:08,821   ✅ Natural Beauty Med Spa- Chicago — (312) 981-1291 — https://www.naturalbeautymedspa.com/
2026-05-20 14:00:08,951   ✅ Old Town Med Spa — (312) 643-1689 — https://oldtownmedspa.com/
2026-05-20 14:00:09,279   ✅ Express Med Spa Chicago, Mount Greenwood — (877) 363-3772 — https://expressmedspas.com/medical-spa-chicago-mount-greenwood-il/
2026-05-20 14:00:09,580   ✅ Cadella Aesthetics — (312) 915-0195 — https://cadellaaesthetics.com/
2026-05-20 14:00:09,856   ✅ Innovative MedSpa — (773) 657-8377 — https://www.innovative-medspa.com/
2026-05-20 14:00:10,105   ✅ Olivo Med Spa — (872) 315-3481 — http://www.olivomedspa.com/
2026-05-20 14:00:10,415   ✅ Derma Bliss Medical Spa — (773) 666-5037 — https://dermablissmedspa.com/?utm_source=google&utm_medium=organic&utm_campaign=gbp
2026-05-20 14:00:10,583   ✅ Elysium Aesthetics + Longevity — (312) 888-9361 — https://elysiumchicago.com/?utm_source=google&utm_medium=localsearch&utm_campaign=gmb
2026-05-20 14:00:10,775   ✅ Late Night Medspa, Chicago — (872) 346-2590 — https://latenightmedspa.com/
2026-05-20 14:00:11,110   ✅ Refine by Tulsi Med Spa — (618) 298-8574 — https://refinebytulsi.com/?utm_source=google&utm_medium=organic&utm_campaign=gmb_listing
2026-05-20 14:00:13,847   ✅ Ageless MedSpa — (773) 205-8800 — https://agelessmedspa.com/?utm_source=GBP&utm_medium=organic
2026-05-20 14:00:14,001   ✅ OVME — (872) 245-6863 — https://ovme.com/pages/lincoln-park-chicago-il
2026-05-20 14:00:14,197   ✅ Innovative MedSpa — (773) 420-8571 — https://www.innovative-medspa.com/
2026-05-20 14:00:14,357   ✅ GOLDCOAST medspa — (312) 664-2128 — https://www.goldcoastmedspa.com/
2026-05-20 14:00:14,515   ✅ SpaDerma — (773) 529-5277 — https://spaderma.com/
2026-05-20 14:00:14,786   ✅ Tres Jolie Medical Spa and Wellness Center — (312) 929-4508 — https://tresjoliemedicalspa.com/
2026-05-20 14:00:14,978   ✅ Northwestern Med Spa River North — (312) 266-6240 — https://northwesternplastics.com/river-north-med-spa/
2026-05-20 14:00:15,195   ✅ Essence Medspa & Wellness Center — (773) 763-1212 — http://www.essence-medspa.com/
2026-05-20 14:00:15,344   ✅ The One Spa Chicago — (312) 340-6740 — https://theonespachicago.com/
2026-05-20 14:00:15,693   ✅ Lume — (312) 285-2004 — https://lume-wellness.com/
2026-05-20 14:00:15,963   ✅ Luxura Med Spa Lakeview — (773) 453-7500 — https://luxuramedspa.com/
2026-05-20 14:00:16,091   ✅ Shot Bar MedSpa — (872) 273-6273 — http://shotbar.net/
2026-05-20 14:00:16,230   ✅ Elite Chicago Spa — (312) 841-9750 — https://elitechicagospa.com/
2026-05-20 14:00:16,416   ✅ The Fitz Aesthetic Club — (312) 643-1333 — http://www.thefitzmed.com/
2026-05-20 14:00:16,597   ✅ HOUSE22 Med Spa in Chicago — (312) 337-0777 — https://house22.com/?utm_source=google&utm_medium=organic&utm_campaign=gbp
2026-05-20 14:00:16,815   ✅ Ethos MedSpa Chicago — (464) 219-0070 — https://ethosmedicalspa.com/
2026-05-20 14:00:17,010   ✅ Elase Med Spa — (312) 940-3844 — https://elase.com/locations/lincoln-park/?utm_source=gmb&utm_medium=organic&utm_campaign=lincoln-park
2026-05-20 14:00:17,173   ✅ Beautify CHI Medspa — (312) 526-3096 — http://www.beautifychi.com/?y_source=1_MjAyNDUxMjAzMS03MTUtbG9jYXRpb24ud2Vic2l0ZQ%3D%3D
2026-05-20 14:00:17,411   ✅ Premier Med Spa — (773) 762-9304 — https://www.premiermedspachicago.com/
2026-05-20 14:00:20,009   ✅ Opulence Chicago — (312) 340-5948 — https://www.opulencechicago.com/
2026-05-20 14:00:20,194   ✅ SOLUX Med Spa — (312) 755-0088 — https://soluxmedspa.com/
2026-05-20 14:00:20,444   ✅ VITAHL Medical Aesthetics — (312) 634-6100 — https://vitahlchicago.com/
2026-05-20 14:00:20,612   ✅ Aesthetica by Dr. Adam — (312) 672-2195 — https://www.aesthetica-med.com/
2026-05-20 14:00:20,773   ✅ Chicago Medspa — (312) 426-2033 — https://chicagomedspa.com/
2026-05-20 14:00:20,951   ✅ Northwestern Med Spa — (312) 266-6240 — http://northwesternmedspa.com/
2026-05-20 14:00:21,156   ✅ DEMI Med Spa — (773) 542-3053 — https://demimedspa.com/
2026-05-20 14:00:21,553   ✅ River North Wellness and Med Spa — (312) 544-9196 — https://rnmedspa.com/
2026-05-20 14:00:21,760   ✅ Optimal Wellness & Beauty — (312) 622-5500 — https://www.optimal-wellness-beauty.com/
2026-05-20 14:00:21,942   ✅ New Image Works — (312) 638-4979 — https://newimageworks.com/
2026-05-20 14:00:22,132   ✅ Solve Med Spa Chicago — (708) 575-9880 — https://solvemedspa.com/
2026-05-20 14:00:22,158   📊 Found 50, 48 new (rest were duplicates)
2026-05-20 14:00:23,159 
==================================================
2026-05-20 14:00:23,159 ✅ Scraping complete
2026-05-20 14:00:23,159    Total found:  50
2026-05-20 14:00:23,159    New leads:    48
2026-05-20 14:00:23,159    Duplicates:   2
2026-05-20 14:00:23,165    DB total:     1521 leads (1070 with emails)
2026-05-20 14:00:23,166 ==================================================

