2026-04-27 14:00:03,893 🔄 Auto-rotation day 117: cosmetic dentistry in Kansas City, MO
2026-04-27 14:00:03,894 
🔍 Searching: cosmetic dentistry in Kansas City, MO
2026-04-27 14:00:04,745   ✅ The Smile Salon & Day Spa — (816) 931-2191 — http://www.thesmilesalon.net/
2026-04-27 14:00:04,973   ✅ Kansas City Smiles & Co — (816) 373-7374 — https://www.kansascitysmiles.com/?utm_source=google&utm_medium=gbp&utm_campaign=google_business
2026-04-27 14:00:05,248   ✅ John P. Goodman DDS — (816) 290-7260 — https://www.johngoodmandds.net/
2026-04-27 14:00:05,536   ✅ Amazing Smiles Of Kansas City — (913) 788-7600 — http://www.amazingsmileskc.com/
2026-04-27 14:00:05,729   ✅ Kansas City Smiles & Co, Blue Springs, MO — (816) 229-4010 — https://www.kansascitysmiles.com/?utm_source=google&utm_medium=gbp&utm_campaign=google_business
2026-04-27 14:00:08,773   ✅ KC Smile — (913) 491-6874 — https://kcsmile.com/
2026-04-27 14:00:09,013   ✅ Dr. Steven C. Mingos & Associates — (816) 531-8740 — http://www.drmingos.com/
2026-04-27 14:00:09,232   ✅ J Richard Burch DDS LLC — (816) 822-0990 — http://www.kcsmiledoc.com/
2026-04-27 14:00:09,402   ✅ Kansas City Dentures and Implants — (816) 652-9830 — https://kansascitydi.com/
2026-04-27 14:00:12,056   ✅ Kristopher J. Bruso, DDS — (816) 221-8686 — http://drbruso.com/
2026-04-27 14:00:12,275   ✅ Guerschon de Laurent DDS PC — (816) 472-5660 — https://www.kansascitydental.net/
2026-04-27 14:00:12,540   ✅ Miller Joy M DDS — (816) 452-5800 — http://www.joymillerdds.com/
2026-04-27 14:00:12,808   ✅ Kansas City Oral Surgery & Implant Center — (816) 281-7173 — https://www.kcoralsurgeryandimplants.com/
2026-04-27 14:00:12,959   ✅ Andrew S. Beyer, DMD — (816) 753-1788 — http://www.drbeyer.org/
2026-04-27 14:00:12,984   📊 Found 14, 14 new (rest were duplicates)
2026-04-27 14:00:13,984 
==================================================
2026-04-27 14:00:13,984 ✅ Scraping complete
2026-04-27 14:00:13,984    Total found:  14
2026-04-27 14:00:13,984    New leads:    14
2026-04-27 14:00:13,984    Duplicates:   0
2026-04-27 14:00:13,986    DB total:     798 leads (403 with emails)
2026-04-27 14:00:13,986 ==================================================

