2026-05-13 14:00:04,100 🔄 Auto-rotation day 133: tattoo shop in Indianapolis, IN
2026-05-13 14:00:04,100 
🔍 Searching: tattoo shop in Indianapolis, IN
2026-05-13 14:00:04,944   ✅ Big Time Tattoos and Piercings — (317) 791-8111 — http://www.bigtimetattoos.com/
2026-05-13 14:00:05,246   ✅ The Artistry Realm Tattoo & Art Studio — (317) 220-8790 — https://theartistryrealm.com/
2026-05-13 14:00:05,535   ✅ Cleopatra Ink Tattoo & Piercing Indianapolis Studio — (463) 314-4502 — https://cleopatraink.com/en/studios/indianapolis-tattoo-and-piercing-studio
2026-05-13 14:00:05,807   ✅ Flink's Ink Tattoo and Piercings — (317) 332-9971 — https://indianapoliscustomtattoos.com/
2026-05-13 14:00:06,202   ✅ Inkfam Tattoo Gallery — (317) 783-1470 — http://linktr.ee/shadowink
2026-05-13 14:00:06,363   ✅ DOE Tattz & Piercing Shop — (317) 258-7283 — no website
2026-05-13 14:00:06,655   ✅ Ink'D Tattoos — (317) 762-1652 — https://www.facebook.com/profile.php?id=61558270495262
2026-05-13 14:00:06,840   ✅ MASTERWORK TATTOO — (317) 384-8887 — http://www.masterworktattoo.net/
2026-05-13 14:00:07,062   ✅ Fountain Square Tattoo — (317) 602-4069 — http://www.fountainsquaretattoo.com/
2026-05-13 14:00:07,252   ✅ Steel Rod Tattoo — (317) 297-8335 — http://www.steelrodtattoo.com/
2026-05-13 14:00:07,494   ✅ Animation Art Studio — (317) 390-4919 — http://www.aastudioindy.com/
2026-05-13 14:00:07,795   ✅ Dreamlike Ink Tattoo Studio — (317) 721-4478 — https://dreamlikeink.wixsite.com/dreamlike-ink
2026-05-13 14:00:08,119   ✅ 77 Art Collective — (317) 672-2447 — https://www.vagaro.com/us03/77artcollective
2026-05-13 14:00:08,319   ✅ High Caliber Tattoo and Piercing Studio — (317) 244-9648 — http://hctattoo.com/
2026-05-13 14:00:08,668   ✅ Leviathan Ink Tattoo & Piercing — (317) 566-4879 — https://leviathanink.biz/
2026-05-13 14:00:08,847   ✅ Phong Tattoo — (317) 669-2326 — https://www.facebook.com/phongtattoo6789/
2026-05-13 14:00:09,194   ✅ Ink & Ivy Studio — (317) 419-2313 — https://linktr.ee/ink_ivy_studio
2026-05-13 14:00:09,387   ✅ Metamorphosis — (317) 466-1666 — http://metamorphosis.ink/
2026-05-13 14:00:09,603   ✅ Kickshaw Tattoo — (317) 492-9409 — no website
2026-05-13 14:00:09,788   ✅ Big Lew’s Tattoos — (317) 529-1930 — https://booking.cojilio.com/3092
2026-05-13 14:00:12,552   ✅ Memory Lane Tattoo Club — (463) 237-9994 — http://www.instagram.com/memorylanetattooclub
2026-05-13 14:00:12,765   ✅ Rowan The Fashion Mall at Keystone — (463) 345-3557 — https://heyrowan.com/pages/indianapolis-piercing-studio?utm_medium=yext&utm_source=extnet&y_source=1_OTE1MzY0NTMtNzE1LWxvY2F0aW9uLndlYnNpdGU%3D
2026-05-13 14:00:12,933   ✅ Irish Ink Tattoo and Piercing — (317) 893-2672 — no website
2026-05-13 14:00:13,123   ✅ Solace Art Collective — (317) 419-2254 — https://zzmaps.xyz/business/solace-art-collective-DYtPm2rI
2026-05-13 14:00:13,328   ✅ Black Ink Indianapolis — (317) 605-9120 — https://www.instagram.com/blackinkindianapolis?igsh=NnpzcXk3cjhocTV2&utm_source=qr
2026-05-13 14:00:13,604   ✅ A-1 Art Tattoos LLC — (317) 941-6278 — https://a1arttattoosllc.square.site/
2026-05-13 14:00:13,846   ✅ Golden Goose Tattoo Company — (317) 746-6505 — http://goldengooseindy.com/
2026-05-13 14:00:14,029   ✅ Wing & Wheel Tattoo — (317) 936-9464 — http://www.wingandwheeltattoo.com/
2026-05-13 14:00:14,368   ✅ Speakeasy Tattoo Studio — (317) 983-4567 — https://www.speakeasystudiosindy.com/
2026-05-13 14:00:14,667   ✅ Forever Gallery Tattoo — (317) 810-1049 — http://4evergallery.com/
2026-05-13 14:00:14,893   ✅ Artistic Skin Design and Body Piercing — (317) 780-8282 — http://www.artisticskins.com/
2026-05-13 14:00:15,085   ✅ Blessed Tattoo Studio — (317) 832-6183 — https://www.facebook.com/profile.php?id=100087747470848
2026-05-13 14:00:15,246   ✅ Infamous Tattoo Studio — (317) 862-1096 — no website
2026-05-13 14:00:15,534   ✅ Artistic Skin Designs Inc — (317) 352-8282 — http://www.artisticskindesigns.com/
2026-05-13 14:00:15,712   ✅ Revved Up Tattoos — (317) 537-2667 — http://www.revveduptattoos.com/
2026-05-13 14:00:15,884   ✅ Indiana Tattoo Company — (317) 993-3526 — http://indianatattooco.com/
2026-05-13 14:00:16,166   ✅ Tinta Azteca Tattoo Studio — (317) 832-3706 — https://www.facebook.com/TintaAztecaTattoos?mibextid=2JQ9oc
2026-05-13 14:00:16,329   ✅ Mythical Wizard Tattoo — (317) 991-5352 — http://mythicalwizardtattoo.com/
2026-05-13 14:00:16,463   ✅ Salty Siren Tattoo Lounge — (317) 360-2205 — http://www.saltysirentattoo.com/
2026-05-13 14:00:19,082   ✅ INKSTINCT TATTOO — (463) 328-3180 — no website
2026-05-13 14:00:19,260   ✅ Pushininkinc — (317) 332-9971 — http://www.pushininkinc.com/
2026-05-13 14:00:19,460   ✅ Midwest Tattoo Company — (317) 466-1623 — http://www.midwesttattoocompany.com/
2026-05-13 14:00:19,667   ✅ Ink Therapy Tattoo — (317) 268-6869 — http://inktherapytattoo.com/
2026-05-13 14:00:19,962   ✅ Ceremony Tattoo — (317) 602-4272 — https://instagram.com/ceremony.tattoo
2026-05-13 14:00:20,099   ✅ Indy Tattoo Works — (317) 244-8905 — http://www.indytattooworks.com/
2026-05-13 14:00:20,297   ✅ Artistic Skin Designs Inc — (317) 244-8282 — http://www.artisticskindesigns.com/
2026-05-13 14:00:20,457   ✅ Artistic Skin Design and Body Piercing — (317) 257-8282 — http://artisticskins.com/
2026-05-13 14:00:20,591   ✅ The Stabbernacle Tattoo Studio — (317) 384-1753 — https://www.facebook.com/profile.php?id=61574634932287
2026-05-13 14:00:20,764   ✅ Delta 9 Tattoo Co — (317) 480-6190 — https://tattoshopsnearme.com/delta-9-tattoo-co
2026-05-13 14:00:21,156   ✅ The Mandala Effect — (317) 982-7817 — https://themandalaeffect.my.canva.site/#home
2026-05-13 14:00:21,184   📊 Found 50, 50 new (rest were duplicates)
2026-05-13 14:00:22,184 
==================================================
2026-05-13 14:00:22,185 ✅ Scraping complete
2026-05-13 14:00:22,185    Total found:  50
2026-05-13 14:00:22,185    New leads:    50
2026-05-13 14:00:22,185    Duplicates:   0
2026-05-13 14:00:22,188    DB total:     1299 leads (887 with emails)
2026-05-13 14:00:22,189 ==================================================

