2026-05-19 14:00:04,289 🔄 Auto-rotation day 139: spa in Atlanta, GA
2026-05-19 14:00:04,289 
🔍 Searching: spa in Atlanta, GA
2026-05-19 14:00:05,174   ✅ The Spa at Four Seasons Atlanta — (404) 253-3848 — https://www.fourseasons.com/atlanta/spa/?utm_source=google&utm_medium=organicsearch&utm_campaign=tor-atl-spa-mid-seo-na&utm_content=na-na&utm_term=na
2026-05-19 14:00:05,414   ✅ The St. Regis Atlanta Spa — (404) 563-7683 — https://www.marriott.com/en-us/hotels/atlxr-the-st-regis-atlanta/experiences/?scid=feed67b0-9a2f-4de1-8df6-114544116108
2026-05-19 14:00:05,758   ✅ Buckhead Grand Spa — (404) 816-4511 — http://www.buckheadgrandspa.com/
2026-05-19 14:00:06,091   ✅ Woodhouse Spa - Buckhead — (678) 391-4333 — https://buckhead.woodhousespas.com/
2026-05-19 14:00:06,314   ✅ Waldorf Astoria Spa Atlanta Buckhead — (404) 995-7526 — https://www.hilton.com/en/hotels/atlwawa-waldorf-astoria-atlanta-buckhead/spa/?y_source=1_NDkyMjIyNDItNzE1LWxvY2F0aW9uLndlYnNpdGU%3D
2026-05-19 14:00:06,541   ✅ Natural Body Spa + Med Spa | Morningside — (404) 872-1039 — https://www.naturalbody.com/spa-locations/georgia-morningside
2026-05-19 14:00:06,692   ✅ Woodhouse Spa - Dunwoody — (770) 377-3505 — http://dunwoody.woodhousespas.com/?utm_source=google&utm_medium=yext
2026-05-19 14:00:07,009   ✅ The Wellness Spot — (404) 996-6944 — http://thewellnessspotatl.com/
2026-05-19 14:00:07,267   ✅ Boutique Day Spa — (770) 886-0044 — http://boutiquedayspa.com/
2026-05-19 14:00:07,572   ✅ Natural Body Spa + Med Spa | Brookhaven — (404) 816-8801 — https://www.naturalbody.com/spa-locations/georgia-brookhaven
2026-05-19 14:00:07,837   ✅ exhale Spa — (404) 720-5000 — https://exhalespa.com/midtown-atlanta/
2026-05-19 14:00:08,038   ✅ Spa Signia Atlanta — (404) 282-8275 — https://www.hilton.com/en/hotels/atlwcsa-signia-atlanta-georgia-world-congress-center/wellness/spa-signia/?SEO_id=GMB-AMER--S-ATLWCSA-1&y_source=1_MTA1MTUwNDY1NC03MTUtbG9jYXRpb24ud2Vic2l0ZQ%3D%3D
2026-05-19 14:00:08,179   ✅ Massage Etoile - Howell Mill Road — (770) 526-0188 — https://www.massageetoile.com/
2026-05-19 14:00:08,443   ✅ The NOW Massage Atlanta West Midtown — (470) 474-6712 — https://www.thenowmassage.com/boutique/atlanta-west-midtown
2026-05-19 14:00:08,612   ✅ Serene + Oasis Day Spa & Waxing Studio — (404) 590-4738 — https://www.sereneoasisdayspa.com/
2026-05-19 14:00:08,782   ✅ Indigo Wellness — (404) 370-1151 — http://www.indigowellnessatl.com/
2026-05-19 14:00:09,049   ✅ LumiVita Buckhead — (404) 869-7722 — https://lumivita.com/location/buckhead
2026-05-19 14:00:13,547   ✅ The Ideal Spa — (470) 870-1851 — http://www.theidealspa.biz/
2026-05-19 14:00:13,693   ✅ The Spa — (404) 586-6022 — https://www.marriott.com/en-us/hotels/atlmq-atlanta-marriott-marquis/experiences/?scid=feed67b0-9a2f-4de1-8df6-114544116108
2026-05-19 14:00:16,730   ✅ Celestial Spa — (404) 691-2448 — http://celestialspa.com/
2026-05-19 14:00:17,003   ✅ Vayu Spa: Massage & Wellness — (770) 490-0568 — http://www.vayuspa.com/
2026-05-19 14:00:17,140   ✅ Spa At Serenbe — (770) 463-0880 — http://spaatserenbe.com/
2026-05-19 14:00:17,320   ✅ The Rosefinch Spa — (404) 724-5811 — http://www.therosefinchspa.com/
2026-05-19 14:00:17,618   ✅ The Whitley Spa, Atlanta Buckhead — (404) 240-7042 — https://thewhitleyhotel.com/spa/
2026-05-19 14:00:17,752   ✅ LeHua Spa — (770) 438-8888 — http://www.lehua-spa.com/
2026-05-19 14:00:18,006   ✅ Velour Men's Spa — (404) 333-7119 — https://www.velourmensspa.com/
2026-05-19 14:00:18,276   ✅ Silk Spa — (404) 353-7169 — https://silkspa-atl.com/
2026-05-19 14:00:18,519   ✅ Loews Atlanta Hotel — (404) 745-5000 — https://www.loewshotels.com/atlanta-hotel
2026-05-19 14:00:18,697   ✅ The Art of Touch Therapeutic Massage Center — (404) 602-4054 — http://www.theartoftouchmassage.com/
2026-05-19 14:00:18,855   ✅ Spa Sydell Integrative Aesthetics — (404) 255-7727 — https://spasydell.com/
2026-05-19 14:00:19,028   ✅ Natural Body Spa | Snellville — (770) 985-1234 — https://www.naturalbody.com/spa-locations/georgia-snellville
2026-05-19 14:00:19,252   ✅ The House of Wellness Med Spa — (404) 963-7531 — https://thowmedspa.org/
2026-05-19 14:00:19,554   ✅ Heal Thyself Atlanta — (470) 558-6339 — https://www.healthyselfatl.com/
2026-05-19 14:00:19,780   ✅ Aviary Beauty + Wellness Summerhill — (404) 313-3383 — https://www.aviarybeauty.com/
2026-05-19 14:00:19,976   ✅ Find Your Space The Ultimate Spa — (678) 632-2326 — http://findyourspacespa.com/
2026-05-19 14:00:20,283   ✅ TBK WELLNESS SPA — (678) 587-5019 — https://www.tbkwellness.com/
2026-05-19 14:00:20,469   ✅ Spa at The Starling — (404) 724-2570 — https://www.thestarling.com/spa-midtown-atlanta
2026-05-19 14:00:20,603   ✅ Blu Luxe Day Spa — (470) 374-2720 — no website
2026-05-19 14:00:20,760   ✅ Natural Body Spa + Med Spa | Alpharetta — (678) 866-3663 — https://www.naturalbody.com/spa-locations/georgia-alpharetta
2026-05-19 14:00:23,370   ✅ Night Shine Relaxation — (773) 705-5655 — no website
2026-05-19 14:00:23,542   ✅ FACE FOUNDRIÉ - Atlanta West Midtown — (404) 229-2268 — https://www.facefoundrie.com/location/atlanta/
2026-05-19 14:00:23,725   ✅ BLUE Med Center & Spa — (678) 590-5864 — https://lumivita.com/location/midtown
2026-05-19 14:00:23,891   ✅ Melissa spa and massage wellness — (509) 746-7820 — no website
2026-05-19 14:00:24,017   ✅ The St. Regis Atlanta — (404) 563-7900 — https://www.marriott.com/en-us/hotels/atlxr-the-st-regis-atlanta/overview/?scid=f2ae0541-1279-4f24-b197-a979c79310b0
2026-05-19 14:00:24,168   ✅ FLO2S — (678) 856-8060 — http://flo2s.com/
2026-05-19 14:00:24,373   ✅ Graceful Glow Spa — (678) 895-5853 — http://styleseat.com/gracefulglowspa
2026-05-19 14:00:24,576   ✅ Massage Envy — (404) 876-3689 — https://locations.massageenvy.com/georgia/atlanta/650-ponce-de-leon-ave.html?utm_source=GMB&utm_medium=useractions&utm_campaign=website
2026-05-19 14:00:24,759   ✅ Rebalance Spa — (470) 355-9602 — https://rebalancespaa.com/
2026-05-19 14:00:24,880   ✅ Kathleen Massage & Spa — (508) 536-7086 — no website
2026-05-19 14:00:25,038   ✅ ATLANTA CURVES THERAPEUTIC MASSAGE — (678) 293-7513 — https://atlantacurves.com/
2026-05-19 14:00:25,066   📊 Found 50, 50 new (rest were duplicates)
2026-05-19 14:00:26,067 
==================================================
2026-05-19 14:00:26,067 ✅ Scraping complete
2026-05-19 14:00:26,067    Total found:  50
2026-05-19 14:00:26,067    New leads:    50
2026-05-19 14:00:26,067    Duplicates:   0
2026-05-19 14:00:26,072    DB total:     1473 leads (1034 with emails)
2026-05-19 14:00:26,072 ==================================================

