2026-04-08 20:19:35,352 🔄 Auto-rotation day 98: tattoo shop in San Jose, CA
2026-04-08 20:19:35,352 
🔍 Searching: tattoo shop in San Jose, CA
2026-04-08 20:19:36,123   ✅ San Jose Tattoo — (408) 298-8430 — http://tattoojohn.com/
2026-04-08 20:19:36,319   ✅ Players Ink — (408) 993-8282 — http://www.playersink.com/
2026-04-08 20:19:36,517   ✅ MARS Ink Tattoo Studio & New Skin Pop-Up Clinic — (669) 342-7101 — http://www.marsinktattoo.com/
2026-04-08 20:19:36,735   ✅ Humble Beginnings Tattoo — (408) 288-6814 — https://www.humblebeginningstattoo.com/
2026-04-08 20:19:36,858   ✅ Marks of Art Tattoo — (408) 377-1924 — http://marksofart.com/
2026-04-08 20:19:37,068   ✅ Eleventh Dimension Tattoo Arts — (669) 328-0506 — http://eleventhdimensiontattoo.com/
2026-04-08 20:19:37,261   ✅ Lucky Stars Tattoo — (408) 266-1186 — no website
2026-04-08 20:19:37,439   ✅ New Generation Tattoo — (408) 613-2115 — http://www.newgenerationtattoo.com/
2026-04-08 20:19:37,594   ✅ Inkk Dynasty — (408) 753-2796 — https://inkk-dynasty1.odoo.com/
2026-04-08 20:19:37,793   ✅ tattoo lifestylez — (408) 892-2960 — no website
2026-04-08 20:19:38,007   ✅ Legacy Tattoo — (408) 352-5375 — http://www.instagram.com/legacytattoosj
2026-04-08 20:19:38,146   ✅ Blue Rose Tattoo — (206) 913-8081 — https://www.facebook.com/Bluerosetattoosj/
2026-04-08 20:19:38,272   ✅ Underground Creation — (408) 885-1106 — no website
2026-04-08 20:19:38,469   ✅ Unlimited Ink Tattoo — (408) 217-9917 — https://www.unlimitedinktattoo.shop/
2026-04-08 20:19:38,607   ✅ Taylor Ink — (669) 264-9187 — https://taylorinktattoo.com/
2026-04-08 20:19:38,786   ✅ State of Grace — (408) 441-7770 — http://www.stateofgracetattoo.com/
2026-04-08 20:19:38,930   ✅ Current Tattooing — (408) 288-6822 — http://current-sj.com/
2026-04-08 20:19:39,133   ✅ Hone Piercing — (669) 699-8822 — https://www.honepiercing.com/
2026-04-08 20:19:39,289   ✅ Vampire Battle Mansion Tattoo and Piercing — (669) 328-4125 — http://www.vampirebattlemansion.com/
2026-04-08 20:19:39,432   ✅ Soul Imagez Tattoo — (408) 856-5221 — http://soulimagez.com/
2026-04-08 20:19:42,021   ✅ Blacksuit Tattoo — (669) 292-5554 — https://instagram.com/blacksuittattoo
2026-04-08 20:19:42,175   ✅ Floating House Tattoo — (408) 418-3566 — no website
2026-04-08 20:19:42,383   ✅ The Holy Scythe Tattoo — (408) 564-8176 — https://www.theholyscythetattoo.com/
2026-04-08 20:19:42,506   ✅ Sacred Oath Tattoos — (408) 921-7220 — https://sacredoathtattoos.com/
2026-04-08 20:19:42,666   ✅ KT Dragon Tattoo Studio — (408) 204-3526 — http://www.ktdragon.com/
2026-04-08 20:19:42,821   ✅ 9 Dragons Ink — (669) 350-3881 — no website
2026-04-08 20:19:42,970   ✅ No11 Tattoo Studio — (669) 696-6868 — https://www.instagram.com/no.11_tattoostudio/profilecard/?igsh=NTc4MTIwNjQ2YQ==
2026-04-08 20:19:43,084   ✅ Homeroom Tattoo — (669) 312-1351 — https://www.homeroomtattoo.com/
2026-04-08 20:19:43,210   ✅ Asylum Ink — (408) 449-0031 — https://voodoovon.myonlineappointment.com/
2026-04-08 20:19:43,390   ✅ Ink Now — (408) 504-4574 — no website
2026-04-08 20:19:43,734   ✅ ANTS TATTOO STUDIO (SAN JOSE) — (408) 890-8261 — no website
2026-04-08 20:19:43,901   ✅ Bulldog Lifestyles — (408) 729-3605 — no website
2026-04-08 20:19:44,040   ✅ Solenne Piercing — (669) 455-9695 — no website
2026-04-08 20:19:44,181   ✅ Pura Tinta Tattoo Studio — (408) 318-7629 — https://www.facebook.com/profile.php?id=100063902492650
2026-04-08 20:19:44,303   ✅ Flourish Tattoo & Foliage — (408) 217-9164 — http://www.flourishtattoo.com/
2026-04-08 20:19:44,497   ✅ Aces Tattoo — (408) 320-2760 — no website
2026-04-08 20:19:44,647   ✅ Make Me Holey Body Piercing — (408) 991-2845 — http://www.makemeholeybodypiercing.com/
2026-04-08 20:19:44,800   ✅ INKESOMNIA — (925) 255-0522 — https://www.inkesomnia.com/
2026-04-08 20:19:44,960   ✅ D A Underground Tat-2 — (408) 259-1583 — no website
2026-04-08 20:19:45,155   ✅ Body Exotic — (408) 993-9684 — http://www.bodyexotic.com/
2026-04-08 20:19:47,766   ✅ Conviction Tattoo Studio — (408) 859-1406 — https://convictiontattoo.com/
2026-04-08 20:19:47,922   ✅ Inkdica tattoo — (669) 309-2441 — https://www.inkdicatattoo.com/
2026-04-08 20:19:48,237   ✅ Luna Tattoo Studio — (408) 835-9593 — http://lunatattoostudio.com/
2026-04-08 20:19:48,382   ✅ Eternity Ink Tattoo — (408) 679-1010 — no website
2026-04-08 20:19:48,505   ✅ Lucid Illusions Tattoo — (408) 298-2111 — no website
2026-04-08 20:19:48,629   ✅ Steve Sherick Tattoo Shop — (408) 427-1683 — https://www.instagram.com/steveshericktattoo?igsh=NTc4MTIwNjQ2YQ==
2026-04-08 20:19:48,850   ✅ Premium Clan Tattoo Studio — (669) 262-5232 — no website
2026-04-08 20:19:49,003   ✅ Artizen Ink — (408) 816-4164 — http://www.artizenink.com/
2026-04-08 20:19:49,123   ✅ Tattoo Nerds — (408) 747-9507 — http://www.tattoonerdssj.com/
2026-04-08 20:19:49,238   ✅ Marfil Tattoo Studio — (925) 548-4518 — no website
2026-04-08 20:19:49,249   📊 Found 50, 50 new (rest were duplicates)
2026-04-08 20:19:50,249 
==================================================
2026-04-08 20:19:50,250 ✅ Scraping complete
2026-04-08 20:19:50,250    Total found:  50
2026-04-08 20:19:50,250    New leads:    50
2026-04-08 20:19:50,250    Duplicates:   0
2026-04-08 20:19:50,251    DB total:     259 leads (110 with emails)
2026-04-08 20:19:50,251 ==================================================

2026-04-08 20:22:50,981 
🔍 Searching: HVAC contractor in Atlanta, GA
2026-04-08 20:22:51,689   ✅ Moncrief Heating & Air Conditioning — (470) 964-5141 — https://www.moncriefair.com/?utm_source=google&utm_medium=organic&utm_campaign=GMBListing-Atlanta-GA
2026-04-08 20:22:51,803   ✅ Estes Services — (404) 366-9620 — https://www.estesair.com/
2026-04-08 20:22:51,934   ✅ PV Heating, Cooling & Plumbing — (470) 223-6782 — http://www.pvhvac.com/
2026-04-08 20:22:52,084   ✅ RS Andrews — (770) 766-7941 — https://www.rsandrews.com/?utm_source=google&utm_medium=gbp-pea
2026-04-08 20:22:52,223   ✅ The Air Company — (404) 583-7788 — https://www.theaircompanyga.com/?utm_source=google&utm_medium=organic&utm_campaign=gmb
2026-04-08 20:22:52,374   ✅ Hope Heating & AC Repair — (678) 916-9828 — https://hopehvac.com/service/ac-repair-atlanta-ga/?utm_source=google&utm_medium=organic&utm_campaign=gbp_atlanta
2026-04-08 20:22:52,517   ✅ Cunningham Associates — (770) 343-7565 — https://www.cunninghamhvac.com/
2026-04-08 20:22:52,627   ✅ Empire Heating & Air Conditioning Inc — (404) 294-0900 — https://empirehvac.com/?utm_source=GBP&utm_medium=organic&utm_campaign=Location+Link&utm_id=GBP+Link+Experiement
2026-04-08 20:22:52,810   ✅ Coolray Heating & Air Conditioning — (770) 421-8400 — https://www.coolray.com/
2026-04-08 20:22:52,943   ✅ Cool Air Mechanical — (470) 531-5480 — https://www.770coolair.com/service-areas/marietta/?utm_source=google&utm_medium=organic&utm_campaign=gbp
2026-04-08 20:22:53,081   ✅ Reliable Heating & Air, Plumbing and Electrical - Kennesaw — (770) 594-9969 — https://reliableair.com/?utm_source=GMB&utm_medium=GMB&utm_campaign=GMB+Kennesaw&utm_id=GMB-Kennesaw
2026-04-08 20:22:53,243   ✅ Maintenance Unlimited Heating & Cooling — (404) 454-2686 — https://maintenanceunlimitedheatingcooling.com/
2026-04-08 20:22:53,382   ✅ Ragsdale Heating, Air, Plumbing & Electrical — (770) 282-4646 — https://www.ragsdaleair.com/?utm_campaign=Google_Business_Profile_Dallas&utm_source=google&utm_medium=organic&utm_content=Website
2026-04-08 20:22:53,510   ✅ Peppers Heating & Air Conditioning Service Inc. — (770) 483-1282 — https://www.peppersheatingandair.com/
2026-04-08 20:22:53,644   ✅ Estes Services — (404) 366-9620 — https://www.estesair.com/
2026-04-08 20:22:53,789   ✅ INDOOR EXPERTS HEATING & AIR CONDITIONING — (678) 506-2226 — https://www.indoorexperts.com/?utm_campaign=gmb
2026-04-08 20:22:53,938   ✅ Georgia Air Contractors — (770) 766-1607 — https://www.gaci.biz/
2026-04-08 20:22:54,072   ✅ Central Heating & Air Conditioning — (404) 261-2280 — https://centralheat.com/
2026-04-08 20:22:54,227   ✅ Galgon HVAC & Mechanical Service, Inc. — (404) 352-1500 — https://galgonhvac.com/
2026-04-08 20:22:54,355   ✅ HVAC Guyz & Plumbing Inc — (470) 255-4535 — no website
2026-04-08 20:22:57,012   ✅ Esquire Heating And Air — (404) 397-8224 — http://www.esquirehvac.com/
2026-04-08 20:22:57,137   ✅ TE Certified, Electrical, Plumbing, Heating & Cooling — (770) 299-3903 — https://www.tecertifiedelectricians.com/
2026-04-08 20:22:57,259   ✅ A.D. Campbell HVAC Services — (470) 447-9237 — http://adcampbellhvac.com/
2026-04-08 20:22:57,392   ✅ Spencer Heating and Air Conditioning — (770) 447-5289 — http://www.spencerair.com/
2026-04-08 20:22:57,535   ✅ GB Services HVAC — (404) 953-5151 — http://www.gbshvac.com/
2026-04-08 20:22:57,658   ✅ 1st Class HVAC Contractors Atlanta Inc — (404) 779-9484 — no website
2026-04-08 20:22:57,780   ✅ New Level Mechanical — (404) 723-3830 — http://www.newlevelmechanical.com/
2026-04-08 20:22:57,912   ✅ Dynasty Heating and Air — (678) 525-9916 — http://www.dynastyheatingandair.com/
2026-04-08 20:22:58,042   ✅ S P Heating and Air — (678) 697-2305 — https://spheatingandairconditioning.com/
2026-04-08 20:22:58,219   ✅ Ace & A HVAC, Heating & AC Repair — (404) 991-5940 — https://www.aceanda.com/furnace-repair-decatur-ga/?utm_source=google&utm_medium=organic&utm_campaign=gbp_decatur
2026-04-08 20:22:58,368   ✅ Champion HVAC Atlanta Experts — (678) 270-4418 — no website
2026-04-08 20:22:58,490   ✅ 1ST Class HVAC Atlanta — (404) 927-8476 — no website
2026-04-08 20:22:58,630   ✅ Mr. Superior Maintenance — (404) 994-6299 — http://mrsuperiormaintenance.com/
2026-04-08 20:22:58,791   ✅ Addison Smith Mechanical Contractor, Inc. — (770) 832-9006 — https://addisonsmith.net/
2026-04-08 20:22:58,914   ✅ New HVAC Services — (470) 933-1967 — no website
2026-04-08 20:23:01,492   ✅ DD HVAC, hvac techs you can trust — (470) 220-7259 — https://ddhvacservices.com/
2026-04-08 20:23:01,631   ✅ Atlanta Heating & Air Conditioning — (404) 678-2154 — no website
2026-04-08 20:23:01,774   ✅ Atlanta Heating and Air Conditioning — (404) 738-0733 — no website
2026-04-08 20:23:01,924   ✅ Atlanta Heating and Air Conditioning — (404) 942-9779 — https://atlantaheatingandairconditioning.com/
2026-04-08 20:23:02,057   ✅ Atlanta Air Pro — (404) 437-4508 — https://atlantaairpro.com/
2026-04-08 20:23:02,223   ✅ AC Repair Atlanta — (678) 369-6979 — https://acrepairatlanta.com/
2026-04-08 20:23:02,355   ✅ S.T.’s Mechanical HVAC, LLC — (678) 852-2846 — no website
2026-04-08 20:23:02,484   ✅ Hunter Heating and Air Conditioning — (404) 876-7700 — no website
2026-04-08 20:23:02,642   ✅ Valhalla Mechanical — (404) 919-7688 — http://valmechhvac.com/
2026-04-08 20:23:02,886   ✅ Airlast — (404) 632-9074 — https://www.airlast.com/
2026-04-08 20:23:03,013   ✅ Atlanta Heating & Air Conditioning — (470) 847-3729 — no website
2026-04-08 20:23:03,030   📊 Found 46, 45 new (rest were duplicates)
2026-04-08 20:23:04,030 
==================================================
2026-04-08 20:23:04,031 ✅ Scraping complete
2026-04-08 20:23:04,031    Total found:  46
2026-04-08 20:23:04,031    New leads:    45
2026-04-08 20:23:04,031    Duplicates:   1
2026-04-08 20:23:04,032    DB total:     304 leads (124 with emails)
2026-04-08 20:23:04,032 ==================================================

