2026-05-18 14:00:03,759 🔄 Auto-rotation day 138: nail salon in Miami, FL
2026-05-18 14:00:03,761 
🔍 Searching: nail salon in Miami, FL
2026-05-18 14:00:04,698   ✅ Neo Nails — (305) 306-8888 — http://www.neo-nails.com/
2026-05-18 14:00:04,965   ✅ Inail Spa — (305) 695-9388 — https://inailspamiamibeach.com/
2026-05-18 14:00:05,261   ✅ Sobe Nails & Spa — (305) 534-2998 — https://sobenailspamiamibeach.com/
2026-05-18 14:00:05,499   ✅ Aurora Nails Bar — (786) 822-4844 — http://www.auroranailsbar.com/
2026-05-18 14:00:05,784   ✅ Nez Nail Miami — (786) 966-1111 — https://www.neznailmiami.com/
2026-05-18 14:00:06,091   ✅ Amalfi Nail Salón — (786) 209-1875 — http://www.myagnesapp.com/
2026-05-18 14:00:06,322   ✅ Cult Nail studio — (786) 328-9950 — https://cultnailstudio.miami/
2026-05-18 14:00:06,575   ✅ Miami Nails Atelier — (786) 547-9133 — https://miami-nails-atelier.square.site/
2026-05-18 14:00:06,798   ✅ Venetian Nail Spa — (786) 485-9999 — https://venetiansalon.com/
2026-05-18 14:00:07,111   ✅ Omni Nails and Lash Lounge — (786) 345-8098 — http://www.omninailsmiami.com/
2026-05-18 14:00:07,354   ✅ NailBox Miami — (305) 613-4497 — http://nailboxmiami.com/
2026-05-18 14:00:07,517   ✅ Biscayne Nail and Beauty Bar — (786) 486-9232 — http://biscaynenailandbeautybar.com/
2026-05-18 14:00:07,767   ✅ DA Beauty Bar — (786) 930-5334 — https://dabeautybars.com/
2026-05-18 14:00:07,919   ✅ TINA BEAUTY MIAMI LLC — (754) 295-7177 — https://mysite.vagaro.com/tinabeautyrussianukrainianmani
2026-05-18 14:00:08,179   ✅ Ostenta Beauty Concept Edgewater - Nails, Lashes & Facials — (786) 856-6342 — https://www.ostentabeautyconcept.com/
2026-05-18 14:00:08,497   ✅ LUV BEAUTY CLUB — (786) 254-7876 — https://n1220447.alteg.io/company/1166465/personal/menu
2026-05-18 14:00:08,794   ✅ Sky Nails & Spa of South Beach — (786) 275-6666 — https://www.skynailsofsouthbeach.com/
2026-05-18 14:00:09,082   ✅ Mira Nail Bar — (786) 655-0126 — http://miranailbarsalon.com/
2026-05-18 14:00:09,239   ✅ Nika NAILS Miami &RUSSIAN Manicure — (786) 580-2685 — https://instagram.com/nika.nails_miami?igshid=MjEwN2IyYWYwYw==
2026-05-18 14:00:09,382   ✅ Joka Studio — (786) 984-0438 — https://beacons.ai/jokanailstudio
2026-05-18 14:00:11,987   ✅ The Glow Gloss — (786) 988-9777 — http://www.theglowgloss.com/
2026-05-18 14:00:12,131   ✅ NailSpa Miami Wellness Center (All Nails, Lashes, Facials, HeadSpa, Body Waxing, Hair, Stem Cell & More.) — (786) 274-7646 — https://nailspamiamiwellnesscenter.zoca.com/?utm_source=googlemaps&utm_medium=googlemaps&utm_campaign=googlemaps
2026-05-18 14:00:12,399   ✅ TINA NAILS — (954) 955-7597 — https://tinanailsmiami.net/
2026-05-18 14:00:12,532   ✅ G-Nail Bar — (305) 775-9294 — https://gnailbarmiami.com/
2026-05-18 14:00:12,668   ✅ Billion Nails Miami — (781) 732-4456 — no website
2026-05-18 14:00:12,893   ✅ Trini Salon & Spa — (786) 220-7796 — http://www.trinisalons.com/
2026-05-18 14:00:13,014   ✅ MQM Nails — (786) 448-8696 — no website
2026-05-18 14:00:13,157   ✅ Sin nails no hay paraíso — (786) 593-8617 — https://book.heygoldie.com/Sin-Nails-No-Hay-Para%C3%ADso
2026-05-18 14:00:13,426   ✅ Salon Nails & Co. Miami Midtown — (786) 889-2828 — https://nailsandcobeauty.com/
2026-05-18 14:00:13,663   ✅ NEW YORK NAILS GLAM II — (786) 788-7856 — https://www.nynailsglam.com/
2026-05-18 14:00:13,849   ✅ Ceci Spa Hair Nails River Landing — (786) 884-5899 — https://cecispahairandnails.com/
2026-05-18 14:00:13,999   ✅ Nail Culture Wynwood — (305) 456-6974 — https://nailculturewynwood.com/
2026-05-18 14:00:14,143   ✅ J C Nails (J C Spa Nails) — (305) 265-0204 — http://jcspanailsmiami.com/
2026-05-18 14:00:14,280   ✅ BRAND NAILS — (786) 899-8085 — no website
2026-05-18 14:00:14,414   ✅ Sury Nail Art — (786) 254-7363 — https://surynailart.com/
2026-05-18 14:00:14,547   ✅ Miami Nail Artist — (312) 774-3159 — https://www.fresha.com/book-now/miami-nail-artist-rmb6bak7/all-offer?pId=1131989
2026-05-18 14:00:14,680   ✅ Top Nails — (305) 857-2205 — no website
2026-05-18 14:00:14,822   ✅ Amandis Nail Spa — (786) 353-2664 — https://www.amandisnailspa.com/
2026-05-18 14:00:14,991   ✅ Nails & Co. — (786) 909-4499 — https://nailsco.salonist.io/booking-online
2026-05-18 14:00:15,150   ✅ The Powder Room Beauty Salon — (305) 979-6742 — https://powderroombeauty.square.site/
2026-05-18 14:00:17,687   ✅ IRISSTHETICS — (786) 263-8307 — http://irissthetics.square.site/
2026-05-18 14:00:17,842   ✅ Fancy Nail Boutique and Spa — (305) 967-8714 — https://westmiaminailsalon.com/
2026-05-18 14:00:17,979   ✅ Midas Nails — (786) 281-9883 — https://midasnailz.square.site/
2026-05-18 14:00:18,117   ✅ One L Professional — (917) 515-6868 — https://onelnyc.com/
2026-05-18 14:00:18,251   ✅ The Pink Room Beauty Spa — (305) 409-0701 — https://www.thepinkroombeauty.com/
2026-05-18 14:00:18,392   ✅ Glammed By Chazzy | Nails Miami — (347) 922-4446 — http://glammedbychazzy.com/
2026-05-18 14:00:18,531   ✅ Ru.Nails — (305) 873-0550 — https://www.instagram.com/ru.nail_s?igsh=NDZidWN2dDVobnU1
2026-05-18 14:00:18,670   ✅ Mani Studio — (786) 631-6950 — https://www.manistudiomiami.com/
2026-05-18 14:00:18,818   ✅ Rosé Nail Lounge — (786) 209-4467 — https://www.rosenailloungemiami.com/
2026-05-18 14:00:18,977   ✅ Studio-D Brickell — (305) 349-4969 — https://studio-dbrickell.com/
2026-05-18 14:00:19,000   📊 Found 50, 48 new (rest were duplicates)
2026-05-18 14:00:20,000 
==================================================
2026-05-18 14:00:20,001 ✅ Scraping complete
2026-05-18 14:00:20,001    Total found:  50
2026-05-18 14:00:20,001    New leads:    48
2026-05-18 14:00:20,001    Duplicates:   2
2026-05-18 14:00:20,004    DB total:     1423 leads (998 with emails)
2026-05-18 14:00:20,004 ==================================================

