2026-03-26 17:17:15,249 
🔍 Searching: med spa in Los Angeles, CA
2026-03-26 17:17:16,324   ✅ Cienega Medical — (310) 928-1300 — https://cienegaspa.com/?utm_source=google&utm_medium=organic&utm_campaign=gbp-los-angeles
2026-03-26 17:17:16,651   ✅ Glow Aesthetic Center Med Spa — (818) 905-8815 — https://glowmedspaencino.com/locations/encino-ca/?utm_source=google&utm_medium=organic&utm_campaign=encino-gmb-listing
2026-03-26 17:17:16,997   ✅ MedBeautyLA — (213) 640-4008 — https://medbeautyla.com/
2026-03-26 17:17:17,286   ✅ Hush LA Medspa — (323) 486-7339 — https://www.hushla.net/
2026-03-26 17:17:17,600   ✅ Los Feliz Med Spa — (323) 664-0186 — http://www.losfelizmedspa.com/
2026-03-26 17:17:17,878   ✅ R&J Medspa — (213) 220-8852 — http://www.rjmedspa.com/
2026-03-26 17:17:18,162   ✅ Sculpt Med Spa Downtown Los Angeles — (213) 265-7285 — https://www.sculptdtla.com/
2026-03-26 17:17:18,465   ✅ IVE MEDICAL SPA — (213) 663-2333 — https://ivemedicalspa.com/
2026-03-26 17:17:18,744   ✅ Bliss Point Medical Spa — (310) 923-8451 — http://www.blisspointmedspa.com/
2026-03-26 17:17:19,054   ✅ RenewMe IV Therapy + Medspa — (213) 866-3747 — https://renewmespa.com/
2026-03-26 17:17:19,354   ✅ Skin Story Med Spa — (323) 577-2311 — http://www.skinstorymedspa.com/
2026-03-26 17:17:19,636   ✅ Deluxe Cosmetic Center — (213) 900-9777 — https://www.deluxecosmeticcenter.com/
2026-03-26 17:17:19,927   ✅ Vermont Med spa — (323) 906-7830 — https://vermontmedspa.com/
2026-03-26 17:17:20,207   ✅ SMOOTH SKIN LOUNGE — (818) 308-7703 — https://www.smoothskinlounge.com/
2026-03-26 17:17:20,503   ✅ Flawless Skin Center - West Hollywood: Med Spa — (323) 452-9100 — https://www.flawlessskincenter.com/
2026-03-26 17:17:20,809   ✅ me.losangeles aesthetics — (213) 583-5905 — https://www.melosangeles.com/
2026-03-26 17:17:21,099   ✅ Re:Lune - Medical Aesthetics and Wellness — (213) 800-3088 — https://www.simplyrenewla.com/
2026-03-26 17:17:21,383   ✅ milk + honey | Brentwood — (310) 906-2963 — https://milkandhoneyspa.com/?utm_source=google&utm_medium=organic&utm_campaign=gmb-listing&utm_content=brentwood
2026-03-26 17:17:21,687   ✅ Skincare Wellness Spa — (323) 998-0330 — https://www.skincarewellnesspa.com/
2026-03-26 17:17:21,974   ✅ Shaped Secretz Body Sculpting — (213) 277-5586 — http://www.shapedsecretz.com/
2026-03-26 17:17:25,001   ✅ Skin Works Medical Spa | Torrance — (844) 759-6757 — https://skinworksmed.com/
2026-03-26 17:17:25,314   ✅ Spa De La Peau — (213) 770-2070 — https://spadelapeau.com/
2026-03-26 17:17:25,611   ✅ Shiny Laser Skin Clinic – Koreatown Med Spa & Laser Skin Experts — (213) 382-5888 — http://shinylaserclinic.com/
2026-03-26 17:17:25,920   ✅ Polaris Medical Aesthetics — (323) 744-3133 — https://www.polarisaesthetics.com/
2026-03-26 17:17:26,239   ✅ 7 Med Spa — (213) 948-7777 — no website
2026-03-26 17:17:26,527   ✅ VIP AESTHETICS AND MEN'S HEALTH BY VIP MEDICAL — (213) 900-0086 — http://www.vipaestheticsla.com/
2026-03-26 17:17:26,818   ✅ South Coast MedSpa — (877) 650-7267 — https://www.southcoastmedspa.com/los-angeles/
2026-03-26 17:17:27,100   ✅ Springs Rejuvenation — (213) 725-2361 — https://springsrejuvenation.com/
2026-03-26 17:17:27,386   ✅ The Sunset Aesthetics — (213) 354-0015 — http://thesunsetaesthetics.com/
2026-03-26 17:17:27,676   ✅ Skinsation LA — (323) 413-2287 — https://www.skinsationla.com/
2026-03-26 17:17:27,995   ✅ Luxury Med Spa — (562) 241-5679 — no website
2026-03-26 17:17:28,282   ✅ Sienna Med — (213) 384-3800 — https://www.siennamedspa.com/
2026-03-26 17:17:28,587   ✅ Health Med Spa IV Therapy – Los Angeles — (323) 604-9868 — https://www.healthmedspa.com/
2026-03-26 17:17:28,875   ✅ Wave Plastic Surgery — (213) 325-1997 — https://waveplasticsurgery.com/?utm_source=gbp_listing&utm_medium=organic&utm_campaign=los-angeles
2026-03-26 17:17:29,162   ✅ The Things We Do — (213) 278-0358 — https://www.thethingswedo.co/
2026-03-26 17:17:29,440   ✅ Re-Nu Aesthetics — (323) 744-0404 — https://re-nuaesthetics.com/?utm_source=gbp&utm_medium=organic
2026-03-26 17:17:29,724   ✅ K Beauty Medi Spa — (213) 277-1151 — no website
2026-03-26 17:17:30,012   ✅ Latina Medical Center — (323) 587-3509 — https://latinamedicalcenter.com/
2026-03-26 17:17:30,296   ✅ Beverly Hills Med Spa — (310) 359-8832 — https://www.beverlyhillsmedspa.com/
2026-03-26 17:17:30,607   ✅ Facial spa LA — (424) 278-4474 — https://facialspa.net/
2026-03-26 17:17:33,579   ✅ The Skin Agency — (818) 308-7394 — https://www.theskinagency.com/
2026-03-26 17:17:33,855   ✅ Arc Beauty Lab — (213) 375-7035 — http://www.arcbeautylab.com/
2026-03-26 17:17:34,132   ✅ Rejuvayou Medical — (626) 427-6500 — http://www.rejuvayou.com/?utm_source=gmb&utm_medium=organic&utm_campaign=gmb
2026-03-26 17:17:34,411   ✅ EL Med Spa — (213) 259-9336 — https://www.elmdspa.com/
2026-03-26 17:17:34,685   ✅ OU Beauty — (213) 617-1682 — https://oubeauty.com/
2026-03-26 17:17:35,010   ✅ Medworks Aesthetics — (310) 263-8887 — https://www.medworksaesthetics.com/
2026-03-26 17:17:35,291   ✅ Dermaster Medical Aesthetic Clinic — (213) 816-4768 — https://www.dermasterusa.com/
2026-03-26 17:17:35,580   ✅ Vivify Aesthetic Medspa — (310) 988-9381 — https://vivifyaesthetics.com/
2026-03-26 17:17:35,875   ✅ CKE SKINCARE — (213) 522-0033 — https://www.ckeskincare.com/
2026-03-26 17:17:36,154   ✅ BeyondSkin MedSpa — (323) 522-6313 — http://www.beyondskinmedspa.com/
2026-03-26 17:17:36,166   📊 Found 50, 50 new (rest were duplicates)
2026-03-26 17:17:37,167 
==================================================
2026-03-26 17:17:37,167 ✅ Scraping complete
2026-03-26 17:17:37,167    Total found:  50
2026-03-26 17:17:37,167    New leads:    50
2026-03-26 17:17:37,167    Duplicates:   0
2026-03-26 17:17:37,168    DB total:     60 leads (10 with emails)
2026-03-26 17:17:37,168 ==================================================

2026-03-26 17:17:42,332 
🔍 Searching: HVAC contractor in Houston, TX
2026-03-26 17:17:43,335   ✅ Air Tech of Houston AC & Plumbing — (832) 680-5546 — https://www.airtechofhouston.com/locations/houston-tx/?utm_source=google-gbp&utm_medium=organic&utm_campaign=*19*air-tech-houston
2026-03-26 17:17:43,620   ✅ Bellaire Air Conditioning — (713) 428-2279 — https://www.bellaireair.com/?utm_source=google&utm_medium=organic&utm_term=gbp
2026-03-26 17:17:43,923   ✅ Be Cool AC & Heating — (832) 906-6113 — https://becoolachouston.com/?utm_source=google&utm_medium=organic&utm_campaign=gbp-listing
2026-03-26 17:17:44,219   ✅ Houston HVAC — (346) 772-7120 — http://www.callhoustonhvac.com/
2026-03-26 17:17:44,537   ✅ 75 Degree AC- Houston — (713) 598-2737 — https://75degreeac.com/?utm_source=GBP&utm_medium=GBP&utm_campaign=GBP
2026-03-26 17:17:44,816   ✅ Excel Air — (713) 300-2803 — http://www.excelairconditioning.com/
2026-03-26 17:17:45,094   ✅ Master AC and Heat, LLC- The Heights — (713) 750-9769 — http://masteracandheat.com/
2026-03-26 17:17:45,382   ✅ Ace Comfort Air Conditioning & Heating — (281) 658-5141 — http://www.acecomfort-tx.com/
2026-03-26 17:17:45,689   ✅ H-Town AC Repair HVAC services Houston — (832) 404-2062 — https://htownacrepair.com/
2026-03-26 17:17:46,015   ✅ Abacus Plumbing, Air Conditioning, & Electrical — (713) 812-7070 — https://www.abacusplumbing.net/?utm_campaign=gmb_ab-hou_home_everyone_gmb-houston&utm_medium=gmb&utm_source=google
2026-03-26 17:17:46,294   ✅ Baker-Jones Co. Inc — (713) 529-3418 — http://baker-jones.com/
2026-03-26 17:17:46,585   ✅ Southern Comfort Heating & Air Services — (832) 683-0537 — https://callsoutherncomfort.com/?utm_source=google&utm_medium=organic&utm_campaign=gbp_houston
2026-03-26 17:17:46,877   ✅ Air Specialist Air Conditioning & Plumbing — (713) 469-3443 — https://www.airspecialist.com/?utm_source=Google&utm_medium=GBP&utm_campaign=Organic_GBP_Air_Specialist
2026-03-26 17:17:47,167   ✅ Air Tech of Humble - Elite Comfort — (346) 236-1240 — https://www.airtechofhumble.com/locations/humble-tx/?utm_source=google-gbp&utm_medium=organic&utm_campaign=*20*air-tech-humble
2026-03-26 17:17:47,451   ✅ Ethan Clark Air Conditioning — (713) 236-1119 — http://www.ethanclark.com/
2026-03-26 17:17:47,733   ✅ Houston Smart Air Cooling and Heating — (281) 809-6444 — https://www.houstonsmartair.com/
2026-03-26 17:17:48,008   ✅ Bayou City Aire, LLC — (713) 568-9437 — http://www.bayoucityac.com/
2026-03-26 17:17:48,345   ✅ Vibrant Mechanical — (281) 436-9758 — https://vibrantmechanical.com/
2026-03-26 17:17:48,638   ✅ Nick's Plumbing & Air Conditioning — (713) 868-9907 — https://www.nicksplumbing.com/
2026-03-26 17:17:48,929   ✅ Houk Air Conditioning Houston — (409) 345-3244 — https://houkac.com/service-areas/houston/?utm_source=gbp&utm_medium=organic
2026-03-26 17:17:51,892   ✅ Aire Serv of Central & West Houston — (832) 432-7888 — https://aireserv.com/central-west-houston/?cid=LSTL_ASV-US000187&utm_source=gmb&utm_campaign=local&utm_medium=organic
2026-03-26 17:17:52,183   ✅ Revolution Air — (713) 213-4966 — http://www.revairtx.com/
2026-03-26 17:17:52,464   ✅ Punbar Air — (832) 736-4432 — https://www.punbarair.com/
2026-03-26 17:17:52,749   ✅ Elite Air Conditioning & Heating Houston — (281) 779-4578 — https://hvac-houston-tx.com/
2026-03-26 17:17:53,036   ✅ ASAP AIR A/C and Heating — (713) 862-1775 — https://www.asapairhoustonac.com/
2026-03-26 17:17:53,377   ✅ My Kelly's AC — (281) 909-7002 — https://www.mykellysac.com/?utm_source=cumulus&utm_medium=onlinepresence&utm_campaign=gbp
2026-03-26 17:17:53,656   ✅ Bodensteiner Service Inc — (713) 868-0050 — https://www.bsiairhouston.com/
2026-03-26 17:17:53,956   ✅ Optimal Air Solutions — (832) 779-1008 — https://optimalairsolutions.com/
2026-03-26 17:17:54,238   ✅ HVAC Repair Champions — (713) 885-9043 — https://usmapid.org/details/hvac-repair-champions-ChIJKZN
2026-03-26 17:17:54,527   ✅ The Chill Brothers — (844) 512-4455 — https://thechillbrothers.com/ac-installation-and-services-in-spring-tx/
2026-03-26 17:17:54,833   ✅ AAD Heating & Air Conditioning — (713) 379-1862 — https://aadheatingairconditioning.xyz/
2026-03-26 17:17:55,118   ✅ Houston HVAC Services . — (346) 340-0319 — no website
2026-03-26 17:17:55,417   ✅ Houston Air Conditioning AC & Heating Repair Co. — (346) 460-6556 — https://airconditioningandheatingofhoustonco.com/?utm_source=google&utm_medium=organic
2026-03-26 17:17:55,694   ✅ Jorden's Air Conditioning & Heating — (713) 389-4034 — https://www.jordensac.com/
2026-03-26 17:17:55,971   ✅ Strive HVAC & Construction — (832) 275-6615 — http://www.strivehvac.com/
2026-03-26 17:17:56,264   ✅ Houston Heating & Cooling Air Conditioning — (713) 280-5840 — no website
2026-03-26 17:17:56,542   ✅ Houston Heating And Air Conditioning — (281) 598-7907 — no website
2026-03-26 17:17:59,486   ✅ TEMPERTECH A/C & HEATING LLC — (281) 865-1886 — http://www.tempertechac.com/
2026-03-26 17:17:59,794   ✅ Houston Heating & Air Conditioning — (346) 340-0342 — no website
2026-03-26 17:18:00,154   ✅ HVAC Of Houston - AC Repair Service — (832) 819-0735 — https://www.hvacofhouston.com/
2026-03-26 17:18:00,460   ✅ The Chill Brothers — (844) 512-4455 — https://thechillbrothers.com/ac-repair-maintenance-houston/
2026-03-26 17:18:00,784   ✅ HVAC Repair & Air Duct Contractors - Houston, TX — (713) 379-9146 — no website
2026-03-26 17:18:01,085   ✅ Newmark Air Conditioning — (713) 804-2121 — http://www.newmarkac.com/
2026-03-26 17:18:01,417   ✅ Houston Heating & Air Conditioning — (346) 340-0123 — no website
2026-03-26 17:18:01,716   ✅ Aire Serv of Houston Midtown — (832) 775-8465 — https://www.aireserv.com/houston-midtown/?cid=LSTL_ASV-US000187&utm_source=gmb&utm_campaign=local&utm_medium=organic
2026-03-26 17:18:02,018   ✅ HVAC Repair & Air Duct Cleaning Pros — (713) 832-9894 — no website
2026-03-26 17:18:02,310   ✅ TemperaturePro — (713) 714-4674 — https://temperaturepro.com/new-territory-tx/?utm_source=google&utm_medium=organic&utm_campaign=gbp-houston
2026-03-26 17:18:02,599   ✅ Premier Air Conditioning & Heating — (713) 682-0888 — http://www.premieracandheat.com/
2026-03-26 17:18:02,930   ✅ HTS Texas — (832) 328-1010 — https://www.hts.com/texas/?l=houston
2026-03-26 17:18:03,232   ✅ Blueleaf Air Conditioning & Heating — (713) 295-9728 — https://callblueleafhvac.com/
2026-03-26 17:18:03,246   📊 Found 50, 49 new (rest were duplicates)
2026-03-26 17:18:04,246 
==================================================
2026-03-26 17:18:04,247 ✅ Scraping complete
2026-03-26 17:18:04,247    Total found:  50
2026-03-26 17:18:04,247    New leads:    49
2026-03-26 17:18:04,247    Duplicates:   1
2026-03-26 17:18:04,248    DB total:     109 leads (10 with emails)
2026-03-26 17:18:04,248 ==================================================

2026-03-26 17:18:04,413 
🔍 Searching: law firm in Phoenix, AZ
2026-03-26 17:18:05,607   ✅ The Law Offices Of Alcock & Associates P.C. — (602) 989-5000 — https://www.alcocklaw.com/
2026-03-26 17:18:05,897   ✅ Tyler Allen Law Firm — (602) 995-3777 — http://www.allenlawaz.com/
2026-03-26 17:18:06,173   ✅ Kelly Law Team Phoenix — (602) 283-4122 — https://www.jkphoenixpersonalinjuryattorney.com/?utm_source=google&utm_medium=organic&utm_campaign=gmb-phoenix
2026-03-26 17:18:06,492   ✅ Michael Cordova — (602) 878-4431 — https://www.mcordova.com/
2026-03-26 17:18:06,782   ✅ Burch & Cracchiolo, P.A. — (602) 274-7611 — https://www.bcattorneys.com/
2026-03-26 17:18:07,069   ✅ The Husband & Wife Law Team — (480) 405-0927 — https://husbandandwifelawteam.com/office-locations/arizona/east-valley-phoenix?utm_source=yext&utm_medium=Google_My_Business&utm_campaign=rayrd
2026-03-26 17:18:07,388   ✅ Big Chad Law — (602) 560-5820 — https://www.bigchadlaw.com/
2026-03-26 17:18:07,691   ✅ AZ Hometown Law Firm — (602) 254-8481 — no website
2026-03-26 17:18:07,989   ✅ Curry Pearson & Wooten PLC — (602) 258-1000 — http://www.azlaw.com/
2026-03-26 17:18:08,299   ✅ Shapiro Law Team — (480) 680-0783 — https://shapirolawaz.com/?utm_campaign=gmb&utm_medium=local&utm_source=gmb
2026-03-26 17:18:08,580   ✅ Phillips Law Group - Injury Lawyers — (602) 288-1591 — https://phillipslaw.com/?utm_source=GBP&utm_medium=GBP&utm_campaign=GBP_Phoenix&utm_id=GBP_Phoenix
2026-03-26 17:18:08,868   ✅ Adelayo Law Firm PLLC — (602) 258-1882 — https://adelayolaw.com/
2026-03-26 17:18:09,157   ✅ DuMond Law Firm, PLLC — (602) 803-4975 — https://www.dumondlawaz.com/
2026-03-26 17:18:09,439   ✅ Law Office of Daniel Hutto, PLLC — (602) 833-0986 — https://azcriminalandfamilylaw.com/?utm_campaign=gmb&utm_source=googlemaps
2026-03-26 17:18:09,725   ✅ The Husband & Wife Law Team — (928) 295-6331 — https://husbandandwifelawteam.com/office-locations/arizona/central-phoenix?utm_source=yext&utm_medium=Google_My_Business&utm_campaign=palmln
2026-03-26 17:18:10,002   ✅ Weiler Law PLLC — (480) 442-3410 — https://www.weilerlaw.com/
2026-03-26 17:18:10,286   ✅ Belen Law Firm, PLLC — (602) 715-0908 — https://www.belenlawfirm.com/
2026-03-26 17:18:10,585   ✅ Robinson Law Offices — (602) 888-8994 — http://www.robinsonlawoffices.com/
2026-03-26 17:18:10,867   ✅ Riley Law Firm, PLC — (602) 640-0719 — https://www.rileyplc.com/
2026-03-26 17:18:11,143   ✅ DM Cantor — (602) 307-0808 — https://dmcantor.com/
2026-03-26 17:18:14,248   ✅ Law Offices of David A. Black — (480) 280-8028 — http://www.dbphoenixcriminallawyer.com/
2026-03-26 17:18:14,519   ✅ Litwak Law Group — (480) 907-3531 — https://www.litwaklawgroup.com/?utm_campaign=gmb
2026-03-26 17:18:14,811   ✅ Morgan & Morgan — (602) 735-0250 — https://www.forthepeople.com/office-locations/arizona/phoenix/?utm_source=GMB&utm_medium=local&utm_campaign=PhoenixAZGMB
2026-03-26 17:18:15,121   ✅ Torgenson Law — (602) 962-3258 — https://www.torgensonlaw.com/?utm_campaign=gmb
2026-03-26 17:18:15,405   ✅ Jaburg Wilk — (602) 248-1000 — https://www.jaburgwilk.com/
2026-03-26 17:18:15,731   ✅ Shah Law Firm, PLLC — (602) 353-7889 — https://arjashahlaw.com/?utm_campaign=gmb&utm_source=googlemaps
2026-03-26 17:18:16,009   ✅ Barber Law Group — (602) 500-2261 — https://www.barberlawgroup.com/
2026-03-26 17:18:16,324   ✅ The Cavanagh Law Firm, P.A. — (602) 322-4000 — https://www.cavanaghlaw.com/?npcmp=dir:local:3397984:85004
2026-03-26 17:18:16,603   ✅ Enara Law — (602) 698-6787 — https://enaralaw.com/
2026-03-26 17:18:16,884   ✅ The People's Law Firm, PLC — (800) 999-4214 — https://www.the-plf.com/
2026-03-26 17:18:17,162   ✅ Salvador Ongaro Law Offices — (602) 524-0500 — http://www.ongarolawoffices.com/
2026-03-26 17:18:17,451   ✅ Arizona Law Group, Phoenix Divorce Lawyer & Family Law Attorneys — (602) 782-5663 — https://www.arizonalawgroup.com/?utm_source=google&utm_medium=gpb&utm_campaign=phoenix
2026-03-26 17:18:17,739   ✅ Gaxiola Law Group — (602) 960-7134 — http://www.criminallawaz.com/?utm_source=Local&utm_medium=Organic&utm_campaign=GMB
2026-03-26 17:18:18,034   ✅ Law Offices of Brian D Sloan — (480) 900-0384 — https://arizdui.com/?utm_source=local&utm_medium=organic&utm_campaign=gbp
2026-03-26 17:18:18,357   ✅ The Entrekin Law Firm — (602) 954-1123 — https://www.lanceentrekin.com/?utm_source=google&utm_medium=organic&utm_campaign=gbplisting
2026-03-26 17:18:28,459 Detail lookup failed for ChIJawQY4hgSK4cR8FRbBShVn38: HTTPSConnectionPool(host='maps.googleapis.com', port=443): Read timed out. (read timeout=10)
2026-03-26 17:18:28,748   ✅ Law Offices of Samuel P. Moeller, PLLC — (602) 900-9000 — https://www.spmoellerlaw.com/
2026-03-26 17:18:29,042   ✅ Merchant Law Firm — (602) 254-6010 — http://merchantlawaz.com/
2026-03-26 17:18:29,365   ✅ Runion Personal Injury Lawyers - Phoenix Office — (602) 584-9362 — https://www.runioninjurylaw.com/?utm_campaign=gmb&utm_medium=organic&utm_source=google
2026-03-26 17:18:29,655   ✅ Jennings, Strouss & Salmon, P.L.C. — (602) 262-5911 — no website
2026-03-26 17:18:32,831   ✅ Suzuki Law Offices, L.L.C. — (602) 610-0752 — https://www.suzukilawoffices.com/?utm_source=google&utm_medium=organic&utm_campaign=gbp-listing-phoenix
2026-03-26 17:18:33,157   ✅ Garcia Law Firm, PLC — (602) 340-1999 — http://www.bernardogarcialaw.com/
2026-03-26 17:18:33,462   ✅ Miller Kory Rowe — (602) 962-3823 — https://www.mkrfirm.com/?utm_source=GMB&utm_medium=GMB-link&utm_campaign=Google+My+Business+GMB
2026-03-26 17:18:33,760   ✅ Zachar Law Firm, P.C. — (602) 810-4023 — https://www.zacharassociates.com/downtown-phoenix/
2026-03-26 17:18:34,117   ✅ Phoenix Criminal Attorney Ferragut Law — (602) 324-5300 — https://ferragutlaw.com/
2026-03-26 17:18:34,417   ✅ Criminal Defense Attorney Josh - The Law Office of Joshua A. Lopez, LLC — (602) 975-3711 — https://theattorneyjosh.com/phoenix-criminal-defense-lawyer/
2026-03-26 17:18:34,708   ✅ Ballard Spahr LLP — (602) 798-5400 — http://www.ballardspahr.com/
2026-03-26 17:18:35,006   ✅ New Frontier Immigration Law — (623) 278-8137 — https://newfrontier.us/?utm_source=GBP&utm_medium=GBP&utm_campaign=GBP_Phoenix&utm_id=GBP_Phoenix
2026-03-26 17:18:35,300   ✅ Gammage & Burnham — (602) 256-0566 — http://www.gblaw.com/
2026-03-26 17:18:35,595   ✅ Federal Immigration Counselors, P.C. — (602) 254-5353 — https://www.ficpc.com/
2026-03-26 17:18:35,908   ✅ Best Law Firm — (480) 219-2433 — https://www.bestlawaz.com/
2026-03-26 17:18:35,932   📊 Found 50, 50 new (rest were duplicates)
2026-03-26 17:18:36,932 
==================================================
2026-03-26 17:18:36,933 ✅ Scraping complete
2026-03-26 17:18:36,933    Total found:  50
2026-03-26 17:18:36,933    New leads:    50
2026-03-26 17:18:36,933    Duplicates:   0
2026-03-26 17:18:36,934    DB total:     159 leads (10 with emails)
2026-03-26 17:18:36,935 ==================================================

2026-03-26 17:18:37,110 
🔍 Searching: hair salon in Dallas, TX
2026-03-26 17:18:38,102   ✅ Hair Revival Studio — (214) 390-6138 — https://hairrevivalstudio.com/
2026-03-26 17:18:38,385   ✅ Tangerine Salon — (972) 236-4725 — https://www.tangerinesalon.net/dallas-hair-salon
2026-03-26 17:18:38,662   ✅ Lure Salon — (214) 919-5873 — http://www.luresalondallas.com/
2026-03-26 17:18:38,959   ✅ Republic Hair Co — (469) 469-0303 — https://republichairco.com/
2026-03-26 17:18:39,239   ✅ House of Dear — (214) 397-0700 — https://houseofdearhairsalon.com/
2026-03-26 17:18:39,516   ✅ Salon D — (972) 788-0975 — https://www.salond.com/?utm_campaign=gmb
2026-03-26 17:18:39,822   ✅ Voss Salon — (877) 424-6722 — http://www.vosssalon.com/
2026-03-26 17:18:40,114   ✅ Ritual Hair Co. Hair salon & Hair Extensions and Headspa — (214) 814-1938 — https://www.ritualhaircosalon.com/
2026-03-26 17:18:40,434   ✅ Derek Sansone Hair — (972) 741-9723 — http://dereksansonehair.com/
2026-03-26 17:18:40,717   ✅ Salon 5014 — (469) 426-4308 — http://www.salon5014.com/
2026-03-26 17:18:41,007   ✅ RAW Hair & Co. — (469) 965-8500 — http://rawhairandco.com/about/
2026-03-26 17:18:41,341   ✅ Indigo Child — (254) 439-4634 — https://indigochilddallas.com/
2026-03-26 17:18:41,631   ✅ MANE — (214) 531-9157 — http://www.manesalondallas.com/
2026-03-26 17:18:41,914   ✅ Bigger Better Hair Salon — (214) 734-6596 — https://biggerbetterhair.com/
2026-03-26 17:18:42,229   ✅ My Salon Suite — (682) 877-8483 — https://www.mysalonsuite.com/deepellum?utm_source=google_business&utm_medium=search&utm_campaign=profile
2026-03-26 17:18:42,529   ✅ Pressed Roots — (978) 707-9545 — https://pressedroots.com/
2026-03-26 17:18:42,827   ✅ La Maison Salon — (214) 907-3298 — http://www.lamaisondallas.com/
2026-03-26 17:18:43,118   ✅ Unicorn Hair Queen Extensions — (214) 919-3055 — http://www.unicornhairqueen.com/
2026-03-26 17:18:43,399   ✅ Clark and Company — (214) 242-9250 — http://clarkandcompany.hair/
2026-03-26 17:18:43,690   ✅ Carolina and Co. — (972) 290-0893 — http://carolinaandcosalon.com/
2026-03-26 17:18:46,684   ✅ Willie & Coote Salon — (214) 887-8647 — http://willieandcoote.com/
2026-03-26 17:18:46,976   ✅ The Studio 201 — (945) 246-6427 — https://www.thestudio201.com/
2026-03-26 17:18:47,271   ✅ JOHN SALON - Dallas Balayage & Hair Extensions — (972) 762-4784 — https://johnsalon.com/
2026-03-26 17:18:47,545   ✅ The Songbird Society — (214) 443-3871 — http://www.thesongbirdsociety.com/
2026-03-26 17:18:47,825   ✅ Groove Hair Salon — (214) 748-4247 — http://www.groovehairsalon.com/
2026-03-26 17:18:48,113   ✅ Tru Salon — (214) 965-0373 — http://www.trusalondallas.com/
2026-03-26 17:18:48,404   ✅ Avalon Salons and Spa — (214) 969-1901 — https://avalon-salon.com/
2026-03-26 17:18:48,690   ✅ Brittany Deen & Co. — (818) 415-0083 — https://www.brittanydeen.com/
2026-03-26 17:18:48,974   ✅ VM Hair Dressing — (214) 729-7205 — https://squareup.com/appointments/book/DTV6GSK9B2FXS
2026-03-26 17:18:49,258   ✅ ROSE STYLE STUDIO — (214) 382-6819 — http://rosestylestudio.com/
2026-03-26 17:18:49,536   ✅ ERA Salon — (214) 520-6767 — http://www.erasalon.com/
2026-03-26 17:18:49,835   ✅ Crecer Dallas — (972) 863-9288 — https://crecerdallas.com/
2026-03-26 17:18:50,135   ✅ Palma Hair Studio — (214) 264-8256 — http://palmahairstudio.com/
2026-03-26 17:18:50,424   ✅ Meke The Salon — (972) 803-6941 — https://upscalesalondallas.com/
2026-03-26 17:18:50,739   ✅ Live Hair Group — (214) 742-4363 — no website
2026-03-26 17:18:51,019   ✅ FREEHAND — (469) 381-4233 — http://www.freehanddallas.com/
2026-03-26 17:18:51,297   ✅ Salons of Dallas Suites at Hi Line — (214) 350-2585 — https://salonsofdallas.com/
2026-03-26 17:18:51,586   ✅ Tonya Beauty — (817) 874-7662 — http://www.tonyabeauty.com/
2026-03-26 17:18:51,869   ✅ Hair N Color — (469) 360-3372 — https://usabizlink.top/details/hair-n-color-ChIJLYv
2026-03-26 17:18:52,153   ✅ Dolls and Beaus Salon — (323) 449-5678 — http://www.dollsandbeaus.com/
2026-03-26 17:18:55,283   ✅ Laura Elizabeth Hair — (214) 242-9250 — https://www.scheduleanyone.com/clarkandcompany
2026-03-26 17:18:55,851   ✅ Golden Hour Salon — (469) 518-8039 — http://goldenhoursalon.com/
2026-03-26 17:18:56,144   ✅ l.a.r.c. Salon — (214) 526-2226 — http://www.larcsalon.com/
2026-03-26 17:18:56,431   ✅ Hair Lounge — (214) 824-3355 — no website
2026-03-26 17:18:56,712   ✅ HERcurls Studio — (214) 779-8095 — http://www.hercurls.com/
2026-03-26 17:18:56,996   ✅ The Society — (214) 758-0585 — https://www.thesocietydallas.com/
2026-03-26 17:18:57,326   ✅ Dallas Hair Company — (214) 370-4247 — http://www.dallashaircompany.com/
2026-03-26 17:18:57,625   ✅ Form — (214) 369-2500 — http://www.formhairsalon.com/
2026-03-26 17:18:57,940   ✅ Salo by M&R — (469) 248-0345 — no website
2026-03-26 17:18:58,234   ✅ Salon Aura — (214) 443-0454 — http://www.salonauradallas.com/
2026-03-26 17:18:58,247   📊 Found 50, 50 new (rest were duplicates)
2026-03-26 17:18:59,248 
==================================================
2026-03-26 17:18:59,249 ✅ Scraping complete
2026-03-26 17:18:59,249    Total found:  50
2026-03-26 17:18:59,249    New leads:    50
2026-03-26 17:18:59,249    Duplicates:   0
2026-03-26 17:18:59,249    DB total:     209 leads (10 with emails)
2026-03-26 17:18:59,250 ==================================================

