2026-05-12 14:00:04,748 🔄 Auto-rotation day 132: veterinary clinic in Charlotte, NC
2026-05-12 14:00:04,751 
🔍 Searching: veterinary clinic in Charlotte, NC
2026-05-12 14:00:05,805   ✅ Stand For Animals Veterinary Clinic — (704) 970-2711 — http://www.standforanimals.org/
2026-05-12 14:00:06,087   ✅ Carolina Veterinary Specialists Charlotte — (704) 303-8363 — https://charlotte.carolinavet.com/
2026-05-12 14:00:06,406   ✅ Petfolk Veterinary & Urgent Care - SouthPark — (980) 580-8079 — https://petfolk.com/locations/charlotte-nc/vet-clinics/south-park?utm_source=gbp&utm_medium=referral&utm_campaign=gbp_south-park&utm_content=website_link
2026-05-12 14:00:06,677   ✅ CARE | Charlotte Animal Referral & Emergency — (704) 457-2300 — https://carecharlotte.com/
2026-05-12 14:00:06,945   ✅ Independence Veterinary Clinic — (704) 841-1313 — https://independenceveterinaryclinic.com/
2026-05-12 14:00:07,186   ✅ Armstrong Animal Clinic — (704) 334-1996 — https://www.armstronganimalclinic.com/
2026-05-12 14:00:07,544   ✅ South End Veterinary Clinic — (704) 632-8012 — http://www.southendvet.com/
2026-05-12 14:00:07,837   ✅ Epic Tails Veterinary Clinic — (704) 523-8015 — https://www.epictailsvet.com/
2026-05-12 14:00:08,071   ✅ GoodVets Montford — (704) 924-4700 — https://goodvets.com/locations/charlotte/montford
2026-05-12 14:00:08,271   ✅ Ark Veterinary Services PLLC — (704) 675-7387 — https://www.arkvetllc.com/
2026-05-12 14:00:08,548   ✅ VEG ER for Pets — (980) 880-6062 — https://www.veg.com/locations/north-carolina/charlotte?utm_source=organic_google&utm_medium=gbp_link&utm_campaign=locations_page&utm_content=charlotte
2026-05-12 14:00:08,774   ✅ CityVet | Charlotte Uptown Veterinary Clinic & Urgent Care — (980) 249-3113 — http://www.cityvet.com/charlotte-uptown/?utm_source=yext&utm_medium=organic&utm_campaign=charlotte-uptown
2026-05-12 14:00:11,495   ✅ Harris Boulevard Veterinary Clinic — (704) 596-7387 — http://harrisblvdveterinaryclinic.com/
2026-05-12 14:00:11,692   ✅ Carolina Veterinary Specialists Matthews — (980) 446-1466 — https://matthews.carolinavet.com/
2026-05-12 14:00:11,947   ✅ Spay Neuter Clinic of the Carolinas — (704) 542-9997 — http://spayneutercarolinas.com/
2026-05-12 14:00:12,103   ✅ CLT Vets — (704) 703-8363 — http://www.cltvets.com/
2026-05-12 14:00:12,314   ✅ Pineville Animal Clinic — (704) 527-2030 — https://pinevilleanimalclinic.com/
2026-05-12 14:00:12,651   ✅ Matthews Animal Clinic — (704) 847-9856 — http://www.matthewsanimalclinic.com/
2026-05-12 14:00:12,906   ✅ Charlotte Natural Animal Clinic — (980) 819-7402 — http://www.charlottenaturalanimal.com/
2026-05-12 14:00:13,183   ✅ Plantation Animal Clinic — (704) 841-2225 — https://www.thrivepetcare.com/locations/north-carolina/matthews/plantation-animal-clinic?utm_source=google&utm_medium=gmb
2026-05-12 14:00:15,787   ✅ GoodVets Myers Park — (704) 979-4015 — https://goodvets.com/locations/charlotte/myers-park
2026-05-12 14:00:15,997   ✅ GoodVets Plaza Midwood — (704) 980-8355 — https://goodvets.com/locations/charlotte/plaza-midwood
2026-05-12 14:00:16,135   ✅ Avery Animal Clinic — (704) 594-2215 — https://averyanimalclinic.com/
2026-05-12 14:00:16,276   ✅ CityVet | Lower South End — (704) 749-0555 — https://www.cityvet.com/lower-south-end/?utm_source=yext&utm_medium=organic&utm_campaign=lower-south-end
2026-05-12 14:00:16,549   ✅ Stand For Animals Veterinary Clinic — (704) 970-2711 — http://www.standforanimals.org/
2026-05-12 14:00:16,705   ✅ Stand For Animals Veterinary Clinic — (704) 970-2711 — http://www.standforanimals.org/
2026-05-12 14:00:16,988   ✅ Mobile Vet Clinic-Charlotte NC — (704) 522-0677 — http://www.mobilevet.com/
2026-05-12 14:00:17,224   ✅ Vetco Vaccination Clinic — (704) 916-4047 — https://stores.petco.com/nc/charlotte/vaccinations-charlotte-nc-2533.html
2026-05-12 14:00:17,391   ✅ Dr. Brad Brown, DVM — (704) 523-2996 — http://www.longanimal.com/
2026-05-12 14:00:17,412   📊 Found 29, 27 new (rest were duplicates)
2026-05-12 14:00:18,413 
==================================================
2026-05-12 14:00:18,413 ✅ Scraping complete
2026-05-12 14:00:18,413    Total found:  29
2026-05-12 14:00:18,413    New leads:    27
2026-05-12 14:00:18,413    Duplicates:   2
2026-05-12 14:00:18,417    DB total:     1249 leads (849 with emails)
2026-05-12 14:00:18,417 ==================================================

