2026-04-09 14:00:08,272 🔄 Auto-rotation day 99: cleaning service in Jacksonville, FL
2026-04-09 14:00:08,272 
🔍 Searching: cleaning service in Jacksonville, FL
2026-04-09 14:00:09,000   ✅ Wonderfully Maid Cleaning, LLC — (904) 235-6554 — http://maidwonderfully.com/
2026-04-09 14:00:09,263   ✅ Fresh Look Home Cleaning — (904) 705-3806 — http://www.freshlookhomecleaning.com/
2026-04-09 14:00:09,498   ✅ Evolution DR Cleaning Services — (904) 258-8621 — https://evolutiondrcleaning.com/?utm_source=gmb&utm_medium=website+button&utm_campaign=clicks
2026-04-09 14:00:09,761   ✅ The Cleaning Authority - Jacksonville — (904) 572-1640 — https://www.thecleaningauthority.com/jacksonville
2026-04-09 14:00:09,991   ✅ Lili Cleaning Services — (904) 395-1919 — https://www.lilicleaningservices.com/
2026-04-09 14:00:10,229   ✅ First Coast Home Pros — (904) 383-7721 — https://www.firstcoasthomepros.com/?utm_source=google&utm_medium=organic&utm_campaign=gmb-listing-jacksonville
2026-04-09 14:00:10,413   ✅ Cleanservices Jacksonville — (904) 447-5668 — https://cleanservicesjax.com/
2026-04-09 14:00:10,673   ✅ Merry Maids of Jacksonville — (904) 842-4671 — https://merrymaids.com/home-cleaners-jacksonville-fl?utm_source=google&utm_medium=organic&utm_campaign=gmb
2026-04-09 14:00:10,867   ✅ Star Jax Cleaning Services — (904) 506-8802 — https://starjaxcleaning.com/
2026-04-09 14:00:11,051   ✅ Two Maids — (904) 739-9476 — http://www.twomaidsjacksonville.com/
2026-04-09 14:00:11,211   ✅ Fabby Cleaning Services — (904) 720-2202 — https://fabbycleaningserv.com/?utm_source=google_meu_negocio&utm_medium=organic&utm_campaign=google_meu_negocio
2026-04-09 14:00:11,451   ✅ Enviro-Master of Jacksonville — (904) 944-5155 — https://enviro-master.com/commercial-cleaning-locations/jacksonville-florida/?utm_source=gbp&utm_medium=organic
2026-04-09 14:00:11,651   ✅ Maidpro Jacksonville — (904) 494-6070 — http://www.maidpro.com/
2026-04-09 14:00:11,853   ✅ Maid Brigade of Jacksonville — (904) 886-7415 — https://www.maidbrigade.com/fl/jacksonville/
2026-04-09 14:00:12,084   ✅ Bela Maids Housecleaning Services — (904) 380-1702 — https://belamaids.com/
2026-04-09 14:00:12,293   ✅ All That Cleaning Jacksonville — (904) 561-1400 — http://atcjax.com/
2026-04-09 14:00:12,509   ✅ Molly Maid of Greater Jacksonville and Clay County — (904) 337-6947 — https://www.mollymaid.com/locations/florida/orange-park/?cid=LSTL_MLY000192&utm_source=gmb&utm_campaign=local&utm_medium=organic
2026-04-09 14:00:15,164   ✅ Jani-King of Jacksonville — (904) 346-3000 — https://www.janiking.com/commercial-cleaning/jacksonville/
2026-04-09 14:00:15,389   ✅ JAN-PRO Cleaning & Disinfecting in Jacksonville — (904) 746-9730 — https://jan-pro.com/jacksonville/?utm_source=gmb&utm_medium=organic_traffic&utm_campaign=google_my_business
2026-04-09 14:00:15,564   ✅ Clean It All Jax — (786) 301-4872 — https://www.cleanitalljax.com/
2026-04-09 14:00:15,714   ✅ Maya Cleaning Services — (904) 366-9990 — https://www.mayacleaningservicesjax.com/
2026-04-09 14:00:15,895   ✅ Patriot Maids Cleaning Services — (904) 807-2910 — https://patriotmaids.com/location/fl/jacksonville/
2026-04-09 14:00:16,111   ✅ Maidpro of St Johns , Clay County & Jacksonville — (904) 494-6070 — https://www.maidpro.com/
2026-04-09 14:00:16,284   ✅ Tina Maids — (904) 442-3948 — https://tinamaidspro.com/
2026-04-09 14:00:16,437   ✅ Sparkle and Shine Cleaning and Handyman Services LLC — (904) 480-7037 — https://www.facebook.com/SparkleandShineofJax?mibextid=ZbWKwL
2026-04-09 14:00:16,585   ✅ CCS Maid Service — (910) 459-1408 — http://ccsmaidservice.com/
2026-04-09 14:00:16,709   ✅ Annie's Cleaners LLC Florida — (904) 428-3950 — https://www.anniescleaningfl.com/
2026-04-09 14:00:16,856   ✅ Lisas's Cleaning Services — (904) 554-9010 — no website
2026-04-09 14:00:19,545   ✅ The Maids in Jacksonville — (904) 928-0559 — https://www.maids.com/137/?utm_source=GMB_listing&utm_medium=organic
2026-04-09 14:00:19,711   ✅ As You Like It Housekeeping Referral Agency — (904) 242-9394 — https://www.asyoulikeitjax.com/
2026-04-09 14:00:19,895   ✅ Expert Cleaner's LLC — (904) 414-2300 — https://expert-cleaners.com/
2026-04-09 14:00:19,923   📊 Found 31, 31 new (rest were duplicates)
2026-04-09 14:00:20,924 
==================================================
2026-04-09 14:00:20,924 ✅ Scraping complete
2026-04-09 14:00:20,924    Total found:  31
2026-04-09 14:00:20,924    New leads:    31
2026-04-09 14:00:20,924    Duplicates:   0
2026-04-09 14:00:20,926    DB total:     480 leads (387 with emails)
2026-04-09 14:00:20,927 ==================================================

