2026-05-08 14:00:03,905 🔄 Auto-rotation day 128: fitness center in San Jose, CA
2026-05-08 14:00:03,905 
🔍 Searching: fitness center in San Jose, CA
2026-05-08 14:00:04,856   ✅ Vim + Vigor Fitness — (408) 580-0819 — https://vnvfit.com/locations/san-jose
2026-05-08 14:00:05,086   ✅ 24 Hour Fitness — (408) 457-6866 — https://www.24hourfitness.com/gyms/san-jose-ca/east-side-san-jose-super-sport?Adb_id=GGL_LOC_ACQ_CDP
2026-05-08 14:00:05,413   ✅ The Plex Athletic Club — (408) 226-8080 — https://theplexathleticclub.com/
2026-05-08 14:00:05,697   ✅ Anytime Fitness — (408) 827-4994 — https://www.anytimefitness.com/locations/san-jose-california-5039
2026-05-08 14:00:05,887   ✅ YBX Fitness — (669) 282-5383 — https://ybxfitness.com/
2026-05-08 14:00:06,128   ✅ Villa Sport Athletic Club — (408) 785-0320 — https://www.villasport.com/san-jose/
2026-05-08 14:00:06,399   ✅ Forma Gym San Jose - Personal Training & Fitness Classes — (408) 363-1010 — https://formagym.com/locations/san-jose/
2026-05-08 14:00:06,710   ✅ 24 Hour Fitness — (408) 490-3019 — https://www.24hourfitness.com/gyms/san-jose-ca/san-jose-super-sport?Adb_id=GGL_LOC_ACQ_CDP
2026-05-08 14:00:06,978   ✅ Crunch Fitness - San Jose — (669) 400-0411 — https://www.crunch.com/locations/san-jose
2026-05-08 14:00:07,272   ✅ Anytime Fitness — (408) 790-1790 — https://www.anytimefitness.com/locations/san-jose-california-4922/
2026-05-08 14:00:07,440   ✅ 24 Hour Fitness — (408) 513-3124 — https://www.24hourfitness.com/gyms/san-jose-ca/eastridge-super-sport?Adb_id=GGL_LOC_ACQ_CDP
2026-05-08 14:00:07,630   ✅ Focus Fitness Club — (408) 224-2700 — https://focusfitnessclub.com/
2026-05-08 14:00:07,927   ✅ WESTCA — (408) 564-0705 — http://www.westcasj.com/?y_source=1_MjQ5NTUzNzQtNzE1LWxvY2F0aW9uLndlYnNpdGU%3D
2026-05-08 14:00:08,162   ✅ Elite Spartans Gym — (408) 624-7479 — https://www.elitespartans.com/
2026-05-08 14:00:08,403   ✅ Elite Pro Fitness — (408) 444-9197 — https://www.eliteprofitca.com/
2026-05-08 14:00:08,592   ✅ City Sports Club — (408) 490-2164 — https://citysportsfitness.com/Pages/clubhome.aspx?clubid=906&utm_source=google&utm_medium=googlemaps&utm_campaign=maps
2026-05-08 14:00:08,752   ✅ 24 Hour Fitness — (408) 295-6666 — https://www.24hourfitness.com/gyms/san-jose-ca/parkmoor-sport?Adb_id=GGL_LOC_ACQ_CDP
2026-05-08 14:00:08,902   ✅ Hyper Strength and Conditioning — (669) 238-2262 — https://www.hscgym.com/?y_source=1_MzYyMzUxNjMtNzE1LWxvY2F0aW9uLndlYnNpdGU%3D
2026-05-08 14:00:09,125   ✅ 24 Hour Fitness — (408) 513-3398 — https://www.24hourfitness.com/gyms/san-jose-ca/willow-glen-super-sport?Adb_id=GGL_LOC_ACQ_CDP
2026-05-08 14:00:09,291   ✅ 24 Hour Fitness — (408) 723-2639 — https://www.24hourfitness.com/gyms/san-jose-ca/hillsdale-super-sport?Adb_id=GGL_LOC_ACQ_CDP
2026-05-08 14:00:12,126   ✅ The Plex — (408) 225-1843 — http://www.gotoplex.com/
2026-05-08 14:00:12,407   ✅ Student Union, Inc. Spartan Recreation and Aquatic Center — (408) 924-6368 — https://www.spartanrecreation.com/
2026-05-08 14:00:12,605   ✅ Pacific Spin & Strength — (408) 506-1995 — https://spinstrength.com/
2026-05-08 14:00:12,751   ✅ Crunch Fitness - Winchester — (408) 478-2800 — https://www.crunch.com/locations/winchester
2026-05-08 14:00:12,888   ✅ The Camp Transformation Center — (408) 389-7697 — https://thecamptc.com/locations/san-jose-california
2026-05-08 14:00:13,026   ✅ City Sports Club — (408) 273-7185 — https://citysportsfitness.com/Pages/clubhome.aspx?clubid=662&utm_source=google&utm_medium=googlemaps&utm_campaign=maps
2026-05-08 14:00:13,236   ✅ Brick House Fitness — (408) 444-6940 — http://www.brickhousesj.com/
2026-05-08 14:00:13,437   ✅ WarFitness Bay Area — (408) 704-0204 — https://linktr.ee/warfitnessbayarea
2026-05-08 14:00:13,643   ✅ Gym Strength Pro — (408) 510-4530 — https://www.gymcheckpro.com/
2026-05-08 14:00:13,902   ✅ Planet Fitness — (408) 532-1215 — https://www.planetfitness.com/gyms/san-jose-aborn-ca?utm_medium=organic&utm_source=extnet
2026-05-08 14:00:14,071   ✅ Unbound Fitness & Wellness — (408) 320-9323 — https://www.unboundfitlife.com/
2026-05-08 14:00:14,220   ✅ Red Dot Fitness — (408) 242-9442 — http://www.reddotfitness.net/
2026-05-08 14:00:14,361   ✅ Planet Fitness — (408) 248-1566 — https://www.planetfitness.com/gyms/san-jose-saratoga-ave-ca?utm_medium=organic&utm_source=extnet
2026-05-08 14:00:14,531   ✅ 24 Hour Fitness — (408) 223-4411 — https://www.24hourfitness.com/gyms/san-jose-ca/capitol-expressway-sport?Adb_id=GGL_LOC_ACQ_CDP
2026-05-08 14:00:14,708   ✅ Barry's Santana Row — (408) 345-0382 — https://www.barrys.com/studio/santana-row
2026-05-08 14:00:14,894   ✅ Lift Pro Fitness — (408) 726-5107 — http://www.liftprofitness.com/
2026-05-08 14:00:15,125   ✅ American Barbell Clubs — (408) 271-2416 — http://www.americanbarbellclubs.com/
2026-05-08 14:00:15,259   ✅ Planet Fitness — (669) 317-1180 — https://www.planetfitness.com/gyms/san-jose-gould-plaza-ca?utm_medium=organic&utm_source=extnet
2026-05-08 14:00:15,408   ✅ X-treme Athletics — (408) 443-3251 — http://maddoxmethod.com/
2026-05-08 14:00:18,060   ✅ Thunder Fitness San Jose — (408) 691-8951 — https://www.thunderfitnesssanjose.com/
2026-05-08 14:00:18,280   ✅ BARBELL ATHLETIC — (669) 216-9263 — https://www.barbellathletic.com/
2026-05-08 14:00:18,414   ✅ Hills Training — (408) 600-7602 — https://m.facebook.com/Hillstraining1/
2026-05-08 14:00:18,715   ✅ Timpany Center — (408) 283-9036 — https://www.sjsu.edu/timpany/
2026-05-08 14:00:18,870   ✅ Planet Fitness — (408) 786-2410 — https://www.planetfitness.com/gyms/san-jose-sun-garden-ca?utm_medium=yext&utm_source=extnet
2026-05-08 14:00:19,077   ✅ Croga Fitness - Gym — (408) 351-2149 — http://crogafitness.com/
2026-05-08 14:00:19,210   ✅ Orangetheory Fitness — (408) 912-1992 — https://www.orangetheory.com/en-us/locations/san-jose-california-0434?utm_medium=seo&utm_source=gg&utm_term=corporate&utm_campaign=soci
2026-05-08 14:00:19,476   ✅ Bascom Community Center — (408) 794-6289 — https://www.sanjoseca.gov/Home/Components/FacilityDirectory/FacilityDirectory/16/2040
2026-05-08 14:00:19,619   ✅ Hella Strength — (408) 772-4234 — http://www.hella-strength.com/
2026-05-08 14:00:19,813   ✅ HOTWORX - San Jose, CA - Downtown — (408) 320-1030 — https://www.hotworx.net/studio/sanjose-downtown?utm_source=google&utm_medium=organic&utm_campaign=gbp
2026-05-08 14:00:20,025   ✅ Roosevelt Community Center — (408) 794-7555 — https://www.sanjoseca.gov/home/components/facilitydirectory/facilitydirectory/76/2028
2026-05-08 14:00:20,043   📊 Found 50, 50 new (rest were duplicates)
2026-05-08 14:00:21,043 
==================================================
2026-05-08 14:00:21,043 ✅ Scraping complete
2026-05-08 14:00:21,043    Total found:  50
2026-05-08 14:00:21,043    New leads:    50
2026-05-08 14:00:21,043    Duplicates:   0
2026-05-08 14:00:21,046    DB total:     1172 leads (771 with emails)
2026-05-08 14:00:21,047 ==================================================

