2026-04-23 14:00:04,433 🔄 Auto-rotation day 113: HVAC contractor in Portland, OR
2026-04-23 14:00:04,434 
🔍 Searching: HVAC contractor in Portland, OR
2026-04-23 14:00:05,379   ✅ Sky Heating, AC, Plumbing & Electrical — (971) 299-7441 — https://skyheating.com/
2026-04-23 14:00:05,680   ✅ AAA Heating & Cooling — (503) 284-2173 — https://aaaheatingandcoolinginc.com/
2026-04-23 14:00:05,935   ✅ Sunset Heating & Cooling — (503) 500-5855 — https://www.sunsethc.com/?utm_source=google-gbp&utm_medium=organic&utm_campaign=*197*sunset-heating-portland
2026-04-23 14:00:06,117   ✅ Efficiency Heating & Cooling — (503) 908-6066 — https://www.eheatcool.com/?utm_source=gbp&utm_medium=organic&utm_campaign=portland
2026-04-23 14:00:06,401   ✅ Sun Glow Inc. — (503) 610-3033 — https://sunglowinc.com/?utm_source=organic&utm_medium=gbp
2026-04-23 14:00:06,647   ✅ Pyramid Heating & Cooling — (503) 783-8488 — https://www.pyramidheating.com/
2026-04-23 14:00:06,820   ✅ Integrity Air LLC — (503) 558-6945 — https://integrityairllc.com/
2026-04-23 14:00:07,097   ✅ Efficiency Heating & Cooling — (503) 447-6462 — https://www.eheatcool.com/?utm_source=gbp&utm_medium=organic&utm_campaign=milwaukie
2026-04-23 14:00:07,329   ✅ Central Air Heating, Cooling & Plumbing — (971) 435-7303 — https://www.centralairpdx.com/?utm_source=google&utm_medium=organic&utm_campaign=gbp
2026-04-23 14:00:07,498   ✅ Jacobs Heating & Air Conditioning, Inc. — (503) 234-7331 — https://jacobsheating.com/?utm_source=GoogleMyBusiness&utm_medium=organic
2026-04-23 14:00:07,762   ✅ Rose City Heating & Air — (503) 636-5371 — http://www.rosecityheating.com/
2026-04-23 14:00:08,040   ✅ Central Air Heating, Cooling & Plumbing — (503) 656-1908 — https://www.centralairpdx.com/?utm_source=google&utm_medium=organic&utm_campaign=gbp
2026-04-23 14:00:08,255   ✅ Heating & Air Conditioning of Portland — (503) 483-2705 — no website
2026-04-23 14:00:08,421   ✅ Able Heating & Cooling LLC — (503) 579-2250 — http://www.ableheatingandcooling.com/
2026-04-23 14:00:08,584   ✅ Comfort Solutions Heating & Cooling — (503) 262-9276 — https://comfortsolutionspdx.com/
2026-04-23 14:00:08,810   ✅ Oregon Heating & Air Conditioning, LLC — (971) 444-6310 — https://www.oregonheating.com/
2026-04-23 14:00:08,976   ✅ Cornel's Plumbing, Heating & Air Conditioning — (503) 523-4854 — https://cornelsplumbing.com/?utm_source=gbp&utm_medium=organic
2026-04-23 14:00:09,184   ✅ Heat Relief Heating & Cooling — (503) 261-9915 — https://www.heatrelieftoday.com/?utm_campaign=Google+My+Business&utm_source=GMB&utm_medium=organic&utm_content=Website
2026-04-23 14:00:09,339   ✅ Specialty Heating & Cooling — (503) 433-3323 — https://www.specialtyheating.com/
2026-04-23 14:00:09,476   ✅ Air Stars Heating, AC, Plumbing & Electrical — (503) 304-1320 — https://callairstars.com/
2026-04-23 14:00:12,157   ✅ Cornel's Plumbing, Heating & Air Conditioning — (503) 658-9346 — https://cornelsplumbing.com/east-portland-plumbers/?utm_source=gbp&utm_medium=organic&utm_campaign=east
2026-04-23 14:00:12,309   ✅ Watts Heating & Cooling — (503) 647-4801 — https://wattsheating.com/?utm_campaign=gmb&utm_id=watts_gmb_website&utm_medium=organic&utm_source=google
2026-04-23 14:00:12,469   ✅ Wolfer’s Home Services — (503) 433-3775 — https://wolfersheating.com/?utm_source=google&utm_medium=gbp&se_campaign=Google%20Business%20Profile
2026-04-23 14:00:12,675   ✅ Climate Control — (503) 374-9449 — https://www.climatecontrolinc.com/
2026-04-23 14:00:12,888   ✅ Advanced Heating & Air Conditioning, Inc — (503) 774-0161 — https://advancedheatinginc.com/
2026-04-23 14:00:13,018   ✅ Anctil Heating & Cooling — (503) 832-4038 — https://anctilheating-cooling.com/?utm_campaign=gmb
2026-04-23 14:00:13,154   ✅ Precision Heating & Cooling — (503) 784-1270 — http://www.precisionheatingco.com/
2026-04-23 14:00:13,374   ✅ Sunnyside Heating & Cooling — (503) 777-1696 — http://www.sunnyside-hvac.com/
2026-04-23 14:00:13,603   ✅ Max Air Heating, Cooling & Refrigeration — (503) 716-1812 — http://www.maxmechservice.com/
2026-04-23 14:00:13,781   ✅ First Call Heating & Cooling — (503) 433-3499 — https://www.firstcallheat.com/
2026-04-23 14:00:13,919   ✅ Cost Plus Heating & Air — (503) 286-2009 — https://costplusheating.com/
2026-04-23 14:00:14,059   ✅ Evergreen Gas Heating & Cooling — (503) 433-3122 — http://www.evergreengas.net/
2026-04-23 14:00:14,198   ✅ Rapid Portland OR AC Repair — (503) 278-7668 — https://rapidportlandoracrepair.com/
2026-04-23 14:00:14,365   ✅ EcoTemp Portland HVAC Repair — (503) 961-8417 — https://portlandecotempclimatesolutions.com/
2026-04-23 14:00:14,522   ✅ Pro Heating and Cooling, INC. — (971) 397-7349 — http://www.proheatingandcoolinginc.com/?utm_source=google&utm_medium=organic&utm_campaign=GMBListing-Hillsboro-OR
2026-04-23 14:00:14,676   ✅ Three Rivers Heating and Cooling — (503) 739-5400 — https://www.threeriversheating.com/
2026-04-23 14:00:14,818   ✅ Columbia Heating & Cooling — (503) 624-2704 — https://www.columbiahvac.net/
2026-04-23 14:00:14,972   ✅ Tru Air Heating and Cooling LLC — (503) 396-6852 — http://truairpdx.com/
2026-04-23 14:00:15,117   ✅ MP Heating & Air Conditioning — (503) 419-7948 — https://mpcomfort.com/
2026-04-23 14:00:15,244   ✅ Allen Brothers — (971) 290-5510 — https://allenbrothersplumbers.com/
2026-04-23 14:00:17,993   ✅ Portland Air Conditioning & Heating — (971) 484-4490 — no website
2026-04-23 14:00:18,201   ✅ Portland Heating & Air Conditioning — (503) 436-3027 — https://www.portlandheatandac.com/
2026-04-23 14:00:18,361   ✅ Northwest Heating & Cooling — (503) 593-6434 — https://www.nwheatingandcooling.com/
2026-04-23 14:00:18,508   ✅ Noble Heating & Air — (503) 875-8351 — http://www.nobleheating.com/
2026-04-23 14:00:18,731   ✅ D&F Plumbing, Heating and Cooling — (503) 664-0938 — https://dandfplumbing.com/
2026-04-23 14:00:18,886   ✅ Arctic Heating & Refrigeration, Inc. — (503) 735-2808 — https://arcticpdx.com/
2026-04-23 14:00:19,024   ✅ Aviator Heating & Cooling — (360) 677-4822 — https://callaviator.com/service-area/hvac/portland-or/
2026-04-23 14:00:19,159   ✅ HVAC & Appliance Repair Guys — (971) 626-4191 — https://hvacandapplianceguys.com/
2026-04-23 14:00:19,307   ✅ Orbit Heating and Cooling — (503) 239-6904 — https://orbitheatingandcooling.com/
2026-04-23 14:00:19,449   ✅ Innova Heating and Cooling — (503) 495-3355 — http://innovabuilder.com/
2026-04-23 14:00:19,480   📊 Found 50, 50 new (rest were duplicates)
2026-04-23 14:00:20,480 
==================================================
2026-04-23 14:00:20,480 ✅ Scraping complete
2026-04-23 14:00:20,480    Total found:  50
2026-04-23 14:00:20,480    New leads:    50
2026-04-23 14:00:20,480    Duplicates:   0
2026-04-23 14:00:20,482    DB total:     734 leads (319 with emails)
2026-04-23 14:00:20,482 ==================================================

