2026-04-30 14:00:04,838 🔄 Auto-rotation day 120: beauty salon in Denver, CO
2026-04-30 14:00:04,840 
🔍 Searching: beauty salon in Denver, CO
2026-04-30 14:00:05,770   ✅ Grand Salon & MedSpa ✂ — (303) 572-1435 — https://grand-salon.com/
2026-04-30 14:00:06,099   ✅ Deseo Salon & BlowDry — (720) 662-7100 — https://www.deseosalondenver.com/
2026-04-30 14:00:06,389   ✅ Studio: A Collective Of Stylists — (303) 623-0720 — https://www.studiosalondenver.com/
2026-04-30 14:00:06,689   ✅ Matthew Morris Salon and Skincare - Broadway — (303) 715-4673 — https://www.matthewmorrissalon.com/locations/matthew-morris-salon-broadway/
2026-04-30 14:00:06,862   ✅ Clementines A Boutique Salon — (720) 894-8823 — https://clementinesdenver.com/
2026-04-30 14:00:07,061   ✅ The Glam House — (720) 484-1372 — https://theglamhouse.com/denver-head-spa?utm_source=Organic&utm_medium=GBP&utm_campaign=Ogden
2026-04-30 14:00:07,360   ✅ Salon Lofts — (888) 295-6073 — https://salonlofts.com/salons/16th_street_mall?utm_source=apple_maps&utm_medium=organic&utm_campaign=yext
2026-04-30 14:00:07,536   ✅ The Station Hair Studio ✂ — (720) 459-8816 — http://www.thestationhairstudio.com/
2026-04-30 14:00:09,021   ✅ Bello Haven Salon + Extensions at Cherry Creek North ✂ — (303) 386-0767 — http://www.bellohavenhairextensions.com/
2026-04-30 14:00:09,348   ✅ Aveda Institute Denver — (303) 567-7500 — https://avedainspiregreatness.com/denver-campus/?utm_source=google&utm_medium=organic&utm_campaign=gbp-listing
2026-04-30 14:00:09,593   ✅ Forma Collective Salon — (720) 255-2039 — https://formacollectivesalon.com/
2026-04-30 14:00:09,856   ✅ SALON VO | Hair Salon Denver ✂ — (303) 929-1246 — https://www.vagaro.com/tssn8e
2026-04-30 14:00:10,058   ✅ berenices ✂ — (303) 399-9156 — https://www.berenicesdenver.com/
2026-04-30 14:00:10,328   ✅ Fifty Two Eighty Salon ✂ — (720) 696-6161 — https://www.fiftytwoeightysalon.com/
2026-04-30 14:00:10,562   ✅ 303 Salon Lohi — (720) 679-7944 — https://303salons.com/
2026-04-30 14:00:10,722   ✅ Onyx and Co Salon ✂ — (720) 761-5908 — https://www.onyxandcosalon.com/
2026-04-30 14:00:10,949   ✅ Jaded Beauty — (720) 295-0441 — https://jadedbeauty.com/
2026-04-30 14:00:11,121   ✅ Indigo Salon — (303) 830-1115 — http://indigosalondenver.com/
2026-04-30 14:00:11,298   ✅ Fleur Salon ✂ — (303) 955-5671 — http://www.fleursalon.com/google
2026-04-30 14:00:11,516   ✅ Hair by Natalia ✂ — (720) 917-5165 — http://www.hairbynatalia.com/
2026-04-30 14:00:14,333   ✅ Salon Thirty Eight — (303) 284-5339 — https://www.salonthirtyeight.com/
2026-04-30 14:00:14,606   ✅ Arrow Beauty Denver ✂ — (303) 386-3403 — http://arrowbeautydenver.com/
2026-04-30 14:00:14,879   ✅ The Blake Denver — (720) 877-8482 — https://theblakedenver.com/
2026-04-30 14:00:15,138   ✅ Luxe de Vil Salon — (303) 953-9486 — https://linktr.ee/luxedevilsalon
2026-04-30 14:00:15,294   ✅ DECO Denver Salon — (720) 390-3149 — http://decodenversalon.com/
2026-04-30 14:00:15,442   ✅ The Organic Salon Denver — (720) 815-5701 — http://www.theorganicsalondenver.com/
2026-04-30 14:00:15,590   ✅ Let Em Have It Salon ✂ — (720) 638-4619 — https://www.letemhaveitsalon.com/
2026-04-30 14:00:15,794   ✅ Village Salon — (720) 892-8363 — https://www.villagesalonden.com/
2026-04-30 14:00:15,955   ✅ Lifted Salon and Spa — (720) 510-2360 — https://liftedsalonandspa.com/
2026-04-30 14:00:16,157   ✅ Blondies Beauty Bar — (303) 872-3009 — http://blondiessalondenver.com/
2026-04-30 14:00:16,364   ✅ Isla Salon ✂ — (303) 928-9805 — http://www.islasalon.com/
2026-04-30 14:00:16,544   ✅ Three Cutters Capitol Hill — (303) 733-0845 — http://www.threecutters.com/
2026-04-30 14:00:16,907   ✅ The Factory Hair Salon ✂ — (720) 640-9801 — http://thefactoryhairsalon.com/
2026-04-30 14:00:17,040   ✅ The Parlour Wash Park — (303) 733-0016 — http://theparlour.net/
2026-04-30 14:00:17,212   ✅ Adorn Salon Denver ✂ — (720) 515-7818 — http://www.adorndenver.com/
2026-04-30 14:00:17,414   ✅ THE LOOK Beauty and Med Spa — (303) 322-4902 — https://thelookbeautymedspadenver.com/
2026-04-30 14:00:17,557   ✅ Juno Salon ✂ — (720) 542-8892 — http://junodenver.com/
2026-04-30 14:00:17,696   ✅ Salon Moda Capelli Denver ✂ — (303) 892-8922 — http://www.salonmodacapellidenver.com/
2026-04-30 14:00:17,853   ✅ Cult of Mane — (720) 930-8757 — https://cultofmane.salon/
2026-04-30 14:00:20,572   ✅ 3 Little Birds Salon ✂ — (303) 861-2333 — https://3littlebirdssalon.com/
2026-04-30 14:00:20,780   ✅ My Hair Trip ✂ — (262) 894-3977 — https://myhairtrip.com/
2026-04-30 14:00:20,969   ✅ Flaunt Salon ✂ — (303) 297-2219 — https://flauntsalondenver.com/
2026-04-30 14:00:21,169   ✅ Envogue Salon ✂ — (720) 613-2264 — https://www.envoguesalondenver.com/
2026-04-30 14:00:21,361   ✅ Fluff Colour Salon — (720) 295-3583 — https://www.fluffbar.com/
2026-04-30 14:00:21,540   ✅ Altar'd Beauty Luxury Hair Salon — (303) 437-4422 — http://www.altardbeauty.glossgenius.com/
2026-04-30 14:00:21,715   ✅ Rebel Salon — (720) 793-4540 — http://www.rebelsalondenver.com/
2026-04-30 14:00:21,894   ✅ Synergy Salon & Day Spa — (303) 296-2504 — http://www.synergysalonanddayspa.com/
2026-04-30 14:00:22,196   ✅ The Bad Kittie Salon — (303) 377-4247 — http://www.thebadkittiesalon.com/
2026-04-30 14:00:22,393   ✅ Salon Sopris — (303) 416-6572 — http://www.salonsopris.com/
2026-04-30 14:00:22,694   ✅ Holistic Salon — (720) 955-4479 — http://holisticsalon.co/
2026-04-30 14:00:22,728   📊 Found 50, 50 new (rest were duplicates)
2026-04-30 14:00:23,728 
==================================================
2026-04-30 14:00:23,728 ✅ Scraping complete
2026-04-30 14:00:23,728    Total found:  50
2026-04-30 14:00:23,729    New leads:    50
2026-04-30 14:00:23,729    Duplicates:   0
2026-04-30 14:00:23,730    DB total:     948 leads (526 with emails)
2026-04-30 14:00:23,730 ==================================================

