2026-04-13 14:00:13,679 🔄 Auto-rotation day 103: nail salon in Indianapolis, IN
2026-04-13 14:00:13,679 
🔍 Searching: nail salon in Indianapolis, IN
2026-04-13 14:00:14,507   ✅ Vogue Nail Spa — (317) 344-8080 — https://voguenailspaindianapolis.com/
2026-04-13 14:00:14,808   ✅ Madame Beaute — (317) 883-5947 — https://madamebeauteindianapolis.com/
2026-04-13 14:00:15,088   ✅ LuXe Nails — (317) 492-9696 — https://luxespanails.com/
2026-04-13 14:00:15,261   ✅ Inspire Nail Bar — (317) 516-5999 — http://www.inspirenailbarindianapolis.com/
2026-04-13 14:00:15,483   ✅ Diamond Nails — (317) 793-7100 — https://diamondnailsindianapolis.com/
2026-04-13 14:00:16,065   ✅ City Nail Bar — (317) 426-3890 — https://mycitynailbar.com/#book-now
2026-04-13 14:00:16,274   ✅ City Nail Bar — (317) 734-5105 — https://mycitynailbar.com/
2026-04-13 14:00:16,508   ✅ Infinity Nails Spa (15% OFF New Customers) — (317) 853-6033 — https://infinitynailsspaindianapolis.com/
2026-04-13 14:00:16,744   ✅ Castle Nails & Spa — (317) 666-6777 — https://castlenailsandspain.com/
2026-04-13 14:00:16,977   ✅ La Brise Nail Lounge — (317) 360-8888 — https://labrisenaillounge.com/
2026-04-13 14:00:17,141   ✅ Happy Nails LLC — (317) 777-2587 — no website
2026-04-13 14:00:17,334   ✅ Nails 96th — (317) 798-2932 — https://www.instagram.com/nails96th_indianapolis/
2026-04-13 14:00:17,581   ✅ PUR Nail Spa — (317) 601-8041 — https://purnailspamononcarmel.com/
2026-04-13 14:00:17,787   ✅ Lux Nail — (317) 827-2182 — https://luxnailsin.com/
2026-04-13 14:00:17,996   ✅ Nina Nails — (317) 875-1211 — https://ninanailsindianapolis.com/
2026-04-13 14:00:18,169   ✅ Royal Nails & Spa 88 — (317) 734-3747 — https://royalnailsspath.com/
2026-04-13 14:00:18,371   ✅ Polish Mi Nail Bar — (317) 893-2257 — http://polishminailbar.com/
2026-04-13 14:00:18,631   ✅ Luxx Nail Lounge — (317) 427-5497 — https://luxxnaillounge.com/
2026-04-13 14:00:21,709   ✅ Mi Nail Salon — (317) 842-4040 — https://minailandspaindianapolis.com/
2026-04-13 14:00:21,962   ✅ The Nail Paige — (317) 771-6894 — https://booksy.com/en-us/1513800_the-nail-paige-llc_nail-salon_19577_indianapolis#ba_s=seo
2026-04-13 14:00:22,179   ✅ The W Nail Bar Bottleworks — (380) 210-2719 — https://thewnailbar.com/pages/location-bottleworks?utm_source=GBP&utm_medium=organic&utm_id=Local-Listings&utm_content=bottleworks
2026-04-13 14:00:22,424   ✅ Perfect Nails Now — (317) 766-3055 — https://perfectnailsnow.com/
2026-04-13 14:00:22,671   ✅ The Coven Room - The Nail Witch Dani — (317) 775-5971 — https://linktr.ee/danihellmann
2026-04-13 14:00:22,824   ✅ Fashion Nail Spa — (317) 245-7238 — https://fashionnailspaindiana.com/
2026-04-13 14:00:23,118   ✅ V Nail Lounge — (317) 888-1111 — http://www.vnail-lounge.com/
2026-04-13 14:00:23,571   ✅ MISSY NAIL AND SPA — (317) 537-2310 — https://missynailsalonandspa.com/
2026-04-13 14:00:23,732   ✅ Best Nail & Spa — (317) 783-5447 — no website
2026-04-13 14:00:23,904   ✅ L A NAILS SPA — (317) 929-1747 — https://www.lanailsspas.com/
2026-04-13 14:00:24,070   ✅ 24K Nail Spa — (317) 974-9636 — http://24knailspainc.com/
2026-04-13 14:00:24,300   ✅ Woodhouse Spa - Bottleworks — (317) 981-8888 — https://locations.woodhousespas.com/dir/in/indianapolis/850-massachusetts-avenue
2026-04-13 14:00:24,545   ✅ Crystal Nails — (317) 596-9959 — no website
2026-04-13 14:00:24,717   ✅ A Perfect Day Spa — (317) 222-5669 — https://www.perfectdayspa.net/
2026-04-13 14:00:24,927   ✅ Nails & Lounge — (317) 288-0493 — https://nailandloungeindianapolis.com/
2026-04-13 14:00:25,106   ✅ Nail Obsession & Beyond — (317) 893-4016 — http://nailobsessionbeyond.glossgenius.com/
2026-04-13 14:00:25,297   ✅ Zin Nails — (317) 979-3694 — no website
2026-04-13 14:00:25,458   ✅ Haven Nail Lounge — (317) 220-8366 — https://havennaillounge.us/
2026-04-13 14:00:25,610   ✅ Little Nail Shop — (317) 844-9081 — http://littlenailshop.com/
2026-04-13 14:00:28,563   ✅ World Nail Spa — (317) 245-7286 — https://worldnailspaindianapolis.com/
2026-04-13 14:00:28,752   ✅ Revive Nails — (317) 975-3148 — https://revivenailsindy.com/
2026-04-13 14:00:28,963   ✅ Bliss Nails — (317) 722-0855 — no website
2026-04-13 14:00:29,183   ✅ Nychii Nails — (317) 987-2523 — https://nychiinails.com/
2026-04-13 14:00:29,393   ✅ Signature Nails — (317) 731-5181 — no website
2026-04-13 14:00:29,661   ✅ Kouture Nail Palace — (312) 315-4778 — https://kouturenailpalace.com/
2026-04-13 14:00:29,822   ✅ Blank Canvas Studio — (614) 931-1812 — https://blankcanvasstudio.glossgenius.com/
2026-04-13 14:00:29,995   ✅ B R Nails — (317) 259-9099 — https://brnailsindianapolis.com/
2026-04-13 14:00:30,154   ✅ Sundays Nail Spa — (317) 932-5134 — https://sundaysnailspa.com/
2026-04-13 14:00:30,420   ✅ Nifty Nails — (317) 574-0430 — http://niftynailsindianapolis.com/
2026-04-13 14:00:30,632   ✅ Jimmy's Nail Spa — (317) 332-8460 — https://www.facebook.com/jimmysnailspaLLC/
2026-04-13 14:00:30,784   ✅ Lizvet Luxe Nails — (317) 833-6752 — https://www.vagaro.com/lizvetluxe
2026-04-13 14:00:30,966   ✅ PUR Nail Spa — (317) 669-2195 — https://purnailspaindianapolis.com/
2026-04-13 14:00:30,985   📊 Found 50, 50 new (rest were duplicates)
2026-04-13 14:00:31,986 
==================================================
2026-04-13 14:00:31,986 ✅ Scraping complete
2026-04-13 14:00:31,986    Total found:  50
2026-04-13 14:00:31,986    New leads:    50
2026-04-13 14:00:31,986    Duplicates:   0
2026-04-13 14:00:31,988    DB total:     630 leads (516 with emails)
2026-04-13 14:00:31,988 ==================================================

