2026-04-22 14:00:04,308 🔄 Auto-rotation day 112: HVAC company in San Francisco, CA
2026-04-22 14:00:04,312 
🔍 Searching: HVAC company in San Francisco, CA
2026-04-22 14:00:05,575   ✅ Cabrillo Plumbing, Heating & Air — (415) 360-0560 — https://discovercabrillo.com/?utm_source=gmb&utm_medium=organic
2026-04-22 14:00:05,816   ✅ San Francisco Expert Heating and Air — (415) 371-9413 — http://sanfranciscoexprethvac.com/
2026-04-22 14:00:06,102   ✅ Acosta Heating & Sheet Metal — (415) 751-0732 — https://acostaheatingandair.com/
2026-04-22 14:00:06,369   ✅ Next HVAC and Appliance repair — (628) 303-0533 — https://nexthvacrepair.com/?utm_source=gmb&utm_medium=site
2026-04-22 14:00:06,623   ✅ Schmitt Heating & Air Conditioning — (415) 522-0966 — https://www.schmittheating.com/
2026-04-22 14:00:06,912   ✅ Hometown Heating and Air Conditioning — (925) 933-9333 — http://www.hometownheatingandair.com/
2026-04-22 14:00:07,218   ✅ Associated Heating of San Francisco — (415) 585-0145 — http://www.associatedheatingsf.com/
2026-04-22 14:00:07,473   ✅ Magic Plumbing Heating & Cooling — (415) 441-2255 — https://www.magicplumbing.com/
2026-04-22 14:00:07,771   ✅ Jazz Heating, Air Conditioning and Plumbing — (925) 678-5456 — https://www.calljazz.com/?utm_source=google-gbp&utm_medium=organic&utm_campaign=*284*jazz-heating-ac-pleasanton
2026-04-22 14:00:07,989   ✅ Same Day Air Conditioning & Heating — (510) 887-5571 — https://samedayhvachayward.com/
2026-04-22 14:00:08,168   ✅ Mitch & Sons HVAC — (415) 358-8923 — no website
2026-04-22 14:00:08,313   ✅ Around The Clock HVAC — (628) 900-2040 — no website
2026-04-22 14:00:08,501   ✅ Heise's Plumbing — (415) 333-0704 — https://www.heisesplumbing.com/
2026-04-22 14:00:08,803   ✅ Perfect Star Heating, Cooling, & Electrical — (925) 550-0505 — https://www.perfectstarhvac.com/
2026-04-22 14:00:08,963   ✅ Galaxy Heating & Air Conditioning — (925) 578-3379 — https://galaxyservices.com/
2026-04-22 14:00:09,194   ✅ Air Flow Pros Heating and Air Conditioning — (415) 400-5140 — https://www.afpheating.com/?utm_source=google&utm_medium=organic&utm_campaign=gbp
2026-04-22 14:00:09,449   ✅ San Francisco Heating & Air Conditioning Services — (415) 935-8149 — no website
2026-04-22 14:00:09,618   ✅ Sunrun Heating & AC Repair San Francisco — (415) 855-3351 — no website
2026-04-22 14:00:09,795   ✅ AC Heating and Cooling Service Inc. — (415) 333-9903 — https://www.acheatingandair.net/
2026-04-22 14:00:10,002   ✅ Heating & Cooling San Francisco — (415) 825-6649 — no website
2026-04-22 14:00:15,338   ✅ Freon HVAC & Electrical Service — (415) 915-9945 — https://freonhvacservice.com/?utm_source=google&utm_medium=organic&utm_campaign=gmb&utm_content=sf
2026-04-22 14:00:15,552   ✅ Inner Sunset Top Heating and Air — (415) 592-6313 — http://innersunsettophvacrepair.com/
2026-04-22 14:00:15,801   ✅ Albert Nahman Plumbing, Heating, and Cooling — (510) 408-7879 — https://albertnahmanplumbing.com/
2026-04-22 14:00:15,998   ✅ Heating & Cooling San Francisco — (415) 855-7160 — no website
2026-04-22 14:00:16,180   ✅ Heating & Air Conditioning San Francisco — (415) 942-9881 — no website
2026-04-22 14:00:16,354   ✅ Best AC Service San Francisco — (415) 534-2170 — no website
2026-04-22 14:00:16,585   ✅ Galaxy Heating & Air Conditioning — (415) 918-6892 — https://galaxyservices.com/
2026-04-22 14:00:16,777   ✅ AAA HVAC Repair San Francisco — (628) 287-9296 — http://aaahvacrepairsanfrancisco.com/
2026-04-22 14:00:16,973   ✅ BEST CHOICE HVAC, INC — (415) 251-1736 — http://bestchoicehvac.shop/
2026-04-22 14:00:17,175   ✅ San Francisco Heating And Air Conditioning — (628) 253-9611 — no website
2026-04-22 14:00:17,370   ✅ Alpha HVAC Repair San Francisco — (628) 287-9298 — http://alphahvacrepairsanfrancisco.com/
2026-04-22 14:00:17,500   ✅ Hassler Heating and Air Conditioning, LLC — (510) 210-0857 — https://www.hasslerheating.com/
2026-04-22 14:00:17,676   ✅ Horizon HVAC Repair San Francisco — (628) 303-3605 — http://horizonhvacrepairsanfrancisco.com/
2026-04-22 14:00:17,858   ✅ San Francisco Heating & Air Conditioning Contractors — (415) 825-6632 — no website
2026-04-22 14:00:18,078   ✅ Comfy Heating & Air Conditioning Inc. — (510) 317-7375 — https://www.comfyhvac.com/service-areas/san-leandro-ca-hvac
2026-04-22 14:00:18,261   ✅ A2Z HVAC Services San Francisco CA — (628) 229-3748 — no website
2026-04-22 14:00:21,247   ✅ Art of Comfort — (925) 230-3952 — https://www.artofcomfort.com/?UTM_source=GMB_PLlisting&UTM_medium=organic
2026-04-22 14:00:21,422   ✅ Pacific Radiant Heat & Construction — (415) 757-0159 — https://www.pacificradiantheat.com/
2026-04-22 14:00:21,547   ✅ Heating & Cooling San Francisco — (415) 825-6828 — no website
2026-04-22 14:00:21,788   ✅ Gold HVAC Repair San Francisco — (628) 287-9704 — http://goldhvacrepairsanfrancisco.com/
2026-04-22 14:00:21,931   ✅ HVAC Services: Heating & Air Conditioning San Francisco — (415) 684-1966 — no website
2026-04-22 14:00:22,066   ✅ Carol Flynn Heating & Cooling — (650) 697-1535 — https://www.carolflynn.com/?utm_source=google&utm_medium=organic&utm_campaign=gbp-brisbane&utm_id=local&utm_content=brisbane
2026-04-22 14:00:22,315   ✅ Heating & Cooling South San Francisco — (650) 392-3515 — no website
2026-04-22 14:00:22,547   ✅ Arch Plumbing Inc. — (415) 325-2547 — http://archplumbinginc.com/
2026-04-22 14:00:22,665   ✅ San Francisco Heating and Air Conditioning Inc.. — (628) 229-3860 — no website
2026-04-22 14:00:22,875   ✅ Qualtech Heating & Cooling — (925) 261-4487 — https://www.qualtechhvac.com/
2026-04-22 14:00:23,011   ✅ SmartHome Appliances & HVAC — (415) 877-3277 — https://smarthome-appliance.com/
2026-04-22 14:00:23,170   ✅ Galaxy Heating & Air Conditioning — (415) 918-6892 — https://galaxyservices.com/
2026-04-22 14:00:23,314   ✅ Heating & Air Conditioning San Francisco — (415) 825-6648 — no website
2026-04-22 14:00:23,331   📊 Found 49, 48 new (rest were duplicates)
2026-04-22 14:00:24,332 
==================================================
2026-04-22 14:00:24,332 ✅ Scraping complete
2026-04-22 14:00:24,332    Total found:  49
2026-04-22 14:00:24,333    New leads:    48
2026-04-22 14:00:24,333    Duplicates:   1
2026-04-22 14:00:24,334    DB total:     684 leads (276 with emails)
2026-04-22 14:00:24,334 ==================================================

