2026-04-10 14:00:10,180 🔄 Auto-rotation day 100: insurance agency in Fort Worth, TX
2026-04-10 14:00:10,180 
🔍 Searching: insurance agency in Fort Worth, TX
2026-04-10 14:00:11,040   ✅ Armor Texas Insurance Agency, Inc. — (817) 332-2066 — https://www.armortexasins.com/
2026-04-10 14:00:11,279   ✅ Worth Insurance Agency — (817) 539-6370 — https://www.worth-insurance.com/
2026-04-10 14:00:11,567   ✅ America's Best Auto Insurance — (817) 415-9000 — http://www.abautoinsurance.com/
2026-04-10 14:00:11,801   ✅ Graymark Insurance — (817) 900-9116 — https://www.mygraymark.com/
2026-04-10 14:00:12,028   ✅ Fort Worth Insurance Agency — (817) 292-2929 — http://www.fortworthinsurance.com/
2026-04-10 14:00:12,324   ✅ Graham Insurance Group, Inc. — (817) 293-0388 — https://www.graham-insurance.com/
2026-04-10 14:00:12,545   ✅ Freeway Insurance — (817) 383-7117 — https://locations.freeway.com/ne-28th-st-fort-worth-auto-insurance-76106-tx?utm_medium=directory&utm_source=google&utm_campaign=BF28ST_FortWorth_TX
2026-04-10 14:00:12,842   ✅ Rainbow Insurance Agency — (817) 922-8031 — https://rainbowinsuranceoffice.com/
2026-04-10 14:00:13,084   ✅ Schuder Insurance Agency - Fort Worth — (817) 353-2017 — https://www.schuderinsurance.com/?utm_source=google&utm_medium=organic&utm_campaign=gmb
2026-04-10 14:00:13,303   ✅ Atlas Auto Insurance — (817) 886-9142 — http://www.atlasatvin.com/
2026-04-10 14:00:13,470   ✅ Higginbotham Headquarters — (800) 728-2374 — https://www.higginbotham.com/locations/fort-worth/
2026-04-10 14:00:13,746   ✅ NDI Agency - Home Insurance and Auto Insurance — (214) 349-8300 — http://www.ndiagency.com/
2026-04-10 14:00:13,894   ✅ America's Best Auto Insurance — (817) 214-5500 — https://www.abautoinsurance.com/
2026-04-10 14:00:14,080   ✅ Altima Auto Insurance — (817) 349-6555 — https://www.altimains.com/
2026-04-10 14:00:14,327   ✅ Kendrick Parker - State Farm Insurance Agent — (817) 294-2370 — https://www.coveredbyken.com/
2026-04-10 14:00:14,480   ✅ A-MAX Auto Insurance — (817) 625-8989 — https://www.amaxinsurance.com/find-an-office/north-main?utm_source=google&utm_medium=organic&utm_campaign=gmb
2026-04-10 14:00:14,665   ✅ Maria Amaya: Allstate Insurance — (817) 717-6412 — https://agents.allstate.com/maria-amaya-fort-worth-tx1.html?utm_source=GMB&utm_medium=Website
2026-04-10 14:00:14,887   ✅ Fiesta Auto Insurance & Tax Service — (817) 259-0364 — https://fiestainsurance.com/stores/fiesta-insurance-and-tax-fort-worth-texas-tx031/
2026-04-10 14:00:15,027   ✅ Hall Insurance Agency, Inc. — (817) 281-0125 — https://www.insureitfast.com/
2026-04-10 14:00:15,241   ✅ La Familia Auto Insurance — (817) 522-1271 — https://lafamiliainsurance.com/stores/fort-worth-main/
2026-04-10 14:00:18,026   ✅ James Little Agency, LLC — (817) 380-4952 — https://www.jameslittleagency.com/
2026-04-10 14:00:18,200   ✅ Amtex Insurance — (817) 924-0101 — https://www.amtexinsurance.com/
2026-04-10 14:00:22,557   ✅ Freeway Insurance — (817) 383-7114 — https://locations.freeway.com/freeway-insurance-fort-worth-tx-76116?utm_medium=directory&utm_source=google&utm_campaign=ATXFW1_FortWorth_TX
2026-04-10 14:00:22,769   ✅ A - Star Auto Insurance — (817) 838-5600 — http://www.astarins.com/
2026-04-10 14:00:22,955   ✅ Fort Worth Affordable Auto Insurance Expert — (206) 237-2540 — no website
2026-04-10 14:00:23,197   ✅ Amtex Insurance — (817) 624-5000 — https://amtexinsurance.com/
2026-04-10 14:00:23,424   ✅ Precise Insurance Group — (817) 350-6265 — https://www.preciseins.com/
2026-04-10 14:00:23,621   ✅ A-MAX Auto Insurance — (817) 916-4500 — https://www.amaxinsurance.com/find-an-office/28th-street?utm_source=google&utm_medium=organic&utm_campaign=gmb
2026-04-10 14:00:23,752   ✅ LOW COST INSURANCE — (817) 625-1873 — https://www.lowcosttexas.com/
2026-04-10 14:00:23,974   ✅ Insurance For Texans Group — (469) 789-0220 — https://www.insurancefortexans.com/
2026-04-10 14:00:24,117   ✅ La Familia Auto Insurance — (682) 224-7788 — https://lafamiliainsurance.com/stores/fort-worth-camp-bowie/
2026-04-10 14:00:24,258   ✅ Mike Anderson - GEICO Insurance Agent — (682) 291-6550 — https://www.geico.com/insurance-agents/texas/dallas-fort-worth/michael-anderson/?y_source=1_MTYyMDYwNDgtNzE1LWxvY2F0aW9uLndlYnNpdGU%3D
2026-04-10 14:00:24,441   ✅ Flores & Associates Insurance Agency — (817) 926-1238 — http://www.fredfloresintegra.com/
2026-04-10 14:00:24,571   ✅ Fiesta Auto Insurance & Tax Service — (817) 923-8400 — https://fiestainsurance.com/stores/fiesta-insurance-and-tax-fort-worth-texas-tx009/
2026-04-10 14:00:24,710   ✅ Brightway Insurance, The Tyson Rochelle Agency — (817) 756-5001 — https://www.brightway.com/agencies/TX/Fort-Worth-West/0336
2026-04-10 14:00:24,902   ✅ Veronica Mendoza - State Farm Insurance Agent — (817) 222-9300 — https://www.veronicamendoza.net/?cmpid=P2VW_blm_0001
2026-04-10 14:00:25,175   ✅ Higginbotham - Fort Worth — (800) 728-2374 — https://www.higginbotham.com/locations/fort-worth-2/
2026-04-10 14:00:25,342   ✅ Converse Insurance — (512) 215-4312 — http://www.converseinsurance.com/
2026-04-10 14:00:25,506   ✅ Kathleen Alexander - State Farm Insurance Agent — (817) 292-6006 — https://www.katsgotyourback.com/?cmpid=MLLIST
2026-04-10 14:00:28,239   ✅ Firstline Insurance Agency — (817) 618-5480 — http://firstline.insure/
2026-04-10 14:00:28,406   ✅ Laperlas Affordable Auto Insurance Fort Worth TX — (682) 382-4233 — no website
2026-04-10 14:00:28,545   ✅ A-MAX Auto Insurance — (817) 834-0000 — https://www.amaxinsurance.com/find-an-office/sylvania?utm_source=google&utm_medium=organic&utm_campaign=gmb
2026-04-10 14:00:28,751   ✅ Luna Insurance Agency — (817) 744-8150 — https://www.lunains.agency/
2026-04-10 14:00:28,912   ✅ Avex Affordable Auto Insurance — (254) 472-3892 — no website
2026-04-10 14:00:29,088   ✅ Lone Star Insurers — (817) 813-8654 — http://www.lonestarinsurers.com/
2026-04-10 14:00:29,232   ✅ Fred Loya Insurance — (817) 926-6835 — https://www.fredloya.com/
2026-04-10 14:00:29,387   ✅ Belk Cheapest Auto Insurance of Fort Worth — (254) 272-2665 — no website
2026-04-10 14:00:29,530   ✅ Hemphill Insurance Agency — (817) 923-2001 — http://www.hemphillinsurance.com/
2026-04-10 14:00:29,678   ✅ La Familia Auto Insurance — (972) 646-7015 — https://lafamiliainsurance.com/stores/fort-worth-azle/
2026-04-10 14:00:29,793   ✅ Affordable Auto Insurance Agency Fort Worth — (719) 483-6482 — no website
2026-04-10 14:00:29,812   📊 Found 50, 50 new (rest were duplicates)
2026-04-10 14:00:30,813 
==================================================
2026-04-10 14:00:30,813 ✅ Scraping complete
2026-04-10 14:00:30,813    Total found:  50
2026-04-10 14:00:30,813    New leads:    50
2026-04-10 14:00:30,813    Duplicates:   0
2026-04-10 14:00:30,815    DB total:     530 leads (431 with emails)
2026-04-10 14:00:30,815 ==================================================

2026-04-10 20:57:55,284 
🔍 Searching: law firm in Miami, FL
2026-04-10 20:57:56,107   ✅ Goldberg & Rosen — (305) 374-4200 — https://www.goldbergandrosen.com/?utm_source=GMBlisting&utm_medium=organic&utm_campaign
2026-04-10 20:57:56,320   ✅ The Lions' Den, Attorneys at Law — (305) 699-5466 — https://www.tldaal.com/
2026-04-10 20:57:56,579   ✅ lowercase, a law firm — (305) 257-8037 — http://lowercaselaw.com/
2026-04-10 20:57:56,927   ✅ Wolfson & Leon — (305) 285-1115 — https://www.wolfsonlawfirm.com/
2026-04-10 20:57:57,151   ✅ Miami Law® — (305) 444-1533 — http://www.miami-law.com/
2026-04-10 20:57:57,360   ✅ The Russo Firm - Miami — (786) 688-2800 — https://therussofirm.com/miami-personal-injury-lawyers/?utm_source=google&utm_medium=organic&utm_campaign=GBP_Miami
2026-04-10 20:57:57,658   ✅ JMLAW, P.A. — (305) 507-9092 — http://knowyourdefense.com/
2026-04-10 20:57:57,912   ✅ Miami Legal Firm — (305) 265-2266 — https://www.miamilegalfirm.com/
2026-04-10 20:57:58,154   ✅ Law Offices Of Jose M. Francisco — (305) 649-5060 — https://josefrancisco-lawyers.com/es/
2026-04-10 20:57:58,362   ✅ Law Office of Natalia M. Trushin-Jimenez, P.A. — (305) 697-0000 — https://ntj.law/
2026-04-10 20:57:58,599   ✅ ChaseLawyers — (305) 373-7665 — https://www.entertainmentlawyermiami.com/
2026-04-10 20:57:58,806   ✅ Law Offices of Armando G. Hernandez — (305) 517-3540 — https://www.aghlawfirm.com/
2026-04-10 20:57:59,058   ✅ Hentschel x Lanza PLLC — (305) 440-4015 — https://www.hxl-law.com/
2026-04-10 20:57:59,319   ✅ Albert Quirantes, Esq. Criminal DUI & Ticket Lawyers — (305) 644-1800 — https://www.criminaldefendant.com/
2026-04-10 20:57:59,521   ✅ SVP Law Firm, PLLC — (786) 575-8243 — https://www.svplawfirm.com/
2026-04-10 20:57:59,715   ✅ Piotrowski Law — (305) 204-5000 — https://cplaw-miami.com/miami/
2026-04-10 20:57:59,888   ✅ J Muir & Associates - Miami Business Law Firm — (907) 770-0909 — https://jmuirandassociates.com/?utm_source=GMB&utm_medium=Organic&utm_campaign=Coral+Gables
2026-04-10 20:58:00,118   ✅ EPGD Business Law — (786) 837-6787 — https://www.epgdlaw.com/
2026-04-10 20:58:00,256   ✅ Law Office of Michael Mirer, P.A. — (305) 570-4161 — https://www.mirerlaw.com/?utm_source=GMB&utm_medium=organic&utm_campaign=miami
2026-04-10 20:58:00,461   ✅ AsiliA Law Firm, P.A. — (786) 420-3014 — https://www.asilialaw.com/
2026-04-10 20:58:03,296   ✅ Luis I Guerra - The Guerra Law Firm — (305) 461-3638 — http://guerrainjurylaw.com/
2026-04-10 20:58:03,493   ✅ Freidin Brown, P.A. — (786) 882-7258 — https://www.yourfloridatrialteam.com/miami/?utm_source=google&utm_medium=organic&utm_campaign=gbp-listing-miami
2026-04-10 20:58:03,666   ✅ De la Rosa Law — (305) 787-3175 — https://dlr.law/
2026-04-10 20:58:03,842   ✅ Redondo Law — (305) 908-6778 — https://redondolawfirm.com/?utm_source=GMBlisting&utm_medium=organic
2026-04-10 20:58:04,023   ✅ Piquet Law Firm — (786) 558-8054 — http://www.piquetlawfirm.com/
2026-04-10 20:58:04,224   ✅ PereGonza The Attorneys - Los Abogados — (786) 981-6326 — http://www.peregonza.com/
2026-04-10 20:58:04,410   ✅ Suarez And Montero Car Accident Lawyer Miami .Com — (305) 631-1911 — http://www.jaime-suarez.com/
2026-04-10 20:58:04,614   ✅ Zayed Law Offices Miami — (305) 363-7576 — https://zayedlawoffices.com/miami-personal-injury-lawyer/?utm_source=google&utm_medium=organic&utm_campaign=gmb-miami
2026-04-10 20:58:04,778   ✅ Ward Law Miami — (786) 751-7481 — https://www.855dolor55.com/?utm_source=google&utm_medium=organic&utm_campaign=miami-lakes-gmb
2026-04-10 20:58:04,945   ✅ Valiente Law, P.A. — (786) 361-6887 — https://valientelaw.com/
2026-04-10 20:58:05,120   ✅ Beckham Law Firm — (305) 860-4884 — https://www.duimiamilawyer.com/
2026-04-10 20:58:05,293   ✅ Stroleny Law: Criminal Defense Attorney — (305) 615-1285 — https://strolenylaw.com/?utm_source=google&utm_medium=organic&utm_campaign=GBP_Miami
2026-04-10 20:58:05,467   ✅ J. Muir & Associates: Miami Business Lawyer — (786) 756-8381 — https://jmuirandassociates.com/?utm_source=GMB&utm_medium=Organic&utm_campaign=Miami
2026-04-10 20:58:05,673   ✅ Law Offices of Lee P Marks PA — (305) 444-3343 — https://leepmarks.com/
2026-04-10 20:58:05,880   ✅ Consumer Attorneys — (786) 964-3733 — https://consumerattorneys.com/?utm_source=gmb&utm_medium=organic&utm_campaign=miami_fl
2026-04-10 20:58:06,140   ✅ VPP Law Firm — (305) 549-8280 — http://www.vpplawfirm.com/
2026-04-10 20:58:06,417   ✅ Lacayo Law Firm, P.A. — (786) 671-4878 — https://lacayolawfirm.com/
2026-04-10 20:58:06,582   ✅ Suero Law, PLLC — (305) 396-8772 — https://www.suerolawpllc.com/
2026-04-10 20:58:06,826   ✅ The Barthet Construction Law Firm — (305) 347-5295 — https://barthet.com/
2026-04-10 20:58:07,025   ✅ Ayala Law PA — (305) 570-2208 — http://lawayala.com/
2026-04-10 20:58:09,625   ✅ CP Law Firm PA | Personal Injury Lawyer / Attorney in Miami — (786) 369-8863 — https://cplawfirmpa.com/
2026-04-10 20:58:09,792   ✅ Mausner Group Injury Lawyers — (305) 363-7829 — https://mginjuryfirm.com/
2026-04-10 20:58:09,975   ✅ The Ferraro Law Firm, P.A. — (866) 797-7845 — https://www.ferrarolaw.com/?utm_source=google_my_business&utm_medium=organic&force_utm=true
2026-04-10 20:58:10,137   ✅ Trembly Law Firm — (305) 902-6282 — https://tremblylaw.com/?utm_source=gbp&utm_medium=organic&utm_campaign=website-miami-33156
2026-04-10 20:58:10,288   ✅ DLE Lawyers | Abogados De Accidentes Miami — (305) 363-7855 — https://www.dlelawyers.com/
2026-04-10 20:58:10,448   ✅ Aronfeld Trial Lawyers — (305) 441-0440 — https://www.aronfeld.com/
2026-04-10 20:58:10,629   ✅ Lonnie Lawyer LLC — (305) 603-1323 — http://www.lonnielawyer.com/
2026-04-10 20:58:10,800   ✅ Gerson and Schwartz Accident & Injury Lawyers — (877) 475-2905 — https://www.injuryattorneyfla.com/
2026-04-10 20:58:10,997   ✅ Miami Divorce & Criminal Defense Attorney At Law, Ramie Altawil — (786) 741-8376 — https://thepathtojustice.com/?utm_source=GBP&utm_medium=organic&utm_campaign=Miami
2026-04-10 20:58:11,153   ✅ Xander Law Group, P.A. — (305) 767-2001 — https://www.xanderlawgroup.com/?utm_source=google&utm_medium=gmb_listing&utm_campaign=main_mia_url
2026-04-10 20:58:11,165   📊 Found 50, 50 new (rest were duplicates)
2026-04-10 20:58:12,165 
==================================================
2026-04-10 20:58:12,165 ✅ Scraping complete
2026-04-10 20:58:12,166    Total found:  50
2026-04-10 20:58:12,166    New leads:    50
2026-04-10 20:58:12,166    Duplicates:   0
2026-04-10 20:58:12,168    DB total:     580 leads (473 with emails)
2026-04-10 20:58:12,168 ==================================================

