2026-04-15 14:00:18,616 🔄 Auto-rotation day 105: medspa in Nashville, TN
2026-04-15 14:00:18,617 
🔍 Searching: medspa in Nashville, TN
2026-04-15 14:00:19,462   ✅ ElaMar Nashville — (615) 235-9225 — https://elamarskin.com/locations/elamar-nashville-tn/
2026-04-15 14:00:19,712   ✅ NSI Wellness | Aesthetics — (615) 431-3724 — http://tolmanmedical.com/
2026-04-15 14:00:19,990   ✅ NakedMD Med Spa Nashville — (615) 988-8375 — https://www.nakedmd.com/pages/med-spa-nashville-tn
2026-04-15 14:00:20,189   ✅ Complexion Nashville — (615) 757-8060 — http://www.complexionnashville.com/
2026-04-15 14:00:20,400   ✅ Elevate Medical Spa — (615) 425-6340 — https://www.elevatemedispa.com/
2026-04-15 14:00:20,613   ✅ Hi, Finch — (615) 899-2351 — https://hifinch.com/
2026-04-15 14:00:20,895   ✅ Smiley Aesthetics Medical Spa – Botox & Weight Loss Clinic Nashville West — (629) 276-8951 — https://smileyaesthetics.com/locations/west-nashville/
2026-04-15 14:00:21,150   ✅ The Natural Look MedSpa — (615) 321-5005 — http://www.thenaturallook.net/
2026-04-15 14:00:21,346   ✅ Radianté Spa Nashville — (615) 239-0094 — https://radiantespa.com/?utm_source=google&utm_medium=localsearch&utm_campaign=gmb
2026-04-15 14:00:21,552   ✅ SLK Aesthetic Medicine — (615) 647-5951 — https://slkclinic.com/slk-clinic-nashville/?utm_source=google&utm_medium=organic&utm_campaign=gbp&utm_term=SLK-Aesthetic-Medicine-Nashville&utm_content=website
2026-04-15 14:00:21,772   ✅ Elan Skin & Laser Med Spa of Nashville — (615) 814-4999 — https://www.elanskinandlaser.com/
2026-04-15 14:00:21,924   ✅ Melrose Aesthetics — (615) 592-1989 — https://www.melroseaesthetics.com/
2026-04-15 14:00:22,181   ✅ Lumière Aesthetics & Wellness — (615) 645-2120 — http://www.lumiereaesthetics.co/
2026-04-15 14:00:22,371   ✅ Amálie Aesthetics and Wellness — (615) 982-0829 — http://www.amalieaesthetics.com/
2026-04-15 14:00:22,555   ✅ OVME — (615) 270-5888 — https://ovme.com/pages/green-hills-nashville-tn
2026-04-15 14:00:22,779   ✅ Skin MB — (615) 891-2881 — http://www.skinmb.com/
2026-04-15 14:00:22,974   ✅ Nashville Skin Society — (615) 866-8653 — https://nashvilleskinsociety.com/
2026-04-15 14:00:23,132   ✅ 61Five Health & Wellness — (615) 401-9380 — https://61five.com/
2026-04-15 14:00:23,398   ✅ Hatef Aesthetics & Plastic Surgery — (615) 678-6273 — http://hatefaesthetics.com/
2026-04-15 14:00:23,612   ✅ Genesis Lifestyle Medicine — (615) 274-1086 — https://www.genesislifestylemedicine.com/nashville/?utm_source=googlebusiness&utm_medium=profile&utm_campaign=gmb&utm_id=brandnashville
2026-04-15 14:00:26,491   ✅ Next Health in The Gulch - Nashville — (615) 562-3717 — https://www.next-health.com/location/nashville
2026-04-15 14:00:26,633   ✅ OVME — (615) 647-6863 — https://ovme.com/pages/the-gulch-nashville-tn
2026-04-15 14:00:26,776   ✅ Tempo Wellness + Aesthetics — (615) 987-0188 — https://www.tempowellnessnashville.com/
2026-04-15 14:00:26,995   ✅ ONYX WELLNESS & AESTHETICS — (615) 626-7905 — http://www.onyxwa.com/?utm_source=google&utm_medium=organic&utm_campaign=gbp
2026-04-15 14:00:27,169   ✅ R3 Anti Aging & Medspa — (615) 835-2690 — https://r3antiaging.com/
2026-04-15 14:00:27,312   ✅ Restore Hyper Wellness — (615) 987-9626 — https://www.restore.com/locations/tn-nashville-music-row-tn004?utm_source=gmb&utm_medium=Yext&y_source=1_NjMzNjcxOTAtNzE1LWxvY2F0aW9uLndlYnNpdGU%3D
2026-04-15 14:00:27,538   ✅ Skin Pharm — (615) 582-6726 — https://skinpharm.com/nashville
2026-04-15 14:00:27,786   ✅ Revive Aesthetics - Nashville — (629) 295-0548 — https://www.wereviveu.com/revive-aesthetics-nashville/
2026-04-15 14:00:27,915   ✅ Glow Skin + Wellness Med Spa — (615) 329-3900 — https://www.glowskinmed.com/
2026-04-15 14:00:28,164   ✅ Toxxology® — (615) 436-8699 — https://www.toxxology.com/?utm_source=google&utm_medium=organic&utm_campaign=gbp
2026-04-15 14:00:28,329   ✅ Nash Injections by Hannah — (615) 669-6112 — https://www.injectionsbyhannah.com/
2026-04-15 14:00:28,481   ✅ Belle Meade Medical Spa — (615) 307-7248 — https://www.bellemeademedicalspa.com/
2026-04-15 14:00:28,699   ✅ Ona Skincare Belle Meade — (615) 810-8785 — http://www.onaskin.com/
2026-04-15 14:00:28,869   ✅ Bare Skin — (615) 675-9655 — https://bareskintn.com/
2026-04-15 14:00:29,048   ✅ Smiley Aesthetics Training Facility & Med Spa – Nashville — (629) 276-8944 — https://smileyaesthetics.com/?utm_source=cumulus&utm_medium=onlinepresence&utm_campaign=gbp
2026-04-15 14:00:29,249   ✅ Gilpin Facial Plastics — (615) 942-7301 — http://www.drdavidgilpin.com/
2026-04-15 14:00:29,455   ✅ Karee Hays Esthetics — (615) 383-5053 — https://kareehays.com/?utm_source=gmb&utm_medium=gmb&utm_campaign=business_listing
2026-04-15 14:00:29,668   ✅ BEYOND Collective — (615) 327-0303 — https://www.yournashvilleplasticsurgeon.com/?utm_source=GBP&utm_medium=GBP&utm_campaign=GBP_Nashville&utm_id=GBP_Nashville
2026-04-15 14:00:29,857   ✅ Nuud Skin Co. — (615) 601-0476 — http://www.nuudskin.co/
2026-04-15 14:00:30,036   ✅ Serotonin Centers MedSpa — (615) 239-5327 — https://www.serotonincenters.com/green-hills/
2026-04-15 14:00:33,226   ✅ Woods Aesthetics — (615) 630-6969 — https://woodsaesthetics.com/
2026-04-15 14:00:33,417   ✅ Nurse Zan Med Spa — (615) 945-6213 — https://www.nursezan.com/
2026-04-15 14:00:33,622   ✅ LaserAway Nashville Green Hills — (615) 510-7860 — https://www.laseraway.com/locations/tn/nashville/?utm_source=google&utm_medium=organic&utm_campaign=website-link
2026-04-15 14:00:33,790   ✅ Jack + Jill Aesthetics — (615) 724-5232 — http://jackjillaesthetics.com/
2026-04-15 14:00:33,926   ✅ Dr. J. J. Wendel Plastic Surgery — (615) 921-2100 — https://www.drjjwendel.com/
2026-04-15 14:00:34,105   ✅ Ideal Image Nashville — (615) 761-9422 — https://lp.curatemedspa.com/ideal-image?utm_source=gbp&utm_medium=organic&utm_campaign=nashville_rebrand
2026-04-15 14:00:34,346   ✅ Nashville Skin Company — (615) 997-3330 — https://www.nashvilleskincompany.com/
2026-04-15 14:00:34,546   ✅ Ona Skincare East Nashville — (615) 810-8785 — http://www.onaskin.com/
2026-04-15 14:00:34,680   ✅ Urban Sweat - The Nations — (629) 256-3850 — http://www.urbansweat.com/
2026-04-15 14:00:34,854   ✅ Marvel Cosmetic MedSpa — (931) 262-2547 — https://www.marvelcosmeticmedspa.com/
2026-04-15 14:00:34,869   📊 Found 50, 50 new (rest were duplicates)
2026-04-15 14:00:35,870 
==================================================
2026-04-15 14:00:35,870 ✅ Scraping complete
2026-04-15 14:00:35,870    Total found:  50
2026-04-15 14:00:35,870    New leads:    50
2026-04-15 14:00:35,870    Duplicates:   0
2026-04-15 14:00:35,872    DB total:     730 leads (599 with emails)
2026-04-15 14:00:35,872 ==================================================

