2026-05-06 14:00:03,527 🔄 Auto-rotation day 126: auto detailing in Austin, TX
2026-05-06 14:00:03,528 
🔍 Searching: auto detailing in Austin, TX
2026-05-06 14:00:04,371   ✅ SHWASH Mobile Car Detailing Austin — (512) 309-0531 — https://www.shwash.co/
2026-05-06 14:00:04,672   ✅ Taurus Auto Detailing, Paint Protection Film & Ceramic Coating — (512) 337-2879 — https://taurusautodetailing.com/
2026-05-06 14:00:04,948   ✅ Auto Detailing Austin LLC — (512) 910-7227 — https://autodetailingtx.com/standard-detailing-tx/
2026-05-06 14:00:05,219   ✅ Complete Auto Detail & Car Wash — (512) 436-8222 — https://www.completeautodetail.com/
2026-05-06 14:00:05,461   ✅ Perfection Auto Detailing — (512) 745-1071 — https://perfectionautodetailing.weebly.com/
2026-05-06 14:00:05,726   ✅ Brightside Detailing — (512) 890-2414 — https://brightsidedetailing.com/
2026-05-06 14:00:06,009   ✅ Raw Vision Auto Detailing — (512) 800-8850 — http://www.rawvisiondetailing.com/
2026-05-06 14:00:06,255   ✅ The Wax Shack Auto Detailing Austin — (512) 407-8000 — http://www.thewaxshackdetailing.com/
2026-05-06 14:00:06,510   ✅ TOP OF THE LINE DETAILING LLC — (512) 652-8272 — http://www.topofthelinedetailing.com/
2026-05-06 14:00:06,677   ✅ Amexi Detailing — (512) 621-8816 — http://www.amexidetailing.com/
2026-05-06 14:00:06,919   ✅ Centex Mobile Detailing — (512) 882-0748 — https://centexshinycars.com/locations/austin
2026-05-06 14:00:07,072   ✅ Xtreme Auto Detail, Inc. — (512) 487-4873 — https://xadetail.com/
2026-05-06 14:00:07,246   ✅ Sponges: Mobile Car Wash and Detailing — (512) 576-0837 — https://sponges.app/
2026-05-06 14:00:07,381   ✅ Premium Touch Car Detailing Austin — (646) 283-0011 — no website
2026-05-06 14:00:07,510   ✅ OCDetailing — (512) 920-2683 — https://www.ocdetailing.square.site/
2026-05-06 14:00:08,200   ✅ Keep clean ATX Mobile Detailing Services — (512) 888-5554 — http://keepcleanatx.com/
2026-05-06 14:00:08,338   ✅ Royal Auto Finishes — (512) 888-9949 — https://www.royal-auto-finishes.com/
2026-05-06 14:00:08,565   ✅ The Daily Detail Mobile Car Detailing — (512) 488-6414 — https://thedailydetail.com/
2026-05-06 14:00:08,725   ✅ Hall of Fame Detail - Mobile Window Tinting & Mobile Car Detailing — (877) 384-2520 — http://halloffamedetail.com/
2026-05-06 14:00:11,335   ✅ LuxeLine Detailing — (512) 658-7084 — https://luxelinedetail.net/
2026-05-06 14:00:11,501   ✅ Authentic Details — (512) 296-0183 — https://www.authenticdetails.com/
2026-05-06 14:00:11,643   ✅ Shynex Mobile Detailing — (832) 262-9679 — no website
2026-05-06 14:00:11,839   ✅ GENETIC DETAILING — (512) 985-0704 — http://www.geneticdetailing.com/
2026-05-06 14:00:12,119   ✅ Two Brothers Hand Wash & Detailing — (737) 333-0336 — https://twobrothershandwash.weebly.com/
2026-05-06 14:00:12,354   ✅ Washaroo Hand Car Wash & Detailing — (512) 428-9274 — https://www.washarooatx.com/south-austin-car-wash
2026-05-06 14:00:12,614   ✅ A & H Car Wash and Detailing — (512) 554-7233 — no website
2026-05-06 14:00:12,850   ✅ No Mediocre Auto Detailing — (737) 245-4376 — http://ceramicautocoatings.com/
2026-05-06 14:00:12,998   ✅ Angel’s Touch Detailing — (512) 767-3143 — no website
2026-05-06 14:00:13,157   ✅ Washaroo Hand Car Wash - East Austin — (512) 394-6077 — https://www.washarooatx.com/east-austin-car-wash
2026-05-06 14:00:13,368   ✅ Austin Auto Finishes — (512) 716-1431 — https://www.austinautofinishes.com/
2026-05-06 14:00:13,577   ✅ Pristine Auto Detailing — (512) 948-1506 — http://padtx.com/
2026-05-06 14:00:13,700   ✅ Shine Car Spa — (737) 382-2764 — no website
2026-05-06 14:00:16,326   ✅ 210 Mobile Detailing of Austin — (210) 488-4566 — https://210mobiledetailing.com/
2026-05-06 14:00:16,444   ✅ Austin Auto Detailing — (956) 624-8146 — no website
2026-05-06 14:00:16,603   ✅ Torque Car Detailing — (737) 221-2752 — https://torquecardetailing.site/
2026-05-06 14:00:16,731   ✅ Barton Springs Car Wash — (512) 236-9274 — no website
2026-05-06 14:00:16,852   ✅ ALSET Auto — (512) 991-5981 — http://alsetauto.com/austin
2026-05-06 14:00:17,045   ✅ Car Detailing West Lake Hills — (512) 361-5948 — no website
2026-05-06 14:00:17,169   ✅ Nice - N - Clean — (512) 517-2778 — https://www.nicencleanatx.com/
2026-05-06 14:00:17,194   📊 Found 39, 39 new (rest were duplicates)
2026-05-06 14:00:18,195 
==================================================
2026-05-06 14:00:18,195 ✅ Scraping complete
2026-05-06 14:00:18,195    Total found:  39
2026-05-06 14:00:18,195    New leads:    39
2026-05-06 14:00:18,195    Duplicates:   0
2026-05-06 14:00:18,199    DB total:     1076 leads (690 with emails)
2026-05-06 14:00:18,199 ==================================================

