2026-05-05 14:00:03,650 🔄 Auto-rotation day 125: auto repair shop in San Antonio, TX
2026-05-05 14:00:03,651 
🔍 Searching: auto repair shop in San Antonio, TX
2026-05-05 14:00:04,587   ✅ AT Automotive — (210) 734-2050 — https://www.atautosa.com/
2026-05-05 14:00:04,921   ✅ Texas Auto Repairs — (210) 464-2406 — http://texasautorepairs.com/
2026-05-05 14:00:08,804   ✅ Jackie's Auto Clinic — (210) 737-1277 — https://jackies-auto-clinic.blogspot.com/
2026-05-05 14:00:09,047   ✅ Premier1 Auto Care — (210) 202-1902 — https://premier1auto.com/
2026-05-05 14:00:09,280   ✅ MD Automotive — (210) 688-2366 — https://www.mdautomotiveonline.com/
2026-05-05 14:00:09,530   ✅ Sam's Hybrid Auto Repair — (210) 400-1000 — no website
2026-05-05 14:00:09,735   ✅ C D Auto Service Inc — (210) 224-0507 — https://www.facebook.com/cdautoserviceinc/
2026-05-05 14:00:09,971   ✅ Martin's Auto Clinic — (210) 523-1191 — http://www.martinsautoclinic.net/
2026-05-05 14:00:10,213   ✅ Auto Service Experts — (210) 495-6688 — https://www.autorepairsanantonio.com/
2026-05-05 14:00:10,464   ✅ Mr. Mechanic & Tire Muffler Shop — (210) 922-3333 — https://tireandmechanicshopinsanantoniotexas.com/
2026-05-05 14:00:10,670   ✅ Chad Miller Auto Care — (210) 934-1582 — https://cmautocare.com/
2026-05-05 14:00:10,892   ✅ Sanford Auto Service — (210) 416-3900 — https://sanfordautoservice.com/?utm_source=google&utm_medium=organic&utm_campaign=gbp
2026-05-05 14:00:11,102   ✅ Precision Auto Masters — (210) 992-6202 — https://www.precisionautomasterstx.com/
2026-05-05 14:00:11,231   ✅ Your Mechanic — (210) 494-2502 — no website
2026-05-05 14:00:11,457   ✅ USA Auto Repair — (210) 862-2823 — https://sausaautorepair.wixsite.com/my-site
2026-05-05 14:00:11,733   ✅ Mike's Downtown Garage — (210) 223-6500 — http://www.mikesdowntowngarage.com/
2026-05-05 14:00:11,891   ✅ JP Automotive Repair LLC — (210) 373-3890 — no website
2026-05-05 14:00:12,069   ✅ Victor's Service Center Inc — (210) 737-1778 — https://victorsservicecenter.com/?utm_source=GBP&utm_medium=Google&utm_campaign=GBP
2026-05-05 14:00:13,504   ✅ Eurasian Auto Repair — (210) 640-1908 — https://eurasianautorepair.com/san-pedro-ave-san-antonio/?utm_source=gbp-san-pedro&utm_medium=organic&utm_campaign=localsearch
2026-05-05 14:00:13,775   ✅ AutoWorks — (210) 680-4328 — https://autoworksatx.com/
2026-05-05 14:00:16,376   ✅ Bear Auto Repair — (210) 531-9668 — no website
2026-05-05 14:00:16,612   ✅ Kingdom Auto Repair Service — (210) 960-9482 — https://kingdomautorepairtx.com/
2026-05-05 14:00:16,786   ✅ Trevino Auto Repair — (210) 548-2662 — no website
2026-05-05 14:00:17,077   ✅ Gonzalez Auto Repair & Auto Sales Inc. — (210) 433-0989 — no website
2026-05-05 14:00:17,393   ✅ Auto Tech Repair Inc. — (210) 723-2207 — no website
2026-05-05 14:00:17,661   ✅ Al's Auto Repair — (210) 927-5812 — no website
2026-05-05 14:00:17,792   ✅ V & M AUTOMOTIVE — (210) 475-3866 — http://www.vandmautomotivesa.com/
2026-05-05 14:00:17,999   ✅ Erik's Automotive — (210) 681-8891 — http://www.eriksautomotive.com/
2026-05-05 14:00:18,234   ✅ Broadway Tire & Automotive — (210) 824-0642 — http://broadwaytireautoservice.com/
2026-05-05 14:00:18,383   ✅ Goose Euro - Downtown — (210) 520-0608 — https://gooseautomotive.com/colorado-street/
2026-05-05 14:00:18,557   ✅ San Antonio Auto Center — (210) 732-9222 — no website
2026-05-05 14:00:18,692   ✅ Luis Auto Service — (210) 532-1539 — no website
2026-05-05 14:00:18,842   ✅ West Car Complete Auto Repair — (210) 455-3172 — https://www.google.com/search?q=West+Car+Complete+Auto+Repair&rlz=1C1CHBF_enUS866US866&oq=WEST+CAR&gs_lcrp=EgZjaHJvbWUqBggAEEUYOzIGCAAQRRg7MgYIARBFGDkyBggCEEUYPTIGCAMQRRg90gEIMzk4M2owajeoAgCwAgA&sourceid=chrome&ie=UTF-8&sei=i-j0aeeUBKy5qtsP89SL4AE
2026-05-05 14:00:18,973   ✅ Leonards Auto Repair — (210) 279-2094 — no website
2026-05-05 14:00:19,141   ✅ Paleo Car Care — (210) 940-1181 — http://www.paleocarcare.com/
2026-05-05 14:00:19,326   ✅ Bexar County Automotive — (210) 314-7656 — https://juanolvera92.wixsite.com/website
2026-05-05 14:00:19,529   ✅ BEXAR AUTOMOTIVE REPAIR — (210) 733-0491 — no website
2026-05-05 14:00:19,666   ✅ DasAutoShopTX — (210) 524-8109 — http://www.dasautoshoptx.com/
2026-05-05 14:00:19,865   ✅ Lalo's Auto Mechanic — (210) 838-2757 — no website
2026-05-05 14:00:20,006   ✅ Braun Road Automotive — (210) 688-9998 — no website
2026-05-05 14:00:22,580   ✅ High Speed Auto Service Llc — (210) 577-4526 — no website
2026-05-05 14:00:22,699   ✅ Goodyear Auto Service — (210) 222-1373 — https://www.goodyear.com/en-us/goodyearautoservice
2026-05-05 14:00:22,825   ✅ Eliseo's Garage — (210) 433-9811 — https://www.eliseosgarage.net/
2026-05-05 14:00:22,976   ✅ Marks Automotive — (210) 226-2838 — http://vicsautotech.com/
2026-05-05 14:00:23,096   ✅ Flores Garage & Machine Shop — (210) 432-3884 — no website
2026-05-05 14:00:23,221   ✅ SNR Mechanic Shop — (210) 712-3765 — no website
2026-05-05 14:00:23,370   ✅ Vollmer Service Center — (210) 732-2201 — no website
2026-05-05 14:00:23,763   ✅ Rodriguez Tire & Auto Center — (210) 534-4440 — no website
2026-05-05 14:00:23,915   ✅ Pepe's Auto Repair — (210) 279-3580 — no website
2026-05-05 14:00:24,054   ✅ Robles Auto Repair & Transmission — (210) 365-0763 — no website
2026-05-05 14:00:24,074   📊 Found 50, 50 new (rest were duplicates)
2026-05-05 14:00:25,075 
==================================================
2026-05-05 14:00:25,075 ✅ Scraping complete
2026-05-05 14:00:25,075    Total found:  50
2026-05-05 14:00:25,075    New leads:    50
2026-05-05 14:00:25,075    Duplicates:   0
2026-05-05 14:00:25,078    DB total:     1037 leads (649 with emails)
2026-05-05 14:00:25,079 ==================================================

