2026-05-14 14:00:04,487 🔄 Auto-rotation day 134: cleaning service in Seattle, WA
2026-05-14 14:00:04,487 
🔍 Searching: cleaning service in Seattle, WA
2026-05-14 14:00:05,417   ✅ Maid Service Seattle — (206) 736-4650 — https://www.seattlegreenmaids.com/
2026-05-14 14:00:05,738   ✅ THA House Cleaning Seattle — (425) 289-9310 — https://www.thacleaning.com/
2026-05-14 14:00:06,036   ✅ Susan's Green Cleaning — (206) 348-1971 — https://www.susansgreencleaning.com/
2026-05-14 14:00:06,331   ✅ The Dazzle Cleaning Company — (425) 209-0794 — https://dazzlecompany.com/
2026-05-14 14:00:06,609   ✅ Ladonna's Cleaning Service — (206) 941-8876 — http://www.ladonnascleaningseattle.com/?utm_source=google&utm_medium=local&utm_campaign=gmb
2026-05-14 14:00:06,882   ✅ Simply Clean — (206) 973-2515 — https://www.seattlesimplyclean.com/
2026-05-14 14:00:07,191   ✅ Queen Anne Cleaning Services — (206) 776-2626 — https://queenannecleaning.com/
2026-05-14 14:00:07,454   ✅ The Dazzle Cleaning Company — (206) 424-9909 — https://dazzlecompany.com/locations/north-seattle-wa?utm_source=gbp&utm_medium=organic
2026-05-14 14:00:07,719   ✅ April Lane's Home Cleaning — (206) 527-4290 — http://www.aprillanescleaning.com/
2026-05-14 14:00:08,001   ✅ Hometress Cleaning Service LLC — (206) 929-1605 — https://www.hometress.com/seattle/
2026-05-14 14:00:08,307   ✅ The Cleanup Guys — (425) 842-2566 — https://cleanupguys.com/
2026-05-14 14:00:08,569   ✅ Green Cleaning Seattle - Otium-Maid Services — (206) 307-2270 — https://greencleaningseattle.com/
2026-05-14 14:00:08,875   ✅ Meekas cleaning services llc — (206) 600-1316 — https://www.meekascleaningservicesllc.com/
2026-05-14 14:00:09,035   ✅ Simply Clean — (425) 242-5050 — https://www.seattlesimplyclean.com/bellevue
2026-05-14 14:00:09,200   ✅ ACA Luxe Cleaning Services LLC — (360) 777-9286 — no website
2026-05-14 14:00:11,812   ✅ A&K House Cleaning — (206) 203-7733 — http://www.cleaning-wa.com/
2026-05-14 14:00:11,969   ✅ Power Pup Clean — (206) 931-8758 — http://seattlecarpetcleaners.com/
2026-05-14 14:00:12,153   ✅ Vladimir & Olga Cleaning Service — (312) 918-0660 — https://www.cleaninginseattlevladiolga.com/
2026-05-14 14:00:12,299   ✅ Magic Maid | House Cleaning Services — (206) 752-9839 — http://magicmaid.cleaning/
2026-05-14 14:00:12,482   ✅ MagiClean Cleaning Services — (253) 420-7879 — http://magicleanseattle.com/
2026-05-14 14:00:12,709   ✅ Crystal Panes Window and Gutter Cleaning — (206) 284-5183 — http://crystalpanes.com/
2026-05-14 14:00:12,909   ✅ Kelian - Cleaning Services — (206) 489-0302 — https://www.keliancleaningwa.com/
2026-05-14 14:00:15,536   ✅ Seattle House Cleaners — (425) 600-5826 — https://www.seattlehousecleaners.com/
2026-05-14 14:00:15,734   ✅ Seattle Window Cleaners — (206) 210-3117 — http://www.westseattlewindowcleaner.com/?utm_campaign=gmb
2026-05-14 14:00:15,923   ✅ Cosmos Cleaning — (206) 752-3625 — https://cosmos-cleaning.com/
2026-05-14 14:00:16,065   ✅ Shine Seattle LLC - Airbnb Cleaning and House Cleaning — (206) 279-2123 — http://www.shineseattle.com/
2026-05-14 14:00:16,089   📊 Found 26, 26 new (rest were duplicates)
2026-05-14 14:00:17,089 
==================================================
2026-05-14 14:00:17,089 ✅ Scraping complete
2026-05-14 14:00:17,089    Total found:  26
2026-05-14 14:00:17,089    New leads:    26
2026-05-14 14:00:17,089    Duplicates:   0
2026-05-14 14:00:17,093    DB total:     1325 leads (924 with emails)
2026-05-14 14:00:17,093 ==================================================

