2026-04-20 14:00:04,458 🔄 Auto-rotation day 110: law office in Chicago, IL
2026-04-20 14:00:04,458 
🔍 Searching: law office in Chicago, IL
2026-04-20 14:00:05,619   ✅ Malman Law — (312) 629-0099 — https://www.malmanlaw.com/
2026-04-20 14:00:05,872   ✅ Donald Kiolbassa Attorney At Law — (773) 744-9567 — http://www.chicagorealestateatty.com/
2026-04-20 14:00:06,176   ✅ Zayed Law Offices — (312) 815-7074 — https://zayedlawoffices.com/chicago-personal-injury-lawyer/?utm_medium=local&utm_source=gmb&utm_campaign=chicago
2026-04-20 14:00:06,434   ✅ The Law Offices of Haytham Faraj — (312) 635-0800 — https://farajlaw.com/chicago
2026-04-20 14:00:06,757   ✅ Law Offices of Joseph Younes — (312) 802-1122 — https://www.thechicagoaccidentattorney.net/
2026-04-20 14:00:06,961   ✅ Attorneys of Chicago Personal Injury Lawyers — (872) 253-6829 — https://attorneysofchicago.com/?utm_source=google&utm_medium=organic&utm_campaign=gmb-chicago
2026-04-20 14:00:07,181   ✅ The Illinois Hammer Injury Law Firm Dworkin & Maciariello — (312) 857-7777 — https://illinoishammer.com/?utm_source=gmb&utm_medium=organic&utm_campaign=gbp
2026-04-20 14:00:07,399   ✅ Phillips Law Offices — (312) 346-4262 — https://phillipslawoffices.com/
2026-04-20 14:00:07,652   ✅ Disparti Law Group — (312) 506-5511 — https://www.dispartilaw.com/
2026-04-20 14:00:07,932   ✅ Mark Silverman Law Office Ltd. — (312) 775-1015 — http://www.depositlaw.com/
2026-04-20 14:00:08,089   ✅ Morgan & Morgan — (312) 706-0550 — https://www.forthepeople.com/office-locations/illinois/chicago/?utm_source=GMB&utm_medium=local&utm_campaign=ChicagoILGMB
2026-04-20 14:00:08,340   ✅ Levin & Perconti — (312) 847-2615 — https://www.levinperconti.com/medical-malpractice/?utm_source=google&utm_medium=organic&utm_campaign=gbp-chicago
2026-04-20 14:00:08,509   ✅ Clifford Law Offices PC — (312) 899-9090 — https://www.cliffordlaw.com/?utm_source=google&utm_medium=organic&utm_campaign=gbp
2026-04-20 14:00:08,679   ✅ River North Law Group — (312) 944-2224 — https://rivernorthlawgroup.com/
2026-04-20 14:00:08,830   ✅ Law Office of Michael A. Perez — (773) 772-8989 — https://www.lomap.com/
2026-04-20 14:00:09,011   ✅ The Law Office of Sean Brown, LLC — (312) 675-6116 — http://www.attorneyseanbrown.com/
2026-04-20 14:00:09,252   ✅ Ankin Law — (312) 500-7866 — https://ankinlaw.com/?utm_source=google&utm_medium=GBP&utm_city=chicago
2026-04-20 14:00:09,457   ✅ Sherwood Law Group — (312) 627-1650 — http://www.sherwoodlawgroup.com/
2026-04-20 14:00:09,632   ✅ Saper Law I Intellectual Property I Entertainment I Social Media I Business — (312) 527-4100 — https://saperlaw.com/
2026-04-20 14:00:09,818   ✅ Law Offices of Katrina M. Barnett, P.C. — (312) 725-0085 — http://www.kmbarnettlaw.com/
2026-04-20 14:00:12,418   ✅ Ivan Rueda & Associates – Personal Injury Attorney — (773) 252-9800 — https://www.ivanrueda.com/
2026-04-20 14:00:12,578   ✅ The Thiel Law Group, P.C. — (773) 732-6297 — https://www.thiel.law/
2026-04-20 14:00:12,773   ✅ CTM Legal Group — (312) 818-6700 — http://www.ctmlegalgroup.com/
2026-04-20 14:00:12,983   ✅ Foutris Law Office, Ltd. — (312) 212-1200 — https://www.civilrightsattorneychicago.com/
2026-04-20 14:00:13,145   ✅ The Horwitz Law Group — (312) 641-9200 — https://chicago-personal-injury-lawyers.us/
2026-04-20 14:00:13,341   ✅ Robson & Lopez LLC — (312) 523-2166 — http://www.robsonlopez.com/
2026-04-20 14:00:13,554   ✅ The Blake Horwitz Law Firm, Ltd. — (312) 676-2100 — https://theblakehorwitzlawfirm.com/
2026-04-20 14:00:13,682   ✅ Abels & Annes, P.C. — (312) 924-7575 — https://www.daveabels.com/?utm_source=google&utm_medium=organic&utm_campaign=GMB-Chicago
2026-04-20 14:00:13,824   ✅ Keating Law Offices, P.C. — (312) 239-6787 — https://keatinglegal.com/
2026-04-20 14:00:14,011   ✅ Chicago Family Attorneys, LLC — (312) 971-2581 — https://www.chiattorney.com/
2026-04-20 14:00:14,229   ✅ Chicago Trusted Attorneys — (312) 519-3171 — https://www.chicagotrustedattorneys.com/?utm_source=GMB&utm_medium=organic&utm_campaign=WestLakeStreet
2026-04-20 14:00:14,379   ✅ Illinois Lawyers — (312) 346-5320 — http://www.illinoislawyers.com/
2026-04-20 14:00:14,556   ✅ JRQ & Associates, LLC — (312) 561-5063 — http://www.jrqlaw.com/
2026-04-20 14:00:14,746   ✅ The Davis Law Group, P.C. — (847) 834-7112 — https://www.illinoisdriverslicensereinstatementlawyer.com/?utm_source=google&utm_medium=organic&utm_campaign=chicagoGMB
2026-04-20 14:00:14,905   ✅ Michael H. Wasserman, PC — (312) 726-1512 — http://www.mhwasserman.com/?utm_source=gmb&utm_medium=organic&utm_content=listing&utm_campaign=google-posts
2026-04-20 14:00:15,065   ✅ Zimmerman Law Offices — (312) 440-0020 — https://www.attorneyzim.com/
2026-04-20 14:00:15,223   ✅ Aaron Krolik Law Office, LLC — (312) 925-4090 — https://www.securitydepositlaw.com/
2026-04-20 14:00:15,398   ✅ Mark Sciblo Law Office — (773) 775-5050 — http://www.sciblolawoffice.com/
2026-04-20 14:00:15,563   ✅ Washington Law Offices — (888) 586-4441 — https://www.ilwashingtonlaw.com/
2026-04-20 14:00:15,753   ✅ Lerner and Rowe Injury Attorneys — (708) 222-2222 — https://lernerandrowe.com/illinois/chicago/
2026-04-20 14:00:18,851   ✅ The Duron Law Firm PC — (773) 697-7650 — http://www.duronlaw.com/
2026-04-20 14:00:19,004   ✅ Herbert Law Firm — (312) 655-7660 — https://danherbertlaw.com/
2026-04-20 14:00:19,157   ✅ Law Office of Anselmo Duran P.C. — (773) 376-7000 — https://www.anselmoduranlaw.com/?utm_source=google-local&utm_medium=organic&utm_campaign=706
2026-04-20 14:00:19,490   ✅ Stoltmann Law Offices — (312) 332-4200 — https://www.stoltmannlaw.com/
2026-04-20 14:00:19,653   ✅ Patterson Law Firm — (312) 223-1699 — http://pattersonlawfirm.com/
2026-04-20 14:00:19,819   ✅ DiTommaso Lubin, PC — (630) 333-0333 — https://www.thebusinesslitigators.com/
2026-04-20 14:00:20,009   ✅ Bradford Miller Law, P.C. — (312) 238-9298 — http://www.bradfordmillerlaw.com/
2026-04-20 14:00:20,167   ✅ The Law Office of Matthew Prengaman — (773) 598-4696 — http://www.chicago-criminal-dui.com/
2026-04-20 14:00:20,331   ✅ Law Offices of R. Tamara de Silva — (312) 500-8424 — https://www.desilvalawoffices.com/
2026-04-20 14:00:20,517   ✅ Lento Law Firm Student Defense and Title IX Attorneys — (872) 327-9716 — https://www.studentdisciplinedefense.com/?utm_campaign=GMB&utm_source=organic+search&utm_medium=Yext&utm_id=Yext
2026-04-20 14:00:20,542   📊 Found 50, 21 new (rest were duplicates)
2026-04-20 14:00:21,542 
==================================================
2026-04-20 14:00:21,542 ✅ Scraping complete
2026-04-20 14:00:21,543    Total found:  50
2026-04-20 14:00:21,543    New leads:    21
2026-04-20 14:00:21,543    Duplicates:   29
2026-04-20 14:00:21,544    DB total:     636 leads (190 with emails)
2026-04-20 14:00:21,544 ==================================================

