2026-03-24 21:03:42,354 
🔍 Searching: med spa in Denver, CO
2026-03-24 21:03:42,487 API error: REQUEST_DENIED — You’re calling a legacy API, which is not enabled for your project. To get newer features and more functionality, switch to the Places API (New) or Routes API. Learn more: https://developers.google.com/maps/legacy#LegacyApiNotActivatedMapError
2026-03-24 21:03:43,488 
==================================================
2026-03-24 21:03:43,489 ✅ Scraping complete
2026-03-24 21:03:43,489    Total found:  0
2026-03-24 21:03:43,489    New leads:    0
2026-03-24 21:03:43,489    Duplicates:   0
2026-03-24 21:03:43,491    DB total:     0 leads (0 with emails)
2026-03-24 21:03:43,491 ==================================================

2026-03-24 21:04:37,012 
🔍 Searching: med spa in Denver, CO
2026-03-24 21:04:38,019   ✅ RESTOR Medical Spa | Central Park — (720) 388-6244 — https://www.restormedicalspa.com/?utm_medium=organic&utm_source=gmblisting&utm_campaign=cp
2026-03-24 21:04:38,194   ✅ Look Lab Med Spa — (720) 995-5665 — https://looklab.com/locations/denver-co/
2026-03-24 21:04:38,375   ✅ Natura Med Spa & IV Bar - Denver — (720) 599-4126 — https://naturamedspaivbar.com/
2026-03-24 21:04:38,746   ✅ RESTOR Medical Spa — (720) 409-1442 — https://www.restormedicalspa.com/?utm_medium=organic&utm_source=GMBlisting&utm_campaign=lohi
2026-03-24 21:04:38,861   ✅ Rejuvenate MedSpa — (303) 951-2102 — https://www.rejuvenatecolorado.com/?utm_source=google&utm_medium=organic&utm_campaign=gbp&utm_content=denver
2026-03-24 21:04:39,047   ✅ VIVE Med Spa — (720) 698-3327 — https://www.vivemedspadenver.com/
2026-03-24 21:04:39,225   ✅ Cherry Creek Med Spa — (720) 422-6636 — https://www.thecherrycreekmedspa.com/
2026-03-24 21:04:39,389   ✅ The Luxe Room - South Denver — (303) 222-9546 — https://luxeroomcosmetic.com/
2026-03-24 21:04:39,568   ✅ Cherry Medical — (720) 479-8793 — https://www.cherrymedispa.com/?utm_source=google&utm_medium=organic&utm_campaign=gbp&utm_content=website%20click
2026-03-24 21:04:39,721   ✅ ESSE Med Spa + PMU — (303) 900-8833 — https://www.essemedspa.com/
2026-03-24 21:04:39,729   📊 Found 10, 10 new (rest were duplicates)
2026-03-24 21:04:40,729 
==================================================
2026-03-24 21:04:40,729 ✅ Scraping complete
2026-03-24 21:04:40,729    Total found:  10
2026-03-24 21:04:40,729    New leads:    10
2026-03-24 21:04:40,729    Duplicates:   0
2026-03-24 21:04:40,730    DB total:     10 leads (0 with emails)
2026-03-24 21:04:40,730 ==================================================

